GAS LISTING C:\Users\duchu\AppData\Local\Temp\ccLfI0Hb.s 			page 1


   1              		.file	"Asw_Pid.c"
   2              		.section	".text","axv"
   3              	.Ltext0:
   4              		.cfi_sections	.debug_frame
   5              		.section	.text.Asw_PI_Init,"axv",@progbits
   6              		.align 1
   7              		.p2align 4,,15
   8              		.globl Asw_PI_Init
   9              		.type	Asw_PI_Init, @function
  10              	Asw_PI_Init:
  11              	.LFB5:
  12              		.file 1 "./source/ASW/Asw_Pid.c"
  13              		.loc 1 131 0
  14              		.cfi_startproc
  15              		.loc 1 139 0
  16 0000 70E0E000 		e_lis %r7,.LANCHOR0@ha
  17 0004 1CE70000 		e_la %r7,.LANCHOR0@l(%r7)
  18 0008 70C304CC 		e_li %r6,7372
  19 000c D367     		se_stw %r6,12(%r7)
  20              		.loc 1 140 0
  21 000e 6336     		se_bgeni %r6,19
  22 0010 D467     		se_stw %r6,16(%r7)
  23              		.loc 1 141 0
  24 0012 D567     		se_stw %r6,20(%r7)
  25              		.loc 1 144 0
  26 0014 4806     		se_li %r6,0
  27 0016 D867     		se_stw %r6,32(%r7)
  28              		.loc 1 145 0
  29 0018 DB67     		se_stw %r6,44(%r7)
  30              		.loc 1 146 0
  31 001a DC67     		se_stw %r6,48(%r7)
  32              		.loc 1 147 0
  33 001c D967     		se_stw %r6,36(%r7)
  34              		.loc 1 148 0
  35 001e DA67     		se_stw %r6,40(%r7)
  36              		.loc 1 149 0
  37 0020 D267     		se_stw %r6,8(%r7)
  38              		.loc 1 151 0
  39 0022 70E0E000 		e_lis %r7,.LANCHOR1@ha
  40 0026 1CE70000 		e_la %r7,.LANCHOR1@l(%r7)
  41 002a 6345     		se_bgeni %r5,20
  42 002c D357     		se_stw %r5,12(%r7)
  43              		.loc 1 152 0
  44 002e 4DA5     		se_li %r5,90
  45 0030 D457     		se_stw %r5,16(%r7)
  46              		.loc 1 153 0
  47 0032 70A00333 		e_li %r5,819
  48 0036 D557     		se_stw %r5,20(%r7)
  49              		.loc 1 154 0
  50 0038 70BC0E66 		e_li %r5,124518
  51 003c D657     		se_stw %r5,24(%r7)
  52              		.loc 1 155 0
  53 003e 70A00083 		e_li %r5,131
  54 0042 D757     		se_stw %r5,28(%r7)
  55              		.loc 1 157 0
  56 0044 D867     		se_stw %r6,32(%r7)
  57              		.loc 1 158 0
GAS LISTING C:\Users\duchu\AppData\Local\Temp\ccLfI0Hb.s 			page 2


  58 0046 DB67     		se_stw %r6,44(%r7)
  59              		.loc 1 159 0
  60 0048 DC67     		se_stw %r6,48(%r7)
  61              		.loc 1 160 0
  62 004a D967     		se_stw %r6,36(%r7)
  63              		.loc 1 161 0
  64 004c DA67     		se_stw %r6,40(%r7)
  65              		.loc 1 162 0
  66 004e D267     		se_stw %r6,8(%r7)
  67 0050 0004     		se_blr
  68              		.cfi_endproc
  69              	.LFE5:
  70              		.size	Asw_PI_Init, .-Asw_PI_Init
  71              		.section	.text.Asw_PI_Controller,"axv",@progbits
  72              		.align 1
  73              		.p2align 4,,15
  74              		.globl Asw_PI_Controller
  75              		.type	Asw_PI_Controller, @function
  76              	Asw_PI_Controller:
  77              	.LFB6:
  78              		.loc 1 173 0
  79              		.cfi_startproc
  80              	.LVL0:
  81              		.loc 1 196 0
  82 0000 70E0E000 		e_lis %r7,.LANCHOR0@ha
  83 0004 1D670000 		e_la %r11,.LANCHOR0@l(%r7)
  84 0008 54870000 		e_stw %r4,.LANCHOR0@l(%r7)
  85              		.loc 1 197 0
  86 000c 54CB0004 		e_stw %r6,4(%r11)
  87              		.loc 1 198 0
  88 0010 0137     		se_mr %r7,%r3
  89 0012 546B0018 		e_stw %r3,24(%r11)
  90              		.loc 1 199 0
  91 0016 4800     		se_li %r0,0
  92 0018 540B001C 		e_stw %r0,28(%r11)
  93              		.loc 1 201 0
  94 001c 0664     		se_sub %r4, %r6
  95              	.LVL1:
  96 001e 548B0020 		e_stw %r4,32(%r11)
  97 0022 500B000C 		e_lwz %r0,12(%r11)
  98 0026 7CC401D6 		mullw %r6,%r4,%r0
  99              	.LVL2:
 100 002a 7CC46E70 		srawi %r4,%r6,13
 101 002e 7C840194 		addze %r4,%r4
 102 0032 548B002C 		e_stw %r4,44(%r11)
 103 0036 50CB0010 		e_lwz %r6,16(%r11)
 104 003a 0546     		se_mullw %r6,%r4
 105 003c 6AD6     		se_srawi %r6,13
 106 003e 7CC60194 		addze %r6,%r6
 107 0042 500B0030 		e_lwz %r0,48(%r11)
 108 0046 7C060214 		add %r0,%r6,%r0
 109 004a 512B0014 		e_lwz %r9,20(%r11)
 110 004e 50CB0024 		e_lwz %r6,36(%r11)
 111 0052 7CC931D6 		mullw %r6,%r9,%r6
 112 0056 6AD6     		se_srawi %r6,13
 113 0058 7CC60194 		addze %r6,%r6
 114 005c 7CC03214 		add %r6,%r0,%r6
GAS LISTING C:\Users\duchu\AppData\Local\Temp\ccLfI0Hb.s 			page 3


 115 0060 54CB0030 		e_stw %r6,48(%r11)
 116 0064 7CC43214 		add %r6,%r4,%r6
 117 0068 54CB0028 		e_stw %r6,40(%r11)
 118              	.LVL3:
 119              	.LBB6:
 120              	.LBB7:
 121              		.loc 1 107 0
 122 006c 0C63     		se_cmp %r3,%r6
 123 006e 7A01000A 		e_ble %cr0,.L3
 124 0072 2A06     		se_cmpi %r6,0
 125 0074 7CE0301E 		isel %r7,0,%r6,0
 126              	.L3:
 127              	.LVL4:
 128              	.LBE7:
 129              	.LBE6:
 130              		.loc 1 201 0
 131 0078 7080E000 		e_lis %r4,.LANCHOR0@ha
 132 007c 1C840000 		e_la %r4,.LANCHOR0@l(%r4)
 133 0080 D274     		se_stw %r7,8(%r4)
 134 0082 0776     		se_subf %r6, %r7
 135              	.LVL5:
 136 0084 D964     		se_stw %r6,36(%r4)
 137              		.loc 1 203 0
 138 0086 7080E000 		e_lis %r4,.LANCHOR1@ha
 139 008a 1CC40000 		e_la %r6,.LANCHOR1@l(%r4)
 140 008e 54E40000 		e_stw %r7,.LANCHOR1@l(%r4)
 141              		.loc 1 204 0
 142 0092 D156     		se_stw %r5,4(%r6)
 143              		.loc 1 205 0
 144 0094 0775     		se_subf %r5, %r7
 145              	.LVL6:
 146 0096 D856     		se_stw %r5,32(%r6)
 147 0098 C376     		se_lwz %r7,12(%r6)
 148              	.LVL7:
 149 009a 0557     		se_mullw %r7,%r5
 150 009c 7CE56E70 		srawi %r5,%r7,13
 151 00a0 7CA50194 		addze %r5,%r5
 152 00a4 DB56     		se_stw %r5,44(%r6)
 153 00a6 C476     		se_lwz %r7,16(%r6)
 154 00a8 0557     		se_mullw %r7,%r5
 155 00aa 6AD7     		se_srawi %r7,13
 156 00ac 7CE70194 		addze %r7,%r7
 157 00b0 CC46     		se_lwz %r4,48(%r6)
 158 00b2 7C872214 		add %r4,%r7,%r4
 159 00b6 C536     		se_lwz %r3,20(%r6)
 160              	.LVL8:
 161 00b8 C976     		se_lwz %r7,36(%r6)
 162 00ba 0537     		se_mullw %r7,%r3
 163 00bc 6AD7     		se_srawi %r7,13
 164 00be 7CE70194 		addze %r7,%r7
 165 00c2 7CE43A14 		add %r7,%r4,%r7
 166 00c6 DC76     		se_stw %r7,48(%r6)
 167 00c8 7CE53A14 		add %r7,%r5,%r7
 168 00cc DA76     		se_stw %r7,40(%r6)
 169 00ce C636     		se_lwz %r3,24(%r6)
 170 00d0 C766     		se_lwz %r6,28(%r6)
 171              	.LVL9:
GAS LISTING C:\Users\duchu\AppData\Local\Temp\ccLfI0Hb.s 			page 4


 172              	.LBB8:
 173              	.LBB9:
 174              		.loc 1 107 0
 175 00d2 0C37     		se_cmp %r7,%r3
 176 00d4 7A00000A 		e_bge %cr0,.L4
 177 00d8 0C67     		se_cmp %r7,%r6
 178 00da 7C66381E 		isel %r3,%r6,%r7,0
 179              	.LVL10:
 180              	.L4:
 181              	.LBE9:
 182              	.LBE8:
 183              		.loc 1 205 0
 184 00de 70C0E000 		e_lis %r6,.LANCHOR1@ha
 185              	.LVL11:
 186 00e2 1CC60000 		e_la %r6,.LANCHOR1@l(%r6)
 187 00e6 D236     		se_stw %r3,8(%r6)
 188 00e8 0737     		se_subf %r7, %r3
 189              	.LVL12:
 190 00ea D976     		se_stw %r7,36(%r6)
 191              	.LVL13:
 192              		.loc 1 207 0
 193 00ec 7003A10A 		e_mull2i %r3,266
 194              	.LVL14:
 195              		.loc 1 212 0
 196 00f0 6913     		se_srwi %r3,17
 197              	.LVL15:
 198 00f2 0004     		se_blr
 199              		.cfi_endproc
 200              	.LFE6:
 201              		.size	Asw_PI_Controller, .-Asw_PI_Controller
 202              		.section	.text.Asw_Ramp,"axv",@progbits
 203              		.align 1
 204              		.p2align 4,,15
 205              		.globl Asw_Ramp
 206              		.type	Asw_Ramp, @function
 207              	Asw_Ramp:
 208              	.LFB7:
 209              		.loc 1 227 0
 210              		.cfi_startproc
 211              	.LVL16:
 212              		.loc 1 233 0
 213 0000 0D34     		se_cmpl %r4,%r3
 214 0002 7A11001C 		e_bgt %cr0,.L6
 215              		.loc 1 235 0
 216 0006 70E2E062 		e_lis %r7,0x1062
 217 000a 70E9C5D3 		e_or2i %r7,19923
 218 000e 7CE33816 		mulhwu %r7,%r3,%r7
 219 0012 6867     		se_srwi %r7,6
 220 0014 0447     		se_add %r7,%r4
 221              	.LVL17:
 222 0016 0D37     		se_cmpl %r7,%r3
 223 0018 7C63385E 		isel %r3,%r3,%r7,1
 224              	.LVL18:
 225 001c 0004     		se_blr
 226              	.LVL19:
 227              	.L6:
 228              		.loc 1 244 0
GAS LISTING C:\Users\duchu\AppData\Local\Temp\ccLfI0Hb.s 			page 5


 229 001e 70EAE1EB 		e_lis %r7,0x51eb
 230 0022 70F0C51F 		e_or2i %r7,34079
 231 0026 7CE33816 		mulhwu %r7,%r3,%r7
 232 002a 6857     		se_srwi %r7,5
 233 002c 0747     		se_subf %r7, %r4
 234              	.LVL20:
 235 002e 0D37     		se_cmpl %r7,%r3
 236 0030 7C63381E 		isel %r3,%r3,%r7,0
 237              	.LVL21:
 238              		.loc 1 255 0
 239 0034 0004     		se_blr
 240              		.cfi_endproc
 241              	.LFE7:
 242              		.size	Asw_Ramp, .-Asw_Ramp
 243              		.section	.data.pi_I,"aw",@progbits
 244              		.align 2
 245              		.set	.LANCHOR1,. + 0
 246              		.type	pi_I, @object
 247              		.size	pi_I, 52
 248              	pi_I:
 249 0000 00000000 		.long	0
 250 0004 00000000 		.long	0
 251 0008 00000000 		.long	0
 252 000c 00002000 		.long	8192
 253 0010 00002000 		.long	8192
 254 0014 00002000 		.long	8192
 255 0018 00020000 		.long	131072
 256 001c 00000000 		.long	0
 257 0020 00000000 		.long	0
 258 0024 00000000 		.long	0
 259 0028 00000000 		.long	0
 260 002c 00000000 		.long	0
 261 0030 00000000 		.long	0
 262              		.section	.data.pi_V,"aw",@progbits
 263              		.align 2
 264              		.set	.LANCHOR0,. + 0
 265              		.type	pi_V, @object
 266              		.size	pi_V, 52
 267              	pi_V:
 268 0000 00000000 		.long	0
 269 0004 00000000 		.long	0
 270 0008 00000000 		.long	0
 271 000c 00002000 		.long	8192
 272 0010 00002000 		.long	8192
 273 0014 00002000 		.long	8192
 274 0018 00020000 		.long	131072
 275 001c 00000000 		.long	0
 276 0020 00000000 		.long	0
 277 0024 00000000 		.long	0
 278 0028 00000000 		.long	0
 279 002c 00000000 		.long	0
 280 0030 00000000 		.long	0
 281              		.section	".text","axv"
 282              	.Letext0:
 283              		.file 2 "c:\\spc5studio\\eclipse\\plugins\\com.st.tools.spc5.tools.gnu.gcc.ppcvle.win32_4.9.4.2019
 284              		.file 3 "c:\\spc5studio\\eclipse\\plugins\\com.st.tools.spc5.tools.gnu.gcc.ppcvle.win32_4.9.4.2019
 285              		.file 4 "./source/ASW/Asw_Pid.h"
GAS LISTING C:\Users\duchu\AppData\Local\Temp\ccLfI0Hb.s 			page 6


 286              		.section	.debug_info,"",@progbits
 287              	.Ldebug_info0:
 288 0000 0000032C 		.4byte	0x32c
 289 0004 0002     		.2byte	0x2
 290 0006 00000000 		.4byte	.Ldebug_abbrev0
 291 000a 04       		.byte	0x4
 292 000b 01       		.uleb128 0x1
 293 000c 00000000 		.4byte	.LASF36
 294 0010 01       		.byte	0x1
 295 0011 00000000 		.4byte	.LASF37
 296 0015 00000000 		.4byte	.LASF38
 297 0019 00000000 		.4byte	.Ldebug_ranges0+0
 298 001d 00000000 		.4byte	0
 299 0021 00000000 		.4byte	0
 300 0025 00000000 		.4byte	.Ldebug_line0
 301 0029 02       		.uleb128 0x2
 302 002a 01       		.byte	0x1
 303 002b 06       		.byte	0x6
 304 002c 00000000 		.4byte	.LASF0
 305 0030 02       		.uleb128 0x2
 306 0031 01       		.byte	0x1
 307 0032 08       		.byte	0x8
 308 0033 00000000 		.4byte	.LASF1
 309 0037 02       		.uleb128 0x2
 310 0038 02       		.byte	0x2
 311 0039 05       		.byte	0x5
 312 003a 00000000 		.4byte	.LASF2
 313 003e 03       		.uleb128 0x3
 314 003f 00000000 		.4byte	.LASF4
 315 0043 02       		.byte	0x2
 316 0044 2B       		.byte	0x2b
 317 0045 00000049 		.4byte	0x49
 318 0049 02       		.uleb128 0x2
 319 004a 02       		.byte	0x2
 320 004b 07       		.byte	0x7
 321 004c 00000000 		.4byte	.LASF3
 322 0050 03       		.uleb128 0x3
 323 0051 00000000 		.4byte	.LASF5
 324 0055 02       		.byte	0x2
 325 0056 3F       		.byte	0x3f
 326 0057 0000005B 		.4byte	0x5b
 327 005b 02       		.uleb128 0x2
 328 005c 04       		.byte	0x4
 329 005d 05       		.byte	0x5
 330 005e 00000000 		.4byte	.LASF6
 331 0062 03       		.uleb128 0x3
 332 0063 00000000 		.4byte	.LASF7
 333 0067 02       		.byte	0x2
 334 0068 41       		.byte	0x41
 335 0069 0000006D 		.4byte	0x6d
 336 006d 02       		.uleb128 0x2
 337 006e 04       		.byte	0x4
 338 006f 07       		.byte	0x7
 339 0070 00000000 		.4byte	.LASF8
 340 0074 02       		.uleb128 0x2
 341 0075 08       		.byte	0x8
 342 0076 05       		.byte	0x5
GAS LISTING C:\Users\duchu\AppData\Local\Temp\ccLfI0Hb.s 			page 7


 343 0077 00000000 		.4byte	.LASF9
 344 007b 02       		.uleb128 0x2
 345 007c 08       		.byte	0x8
 346 007d 07       		.byte	0x7
 347 007e 00000000 		.4byte	.LASF10
 348 0082 04       		.uleb128 0x4
 349 0083 04       		.byte	0x4
 350 0084 05       		.byte	0x5
 351 0085 696E7400 		.string	"int"
 352 0089 02       		.uleb128 0x2
 353 008a 04       		.byte	0x4
 354 008b 07       		.byte	0x7
 355 008c 00000000 		.4byte	.LASF11
 356 0090 03       		.uleb128 0x3
 357 0091 00000000 		.4byte	.LASF12
 358 0095 03       		.byte	0x3
 359 0096 21       		.byte	0x21
 360 0097 0000003E 		.4byte	0x3e
 361 009b 03       		.uleb128 0x3
 362 009c 00000000 		.4byte	.LASF13
 363 00a0 03       		.byte	0x3
 364 00a1 2C       		.byte	0x2c
 365 00a2 00000050 		.4byte	0x50
 366 00a6 03       		.uleb128 0x3
 367 00a7 00000000 		.4byte	.LASF14
 368 00ab 03       		.byte	0x3
 369 00ac 2D       		.byte	0x2d
 370 00ad 00000062 		.4byte	0x62
 371 00b1 02       		.uleb128 0x2
 372 00b2 04       		.byte	0x4
 373 00b3 07       		.byte	0x7
 374 00b4 00000000 		.4byte	.LASF15
 375 00b8 05       		.uleb128 0x5
 376 00b9 34       		.byte	0x34
 377 00ba 04       		.byte	0x4
 378 00bb 36       		.byte	0x36
 379 00bc 00000172 		.4byte	0x172
 380 00c0 06       		.uleb128 0x6
 381 00c1 52656600 		.string	"Ref"
 382 00c5 04       		.byte	0x4
 383 00c6 38       		.byte	0x38
 384 00c7 0000009B 		.4byte	0x9b
 385 00cb 02       		.byte	0x2
 386 00cc 23       		.byte	0x23
 387 00cd 00       		.uleb128 0
 388 00ce 06       		.uleb128 0x6
 389 00cf 46626B00 		.string	"Fbk"
 390 00d3 04       		.byte	0x4
 391 00d4 39       		.byte	0x39
 392 00d5 0000009B 		.4byte	0x9b
 393 00d9 02       		.byte	0x2
 394 00da 23       		.byte	0x23
 395 00db 04       		.uleb128 0x4
 396 00dc 06       		.uleb128 0x6
 397 00dd 4F757400 		.string	"Out"
 398 00e1 04       		.byte	0x4
 399 00e2 3A       		.byte	0x3a
GAS LISTING C:\Users\duchu\AppData\Local\Temp\ccLfI0Hb.s 			page 8


 400 00e3 0000009B 		.4byte	0x9b
 401 00e7 02       		.byte	0x2
 402 00e8 23       		.byte	0x23
 403 00e9 08       		.uleb128 0x8
 404 00ea 06       		.uleb128 0x6
 405 00eb 4B7000   		.string	"Kp"
 406 00ee 04       		.byte	0x4
 407 00ef 3C       		.byte	0x3c
 408 00f0 0000009B 		.4byte	0x9b
 409 00f4 02       		.byte	0x2
 410 00f5 23       		.byte	0x23
 411 00f6 0C       		.uleb128 0xc
 412 00f7 06       		.uleb128 0x6
 413 00f8 4B6900   		.string	"Ki"
 414 00fb 04       		.byte	0x4
 415 00fc 3D       		.byte	0x3d
 416 00fd 0000009B 		.4byte	0x9b
 417 0101 02       		.byte	0x2
 418 0102 23       		.byte	0x23
 419 0103 10       		.uleb128 0x10
 420 0104 06       		.uleb128 0x6
 421 0105 4B6300   		.string	"Kc"
 422 0108 04       		.byte	0x4
 423 0109 3E       		.byte	0x3e
 424 010a 0000009B 		.4byte	0x9b
 425 010e 02       		.byte	0x2
 426 010f 23       		.byte	0x23
 427 0110 14       		.uleb128 0x14
 428 0111 07       		.uleb128 0x7
 429 0112 00000000 		.4byte	.LASF16
 430 0116 04       		.byte	0x4
 431 0117 3F       		.byte	0x3f
 432 0118 0000009B 		.4byte	0x9b
 433 011c 02       		.byte	0x2
 434 011d 23       		.byte	0x23
 435 011e 18       		.uleb128 0x18
 436 011f 07       		.uleb128 0x7
 437 0120 00000000 		.4byte	.LASF17
 438 0124 04       		.byte	0x4
 439 0125 40       		.byte	0x40
 440 0126 0000009B 		.4byte	0x9b
 441 012a 02       		.byte	0x2
 442 012b 23       		.byte	0x23
 443 012c 1C       		.uleb128 0x1c
 444 012d 06       		.uleb128 0x6
 445 012e 65727200 		.string	"err"
 446 0132 04       		.byte	0x4
 447 0133 42       		.byte	0x42
 448 0134 0000009B 		.4byte	0x9b
 449 0138 02       		.byte	0x2
 450 0139 23       		.byte	0x23
 451 013a 20       		.uleb128 0x20
 452 013b 07       		.uleb128 0x7
 453 013c 00000000 		.4byte	.LASF18
 454 0140 04       		.byte	0x4
 455 0141 43       		.byte	0x43
 456 0142 0000009B 		.4byte	0x9b
GAS LISTING C:\Users\duchu\AppData\Local\Temp\ccLfI0Hb.s 			page 9


 457 0146 02       		.byte	0x2
 458 0147 23       		.byte	0x23
 459 0148 24       		.uleb128 0x24
 460 0149 07       		.uleb128 0x7
 461 014a 00000000 		.4byte	.LASF19
 462 014e 04       		.byte	0x4
 463 014f 44       		.byte	0x44
 464 0150 0000009B 		.4byte	0x9b
 465 0154 02       		.byte	0x2
 466 0155 23       		.byte	0x23
 467 0156 28       		.uleb128 0x28
 468 0157 06       		.uleb128 0x6
 469 0158 757000   		.string	"up"
 470 015b 04       		.byte	0x4
 471 015c 45       		.byte	0x45
 472 015d 0000009B 		.4byte	0x9b
 473 0161 02       		.byte	0x2
 474 0162 23       		.byte	0x23
 475 0163 2C       		.uleb128 0x2c
 476 0164 06       		.uleb128 0x6
 477 0165 756900   		.string	"ui"
 478 0168 04       		.byte	0x4
 479 0169 46       		.byte	0x46
 480 016a 0000009B 		.4byte	0x9b
 481 016e 02       		.byte	0x2
 482 016f 23       		.byte	0x23
 483 0170 30       		.uleb128 0x30
 484 0171 00       		.byte	0
 485 0172 08       		.uleb128 0x8
 486 0173 504900   		.string	"PI"
 487 0176 04       		.byte	0x4
 488 0177 48       		.byte	0x48
 489 0178 000000B8 		.4byte	0xb8
 490 017c 09       		.uleb128 0x9
 491 017d 01       		.byte	0x1
 492 017e 00000000 		.4byte	.LASF39
 493 0182 01       		.byte	0x1
 494 0183 82       		.byte	0x82
 495 0184 01       		.byte	0x1
 496 0185 00000000 		.4byte	.LFB5
 497 0189 00000000 		.4byte	.LFE5
 498 018d 02       		.byte	0x2
 499 018e 71       		.byte	0x71
 500 018f 00       		.sleb128 0
 501 0190 01       		.byte	0x1
 502 0191 0A       		.uleb128 0xa
 503 0192 00000000 		.4byte	.LASF40
 504 0196 01       		.byte	0x1
 505 0197 67       		.byte	0x67
 506 0198 01       		.byte	0x1
 507 0199 0000009B 		.4byte	0x9b
 508 019d 01       		.byte	0x1
 509 019e 000001CF 		.4byte	0x1cf
 510 01a2 0B       		.uleb128 0xb
 511 01a3 00000000 		.4byte	.LASF20
 512 01a7 01       		.byte	0x1
 513 01a8 67       		.byte	0x67
GAS LISTING C:\Users\duchu\AppData\Local\Temp\ccLfI0Hb.s 			page 10


 514 01a9 0000009B 		.4byte	0x9b
 515 01ad 0B       		.uleb128 0xb
 516 01ae 00000000 		.4byte	.LASF21
 517 01b2 01       		.byte	0x1
 518 01b3 67       		.byte	0x67
 519 01b4 0000009B 		.4byte	0x9b
 520 01b8 0B       		.uleb128 0xb
 521 01b9 00000000 		.4byte	.LASF22
 522 01bd 01       		.byte	0x1
 523 01be 67       		.byte	0x67
 524 01bf 0000009B 		.4byte	0x9b
 525 01c3 0C       		.uleb128 0xc
 526 01c4 00000000 		.4byte	.LASF41
 527 01c8 01       		.byte	0x1
 528 01c9 69       		.byte	0x69
 529 01ca 0000009B 		.4byte	0x9b
 530 01ce 00       		.byte	0
 531 01cf 0D       		.uleb128 0xd
 532 01d0 01       		.byte	0x1
 533 01d1 00000000 		.4byte	.LASF27
 534 01d5 01       		.byte	0x1
 535 01d6 AC       		.byte	0xac
 536 01d7 01       		.byte	0x1
 537 01d8 00000090 		.4byte	0x90
 538 01dc 00000000 		.4byte	.LFB6
 539 01e0 00000000 		.4byte	.LFE6
 540 01e4 02       		.byte	0x2
 541 01e5 71       		.byte	0x71
 542 01e6 00       		.sleb128 0
 543 01e7 01       		.byte	0x1
 544 01e8 000002B5 		.4byte	0x2b5
 545 01ec 0E       		.uleb128 0xe
 546 01ed 00000000 		.4byte	.LASF23
 547 01f1 01       		.byte	0x1
 548 01f2 AC       		.byte	0xac
 549 01f3 000000A6 		.4byte	0xa6
 550 01f7 00000000 		.4byte	.LLST0
 551 01fb 0E       		.uleb128 0xe
 552 01fc 00000000 		.4byte	.LASF24
 553 0200 01       		.byte	0x1
 554 0201 AC       		.byte	0xac
 555 0202 000000A6 		.4byte	0xa6
 556 0206 00000000 		.4byte	.LLST1
 557 020a 0E       		.uleb128 0xe
 558 020b 00000000 		.4byte	.LASF25
 559 020f 01       		.byte	0x1
 560 0210 AC       		.byte	0xac
 561 0211 000000A6 		.4byte	0xa6
 562 0215 00000000 		.4byte	.LLST2
 563 0219 0E       		.uleb128 0xe
 564 021a 00000000 		.4byte	.LASF26
 565 021e 01       		.byte	0x1
 566 021f AC       		.byte	0xac
 567 0220 000000A6 		.4byte	0xa6
 568 0224 00000000 		.4byte	.LLST3
 569 0228 0F       		.uleb128 0xf
 570 0229 00000000 		.4byte	.LASF31
GAS LISTING C:\Users\duchu\AppData\Local\Temp\ccLfI0Hb.s 			page 11


 571 022d 01       		.byte	0x1
 572 022e AE       		.byte	0xae
 573 022f 0000009B 		.4byte	0x9b
 574 0233 00000000 		.4byte	.LLST4
 575 0237 10       		.uleb128 0x10
 576 0238 00000191 		.4byte	0x191
 577 023c 00000000 		.4byte	.LBB6
 578 0240 00000000 		.4byte	.LBE6
 579 0244 01       		.byte	0x1
 580 0245 C9       		.byte	0xc9
 581 0246 00000276 		.4byte	0x276
 582 024a 11       		.uleb128 0x11
 583 024b 000001B8 		.4byte	0x1b8
 584 024f 00       		.byte	0
 585 0250 12       		.uleb128 0x12
 586 0251 000001AD 		.4byte	0x1ad
 587 0255 00000000 		.4byte	.LLST5
 588 0259 12       		.uleb128 0x12
 589 025a 000001A2 		.4byte	0x1a2
 590 025e 00000000 		.4byte	.LLST6
 591 0262 13       		.uleb128 0x13
 592 0263 00000000 		.4byte	.LBB7
 593 0267 00000000 		.4byte	.LBE7
 594 026b 14       		.uleb128 0x14
 595 026c 000001C3 		.4byte	0x1c3
 596 0270 00000000 		.4byte	.LLST7
 597 0274 00       		.byte	0
 598 0275 00       		.byte	0
 599 0276 15       		.uleb128 0x15
 600 0277 00000191 		.4byte	0x191
 601 027b 00000000 		.4byte	.LBB8
 602 027f 00000000 		.4byte	.LBE8
 603 0283 01       		.byte	0x1
 604 0284 CD       		.byte	0xcd
 605 0285 12       		.uleb128 0x12
 606 0286 000001B8 		.4byte	0x1b8
 607 028a 00000000 		.4byte	.LLST8
 608 028e 12       		.uleb128 0x12
 609 028f 000001AD 		.4byte	0x1ad
 610 0293 00000000 		.4byte	.LLST9
 611 0297 12       		.uleb128 0x12
 612 0298 000001A2 		.4byte	0x1a2
 613 029c 00000000 		.4byte	.LLST10
 614 02a0 13       		.uleb128 0x13
 615 02a1 00000000 		.4byte	.LBB9
 616 02a5 00000000 		.4byte	.LBE9
 617 02a9 14       		.uleb128 0x14
 618 02aa 000001C3 		.4byte	0x1c3
 619 02ae 00000000 		.4byte	.LLST11
 620 02b2 00       		.byte	0
 621 02b3 00       		.byte	0
 622 02b4 00       		.byte	0
 623 02b5 0D       		.uleb128 0xd
 624 02b6 01       		.byte	0x1
 625 02b7 00000000 		.4byte	.LASF28
 626 02bb 01       		.byte	0x1
 627 02bc E2       		.byte	0xe2
GAS LISTING C:\Users\duchu\AppData\Local\Temp\ccLfI0Hb.s 			page 12


 628 02bd 01       		.byte	0x1
 629 02be 000000A6 		.4byte	0xa6
 630 02c2 00000000 		.4byte	.LFB7
 631 02c6 00000000 		.4byte	.LFE7
 632 02ca 02       		.byte	0x2
 633 02cb 71       		.byte	0x71
 634 02cc 00       		.sleb128 0
 635 02cd 01       		.byte	0x1
 636 02ce 0000030D 		.4byte	0x30d
 637 02d2 0E       		.uleb128 0xe
 638 02d3 00000000 		.4byte	.LASF29
 639 02d7 01       		.byte	0x1
 640 02d8 E2       		.byte	0xe2
 641 02d9 000000A6 		.4byte	0xa6
 642 02dd 00000000 		.4byte	.LLST12
 643 02e1 16       		.uleb128 0x16
 644 02e2 00000000 		.4byte	.LASF30
 645 02e6 01       		.byte	0x1
 646 02e7 E2       		.byte	0xe2
 647 02e8 000000A6 		.4byte	0xa6
 648 02ec 01       		.byte	0x1
 649 02ed 54       		.byte	0x54
 650 02ee 0F       		.uleb128 0xf
 651 02ef 00000000 		.4byte	.LASF32
 652 02f3 01       		.byte	0x1
 653 02f4 E4       		.byte	0xe4
 654 02f5 000000A6 		.4byte	0xa6
 655 02f9 00000000 		.4byte	.LLST13
 656 02fd 0F       		.uleb128 0xf
 657 02fe 00000000 		.4byte	.LASF33
 658 0302 01       		.byte	0x1
 659 0303 E5       		.byte	0xe5
 660 0304 000000A6 		.4byte	0xa6
 661 0308 00000000 		.4byte	.LLST14
 662 030c 00       		.byte	0
 663 030d 17       		.uleb128 0x17
 664 030e 00000000 		.4byte	.LASF34
 665 0312 01       		.byte	0x1
 666 0313 58       		.byte	0x58
 667 0314 00000172 		.4byte	0x172
 668 0318 05       		.byte	0x5
 669 0319 03       		.byte	0x3
 670 031a 00000000 		.4byte	pi_V
 671 031e 17       		.uleb128 0x17
 672 031f 00000000 		.4byte	.LASF35
 673 0323 01       		.byte	0x1
 674 0324 59       		.byte	0x59
 675 0325 00000172 		.4byte	0x172
 676 0329 05       		.byte	0x5
 677 032a 03       		.byte	0x3
 678 032b 00000000 		.4byte	pi_I
 679 032f 00       		.byte	0
 680              		.section	.debug_abbrev,"",@progbits
 681              	.Ldebug_abbrev0:
 682 0000 01       		.uleb128 0x1
 683 0001 11       		.uleb128 0x11
 684 0002 01       		.byte	0x1
GAS LISTING C:\Users\duchu\AppData\Local\Temp\ccLfI0Hb.s 			page 13


 685 0003 25       		.uleb128 0x25
 686 0004 0E       		.uleb128 0xe
 687 0005 13       		.uleb128 0x13
 688 0006 0B       		.uleb128 0xb
 689 0007 03       		.uleb128 0x3
 690 0008 0E       		.uleb128 0xe
 691 0009 1B       		.uleb128 0x1b
 692 000a 0E       		.uleb128 0xe
 693 000b 55       		.uleb128 0x55
 694 000c 06       		.uleb128 0x6
 695 000d 11       		.uleb128 0x11
 696 000e 01       		.uleb128 0x1
 697 000f 52       		.uleb128 0x52
 698 0010 01       		.uleb128 0x1
 699 0011 10       		.uleb128 0x10
 700 0012 06       		.uleb128 0x6
 701 0013 00       		.byte	0
 702 0014 00       		.byte	0
 703 0015 02       		.uleb128 0x2
 704 0016 24       		.uleb128 0x24
 705 0017 00       		.byte	0
 706 0018 0B       		.uleb128 0xb
 707 0019 0B       		.uleb128 0xb
 708 001a 3E       		.uleb128 0x3e
 709 001b 0B       		.uleb128 0xb
 710 001c 03       		.uleb128 0x3
 711 001d 0E       		.uleb128 0xe
 712 001e 00       		.byte	0
 713 001f 00       		.byte	0
 714 0020 03       		.uleb128 0x3
 715 0021 16       		.uleb128 0x16
 716 0022 00       		.byte	0
 717 0023 03       		.uleb128 0x3
 718 0024 0E       		.uleb128 0xe
 719 0025 3A       		.uleb128 0x3a
 720 0026 0B       		.uleb128 0xb
 721 0027 3B       		.uleb128 0x3b
 722 0028 0B       		.uleb128 0xb
 723 0029 49       		.uleb128 0x49
 724 002a 13       		.uleb128 0x13
 725 002b 00       		.byte	0
 726 002c 00       		.byte	0
 727 002d 04       		.uleb128 0x4
 728 002e 24       		.uleb128 0x24
 729 002f 00       		.byte	0
 730 0030 0B       		.uleb128 0xb
 731 0031 0B       		.uleb128 0xb
 732 0032 3E       		.uleb128 0x3e
 733 0033 0B       		.uleb128 0xb
 734 0034 03       		.uleb128 0x3
 735 0035 08       		.uleb128 0x8
 736 0036 00       		.byte	0
 737 0037 00       		.byte	0
 738 0038 05       		.uleb128 0x5
 739 0039 13       		.uleb128 0x13
 740 003a 01       		.byte	0x1
 741 003b 0B       		.uleb128 0xb
GAS LISTING C:\Users\duchu\AppData\Local\Temp\ccLfI0Hb.s 			page 14


 742 003c 0B       		.uleb128 0xb
 743 003d 3A       		.uleb128 0x3a
 744 003e 0B       		.uleb128 0xb
 745 003f 3B       		.uleb128 0x3b
 746 0040 0B       		.uleb128 0xb
 747 0041 01       		.uleb128 0x1
 748 0042 13       		.uleb128 0x13
 749 0043 00       		.byte	0
 750 0044 00       		.byte	0
 751 0045 06       		.uleb128 0x6
 752 0046 0D       		.uleb128 0xd
 753 0047 00       		.byte	0
 754 0048 03       		.uleb128 0x3
 755 0049 08       		.uleb128 0x8
 756 004a 3A       		.uleb128 0x3a
 757 004b 0B       		.uleb128 0xb
 758 004c 3B       		.uleb128 0x3b
 759 004d 0B       		.uleb128 0xb
 760 004e 49       		.uleb128 0x49
 761 004f 13       		.uleb128 0x13
 762 0050 38       		.uleb128 0x38
 763 0051 0A       		.uleb128 0xa
 764 0052 00       		.byte	0
 765 0053 00       		.byte	0
 766 0054 07       		.uleb128 0x7
 767 0055 0D       		.uleb128 0xd
 768 0056 00       		.byte	0
 769 0057 03       		.uleb128 0x3
 770 0058 0E       		.uleb128 0xe
 771 0059 3A       		.uleb128 0x3a
 772 005a 0B       		.uleb128 0xb
 773 005b 3B       		.uleb128 0x3b
 774 005c 0B       		.uleb128 0xb
 775 005d 49       		.uleb128 0x49
 776 005e 13       		.uleb128 0x13
 777 005f 38       		.uleb128 0x38
 778 0060 0A       		.uleb128 0xa
 779 0061 00       		.byte	0
 780 0062 00       		.byte	0
 781 0063 08       		.uleb128 0x8
 782 0064 16       		.uleb128 0x16
 783 0065 00       		.byte	0
 784 0066 03       		.uleb128 0x3
 785 0067 08       		.uleb128 0x8
 786 0068 3A       		.uleb128 0x3a
 787 0069 0B       		.uleb128 0xb
 788 006a 3B       		.uleb128 0x3b
 789 006b 0B       		.uleb128 0xb
 790 006c 49       		.uleb128 0x49
 791 006d 13       		.uleb128 0x13
 792 006e 00       		.byte	0
 793 006f 00       		.byte	0
 794 0070 09       		.uleb128 0x9
 795 0071 2E       		.uleb128 0x2e
 796 0072 00       		.byte	0
 797 0073 3F       		.uleb128 0x3f
 798 0074 0C       		.uleb128 0xc
GAS LISTING C:\Users\duchu\AppData\Local\Temp\ccLfI0Hb.s 			page 15


 799 0075 03       		.uleb128 0x3
 800 0076 0E       		.uleb128 0xe
 801 0077 3A       		.uleb128 0x3a
 802 0078 0B       		.uleb128 0xb
 803 0079 3B       		.uleb128 0x3b
 804 007a 0B       		.uleb128 0xb
 805 007b 27       		.uleb128 0x27
 806 007c 0C       		.uleb128 0xc
 807 007d 11       		.uleb128 0x11
 808 007e 01       		.uleb128 0x1
 809 007f 12       		.uleb128 0x12
 810 0080 01       		.uleb128 0x1
 811 0081 40       		.uleb128 0x40
 812 0082 0A       		.uleb128 0xa
 813 0083 9742     		.uleb128 0x2117
 814 0085 0C       		.uleb128 0xc
 815 0086 00       		.byte	0
 816 0087 00       		.byte	0
 817 0088 0A       		.uleb128 0xa
 818 0089 2E       		.uleb128 0x2e
 819 008a 01       		.byte	0x1
 820 008b 03       		.uleb128 0x3
 821 008c 0E       		.uleb128 0xe
 822 008d 3A       		.uleb128 0x3a
 823 008e 0B       		.uleb128 0xb
 824 008f 3B       		.uleb128 0x3b
 825 0090 0B       		.uleb128 0xb
 826 0091 27       		.uleb128 0x27
 827 0092 0C       		.uleb128 0xc
 828 0093 49       		.uleb128 0x49
 829 0094 13       		.uleb128 0x13
 830 0095 20       		.uleb128 0x20
 831 0096 0B       		.uleb128 0xb
 832 0097 01       		.uleb128 0x1
 833 0098 13       		.uleb128 0x13
 834 0099 00       		.byte	0
 835 009a 00       		.byte	0
 836 009b 0B       		.uleb128 0xb
 837 009c 05       		.uleb128 0x5
 838 009d 00       		.byte	0
 839 009e 03       		.uleb128 0x3
 840 009f 0E       		.uleb128 0xe
 841 00a0 3A       		.uleb128 0x3a
 842 00a1 0B       		.uleb128 0xb
 843 00a2 3B       		.uleb128 0x3b
 844 00a3 0B       		.uleb128 0xb
 845 00a4 49       		.uleb128 0x49
 846 00a5 13       		.uleb128 0x13
 847 00a6 00       		.byte	0
 848 00a7 00       		.byte	0
 849 00a8 0C       		.uleb128 0xc
 850 00a9 34       		.uleb128 0x34
 851 00aa 00       		.byte	0
 852 00ab 03       		.uleb128 0x3
 853 00ac 0E       		.uleb128 0xe
 854 00ad 3A       		.uleb128 0x3a
 855 00ae 0B       		.uleb128 0xb
GAS LISTING C:\Users\duchu\AppData\Local\Temp\ccLfI0Hb.s 			page 16


 856 00af 3B       		.uleb128 0x3b
 857 00b0 0B       		.uleb128 0xb
 858 00b1 49       		.uleb128 0x49
 859 00b2 13       		.uleb128 0x13
 860 00b3 00       		.byte	0
 861 00b4 00       		.byte	0
 862 00b5 0D       		.uleb128 0xd
 863 00b6 2E       		.uleb128 0x2e
 864 00b7 01       		.byte	0x1
 865 00b8 3F       		.uleb128 0x3f
 866 00b9 0C       		.uleb128 0xc
 867 00ba 03       		.uleb128 0x3
 868 00bb 0E       		.uleb128 0xe
 869 00bc 3A       		.uleb128 0x3a
 870 00bd 0B       		.uleb128 0xb
 871 00be 3B       		.uleb128 0x3b
 872 00bf 0B       		.uleb128 0xb
 873 00c0 27       		.uleb128 0x27
 874 00c1 0C       		.uleb128 0xc
 875 00c2 49       		.uleb128 0x49
 876 00c3 13       		.uleb128 0x13
 877 00c4 11       		.uleb128 0x11
 878 00c5 01       		.uleb128 0x1
 879 00c6 12       		.uleb128 0x12
 880 00c7 01       		.uleb128 0x1
 881 00c8 40       		.uleb128 0x40
 882 00c9 0A       		.uleb128 0xa
 883 00ca 9742     		.uleb128 0x2117
 884 00cc 0C       		.uleb128 0xc
 885 00cd 01       		.uleb128 0x1
 886 00ce 13       		.uleb128 0x13
 887 00cf 00       		.byte	0
 888 00d0 00       		.byte	0
 889 00d1 0E       		.uleb128 0xe
 890 00d2 05       		.uleb128 0x5
 891 00d3 00       		.byte	0
 892 00d4 03       		.uleb128 0x3
 893 00d5 0E       		.uleb128 0xe
 894 00d6 3A       		.uleb128 0x3a
 895 00d7 0B       		.uleb128 0xb
 896 00d8 3B       		.uleb128 0x3b
 897 00d9 0B       		.uleb128 0xb
 898 00da 49       		.uleb128 0x49
 899 00db 13       		.uleb128 0x13
 900 00dc 02       		.uleb128 0x2
 901 00dd 06       		.uleb128 0x6
 902 00de 00       		.byte	0
 903 00df 00       		.byte	0
 904 00e0 0F       		.uleb128 0xf
 905 00e1 34       		.uleb128 0x34
 906 00e2 00       		.byte	0
 907 00e3 03       		.uleb128 0x3
 908 00e4 0E       		.uleb128 0xe
 909 00e5 3A       		.uleb128 0x3a
 910 00e6 0B       		.uleb128 0xb
 911 00e7 3B       		.uleb128 0x3b
 912 00e8 0B       		.uleb128 0xb
GAS LISTING C:\Users\duchu\AppData\Local\Temp\ccLfI0Hb.s 			page 17


 913 00e9 49       		.uleb128 0x49
 914 00ea 13       		.uleb128 0x13
 915 00eb 02       		.uleb128 0x2
 916 00ec 06       		.uleb128 0x6
 917 00ed 00       		.byte	0
 918 00ee 00       		.byte	0
 919 00ef 10       		.uleb128 0x10
 920 00f0 1D       		.uleb128 0x1d
 921 00f1 01       		.byte	0x1
 922 00f2 31       		.uleb128 0x31
 923 00f3 13       		.uleb128 0x13
 924 00f4 11       		.uleb128 0x11
 925 00f5 01       		.uleb128 0x1
 926 00f6 12       		.uleb128 0x12
 927 00f7 01       		.uleb128 0x1
 928 00f8 58       		.uleb128 0x58
 929 00f9 0B       		.uleb128 0xb
 930 00fa 59       		.uleb128 0x59
 931 00fb 0B       		.uleb128 0xb
 932 00fc 01       		.uleb128 0x1
 933 00fd 13       		.uleb128 0x13
 934 00fe 00       		.byte	0
 935 00ff 00       		.byte	0
 936 0100 11       		.uleb128 0x11
 937 0101 05       		.uleb128 0x5
 938 0102 00       		.byte	0
 939 0103 31       		.uleb128 0x31
 940 0104 13       		.uleb128 0x13
 941 0105 1C       		.uleb128 0x1c
 942 0106 0B       		.uleb128 0xb
 943 0107 00       		.byte	0
 944 0108 00       		.byte	0
 945 0109 12       		.uleb128 0x12
 946 010a 05       		.uleb128 0x5
 947 010b 00       		.byte	0
 948 010c 31       		.uleb128 0x31
 949 010d 13       		.uleb128 0x13
 950 010e 02       		.uleb128 0x2
 951 010f 06       		.uleb128 0x6
 952 0110 00       		.byte	0
 953 0111 00       		.byte	0
 954 0112 13       		.uleb128 0x13
 955 0113 0B       		.uleb128 0xb
 956 0114 01       		.byte	0x1
 957 0115 11       		.uleb128 0x11
 958 0116 01       		.uleb128 0x1
 959 0117 12       		.uleb128 0x12
 960 0118 01       		.uleb128 0x1
 961 0119 00       		.byte	0
 962 011a 00       		.byte	0
 963 011b 14       		.uleb128 0x14
 964 011c 34       		.uleb128 0x34
 965 011d 00       		.byte	0
 966 011e 31       		.uleb128 0x31
 967 011f 13       		.uleb128 0x13
 968 0120 02       		.uleb128 0x2
 969 0121 06       		.uleb128 0x6
GAS LISTING C:\Users\duchu\AppData\Local\Temp\ccLfI0Hb.s 			page 18


 970 0122 00       		.byte	0
 971 0123 00       		.byte	0
 972 0124 15       		.uleb128 0x15
 973 0125 1D       		.uleb128 0x1d
 974 0126 01       		.byte	0x1
 975 0127 31       		.uleb128 0x31
 976 0128 13       		.uleb128 0x13
 977 0129 11       		.uleb128 0x11
 978 012a 01       		.uleb128 0x1
 979 012b 12       		.uleb128 0x12
 980 012c 01       		.uleb128 0x1
 981 012d 58       		.uleb128 0x58
 982 012e 0B       		.uleb128 0xb
 983 012f 59       		.uleb128 0x59
 984 0130 0B       		.uleb128 0xb
 985 0131 00       		.byte	0
 986 0132 00       		.byte	0
 987 0133 16       		.uleb128 0x16
 988 0134 05       		.uleb128 0x5
 989 0135 00       		.byte	0
 990 0136 03       		.uleb128 0x3
 991 0137 0E       		.uleb128 0xe
 992 0138 3A       		.uleb128 0x3a
 993 0139 0B       		.uleb128 0xb
 994 013a 3B       		.uleb128 0x3b
 995 013b 0B       		.uleb128 0xb
 996 013c 49       		.uleb128 0x49
 997 013d 13       		.uleb128 0x13
 998 013e 02       		.uleb128 0x2
 999 013f 0A       		.uleb128 0xa
 1000 0140 00       		.byte	0
 1001 0141 00       		.byte	0
 1002 0142 17       		.uleb128 0x17
 1003 0143 34       		.uleb128 0x34
 1004 0144 00       		.byte	0
 1005 0145 03       		.uleb128 0x3
 1006 0146 0E       		.uleb128 0xe
 1007 0147 3A       		.uleb128 0x3a
 1008 0148 0B       		.uleb128 0xb
 1009 0149 3B       		.uleb128 0x3b
 1010 014a 0B       		.uleb128 0xb
 1011 014b 49       		.uleb128 0x49
 1012 014c 13       		.uleb128 0x13
 1013 014d 02       		.uleb128 0x2
 1014 014e 0A       		.uleb128 0xa
 1015 014f 00       		.byte	0
 1016 0150 00       		.byte	0
 1017 0151 00       		.byte	0
 1018              		.section	.debug_loc,"",@progbits
 1019              	.Ldebug_loc0:
 1020              	.LLST0:
 1021 0000 00000000 		.4byte	.LVL0
 1022 0004 00000000 		.4byte	.LVL8
 1023 0008 0001     		.2byte	0x1
 1024 000a 53       		.byte	0x53
 1025 000b 00000000 		.4byte	.LVL8
 1026 000f 00000000 		.4byte	.LFE6
GAS LISTING C:\Users\duchu\AppData\Local\Temp\ccLfI0Hb.s 			page 19


 1027 0013 0005     		.2byte	0x5
 1028 0015 03       		.byte	0x3
 1029 0016 00000000 		.4byte	pi_V+24
 1030 001a 00000000 		.4byte	0
 1031 001e 00000000 		.4byte	0
 1032              	.LLST1:
 1033 0022 00000000 		.4byte	.LVL0
 1034 0026 00000000 		.4byte	.LVL1
 1035 002a 0001     		.2byte	0x1
 1036 002c 54       		.byte	0x54
 1037 002d 00000000 		.4byte	.LVL1
 1038 0031 00000000 		.4byte	.LFE6
 1039 0035 0005     		.2byte	0x5
 1040 0037 03       		.byte	0x3
 1041 0038 00000000 		.4byte	pi_V
 1042 003c 00000000 		.4byte	0
 1043 0040 00000000 		.4byte	0
 1044              	.LLST2:
 1045 0044 00000000 		.4byte	.LVL0
 1046 0048 00000000 		.4byte	.LVL6
 1047 004c 0001     		.2byte	0x1
 1048 004e 55       		.byte	0x55
 1049 004f 00000000 		.4byte	.LVL6
 1050 0053 00000000 		.4byte	.LFE6
 1051 0057 0005     		.2byte	0x5
 1052 0059 03       		.byte	0x3
 1053 005a 00000000 		.4byte	pi_I+4
 1054 005e 00000000 		.4byte	0
 1055 0062 00000000 		.4byte	0
 1056              	.LLST3:
 1057 0066 00000000 		.4byte	.LVL0
 1058 006a 00000000 		.4byte	.LVL2
 1059 006e 0001     		.2byte	0x1
 1060 0070 56       		.byte	0x56
 1061 0071 00000000 		.4byte	.LVL2
 1062 0075 00000000 		.4byte	.LFE6
 1063 0079 0005     		.2byte	0x5
 1064 007b 03       		.byte	0x3
 1065 007c 00000000 		.4byte	pi_V+4
 1066 0080 00000000 		.4byte	0
 1067 0084 00000000 		.4byte	0
 1068              	.LLST4:
 1069 0088 00000000 		.4byte	.LVL0
 1070 008c 00000000 		.4byte	.LVL13
 1071 0090 0002     		.2byte	0x2
 1072 0092 30       		.byte	0x30
 1073 0093 9F       		.byte	0x9f
 1074 0094 00000000 		.4byte	.LVL13
 1075 0098 00000000 		.4byte	.LVL14
 1076 009c 0009     		.2byte	0x9
 1077 009e 73       		.byte	0x73
 1078 009f 00       		.sleb128 0
 1079 00a0 0A       		.byte	0xa
 1080 00a1 010A     		.2byte	0x10a
 1081 00a3 1E       		.byte	0x1e
 1082 00a4 41       		.byte	0x41
 1083 00a5 25       		.byte	0x25
GAS LISTING C:\Users\duchu\AppData\Local\Temp\ccLfI0Hb.s 			page 20


 1084 00a6 9F       		.byte	0x9f
 1085 00a7 00000000 		.4byte	.LVL14
 1086 00ab 00000000 		.4byte	.LVL15
 1087 00af 000D     		.2byte	0xd
 1088 00b1 03       		.byte	0x3
 1089 00b2 00000000 		.4byte	pi_I+8
 1090 00b6 06       		.byte	0x6
 1091 00b7 0A       		.byte	0xa
 1092 00b8 010A     		.2byte	0x10a
 1093 00ba 1E       		.byte	0x1e
 1094 00bb 41       		.byte	0x41
 1095 00bc 25       		.byte	0x25
 1096 00bd 9F       		.byte	0x9f
 1097 00be 00000000 		.4byte	.LVL15
 1098 00c2 00000000 		.4byte	.LFE6
 1099 00c6 0001     		.2byte	0x1
 1100 00c8 53       		.byte	0x53
 1101 00c9 00000000 		.4byte	0
 1102 00cd 00000000 		.4byte	0
 1103              	.LLST5:
 1104 00d1 00000000 		.4byte	.LVL3
 1105 00d5 00000000 		.4byte	.LVL8
 1106 00d9 0001     		.2byte	0x1
 1107 00db 53       		.byte	0x53
 1108 00dc 00000000 		.4byte	.LVL8
 1109 00e0 00000000 		.4byte	.LFE6
 1110 00e4 0005     		.2byte	0x5
 1111 00e6 03       		.byte	0x3
 1112 00e7 00000000 		.4byte	pi_V+24
 1113 00eb 00000000 		.4byte	0
 1114 00ef 00000000 		.4byte	0
 1115              	.LLST6:
 1116 00f3 00000000 		.4byte	.LVL3
 1117 00f7 00000000 		.4byte	.LVL5
 1118 00fb 0001     		.2byte	0x1
 1119 00fd 56       		.byte	0x56
 1120 00fe 00000000 		.4byte	.LVL5
 1121 0102 00000000 		.4byte	.LFE6
 1122 0106 0005     		.2byte	0x5
 1123 0108 03       		.byte	0x3
 1124 0109 00000000 		.4byte	pi_V+40
 1125 010d 00000000 		.4byte	0
 1126 0111 00000000 		.4byte	0
 1127              	.LLST7:
 1128 0115 00000000 		.4byte	.LVL4
 1129 0119 00000000 		.4byte	.LVL7
 1130 011d 0001     		.2byte	0x1
 1131 011f 57       		.byte	0x57
 1132 0120 00000000 		.4byte	.LVL7
 1133 0124 00000000 		.4byte	.LFE6
 1134 0128 0005     		.2byte	0x5
 1135 012a 03       		.byte	0x3
 1136 012b 00000000 		.4byte	pi_V+8
 1137 012f 00000000 		.4byte	0
 1138 0133 00000000 		.4byte	0
 1139              	.LLST8:
 1140 0137 00000000 		.4byte	.LVL9
GAS LISTING C:\Users\duchu\AppData\Local\Temp\ccLfI0Hb.s 			page 21


 1141 013b 00000000 		.4byte	.LVL11
 1142 013f 0001     		.2byte	0x1
 1143 0141 56       		.byte	0x56
 1144 0142 00000000 		.4byte	.LVL11
 1145 0146 00000000 		.4byte	.LFE6
 1146 014a 0005     		.2byte	0x5
 1147 014c 03       		.byte	0x3
 1148 014d 00000000 		.4byte	pi_I+28
 1149 0151 00000000 		.4byte	0
 1150 0155 00000000 		.4byte	0
 1151              	.LLST9:
 1152 0159 00000000 		.4byte	.LVL9
 1153 015d 00000000 		.4byte	.LVL10
 1154 0161 0001     		.2byte	0x1
 1155 0163 53       		.byte	0x53
 1156 0164 00000000 		.4byte	.LVL10
 1157 0168 00000000 		.4byte	.LFE6
 1158 016c 0005     		.2byte	0x5
 1159 016e 03       		.byte	0x3
 1160 016f 00000000 		.4byte	pi_I+24
 1161 0173 00000000 		.4byte	0
 1162 0177 00000000 		.4byte	0
 1163              	.LLST10:
 1164 017b 00000000 		.4byte	.LVL9
 1165 017f 00000000 		.4byte	.LVL12
 1166 0183 0001     		.2byte	0x1
 1167 0185 57       		.byte	0x57
 1168 0186 00000000 		.4byte	.LVL12
 1169 018a 00000000 		.4byte	.LFE6
 1170 018e 0005     		.2byte	0x5
 1171 0190 03       		.byte	0x3
 1172 0191 00000000 		.4byte	pi_I+40
 1173 0195 00000000 		.4byte	0
 1174 0199 00000000 		.4byte	0
 1175              	.LLST11:
 1176 019d 00000000 		.4byte	.LVL10
 1177 01a1 00000000 		.4byte	.LVL14
 1178 01a5 0001     		.2byte	0x1
 1179 01a7 53       		.byte	0x53
 1180 01a8 00000000 		.4byte	.LVL14
 1181 01ac 00000000 		.4byte	.LFE6
 1182 01b0 0005     		.2byte	0x5
 1183 01b2 03       		.byte	0x3
 1184 01b3 00000000 		.4byte	pi_I+8
 1185 01b7 00000000 		.4byte	0
 1186 01bb 00000000 		.4byte	0
 1187              	.LLST12:
 1188 01bf 00000000 		.4byte	.LVL16
 1189 01c3 00000000 		.4byte	.LVL18
 1190 01c7 0001     		.2byte	0x1
 1191 01c9 53       		.byte	0x53
 1192 01ca 00000000 		.4byte	.LVL18
 1193 01ce 00000000 		.4byte	.LVL19
 1194 01d2 0004     		.2byte	0x4
 1195 01d4 F3       		.byte	0xf3
 1196 01d5 01       		.uleb128 0x1
 1197 01d6 53       		.byte	0x53
GAS LISTING C:\Users\duchu\AppData\Local\Temp\ccLfI0Hb.s 			page 22


 1198 01d7 9F       		.byte	0x9f
 1199 01d8 00000000 		.4byte	.LVL19
 1200 01dc 00000000 		.4byte	.LVL21
 1201 01e0 0001     		.2byte	0x1
 1202 01e2 53       		.byte	0x53
 1203 01e3 00000000 		.4byte	.LVL21
 1204 01e7 00000000 		.4byte	.LFE7
 1205 01eb 0004     		.2byte	0x4
 1206 01ed F3       		.byte	0xf3
 1207 01ee 01       		.uleb128 0x1
 1208 01ef 53       		.byte	0x53
 1209 01f0 9F       		.byte	0x9f
 1210 01f1 00000000 		.4byte	0
 1211 01f5 00000000 		.4byte	0
 1212              	.LLST13:
 1213 01f9 00000000 		.4byte	.LVL16
 1214 01fd 00000000 		.4byte	.LVL21
 1215 0201 0002     		.2byte	0x2
 1216 0203 30       		.byte	0x30
 1217 0204 9F       		.byte	0x9f
 1218 0205 00000000 		.4byte	.LVL21
 1219 0209 00000000 		.4byte	.LFE7
 1220 020d 0001     		.2byte	0x1
 1221 020f 53       		.byte	0x53
 1222 0210 00000000 		.4byte	0
 1223 0214 00000000 		.4byte	0
 1224              	.LLST14:
 1225 0218 00000000 		.4byte	.LVL16
 1226 021c 00000000 		.4byte	.LVL17
 1227 0220 0001     		.2byte	0x1
 1228 0222 54       		.byte	0x54
 1229 0223 00000000 		.4byte	.LVL17
 1230 0227 00000000 		.4byte	.LVL19
 1231 022b 0001     		.2byte	0x1
 1232 022d 57       		.byte	0x57
 1233 022e 00000000 		.4byte	.LVL19
 1234 0232 00000000 		.4byte	.LVL20
 1235 0236 0001     		.2byte	0x1
 1236 0238 54       		.byte	0x54
 1237 0239 00000000 		.4byte	.LVL20
 1238 023d 00000000 		.4byte	.LVL21
 1239 0241 0001     		.2byte	0x1
 1240 0243 57       		.byte	0x57
 1241 0244 00000000 		.4byte	.LVL21
 1242 0248 00000000 		.4byte	.LFE7
 1243 024c 0001     		.2byte	0x1
 1244 024e 53       		.byte	0x53
 1245 024f 00000000 		.4byte	0
 1246 0253 00000000 		.4byte	0
 1247              		.section	.debug_aranges,"",@progbits
 1248 0000 0000002C 		.4byte	0x2c
 1249 0004 0002     		.2byte	0x2
 1250 0006 00000000 		.4byte	.Ldebug_info0
 1251 000a 04       		.byte	0x4
 1252 000b 00       		.byte	0
 1253 000c 0000     		.2byte	0
 1254 000e 0000     		.2byte	0
GAS LISTING C:\Users\duchu\AppData\Local\Temp\ccLfI0Hb.s 			page 23


 1255 0010 00000000 		.4byte	.LFB5
 1256 0014 00000052 		.4byte	.LFE5-.LFB5
 1257 0018 00000000 		.4byte	.LFB6
 1258 001c 000000F4 		.4byte	.LFE6-.LFB6
 1259 0020 00000000 		.4byte	.LFB7
 1260 0024 00000036 		.4byte	.LFE7-.LFB7
 1261 0028 00000000 		.4byte	0
 1262 002c 00000000 		.4byte	0
 1263              		.section	.debug_ranges,"",@progbits
 1264              	.Ldebug_ranges0:
 1265 0000 00000000 		.4byte	.LFB5
 1266 0004 00000000 		.4byte	.LFE5
 1267 0008 00000000 		.4byte	.LFB6
 1268 000c 00000000 		.4byte	.LFE6
 1269 0010 00000000 		.4byte	.LFB7
 1270 0014 00000000 		.4byte	.LFE7
 1271 0018 00000000 		.4byte	0
 1272 001c 00000000 		.4byte	0
 1273              		.section	.debug_line,"",@progbits
 1274              	.Ldebug_line0:
 1275 0000 000001D7 		.section	.debug_str,"MS",@progbits,1
 1275      00020000 
 1275      01660201 
 1275      FB0E0D00 
 1275      01010101 
 1276              	.LASF37:
 1277 0000 2E2F736F 		.string	"./source/ASW/Asw_Pid.c"
 1277      75726365 
 1277      2F415357 
 1277      2F417377 
 1277      5F506964 
 1278              	.LASF19:
 1279 0017 70726553 		.string	"preSatErr"
 1279      61744572 
 1279      7200
 1280              	.LASF23:
 1281 0021 7533325F 		.string	"u32_IRef"
 1281      49526566 
 1281      00
 1282              	.LASF5:
 1283 002a 5F5F696E 		.string	"__int32_t"
 1283      7433325F 
 1283      7400
 1284              	.LASF32:
 1285 0034 7533325F 		.string	"u32_out"
 1285      6F757400 
 1286              	.LASF29:
 1287 003c 7533325F 		.string	"u32_setpoint"
 1287      73657470 
 1287      6F696E74 
 1287      00
 1288              	.LASF26:
 1289 0049 7533325F 		.string	"u32_Vfbk"
 1289      5666626B 
 1289      00
 1290              	.LASF1:
 1291 0052 756E7369 		.string	"unsigned char"
GAS LISTING C:\Users\duchu\AppData\Local\Temp\ccLfI0Hb.s 			page 24


 1291      676E6564 
 1291      20636861 
 1291      7200
 1292              	.LASF35:
 1293 0060 70695F49 		.string	"pi_I"
 1293      00
 1294              	.LASF31:
 1295 0065 7333325F 		.string	"s32_shift"
 1295      73686966 
 1295      7400
 1296              	.LASF8:
 1297 006f 6C6F6E67 		.string	"long unsigned int"
 1297      20756E73 
 1297      69676E65 
 1297      6420696E 
 1297      7400
 1298              	.LASF3:
 1299 0081 73686F72 		.string	"short unsigned int"
 1299      7420756E 
 1299      7369676E 
 1299      65642069 
 1299      6E7400
 1300              	.LASF16:
 1301 0094 556D6178 		.string	"Umax"
 1301      00
 1302              	.LASF34:
 1303 0099 70695F56 		.string	"pi_V"
 1303      00
 1304              	.LASF4:
 1305 009e 5F5F7569 		.string	"__uint16_t"
 1305      6E743136 
 1305      5F7400
 1306              	.LASF25:
 1307 00a9 7533325F 		.string	"u32_Ifbk"
 1307      4966626B 
 1307      00
 1308              	.LASF7:
 1309 00b2 5F5F7569 		.string	"__uint32_t"
 1309      6E743332 
 1309      5F7400
 1310              	.LASF33:
 1311 00bd 7533325F 		.string	"u32_Ref_tmp"
 1311      5265665F 
 1311      746D7000 
 1312              	.LASF17:
 1313 00c9 556D696E 		.string	"Umin"
 1313      00
 1314              	.LASF11:
 1315 00ce 756E7369 		.string	"unsigned int"
 1315      676E6564 
 1315      20696E74 
 1315      00
 1316              	.LASF27:
 1317 00db 4173775F 		.string	"Asw_PI_Controller"
 1317      50495F43 
 1317      6F6E7472 
 1317      6F6C6C65 
GAS LISTING C:\Users\duchu\AppData\Local\Temp\ccLfI0Hb.s 			page 25


 1317      7200
 1318              	.LASF39:
 1319 00ed 4173775F 		.string	"Asw_PI_Init"
 1319      50495F49 
 1319      6E697400 
 1320              	.LASF10:
 1321 00f9 6C6F6E67 		.string	"long long unsigned int"
 1321      206C6F6E 
 1321      6720756E 
 1321      7369676E 
 1321      65642069 
 1322              	.LASF30:
 1323 0110 7533325F 		.string	"u32_ref"
 1323      72656600 
 1324              	.LASF40:
 1325 0118 53415455 		.string	"SATURATION"
 1325      52415449 
 1325      4F4E00
 1326              	.LASF21:
 1327 0123 7333325F 		.string	"s32_Max"
 1327      4D617800 
 1328              	.LASF13:
 1329 012b 696E7433 		.string	"int32_t"
 1329      325F7400 
 1330              	.LASF15:
 1331 0133 73697A65 		.string	"sizetype"
 1331      74797065 
 1331      00
 1332              	.LASF20:
 1333 013c 7333325F 		.string	"s32_in"
 1333      696E00
 1334              	.LASF9:
 1335 0143 6C6F6E67 		.string	"long long int"
 1335      206C6F6E 
 1335      6720696E 
 1335      7400
 1336              	.LASF18:
 1337 0151 73617445 		.string	"satErr"
 1337      727200
 1338              	.LASF12:
 1339 0158 75696E74 		.string	"uint16_t"
 1339      31365F74 
 1339      00
 1340              	.LASF2:
 1341 0161 73686F72 		.string	"short int"
 1341      7420696E 
 1341      7400
 1342              	.LASF41:
 1343 016b 7333325F 		.string	"s32_sat"
 1343      73617400 
 1344              	.LASF22:
 1345 0173 7333325F 		.string	"s32_Min"
 1345      4D696E00 
 1346              	.LASF28:
 1347 017b 4173775F 		.string	"Asw_Ramp"
 1347      52616D70 
 1347      00
GAS LISTING C:\Users\duchu\AppData\Local\Temp\ccLfI0Hb.s 			page 26


 1348              	.LASF24:
 1349 0184 7533325F 		.string	"u32_VRef"
 1349      56526566 
 1349      00
 1350              	.LASF14:
 1351 018d 75696E74 		.string	"uint32_t"
 1351      33325F74 
 1351      00
 1352              	.LASF6:
 1353 0196 6C6F6E67 		.string	"long int"
 1353      20696E74 
 1353      00
 1354              	.LASF36:
 1355 019f 474E5520 		.ascii	"GNU C 4.9.4 20160726 (Sat May 27 11:09:55 CDT 2017      "
 1355      4320342E 
 1355      392E3420 
 1355      32303136 
 1355      30373236 
 1356 01d7 20202062 		.string	"   build.sh rev=gd8b6c20 s=F494 ELe200 -V release_gd8b6c20_build_Fed_ELe200_ML0) -mcall-s
 1356      75696C64 
 1356      2E736820 
 1356      7265763D 
 1356      67643862 
 1357              	.LASF38:
 1358 02d8 443A5C57 		.string	"D:\\Workplace\\KSC_LDC"
 1358      6F726B70 
 1358      6C616365 
 1358      5C4B5343 
 1358      5F4C4443 
 1359              	.LASF0:
 1360 02ed 7369676E 		.string	"signed char"
 1360      65642063 
 1360      68617200 
 1361              		.ident	"GCC: (GNU) 4.9.4 20160726 (Sat May 27 11:09:55 CDT 2017         build.sh rev=gd8b6c20 s=F4
GAS LISTING C:\Users\duchu\AppData\Local\Temp\ccLfI0Hb.s 			page 27


DEFINED SYMBOLS
                            *ABS*:00000000 Asw_Pid.c
C:\Users\duchu\AppData\Local\Temp\ccLfI0Hb.s:10     .text.Asw_PI_Init:00000000 Asw_PI_Init
C:\Users\duchu\AppData\Local\Temp\ccLfI0Hb.s:76     .text.Asw_PI_Controller:00000000 Asw_PI_Controller
C:\Users\duchu\AppData\Local\Temp\ccLfI0Hb.s:207    .text.Asw_Ramp:00000000 Asw_Ramp
C:\Users\duchu\AppData\Local\Temp\ccLfI0Hb.s:248    .data.pi_I:00000000 pi_I
C:\Users\duchu\AppData\Local\Temp\ccLfI0Hb.s:267    .data.pi_V:00000000 pi_V

NO UNDEFINED SYMBOLS
