GAS LISTING C:\Users\duchu\AppData\Local\Temp\cccAeGvk.s 			page 1


   1              		.file	"board.c"
   2              		.section	".text","axv"
   3              	.Ltext0:
   4              		.cfi_sections	.debug_frame
   5              		.section	.text.boardInit,"axv",@progbits
   6              		.align 1
   7              		.p2align 4,,15
   8              		.globl boardInit
   9              		.type	boardInit, @function
  10              	boardInit:
  11              	.LFB4:
  12              		.file 1 "./components/spc570sxx_board_initialization_component_rla/cfg/board.c"
  13              		.loc 1 64 0
  14              		.cfi_startproc
  15 0000 182106F8 		e_stwu %r1,-8(%r1)
  16              	.LCFI0:
  17              		.cfi_def_cfa_offset 8
  18 0004 0080     		se_mflr %r0
  19 0006 D301     		se_stw %r0,12(%r1)
  20              		.cfi_offset 65, 4
  21              		.loc 1 66 0
  22 0008 7060E000 		e_lis %r3,.LANCHOR0@ha
  23 000c 1C630000 		e_la %r3,.LANCHOR0@l(%r3)
  24 0010 78000001 		e_bl pal_init
  25              	.LVL0:
  26              		.loc 1 67 0
  27 0014 C301     		se_lwz %r0,12(%r1)
  28 0016 0090     		se_mtlr %r0
  29              		.cfi_restore 65
  30 0018 2071     		se_addi %r1,8
  31              	.LCFI1:
  32              		.cfi_def_cfa_offset 0
  33 001a 0004     		se_blr
  34              		.cfi_endproc
  35              	.LFE4:
  36              		.size	boardInit, .-boardInit
  37              		.section	.rodata.spc_mscr_mux_init,"a",@progbits
  38              		.align 1
  39              		.type	spc_mscr_mux_init, @object
  40              		.size	spc_mscr_mux_init, 18
  41              	spc_mscr_mux_init:
  42 0000 0022     		.short	34
  43 0002 0001     		.short	1
  44 0004 0003     		.short	3
  45 0006 0039     		.short	57
  46 0008 0000     		.short	0
  47 000a 0001     		.short	1
  48 000c 0000     		.short	0
  49 000e FFFF     		.short	-1
  50 0010 0000     		.short	0
  51              		.section	.rodata.spc_mscr_io_init,"a",@progbits
  52              		.align 2
  53              		.type	spc_mscr_io_init, @object
  54              		.size	spc_mscr_io_init, 152
  55              	spc_mscr_io_init:
  56 0000 0000     		.short	0
  57 0002 00       		.byte	0
GAS LISTING C:\Users\duchu\AppData\Local\Temp\cccAeGvk.s 			page 2


  58 0003 00       		.zero	1
  59 0004 02880000 		.long	42467328
  60 0008 000B     		.short	11
  61 000a 01       		.byte	1
  62 000b 00       		.zero	1
  63 000c 02880000 		.long	42467328
  64 0010 0013     		.short	19
  65 0012 00       		.byte	0
  66 0013 00       		.zero	1
  67 0014 00800000 		.long	8388608
  68 0018 0015     		.short	21
  69 001a 00       		.byte	0
  70 001b 00       		.zero	1
  71 001c 00800000 		.long	8388608
  72 0020 0016     		.short	22
  73 0022 00       		.byte	0
  74 0023 00       		.zero	1
  75 0024 00800000 		.long	8388608
  76 0028 0017     		.short	23
  77 002a 00       		.byte	0
  78 002b 00       		.zero	1
  79 002c 00800000 		.long	8388608
  80 0030 001B     		.short	27
  81 0032 00       		.byte	0
  82 0033 00       		.zero	1
  83 0034 00800000 		.long	8388608
  84 0038 001E     		.short	30
  85 003a 00       		.byte	0
  86 003b 00       		.zero	1
  87 003c 00800000 		.long	8388608
  88 0040 0023     		.short	35
  89 0042 00       		.byte	0
  90 0043 00       		.zero	1
  91 0044 02880003 		.long	42467331
  92 0048 0037     		.short	55
  93 004a 00       		.byte	0
  94 004b 00       		.zero	1
  95 004c 02880001 		.long	42467329
  96 0050 0038     		.short	56
  97 0052 00       		.byte	0
  98 0053 00       		.zero	1
  99 0054 02880001 		.long	42467329
 100 0058 003A     		.short	58
 101 005a 00       		.byte	0
 102 005b 00       		.zero	1
 103 005c 02880001 		.long	42467329
 104 0060 003B     		.short	59
 105 0062 00       		.byte	0
 106 0063 00       		.zero	1
 107 0064 02880001 		.long	42467329
 108 0068 003E     		.short	62
 109 006a 00       		.byte	0
 110 006b 00       		.zero	1
 111 006c 02880003 		.long	42467331
 112 0070 0007     		.short	7
 113 0072 00       		.byte	0
 114 0073 00       		.zero	1
GAS LISTING C:\Users\duchu\AppData\Local\Temp\cccAeGvk.s 			page 3


 115 0074 02880000 		.long	42467328
 116 0078 004F     		.short	79
 117 007a 00       		.byte	0
 118 007b 00       		.zero	1
 119 007c 02880000 		.long	42467328
 120 0080 0008     		.short	8
 121 0082 00       		.byte	0
 122 0083 00       		.zero	1
 123 0084 02880000 		.long	42467328
 124 0088 0009     		.short	9
 125 008a 00       		.byte	0
 126 008b 00       		.zero	1
 127 008c 02880000 		.long	42467328
 128 0090 FFFF     		.short	-1
 129 0092 00       		.byte	0
 130 0093 00       		.zero	1
 131 0094 00000000 		.long	0
 132              		.section	.rodata.pal_default_config,"a",@progbits
 133              		.align 2
 134              		.set	.LANCHOR0,. + 0
 135              		.type	pal_default_config, @object
 136              		.size	pal_default_config, 8
 137              	pal_default_config:
 138 0000 00000000 		.long	spc_mscr_io_init
 139 0004 00000000 		.long	spc_mscr_mux_init
 140              		.section	".text","axv"
 141              	.Letext0:
 142              		.file 2 "c:\\spc5studio\\eclipse\\plugins\\com.st.tools.spc5.tools.gnu.gcc.ppcvle.win32_4.9.4.2019
 143              		.file 3 "c:\\spc5studio\\eclipse\\plugins\\com.st.tools.spc5.tools.gnu.gcc.ppcvle.win32_4.9.4.2019
 144              		.file 4 "./components/spc570sxx_board_initialization_component_rla/lib/include/pal.h"
 145              		.section	.debug_info,"",@progbits
 146              	.Ldebug_info0:
 147 0000 00000243 		.4byte	0x243
 148 0004 0002     		.2byte	0x2
 149 0006 00000000 		.4byte	.Ldebug_abbrev0
 150 000a 04       		.byte	0x4
 151 000b 01       		.uleb128 0x1
 152 000c 00000000 		.4byte	.LASF31
 153 0010 01       		.byte	0x1
 154 0011 00000000 		.4byte	.LASF32
 155 0015 00000000 		.4byte	.LASF33
 156 0019 00000000 		.4byte	.Ldebug_ranges0+0
 157 001d 00000000 		.4byte	0
 158 0021 00000000 		.4byte	0
 159 0025 00000000 		.4byte	.Ldebug_line0
 160 0029 02       		.uleb128 0x2
 161 002a 01       		.byte	0x1
 162 002b 06       		.byte	0x6
 163 002c 00000000 		.4byte	.LASF0
 164 0030 03       		.uleb128 0x3
 165 0031 00000000 		.4byte	.LASF2
 166 0035 02       		.byte	0x2
 167 0036 1D       		.byte	0x1d
 168 0037 0000003B 		.4byte	0x3b
 169 003b 02       		.uleb128 0x2
 170 003c 01       		.byte	0x1
 171 003d 08       		.byte	0x8
GAS LISTING C:\Users\duchu\AppData\Local\Temp\cccAeGvk.s 			page 4


 172 003e 00000000 		.4byte	.LASF1
 173 0042 03       		.uleb128 0x3
 174 0043 00000000 		.4byte	.LASF3
 175 0047 02       		.byte	0x2
 176 0048 29       		.byte	0x29
 177 0049 0000004D 		.4byte	0x4d
 178 004d 02       		.uleb128 0x2
 179 004e 02       		.byte	0x2
 180 004f 05       		.byte	0x5
 181 0050 00000000 		.4byte	.LASF4
 182 0054 03       		.uleb128 0x3
 183 0055 00000000 		.4byte	.LASF5
 184 0059 02       		.byte	0x2
 185 005a 2B       		.byte	0x2b
 186 005b 0000005F 		.4byte	0x5f
 187 005f 02       		.uleb128 0x2
 188 0060 02       		.byte	0x2
 189 0061 07       		.byte	0x7
 190 0062 00000000 		.4byte	.LASF6
 191 0066 02       		.uleb128 0x2
 192 0067 04       		.byte	0x4
 193 0068 05       		.byte	0x5
 194 0069 00000000 		.4byte	.LASF7
 195 006d 03       		.uleb128 0x3
 196 006e 00000000 		.4byte	.LASF8
 197 0072 02       		.byte	0x2
 198 0073 41       		.byte	0x41
 199 0074 00000078 		.4byte	0x78
 200 0078 02       		.uleb128 0x2
 201 0079 04       		.byte	0x4
 202 007a 07       		.byte	0x7
 203 007b 00000000 		.4byte	.LASF9
 204 007f 02       		.uleb128 0x2
 205 0080 08       		.byte	0x8
 206 0081 05       		.byte	0x5
 207 0082 00000000 		.4byte	.LASF10
 208 0086 02       		.uleb128 0x2
 209 0087 08       		.byte	0x8
 210 0088 07       		.byte	0x7
 211 0089 00000000 		.4byte	.LASF11
 212 008d 04       		.uleb128 0x4
 213 008e 04       		.byte	0x4
 214 008f 05       		.byte	0x5
 215 0090 696E7400 		.string	"int"
 216 0094 02       		.uleb128 0x2
 217 0095 04       		.byte	0x4
 218 0096 07       		.byte	0x7
 219 0097 00000000 		.4byte	.LASF12
 220 009b 03       		.uleb128 0x3
 221 009c 00000000 		.4byte	.LASF13
 222 00a0 03       		.byte	0x3
 223 00a1 15       		.byte	0x15
 224 00a2 00000030 		.4byte	0x30
 225 00a6 03       		.uleb128 0x3
 226 00a7 00000000 		.4byte	.LASF14
 227 00ab 03       		.byte	0x3
 228 00ac 20       		.byte	0x20
GAS LISTING C:\Users\duchu\AppData\Local\Temp\cccAeGvk.s 			page 5


 229 00ad 00000042 		.4byte	0x42
 230 00b1 03       		.uleb128 0x3
 231 00b2 00000000 		.4byte	.LASF15
 232 00b6 03       		.byte	0x3
 233 00b7 21       		.byte	0x21
 234 00b8 00000054 		.4byte	0x54
 235 00bc 03       		.uleb128 0x3
 236 00bd 00000000 		.4byte	.LASF16
 237 00c1 03       		.byte	0x3
 238 00c2 2D       		.byte	0x2d
 239 00c3 0000006D 		.4byte	0x6d
 240 00c7 02       		.uleb128 0x2
 241 00c8 04       		.byte	0x4
 242 00c9 07       		.byte	0x7
 243 00ca 00000000 		.4byte	.LASF17
 244 00ce 03       		.uleb128 0x3
 245 00cf 00000000 		.4byte	.LASF18
 246 00d3 04       		.byte	0x4
 247 00d4 B7       		.byte	0xb7
 248 00d5 000000BC 		.4byte	0xbc
 249 00d9 05       		.uleb128 0x5
 250 00da 08       		.byte	0x8
 251 00db 04       		.byte	0x4
 252 00dc C4       		.byte	0xc4
 253 00dd 0000010C 		.4byte	0x10c
 254 00e1 06       		.uleb128 0x6
 255 00e2 00000000 		.4byte	.LASF19
 256 00e6 04       		.byte	0x4
 257 00e7 C5       		.byte	0xc5
 258 00e8 000000A6 		.4byte	0xa6
 259 00ec 02       		.byte	0x2
 260 00ed 23       		.byte	0x23
 261 00ee 00       		.uleb128 0
 262 00ef 06       		.uleb128 0x6
 263 00f0 00000000 		.4byte	.LASF20
 264 00f4 04       		.byte	0x4
 265 00f5 C6       		.byte	0xc6
 266 00f6 0000009B 		.4byte	0x9b
 267 00fa 02       		.byte	0x2
 268 00fb 23       		.byte	0x23
 269 00fc 02       		.uleb128 0x2
 270 00fd 06       		.uleb128 0x6
 271 00fe 00000000 		.4byte	.LASF21
 272 0102 04       		.byte	0x4
 273 0103 C7       		.byte	0xc7
 274 0104 000000CE 		.4byte	0xce
 275 0108 02       		.byte	0x2
 276 0109 23       		.byte	0x23
 277 010a 04       		.uleb128 0x4
 278 010b 00       		.byte	0
 279 010c 03       		.uleb128 0x3
 280 010d 00000000 		.4byte	.LASF22
 281 0111 04       		.byte	0x4
 282 0112 C8       		.byte	0xc8
 283 0113 000000D9 		.4byte	0xd9
 284 0117 05       		.uleb128 0x5
 285 0118 06       		.byte	0x6
GAS LISTING C:\Users\duchu\AppData\Local\Temp\cccAeGvk.s 			page 6


 286 0119 04       		.byte	0x4
 287 011a CD       		.byte	0xcd
 288 011b 0000014A 		.4byte	0x14a
 289 011f 06       		.uleb128 0x6
 290 0120 00000000 		.4byte	.LASF23
 291 0124 04       		.byte	0x4
 292 0125 CE       		.byte	0xce
 293 0126 000000A6 		.4byte	0xa6
 294 012a 02       		.byte	0x2
 295 012b 23       		.byte	0x23
 296 012c 00       		.uleb128 0
 297 012d 06       		.uleb128 0x6
 298 012e 00000000 		.4byte	.LASF19
 299 0132 04       		.byte	0x4
 300 0133 CF       		.byte	0xcf
 301 0134 000000A6 		.4byte	0xa6
 302 0138 02       		.byte	0x2
 303 0139 23       		.byte	0x23
 304 013a 02       		.uleb128 0x2
 305 013b 06       		.uleb128 0x6
 306 013c 00000000 		.4byte	.LASF21
 307 0140 04       		.byte	0x4
 308 0141 D0       		.byte	0xd0
 309 0142 000000B1 		.4byte	0xb1
 310 0146 02       		.byte	0x2
 311 0147 23       		.byte	0x23
 312 0148 04       		.uleb128 0x4
 313 0149 00       		.byte	0
 314 014a 03       		.uleb128 0x3
 315 014b 00000000 		.4byte	.LASF24
 316 014f 04       		.byte	0x4
 317 0150 D1       		.byte	0xd1
 318 0151 00000117 		.4byte	0x117
 319 0155 05       		.uleb128 0x5
 320 0156 08       		.byte	0x8
 321 0157 04       		.byte	0x4
 322 0158 DC       		.byte	0xdc
 323 0159 0000017A 		.4byte	0x17a
 324 015d 06       		.uleb128 0x6
 325 015e 00000000 		.4byte	.LASF25
 326 0162 04       		.byte	0x4
 327 0163 DD       		.byte	0xdd
 328 0164 0000017A 		.4byte	0x17a
 329 0168 02       		.byte	0x2
 330 0169 23       		.byte	0x23
 331 016a 00       		.uleb128 0
 332 016b 06       		.uleb128 0x6
 333 016c 00000000 		.4byte	.LASF26
 334 0170 04       		.byte	0x4
 335 0171 DE       		.byte	0xde
 336 0172 00000185 		.4byte	0x185
 337 0176 02       		.byte	0x2
 338 0177 23       		.byte	0x23
 339 0178 04       		.uleb128 0x4
 340 0179 00       		.byte	0
 341 017a 07       		.uleb128 0x7
 342 017b 04       		.byte	0x4
GAS LISTING C:\Users\duchu\AppData\Local\Temp\cccAeGvk.s 			page 7


 343 017c 00000180 		.4byte	0x180
 344 0180 08       		.uleb128 0x8
 345 0181 0000010C 		.4byte	0x10c
 346 0185 07       		.uleb128 0x7
 347 0186 04       		.byte	0x4
 348 0187 0000018B 		.4byte	0x18b
 349 018b 08       		.uleb128 0x8
 350 018c 0000014A 		.4byte	0x14a
 351 0190 03       		.uleb128 0x3
 352 0191 00000000 		.4byte	.LASF27
 353 0195 04       		.byte	0x4
 354 0196 DF       		.byte	0xdf
 355 0197 00000155 		.4byte	0x155
 356 019b 09       		.uleb128 0x9
 357 019c 01       		.byte	0x1
 358 019d 00000000 		.4byte	.LASF34
 359 01a1 01       		.byte	0x1
 360 01a2 40       		.byte	0x40
 361 01a3 01       		.byte	0x1
 362 01a4 00000000 		.4byte	.LFB4
 363 01a8 00000000 		.4byte	.LFE4
 364 01ac 00000000 		.4byte	.LLST0
 365 01b0 01       		.byte	0x1
 366 01b1 000001C9 		.4byte	0x1c9
 367 01b5 0A       		.uleb128 0xa
 368 01b6 00000000 		.4byte	.LVL0
 369 01ba 0000022B 		.4byte	0x22b
 370 01be 0B       		.uleb128 0xb
 371 01bf 01       		.byte	0x1
 372 01c0 53       		.byte	0x53
 373 01c1 05       		.byte	0x5
 374 01c2 03       		.byte	0x3
 375 01c3 00000000 		.4byte	.LANCHOR0
 376 01c7 00       		.byte	0
 377 01c8 00       		.byte	0
 378 01c9 0C       		.uleb128 0xc
 379 01ca 0000010C 		.4byte	0x10c
 380 01ce 000001D9 		.4byte	0x1d9
 381 01d2 0D       		.uleb128 0xd
 382 01d3 000000C7 		.4byte	0xc7
 383 01d7 12       		.byte	0x12
 384 01d8 00       		.byte	0
 385 01d9 0E       		.uleb128 0xe
 386 01da 00000000 		.4byte	.LASF28
 387 01de 01       		.byte	0x1
 388 01df 15       		.byte	0x15
 389 01e0 000001EA 		.4byte	0x1ea
 390 01e4 05       		.byte	0x5
 391 01e5 03       		.byte	0x3
 392 01e6 00000000 		.4byte	spc_mscr_io_init
 393 01ea 08       		.uleb128 0x8
 394 01eb 000001C9 		.4byte	0x1c9
 395 01ef 0C       		.uleb128 0xc
 396 01f0 0000014A 		.4byte	0x14a
 397 01f4 000001FF 		.4byte	0x1ff
 398 01f8 0D       		.uleb128 0xd
 399 01f9 000000C7 		.4byte	0xc7
GAS LISTING C:\Users\duchu\AppData\Local\Temp\cccAeGvk.s 			page 8


 400 01fd 02       		.byte	0x2
 401 01fe 00       		.byte	0
 402 01ff 0E       		.uleb128 0xe
 403 0200 00000000 		.4byte	.LASF29
 404 0204 01       		.byte	0x1
 405 0205 2F       		.byte	0x2f
 406 0206 00000210 		.4byte	0x210
 407 020a 05       		.byte	0x5
 408 020b 03       		.byte	0x3
 409 020c 00000000 		.4byte	spc_mscr_mux_init
 410 0210 08       		.uleb128 0x8
 411 0211 000001EF 		.4byte	0x1ef
 412 0215 0E       		.uleb128 0xe
 413 0216 00000000 		.4byte	.LASF30
 414 021a 01       		.byte	0x1
 415 021b 38       		.byte	0x38
 416 021c 00000226 		.4byte	0x226
 417 0220 05       		.byte	0x5
 418 0221 03       		.byte	0x3
 419 0222 00000000 		.4byte	pal_default_config
 420 0226 08       		.uleb128 0x8
 421 0227 00000190 		.4byte	0x190
 422 022b 0F       		.uleb128 0xf
 423 022c 01       		.byte	0x1
 424 022d 00000000 		.4byte	.LASF35
 425 0231 04       		.byte	0x4
 426 0232 01ED     		.2byte	0x1ed
 427 0234 01       		.byte	0x1
 428 0235 01       		.byte	0x1
 429 0236 00000240 		.4byte	0x240
 430 023a 10       		.uleb128 0x10
 431 023b 00000240 		.4byte	0x240
 432 023f 00       		.byte	0
 433 0240 07       		.uleb128 0x7
 434 0241 04       		.byte	0x4
 435 0242 00000226 		.4byte	0x226
 436 0246 00       		.byte	0
 437              		.section	.debug_abbrev,"",@progbits
 438              	.Ldebug_abbrev0:
 439 0000 01       		.uleb128 0x1
 440 0001 11       		.uleb128 0x11
 441 0002 01       		.byte	0x1
 442 0003 25       		.uleb128 0x25
 443 0004 0E       		.uleb128 0xe
 444 0005 13       		.uleb128 0x13
 445 0006 0B       		.uleb128 0xb
 446 0007 03       		.uleb128 0x3
 447 0008 0E       		.uleb128 0xe
 448 0009 1B       		.uleb128 0x1b
 449 000a 0E       		.uleb128 0xe
 450 000b 55       		.uleb128 0x55
 451 000c 06       		.uleb128 0x6
 452 000d 11       		.uleb128 0x11
 453 000e 01       		.uleb128 0x1
 454 000f 52       		.uleb128 0x52
 455 0010 01       		.uleb128 0x1
 456 0011 10       		.uleb128 0x10
GAS LISTING C:\Users\duchu\AppData\Local\Temp\cccAeGvk.s 			page 9


 457 0012 06       		.uleb128 0x6
 458 0013 00       		.byte	0
 459 0014 00       		.byte	0
 460 0015 02       		.uleb128 0x2
 461 0016 24       		.uleb128 0x24
 462 0017 00       		.byte	0
 463 0018 0B       		.uleb128 0xb
 464 0019 0B       		.uleb128 0xb
 465 001a 3E       		.uleb128 0x3e
 466 001b 0B       		.uleb128 0xb
 467 001c 03       		.uleb128 0x3
 468 001d 0E       		.uleb128 0xe
 469 001e 00       		.byte	0
 470 001f 00       		.byte	0
 471 0020 03       		.uleb128 0x3
 472 0021 16       		.uleb128 0x16
 473 0022 00       		.byte	0
 474 0023 03       		.uleb128 0x3
 475 0024 0E       		.uleb128 0xe
 476 0025 3A       		.uleb128 0x3a
 477 0026 0B       		.uleb128 0xb
 478 0027 3B       		.uleb128 0x3b
 479 0028 0B       		.uleb128 0xb
 480 0029 49       		.uleb128 0x49
 481 002a 13       		.uleb128 0x13
 482 002b 00       		.byte	0
 483 002c 00       		.byte	0
 484 002d 04       		.uleb128 0x4
 485 002e 24       		.uleb128 0x24
 486 002f 00       		.byte	0
 487 0030 0B       		.uleb128 0xb
 488 0031 0B       		.uleb128 0xb
 489 0032 3E       		.uleb128 0x3e
 490 0033 0B       		.uleb128 0xb
 491 0034 03       		.uleb128 0x3
 492 0035 08       		.uleb128 0x8
 493 0036 00       		.byte	0
 494 0037 00       		.byte	0
 495 0038 05       		.uleb128 0x5
 496 0039 13       		.uleb128 0x13
 497 003a 01       		.byte	0x1
 498 003b 0B       		.uleb128 0xb
 499 003c 0B       		.uleb128 0xb
 500 003d 3A       		.uleb128 0x3a
 501 003e 0B       		.uleb128 0xb
 502 003f 3B       		.uleb128 0x3b
 503 0040 0B       		.uleb128 0xb
 504 0041 01       		.uleb128 0x1
 505 0042 13       		.uleb128 0x13
 506 0043 00       		.byte	0
 507 0044 00       		.byte	0
 508 0045 06       		.uleb128 0x6
 509 0046 0D       		.uleb128 0xd
 510 0047 00       		.byte	0
 511 0048 03       		.uleb128 0x3
 512 0049 0E       		.uleb128 0xe
 513 004a 3A       		.uleb128 0x3a
GAS LISTING C:\Users\duchu\AppData\Local\Temp\cccAeGvk.s 			page 10


 514 004b 0B       		.uleb128 0xb
 515 004c 3B       		.uleb128 0x3b
 516 004d 0B       		.uleb128 0xb
 517 004e 49       		.uleb128 0x49
 518 004f 13       		.uleb128 0x13
 519 0050 38       		.uleb128 0x38
 520 0051 0A       		.uleb128 0xa
 521 0052 00       		.byte	0
 522 0053 00       		.byte	0
 523 0054 07       		.uleb128 0x7
 524 0055 0F       		.uleb128 0xf
 525 0056 00       		.byte	0
 526 0057 0B       		.uleb128 0xb
 527 0058 0B       		.uleb128 0xb
 528 0059 49       		.uleb128 0x49
 529 005a 13       		.uleb128 0x13
 530 005b 00       		.byte	0
 531 005c 00       		.byte	0
 532 005d 08       		.uleb128 0x8
 533 005e 26       		.uleb128 0x26
 534 005f 00       		.byte	0
 535 0060 49       		.uleb128 0x49
 536 0061 13       		.uleb128 0x13
 537 0062 00       		.byte	0
 538 0063 00       		.byte	0
 539 0064 09       		.uleb128 0x9
 540 0065 2E       		.uleb128 0x2e
 541 0066 01       		.byte	0x1
 542 0067 3F       		.uleb128 0x3f
 543 0068 0C       		.uleb128 0xc
 544 0069 03       		.uleb128 0x3
 545 006a 0E       		.uleb128 0xe
 546 006b 3A       		.uleb128 0x3a
 547 006c 0B       		.uleb128 0xb
 548 006d 3B       		.uleb128 0x3b
 549 006e 0B       		.uleb128 0xb
 550 006f 27       		.uleb128 0x27
 551 0070 0C       		.uleb128 0xc
 552 0071 11       		.uleb128 0x11
 553 0072 01       		.uleb128 0x1
 554 0073 12       		.uleb128 0x12
 555 0074 01       		.uleb128 0x1
 556 0075 40       		.uleb128 0x40
 557 0076 06       		.uleb128 0x6
 558 0077 9742     		.uleb128 0x2117
 559 0079 0C       		.uleb128 0xc
 560 007a 01       		.uleb128 0x1
 561 007b 13       		.uleb128 0x13
 562 007c 00       		.byte	0
 563 007d 00       		.byte	0
 564 007e 0A       		.uleb128 0xa
 565 007f 898201   		.uleb128 0x4109
 566 0082 01       		.byte	0x1
 567 0083 11       		.uleb128 0x11
 568 0084 01       		.uleb128 0x1
 569 0085 31       		.uleb128 0x31
 570 0086 13       		.uleb128 0x13
GAS LISTING C:\Users\duchu\AppData\Local\Temp\cccAeGvk.s 			page 11


 571 0087 00       		.byte	0
 572 0088 00       		.byte	0
 573 0089 0B       		.uleb128 0xb
 574 008a 8A8201   		.uleb128 0x410a
 575 008d 00       		.byte	0
 576 008e 02       		.uleb128 0x2
 577 008f 0A       		.uleb128 0xa
 578 0090 9142     		.uleb128 0x2111
 579 0092 0A       		.uleb128 0xa
 580 0093 00       		.byte	0
 581 0094 00       		.byte	0
 582 0095 0C       		.uleb128 0xc
 583 0096 01       		.uleb128 0x1
 584 0097 01       		.byte	0x1
 585 0098 49       		.uleb128 0x49
 586 0099 13       		.uleb128 0x13
 587 009a 01       		.uleb128 0x1
 588 009b 13       		.uleb128 0x13
 589 009c 00       		.byte	0
 590 009d 00       		.byte	0
 591 009e 0D       		.uleb128 0xd
 592 009f 21       		.uleb128 0x21
 593 00a0 00       		.byte	0
 594 00a1 49       		.uleb128 0x49
 595 00a2 13       		.uleb128 0x13
 596 00a3 2F       		.uleb128 0x2f
 597 00a4 0B       		.uleb128 0xb
 598 00a5 00       		.byte	0
 599 00a6 00       		.byte	0
 600 00a7 0E       		.uleb128 0xe
 601 00a8 34       		.uleb128 0x34
 602 00a9 00       		.byte	0
 603 00aa 03       		.uleb128 0x3
 604 00ab 0E       		.uleb128 0xe
 605 00ac 3A       		.uleb128 0x3a
 606 00ad 0B       		.uleb128 0xb
 607 00ae 3B       		.uleb128 0x3b
 608 00af 0B       		.uleb128 0xb
 609 00b0 49       		.uleb128 0x49
 610 00b1 13       		.uleb128 0x13
 611 00b2 02       		.uleb128 0x2
 612 00b3 0A       		.uleb128 0xa
 613 00b4 00       		.byte	0
 614 00b5 00       		.byte	0
 615 00b6 0F       		.uleb128 0xf
 616 00b7 2E       		.uleb128 0x2e
 617 00b8 01       		.byte	0x1
 618 00b9 3F       		.uleb128 0x3f
 619 00ba 0C       		.uleb128 0xc
 620 00bb 03       		.uleb128 0x3
 621 00bc 0E       		.uleb128 0xe
 622 00bd 3A       		.uleb128 0x3a
 623 00be 0B       		.uleb128 0xb
 624 00bf 3B       		.uleb128 0x3b
 625 00c0 05       		.uleb128 0x5
 626 00c1 27       		.uleb128 0x27
 627 00c2 0C       		.uleb128 0xc
GAS LISTING C:\Users\duchu\AppData\Local\Temp\cccAeGvk.s 			page 12


 628 00c3 3C       		.uleb128 0x3c
 629 00c4 0C       		.uleb128 0xc
 630 00c5 01       		.uleb128 0x1
 631 00c6 13       		.uleb128 0x13
 632 00c7 00       		.byte	0
 633 00c8 00       		.byte	0
 634 00c9 10       		.uleb128 0x10
 635 00ca 05       		.uleb128 0x5
 636 00cb 00       		.byte	0
 637 00cc 49       		.uleb128 0x49
 638 00cd 13       		.uleb128 0x13
 639 00ce 00       		.byte	0
 640 00cf 00       		.byte	0
 641 00d0 00       		.byte	0
 642              		.section	.debug_loc,"",@progbits
 643              	.Ldebug_loc0:
 644              	.LLST0:
 645 0000 00000000 		.4byte	.LFB4
 646 0004 00000000 		.4byte	.LCFI0
 647 0008 0002     		.2byte	0x2
 648 000a 71       		.byte	0x71
 649 000b 00       		.sleb128 0
 650 000c 00000000 		.4byte	.LCFI0
 651 0010 00000000 		.4byte	.LCFI1
 652 0014 0002     		.2byte	0x2
 653 0016 71       		.byte	0x71
 654 0017 08       		.sleb128 8
 655 0018 00000000 		.4byte	.LCFI1
 656 001c 00000000 		.4byte	.LFE4
 657 0020 0002     		.2byte	0x2
 658 0022 71       		.byte	0x71
 659 0023 00       		.sleb128 0
 660 0024 00000000 		.4byte	0
 661 0028 00000000 		.4byte	0
 662              		.section	.debug_aranges,"",@progbits
 663 0000 0000001C 		.4byte	0x1c
 664 0004 0002     		.2byte	0x2
 665 0006 00000000 		.4byte	.Ldebug_info0
 666 000a 04       		.byte	0x4
 667 000b 00       		.byte	0
 668 000c 0000     		.2byte	0
 669 000e 0000     		.2byte	0
 670 0010 00000000 		.4byte	.LFB4
 671 0014 0000001C 		.4byte	.LFE4-.LFB4
 672 0018 00000000 		.4byte	0
 673 001c 00000000 		.4byte	0
 674              		.section	.debug_ranges,"",@progbits
 675              	.Ldebug_ranges0:
 676 0000 00000000 		.4byte	.LFB4
 677 0004 00000000 		.4byte	.LFE4
 678 0008 00000000 		.4byte	0
 679 000c 00000000 		.4byte	0
 680              		.section	.debug_line,"",@progbits
 681              	.Ldebug_line0:
 682 0000 000001EE 		.section	.debug_str,"MS",@progbits,1
 682      00020000 
 682      01D70201 
GAS LISTING C:\Users\duchu\AppData\Local\Temp\cccAeGvk.s 			page 13


 682      FB0E0D00 
 682      01010101 
 683              	.LASF19:
 684 0000 6D736372 		.string	"mscr_index"
 684      5F696E64 
 684      657800
 685              	.LASF2:
 686 000b 5F5F7569 		.string	"__uint8_t"
 686      6E74385F 
 686      7400
 687              	.LASF3:
 688 0015 5F5F696E 		.string	"__int16_t"
 688      7431365F 
 688      7400
 689              	.LASF31:
 690 001f 474E5520 		.ascii	"GNU C 4.9.4 20160726 (Sat May 27 11:09:55 CDT 2017      "
 690      4320342E 
 690      392E3420 
 690      32303136 
 690      30373236 
 691 0057 20202062 		.string	"   build.sh rev=gd8b6c20 s=F494 ELe200 -V release_gd8b6c20_build_Fed_ELe200_ML0) -mcall-s
 691      75696C64 
 691      2E736820 
 691      7265763D 
 691      67643862 
 692              	.LASF4:
 693 0158 73686F72 		.string	"short int"
 693      7420696E 
 693      7400
 694              	.LASF18:
 695 0162 696F6D6F 		.string	"iomode_t"
 695      64655F74 
 695      00
 696              	.LASF1:
 697 016b 756E7369 		.string	"unsigned char"
 697      676E6564 
 697      20636861 
 697      7200
 698              	.LASF9:
 699 0179 6C6F6E67 		.string	"long unsigned int"
 699      20756E73 
 699      69676E65 
 699      6420696E 
 699      7400
 700              	.LASF6:
 701 018b 73686F72 		.string	"short unsigned int"
 701      7420756E 
 701      7369676E 
 701      65642069 
 701      6E7400
 702              	.LASF22:
 703 019e 7370635F 		.string	"spc_mscr_io_init_t"
 703      6D736372 
 703      5F696F5F 
 703      696E6974 
 703      5F7400
 704              	.LASF28:
GAS LISTING C:\Users\duchu\AppData\Local\Temp\cccAeGvk.s 			page 14


 705 01b1 7370635F 		.string	"spc_mscr_io_init"
 705      6D736372 
 705      5F696F5F 
 705      696E6974 
 705      00
 706              	.LASF5:
 707 01c2 5F5F7569 		.string	"__uint16_t"
 707      6E743136 
 707      5F7400
 708              	.LASF30:
 709 01cd 70616C5F 		.string	"pal_default_config"
 709      64656661 
 709      756C745F 
 709      636F6E66 
 709      696700
 710              	.LASF8:
 711 01e0 5F5F7569 		.string	"__uint32_t"
 711      6E743332 
 711      5F7400
 712              	.LASF21:
 713 01eb 6D736372 		.string	"mscr_value"
 713      5F76616C 
 713      756500
 714              	.LASF12:
 715 01f6 756E7369 		.string	"unsigned int"
 715      676E6564 
 715      20696E74 
 715      00
 716              	.LASF11:
 717 0203 6C6F6E67 		.string	"long long unsigned int"
 717      206C6F6E 
 717      6720756E 
 717      7369676E 
 717      65642069 
 718              	.LASF13:
 719 021a 75696E74 		.string	"uint8_t"
 719      385F7400 
 720              	.LASF34:
 721 0222 626F6172 		.string	"boardInit"
 721      64496E69 
 721      7400
 722              	.LASF32:
 723 022c 2E2F636F 		.string	"./components/spc570sxx_board_initialization_component_rla/cfg/board.c"
 723      6D706F6E 
 723      656E7473 
 723      2F737063 
 723      35373073 
 724              	.LASF14:
 725 0272 696E7431 		.string	"int16_t"
 725      365F7400 
 726              	.LASF25:
 727 027a 6D736372 		.string	"mscr_io"
 727      5F696F00 
 728              	.LASF17:
 729 0282 73697A65 		.string	"sizetype"
 729      74797065 
 729      00
GAS LISTING C:\Users\duchu\AppData\Local\Temp\cccAeGvk.s 			page 15


 730              	.LASF24:
 731 028b 7370635F 		.string	"spc_mscr_mux_init_t"
 731      6D736372 
 731      5F6D7578 
 731      5F696E69 
 731      745F7400 
 732              	.LASF10:
 733 029f 6C6F6E67 		.string	"long long int"
 733      206C6F6E 
 733      6720696E 
 733      7400
 734              	.LASF26:
 735 02ad 6D736372 		.string	"mscr_mux"
 735      5F6D7578 
 735      00
 736              	.LASF29:
 737 02b6 7370635F 		.string	"spc_mscr_mux_init"
 737      6D736372 
 737      5F6D7578 
 737      5F696E69 
 737      7400
 738              	.LASF20:
 739 02c8 6770646F 		.string	"gpdo_value"
 739      5F76616C 
 739      756500
 740              	.LASF23:
 741 02d3 6D736372 		.string	"mscr_io_index"
 741      5F696F5F 
 741      696E6465 
 741      7800
 742              	.LASF33:
 743 02e1 443A5C57 		.string	"D:\\Workplace\\KSC_LDC"
 743      6F726B70 
 743      6C616365 
 743      5C4B5343 
 743      5F4C4443 
 744              	.LASF15:
 745 02f6 75696E74 		.string	"uint16_t"
 745      31365F74 
 745      00
 746              	.LASF16:
 747 02ff 75696E74 		.string	"uint32_t"
 747      33325F74 
 747      00
 748              	.LASF7:
 749 0308 6C6F6E67 		.string	"long int"
 749      20696E74 
 749      00
 750              	.LASF0:
 751 0311 7369676E 		.string	"signed char"
 751      65642063 
 751      68617200 
 752              	.LASF27:
 753 031d 50414C43 		.string	"PALConfig"
 753      6F6E6669 
 753      6700
 754              	.LASF35:
GAS LISTING C:\Users\duchu\AppData\Local\Temp\cccAeGvk.s 			page 16


 755 0327 70616C5F 		.string	"pal_init"
 755      696E6974 
 755      00
 756              		.ident	"GCC: (GNU) 4.9.4 20160726 (Sat May 27 11:09:55 CDT 2017         build.sh rev=gd8b6c20 s=F4
GAS LISTING C:\Users\duchu\AppData\Local\Temp\cccAeGvk.s 			page 17


DEFINED SYMBOLS
                            *ABS*:00000000 board.c
C:\Users\duchu\AppData\Local\Temp\cccAeGvk.s:10     .text.boardInit:00000000 boardInit
C:\Users\duchu\AppData\Local\Temp\cccAeGvk.s:41     .rodata.spc_mscr_mux_init:00000000 spc_mscr_mux_init
C:\Users\duchu\AppData\Local\Temp\cccAeGvk.s:55     .rodata.spc_mscr_io_init:00000000 spc_mscr_io_init
C:\Users\duchu\AppData\Local\Temp\cccAeGvk.s:137    .rodata.pal_default_config:00000000 pal_default_config

UNDEFINED SYMBOLS
pal_init
