GAS LISTING C:\Users\duchu\AppData\Local\Temp\ccJiYv3A.s 			page 1


   1              		.file	"Bsw_Pwm.c"
   2              		.section	".text","axv"
   3              	.Ltext0:
   4              		.cfi_sections	.debug_frame
   5              		.section	.text.Bsw_PwmInit,"axv",@progbits
   6              		.align 1
   7              		.p2align 4,,15
   8              		.globl Bsw_PwmInit
   9              		.type	Bsw_PwmInit, @function
  10              	Bsw_PwmInit:
  11              	.LFB4:
  12              		.file 1 "./source/BSW/Bsw_Pwm.c"
  13              		.loc 1 80 0
  14              		.cfi_startproc
  15 0000 182106F8 		e_stwu %r1,-8(%r1)
  16              	.LCFI0:
  17              		.cfi_def_cfa_offset 8
  18 0004 0080     		se_mflr %r0
  19 0006 D301     		se_stw %r0,12(%r1)
  20              		.cfi_offset 65, 4
  21              		.loc 1 81 0
  22 0008 78000001 		e_bl Hal_PwmInit
  23              	.LVL0:
  24              		.loc 1 82 0
  25 000c C301     		se_lwz %r0,12(%r1)
  26 000e 0090     		se_mtlr %r0
  27              		.cfi_restore 65
  28 0010 2071     		se_addi %r1,8
  29              	.LCFI1:
  30              		.cfi_def_cfa_offset 0
  31 0012 0004     		se_blr
  32              		.cfi_endproc
  33              	.LFE4:
  34              		.size	Bsw_PwmInit, .-Bsw_PwmInit
  35              		.section	.text.Bsw_PwmSetShift,"axv",@progbits
  36              		.align 1
  37              		.p2align 4,,15
  38              		.globl Bsw_PwmSetShift
  39              		.type	Bsw_PwmSetShift, @function
  40              	Bsw_PwmSetShift:
  41              	.LFB5:
  42              		.loc 1 91 0
  43              		.cfi_startproc
  44              	.LVL1:
  45 0000 182106F8 		e_stwu %r1,-8(%r1)
  46              	.LCFI2:
  47              		.cfi_def_cfa_offset 8
  48 0004 0080     		se_mflr %r0
  49 0006 D301     		se_stw %r0,12(%r1)
  50              		.cfi_offset 65, 4
  51              		.loc 1 92 0
  52 0008 78000001 		e_bl Hal_PwmSetShift
  53              	.LVL2:
  54              		.loc 1 93 0
  55 000c C301     		se_lwz %r0,12(%r1)
  56 000e 0090     		se_mtlr %r0
  57              		.cfi_restore 65
GAS LISTING C:\Users\duchu\AppData\Local\Temp\ccJiYv3A.s 			page 2


  58 0010 2071     		se_addi %r1,8
  59              	.LCFI3:
  60              		.cfi_def_cfa_offset 0
  61 0012 0004     		se_blr
  62              		.cfi_endproc
  63              	.LFE5:
  64              		.size	Bsw_PwmSetShift, .-Bsw_PwmSetShift
  65              		.section	.text.Bsw_PwmEnable,"axv",@progbits
  66              		.align 1
  67              		.p2align 4,,15
  68              		.globl Bsw_PwmEnable
  69              		.type	Bsw_PwmEnable, @function
  70              	Bsw_PwmEnable:
  71              	.LFB6:
  72              		.loc 1 102 0
  73              		.cfi_startproc
  74 0000 182106F8 		e_stwu %r1,-8(%r1)
  75              	.LCFI4:
  76              		.cfi_def_cfa_offset 8
  77 0004 0080     		se_mflr %r0
  78 0006 D301     		se_stw %r0,12(%r1)
  79              		.cfi_offset 65, 4
  80              		.loc 1 103 0
  81 0008 78000001 		e_bl Hal_PwmEnable
  82              	.LVL3:
  83              		.loc 1 104 0
  84 000c C301     		se_lwz %r0,12(%r1)
  85 000e 0090     		se_mtlr %r0
  86              		.cfi_restore 65
  87 0010 2071     		se_addi %r1,8
  88              	.LCFI5:
  89              		.cfi_def_cfa_offset 0
  90 0012 0004     		se_blr
  91              		.cfi_endproc
  92              	.LFE6:
  93              		.size	Bsw_PwmEnable, .-Bsw_PwmEnable
  94              		.section	.text.Bsw_PwmDisable,"axv",@progbits
  95              		.align 1
  96              		.p2align 4,,15
  97              		.globl Bsw_PwmDisable
  98              		.type	Bsw_PwmDisable, @function
  99              	Bsw_PwmDisable:
 100              	.LFB7:
 101              		.loc 1 113 0
 102              		.cfi_startproc
 103 0000 182106F8 		e_stwu %r1,-8(%r1)
 104              	.LCFI6:
 105              		.cfi_def_cfa_offset 8
 106 0004 0080     		se_mflr %r0
 107 0006 D301     		se_stw %r0,12(%r1)
 108              		.cfi_offset 65, 4
 109              		.loc 1 114 0
 110 0008 78000001 		e_bl Hal_PwmDisable
 111              	.LVL4:
 112              		.loc 1 115 0
 113 000c C301     		se_lwz %r0,12(%r1)
 114 000e 0090     		se_mtlr %r0
GAS LISTING C:\Users\duchu\AppData\Local\Temp\ccJiYv3A.s 			page 3


 115              		.cfi_restore 65
 116 0010 2071     		se_addi %r1,8
 117              	.LCFI7:
 118              		.cfi_def_cfa_offset 0
 119 0012 0004     		se_blr
 120              		.cfi_endproc
 121              	.LFE7:
 122              		.size	Bsw_PwmDisable, .-Bsw_PwmDisable
 123              		.section	".text","axv"
 124              	.Letext0:
 125              		.file 2 "c:\\spc5studio\\eclipse\\plugins\\com.st.tools.spc5.tools.gnu.gcc.ppcvle.win32_4.9.4.2019
 126              		.file 3 "c:\\spc5studio\\eclipse\\plugins\\com.st.tools.spc5.tools.gnu.gcc.ppcvle.win32_4.9.4.2019
 127              		.file 4 "./source/HAL/Hal_Pwm.h"
 128              		.section	.debug_info,"",@progbits
 129              	.Ldebug_info0:
 130 0000 0000015A 		.4byte	0x15a
 131 0004 0002     		.2byte	0x2
 132 0006 00000000 		.4byte	.Ldebug_abbrev0
 133 000a 04       		.byte	0x4
 134 000b 01       		.uleb128 0x1
 135 000c 00000000 		.4byte	.LASF19
 136 0010 01       		.byte	0x1
 137 0011 00000000 		.4byte	.LASF20
 138 0015 00000000 		.4byte	.LASF21
 139 0019 00000000 		.4byte	.Ldebug_ranges0+0
 140 001d 00000000 		.4byte	0
 141 0021 00000000 		.4byte	0
 142 0025 00000000 		.4byte	.Ldebug_line0
 143 0029 02       		.uleb128 0x2
 144 002a 01       		.byte	0x1
 145 002b 06       		.byte	0x6
 146 002c 00000000 		.4byte	.LASF0
 147 0030 02       		.uleb128 0x2
 148 0031 01       		.byte	0x1
 149 0032 08       		.byte	0x8
 150 0033 00000000 		.4byte	.LASF1
 151 0037 02       		.uleb128 0x2
 152 0038 02       		.byte	0x2
 153 0039 05       		.byte	0x5
 154 003a 00000000 		.4byte	.LASF2
 155 003e 03       		.uleb128 0x3
 156 003f 00000000 		.4byte	.LASF9
 157 0043 02       		.byte	0x2
 158 0044 2B       		.byte	0x2b
 159 0045 00000049 		.4byte	0x49
 160 0049 02       		.uleb128 0x2
 161 004a 02       		.byte	0x2
 162 004b 07       		.byte	0x7
 163 004c 00000000 		.4byte	.LASF3
 164 0050 02       		.uleb128 0x2
 165 0051 04       		.byte	0x4
 166 0052 05       		.byte	0x5
 167 0053 00000000 		.4byte	.LASF4
 168 0057 02       		.uleb128 0x2
 169 0058 04       		.byte	0x4
 170 0059 07       		.byte	0x7
 171 005a 00000000 		.4byte	.LASF5
GAS LISTING C:\Users\duchu\AppData\Local\Temp\ccJiYv3A.s 			page 4


 172 005e 02       		.uleb128 0x2
 173 005f 08       		.byte	0x8
 174 0060 05       		.byte	0x5
 175 0061 00000000 		.4byte	.LASF6
 176 0065 02       		.uleb128 0x2
 177 0066 08       		.byte	0x8
 178 0067 07       		.byte	0x7
 179 0068 00000000 		.4byte	.LASF7
 180 006c 04       		.uleb128 0x4
 181 006d 04       		.byte	0x4
 182 006e 05       		.byte	0x5
 183 006f 696E7400 		.string	"int"
 184 0073 02       		.uleb128 0x2
 185 0074 04       		.byte	0x4
 186 0075 07       		.byte	0x7
 187 0076 00000000 		.4byte	.LASF8
 188 007a 03       		.uleb128 0x3
 189 007b 00000000 		.4byte	.LASF10
 190 007f 03       		.byte	0x3
 191 0080 21       		.byte	0x21
 192 0081 0000003E 		.4byte	0x3e
 193 0085 02       		.uleb128 0x2
 194 0086 04       		.byte	0x4
 195 0087 07       		.byte	0x7
 196 0088 00000000 		.4byte	.LASF11
 197 008c 05       		.uleb128 0x5
 198 008d 01       		.byte	0x1
 199 008e 00000000 		.4byte	.LASF12
 200 0092 01       		.byte	0x1
 201 0093 4F       		.byte	0x4f
 202 0094 01       		.byte	0x1
 203 0095 00000000 		.4byte	.LFB4
 204 0099 00000000 		.4byte	.LFE4
 205 009d 00000000 		.4byte	.LLST0
 206 00a1 01       		.byte	0x1
 207 00a2 000000B0 		.4byte	0xb0
 208 00a6 06       		.uleb128 0x6
 209 00a7 00000000 		.4byte	.LVL0
 210 00ab 0000012B 		.4byte	0x12b
 211 00af 00       		.byte	0
 212 00b0 05       		.uleb128 0x5
 213 00b1 01       		.byte	0x1
 214 00b2 00000000 		.4byte	.LASF13
 215 00b6 01       		.byte	0x1
 216 00b7 5A       		.byte	0x5a
 217 00b8 01       		.byte	0x1
 218 00b9 00000000 		.4byte	.LFB5
 219 00bd 00000000 		.4byte	.LFE5
 220 00c1 00000000 		.4byte	.LLST1
 221 00c5 01       		.byte	0x1
 222 00c6 000000E3 		.4byte	0xe3
 223 00ca 07       		.uleb128 0x7
 224 00cb 00000000 		.4byte	.LASF22
 225 00cf 01       		.byte	0x1
 226 00d0 5A       		.byte	0x5a
 227 00d1 0000007A 		.4byte	0x7a
 228 00d5 00000000 		.4byte	.LLST2
GAS LISTING C:\Users\duchu\AppData\Local\Temp\ccJiYv3A.s 			page 5


 229 00d9 06       		.uleb128 0x6
 230 00da 00000000 		.4byte	.LVL2
 231 00de 00000135 		.4byte	0x135
 232 00e2 00       		.byte	0
 233 00e3 05       		.uleb128 0x5
 234 00e4 01       		.byte	0x1
 235 00e5 00000000 		.4byte	.LASF14
 236 00e9 01       		.byte	0x1
 237 00ea 65       		.byte	0x65
 238 00eb 01       		.byte	0x1
 239 00ec 00000000 		.4byte	.LFB6
 240 00f0 00000000 		.4byte	.LFE6
 241 00f4 00000000 		.4byte	.LLST3
 242 00f8 01       		.byte	0x1
 243 00f9 00000107 		.4byte	0x107
 244 00fd 06       		.uleb128 0x6
 245 00fe 00000000 		.4byte	.LVL3
 246 0102 00000149 		.4byte	0x149
 247 0106 00       		.byte	0
 248 0107 05       		.uleb128 0x5
 249 0108 01       		.byte	0x1
 250 0109 00000000 		.4byte	.LASF15
 251 010d 01       		.byte	0x1
 252 010e 70       		.byte	0x70
 253 010f 01       		.byte	0x1
 254 0110 00000000 		.4byte	.LFB7
 255 0114 00000000 		.4byte	.LFE7
 256 0118 00000000 		.4byte	.LLST4
 257 011c 01       		.byte	0x1
 258 011d 0000012B 		.4byte	0x12b
 259 0121 06       		.uleb128 0x6
 260 0122 00000000 		.4byte	.LVL4
 261 0126 00000153 		.4byte	0x153
 262 012a 00       		.byte	0
 263 012b 08       		.uleb128 0x8
 264 012c 01       		.byte	0x1
 265 012d 00000000 		.4byte	.LASF16
 266 0131 04       		.byte	0x4
 267 0132 45       		.byte	0x45
 268 0133 01       		.byte	0x1
 269 0134 01       		.byte	0x1
 270 0135 09       		.uleb128 0x9
 271 0136 01       		.byte	0x1
 272 0137 00000000 		.4byte	.LASF23
 273 013b 04       		.byte	0x4
 274 013c 46       		.byte	0x46
 275 013d 01       		.byte	0x1
 276 013e 01       		.byte	0x1
 277 013f 00000149 		.4byte	0x149
 278 0143 0A       		.uleb128 0xa
 279 0144 0000007A 		.4byte	0x7a
 280 0148 00       		.byte	0
 281 0149 08       		.uleb128 0x8
 282 014a 01       		.byte	0x1
 283 014b 00000000 		.4byte	.LASF17
 284 014f 04       		.byte	0x4
 285 0150 47       		.byte	0x47
GAS LISTING C:\Users\duchu\AppData\Local\Temp\ccJiYv3A.s 			page 6


 286 0151 01       		.byte	0x1
 287 0152 01       		.byte	0x1
 288 0153 08       		.uleb128 0x8
 289 0154 01       		.byte	0x1
 290 0155 00000000 		.4byte	.LASF18
 291 0159 04       		.byte	0x4
 292 015a 48       		.byte	0x48
 293 015b 01       		.byte	0x1
 294 015c 01       		.byte	0x1
 295 015d 00       		.byte	0
 296              		.section	.debug_abbrev,"",@progbits
 297              	.Ldebug_abbrev0:
 298 0000 01       		.uleb128 0x1
 299 0001 11       		.uleb128 0x11
 300 0002 01       		.byte	0x1
 301 0003 25       		.uleb128 0x25
 302 0004 0E       		.uleb128 0xe
 303 0005 13       		.uleb128 0x13
 304 0006 0B       		.uleb128 0xb
 305 0007 03       		.uleb128 0x3
 306 0008 0E       		.uleb128 0xe
 307 0009 1B       		.uleb128 0x1b
 308 000a 0E       		.uleb128 0xe
 309 000b 55       		.uleb128 0x55
 310 000c 06       		.uleb128 0x6
 311 000d 11       		.uleb128 0x11
 312 000e 01       		.uleb128 0x1
 313 000f 52       		.uleb128 0x52
 314 0010 01       		.uleb128 0x1
 315 0011 10       		.uleb128 0x10
 316 0012 06       		.uleb128 0x6
 317 0013 00       		.byte	0
 318 0014 00       		.byte	0
 319 0015 02       		.uleb128 0x2
 320 0016 24       		.uleb128 0x24
 321 0017 00       		.byte	0
 322 0018 0B       		.uleb128 0xb
 323 0019 0B       		.uleb128 0xb
 324 001a 3E       		.uleb128 0x3e
 325 001b 0B       		.uleb128 0xb
 326 001c 03       		.uleb128 0x3
 327 001d 0E       		.uleb128 0xe
 328 001e 00       		.byte	0
 329 001f 00       		.byte	0
 330 0020 03       		.uleb128 0x3
 331 0021 16       		.uleb128 0x16
 332 0022 00       		.byte	0
 333 0023 03       		.uleb128 0x3
 334 0024 0E       		.uleb128 0xe
 335 0025 3A       		.uleb128 0x3a
 336 0026 0B       		.uleb128 0xb
 337 0027 3B       		.uleb128 0x3b
 338 0028 0B       		.uleb128 0xb
 339 0029 49       		.uleb128 0x49
 340 002a 13       		.uleb128 0x13
 341 002b 00       		.byte	0
 342 002c 00       		.byte	0
GAS LISTING C:\Users\duchu\AppData\Local\Temp\ccJiYv3A.s 			page 7


 343 002d 04       		.uleb128 0x4
 344 002e 24       		.uleb128 0x24
 345 002f 00       		.byte	0
 346 0030 0B       		.uleb128 0xb
 347 0031 0B       		.uleb128 0xb
 348 0032 3E       		.uleb128 0x3e
 349 0033 0B       		.uleb128 0xb
 350 0034 03       		.uleb128 0x3
 351 0035 08       		.uleb128 0x8
 352 0036 00       		.byte	0
 353 0037 00       		.byte	0
 354 0038 05       		.uleb128 0x5
 355 0039 2E       		.uleb128 0x2e
 356 003a 01       		.byte	0x1
 357 003b 3F       		.uleb128 0x3f
 358 003c 0C       		.uleb128 0xc
 359 003d 03       		.uleb128 0x3
 360 003e 0E       		.uleb128 0xe
 361 003f 3A       		.uleb128 0x3a
 362 0040 0B       		.uleb128 0xb
 363 0041 3B       		.uleb128 0x3b
 364 0042 0B       		.uleb128 0xb
 365 0043 27       		.uleb128 0x27
 366 0044 0C       		.uleb128 0xc
 367 0045 11       		.uleb128 0x11
 368 0046 01       		.uleb128 0x1
 369 0047 12       		.uleb128 0x12
 370 0048 01       		.uleb128 0x1
 371 0049 40       		.uleb128 0x40
 372 004a 06       		.uleb128 0x6
 373 004b 9742     		.uleb128 0x2117
 374 004d 0C       		.uleb128 0xc
 375 004e 01       		.uleb128 0x1
 376 004f 13       		.uleb128 0x13
 377 0050 00       		.byte	0
 378 0051 00       		.byte	0
 379 0052 06       		.uleb128 0x6
 380 0053 898201   		.uleb128 0x4109
 381 0056 00       		.byte	0
 382 0057 11       		.uleb128 0x11
 383 0058 01       		.uleb128 0x1
 384 0059 31       		.uleb128 0x31
 385 005a 13       		.uleb128 0x13
 386 005b 00       		.byte	0
 387 005c 00       		.byte	0
 388 005d 07       		.uleb128 0x7
 389 005e 05       		.uleb128 0x5
 390 005f 00       		.byte	0
 391 0060 03       		.uleb128 0x3
 392 0061 0E       		.uleb128 0xe
 393 0062 3A       		.uleb128 0x3a
 394 0063 0B       		.uleb128 0xb
 395 0064 3B       		.uleb128 0x3b
 396 0065 0B       		.uleb128 0xb
 397 0066 49       		.uleb128 0x49
 398 0067 13       		.uleb128 0x13
 399 0068 02       		.uleb128 0x2
GAS LISTING C:\Users\duchu\AppData\Local\Temp\ccJiYv3A.s 			page 8


 400 0069 06       		.uleb128 0x6
 401 006a 00       		.byte	0
 402 006b 00       		.byte	0
 403 006c 08       		.uleb128 0x8
 404 006d 2E       		.uleb128 0x2e
 405 006e 00       		.byte	0
 406 006f 3F       		.uleb128 0x3f
 407 0070 0C       		.uleb128 0xc
 408 0071 03       		.uleb128 0x3
 409 0072 0E       		.uleb128 0xe
 410 0073 3A       		.uleb128 0x3a
 411 0074 0B       		.uleb128 0xb
 412 0075 3B       		.uleb128 0x3b
 413 0076 0B       		.uleb128 0xb
 414 0077 27       		.uleb128 0x27
 415 0078 0C       		.uleb128 0xc
 416 0079 3C       		.uleb128 0x3c
 417 007a 0C       		.uleb128 0xc
 418 007b 00       		.byte	0
 419 007c 00       		.byte	0
 420 007d 09       		.uleb128 0x9
 421 007e 2E       		.uleb128 0x2e
 422 007f 01       		.byte	0x1
 423 0080 3F       		.uleb128 0x3f
 424 0081 0C       		.uleb128 0xc
 425 0082 03       		.uleb128 0x3
 426 0083 0E       		.uleb128 0xe
 427 0084 3A       		.uleb128 0x3a
 428 0085 0B       		.uleb128 0xb
 429 0086 3B       		.uleb128 0x3b
 430 0087 0B       		.uleb128 0xb
 431 0088 27       		.uleb128 0x27
 432 0089 0C       		.uleb128 0xc
 433 008a 3C       		.uleb128 0x3c
 434 008b 0C       		.uleb128 0xc
 435 008c 01       		.uleb128 0x1
 436 008d 13       		.uleb128 0x13
 437 008e 00       		.byte	0
 438 008f 00       		.byte	0
 439 0090 0A       		.uleb128 0xa
 440 0091 05       		.uleb128 0x5
 441 0092 00       		.byte	0
 442 0093 49       		.uleb128 0x49
 443 0094 13       		.uleb128 0x13
 444 0095 00       		.byte	0
 445 0096 00       		.byte	0
 446 0097 00       		.byte	0
 447              		.section	.debug_loc,"",@progbits
 448              	.Ldebug_loc0:
 449              	.LLST0:
 450 0000 00000000 		.4byte	.LFB4
 451 0004 00000000 		.4byte	.LCFI0
 452 0008 0002     		.2byte	0x2
 453 000a 71       		.byte	0x71
 454 000b 00       		.sleb128 0
 455 000c 00000000 		.4byte	.LCFI0
 456 0010 00000000 		.4byte	.LCFI1
GAS LISTING C:\Users\duchu\AppData\Local\Temp\ccJiYv3A.s 			page 9


 457 0014 0002     		.2byte	0x2
 458 0016 71       		.byte	0x71
 459 0017 08       		.sleb128 8
 460 0018 00000000 		.4byte	.LCFI1
 461 001c 00000000 		.4byte	.LFE4
 462 0020 0002     		.2byte	0x2
 463 0022 71       		.byte	0x71
 464 0023 00       		.sleb128 0
 465 0024 00000000 		.4byte	0
 466 0028 00000000 		.4byte	0
 467              	.LLST1:
 468 002c 00000000 		.4byte	.LFB5
 469 0030 00000000 		.4byte	.LCFI2
 470 0034 0002     		.2byte	0x2
 471 0036 71       		.byte	0x71
 472 0037 00       		.sleb128 0
 473 0038 00000000 		.4byte	.LCFI2
 474 003c 00000000 		.4byte	.LCFI3
 475 0040 0002     		.2byte	0x2
 476 0042 71       		.byte	0x71
 477 0043 08       		.sleb128 8
 478 0044 00000000 		.4byte	.LCFI3
 479 0048 00000000 		.4byte	.LFE5
 480 004c 0002     		.2byte	0x2
 481 004e 71       		.byte	0x71
 482 004f 00       		.sleb128 0
 483 0050 00000000 		.4byte	0
 484 0054 00000000 		.4byte	0
 485              	.LLST2:
 486 0058 00000000 		.4byte	.LVL1
 487 005c 00000000 		.4byte	.LVL2-1
 488 0060 0001     		.2byte	0x1
 489 0062 53       		.byte	0x53
 490 0063 00000000 		.4byte	.LVL2-1
 491 0067 00000000 		.4byte	.LFE5
 492 006b 0004     		.2byte	0x4
 493 006d F3       		.byte	0xf3
 494 006e 01       		.uleb128 0x1
 495 006f 53       		.byte	0x53
 496 0070 9F       		.byte	0x9f
 497 0071 00000000 		.4byte	0
 498 0075 00000000 		.4byte	0
 499              	.LLST3:
 500 0079 00000000 		.4byte	.LFB6
 501 007d 00000000 		.4byte	.LCFI4
 502 0081 0002     		.2byte	0x2
 503 0083 71       		.byte	0x71
 504 0084 00       		.sleb128 0
 505 0085 00000000 		.4byte	.LCFI4
 506 0089 00000000 		.4byte	.LCFI5
 507 008d 0002     		.2byte	0x2
 508 008f 71       		.byte	0x71
 509 0090 08       		.sleb128 8
 510 0091 00000000 		.4byte	.LCFI5
 511 0095 00000000 		.4byte	.LFE6
 512 0099 0002     		.2byte	0x2
 513 009b 71       		.byte	0x71
GAS LISTING C:\Users\duchu\AppData\Local\Temp\ccJiYv3A.s 			page 10


 514 009c 00       		.sleb128 0
 515 009d 00000000 		.4byte	0
 516 00a1 00000000 		.4byte	0
 517              	.LLST4:
 518 00a5 00000000 		.4byte	.LFB7
 519 00a9 00000000 		.4byte	.LCFI6
 520 00ad 0002     		.2byte	0x2
 521 00af 71       		.byte	0x71
 522 00b0 00       		.sleb128 0
 523 00b1 00000000 		.4byte	.LCFI6
 524 00b5 00000000 		.4byte	.LCFI7
 525 00b9 0002     		.2byte	0x2
 526 00bb 71       		.byte	0x71
 527 00bc 08       		.sleb128 8
 528 00bd 00000000 		.4byte	.LCFI7
 529 00c1 00000000 		.4byte	.LFE7
 530 00c5 0002     		.2byte	0x2
 531 00c7 71       		.byte	0x71
 532 00c8 00       		.sleb128 0
 533 00c9 00000000 		.4byte	0
 534 00cd 00000000 		.4byte	0
 535              		.section	.debug_aranges,"",@progbits
 536 0000 00000034 		.4byte	0x34
 537 0004 0002     		.2byte	0x2
 538 0006 00000000 		.4byte	.Ldebug_info0
 539 000a 04       		.byte	0x4
 540 000b 00       		.byte	0
 541 000c 0000     		.2byte	0
 542 000e 0000     		.2byte	0
 543 0010 00000000 		.4byte	.LFB4
 544 0014 00000014 		.4byte	.LFE4-.LFB4
 545 0018 00000000 		.4byte	.LFB5
 546 001c 00000014 		.4byte	.LFE5-.LFB5
 547 0020 00000000 		.4byte	.LFB6
 548 0024 00000014 		.4byte	.LFE6-.LFB6
 549 0028 00000000 		.4byte	.LFB7
 550 002c 00000014 		.4byte	.LFE7-.LFB7
 551 0030 00000000 		.4byte	0
 552 0034 00000000 		.4byte	0
 553              		.section	.debug_ranges,"",@progbits
 554              	.Ldebug_ranges0:
 555 0000 00000000 		.4byte	.LFB4
 556 0004 00000000 		.4byte	.LFE4
 557 0008 00000000 		.4byte	.LFB5
 558 000c 00000000 		.4byte	.LFE5
 559 0010 00000000 		.4byte	.LFB6
 560 0014 00000000 		.4byte	.LFE6
 561 0018 00000000 		.4byte	.LFB7
 562 001c 00000000 		.4byte	.LFE7
 563 0020 00000000 		.4byte	0
 564 0024 00000000 		.4byte	0
 565              		.section	.debug_line,"",@progbits
 566              	.Ldebug_line0:
 567 0000 000001C1 		.section	.debug_str,"MS",@progbits,1
 567      00020000 
 567      01730201 
 567      FB0E0D00 
GAS LISTING C:\Users\duchu\AppData\Local\Temp\ccJiYv3A.s 			page 11


 567      01010101 
 568              	.LASF6:
 569 0000 6C6F6E67 		.string	"long long int"
 569      206C6F6E 
 569      6720696E 
 569      7400
 570              	.LASF14:
 571 000e 4273775F 		.string	"Bsw_PwmEnable"
 571      50776D45 
 571      6E61626C 
 571      6500
 572              	.LASF15:
 573 001c 4273775F 		.string	"Bsw_PwmDisable"
 573      50776D44 
 573      69736162 
 573      6C6500
 574              	.LASF8:
 575 002b 756E7369 		.string	"unsigned int"
 575      676E6564 
 575      20696E74 
 575      00
 576              	.LASF16:
 577 0038 48616C5F 		.string	"Hal_PwmInit"
 577      50776D49 
 577      6E697400 
 578              	.LASF22:
 579 0044 7531365F 		.string	"u16_shift"
 579      73686966 
 579      7400
 580              	.LASF12:
 581 004e 4273775F 		.string	"Bsw_PwmInit"
 581      50776D49 
 581      6E697400 
 582              	.LASF13:
 583 005a 4273775F 		.string	"Bsw_PwmSetShift"
 583      50776D53 
 583      65745368 
 583      69667400 
 584              	.LASF5:
 585 006a 6C6F6E67 		.string	"long unsigned int"
 585      20756E73 
 585      69676E65 
 585      6420696E 
 585      7400
 586              	.LASF7:
 587 007c 6C6F6E67 		.string	"long long unsigned int"
 587      206C6F6E 
 587      6720756E 
 587      7369676E 
 587      65642069 
 588              	.LASF9:
 589 0093 5F5F7569 		.string	"__uint16_t"
 589      6E743136 
 589      5F7400
 590              	.LASF1:
 591 009e 756E7369 		.string	"unsigned char"
 591      676E6564 
GAS LISTING C:\Users\duchu\AppData\Local\Temp\ccJiYv3A.s 			page 12


 591      20636861 
 591      7200
 592              	.LASF4:
 593 00ac 6C6F6E67 		.string	"long int"
 593      20696E74 
 593      00
 594              	.LASF20:
 595 00b5 2E2F736F 		.string	"./source/BSW/Bsw_Pwm.c"
 595      75726365 
 595      2F425357 
 595      2F427377 
 595      5F50776D 
 596              	.LASF18:
 597 00cc 48616C5F 		.string	"Hal_PwmDisable"
 597      50776D44 
 597      69736162 
 597      6C6500
 598              	.LASF21:
 599 00db 443A5C57 		.string	"D:\\Workplace\\KSC_LDC"
 599      6F726B70 
 599      6C616365 
 599      5C4B5343 
 599      5F4C4443 
 600              	.LASF3:
 601 00f0 73686F72 		.string	"short unsigned int"
 601      7420756E 
 601      7369676E 
 601      65642069 
 601      6E7400
 602              	.LASF0:
 603 0103 7369676E 		.string	"signed char"
 603      65642063 
 603      68617200 
 604              	.LASF17:
 605 010f 48616C5F 		.string	"Hal_PwmEnable"
 605      50776D45 
 605      6E61626C 
 605      6500
 606              	.LASF10:
 607 011d 75696E74 		.string	"uint16_t"
 607      31365F74 
 607      00
 608              	.LASF11:
 609 0126 73697A65 		.string	"sizetype"
 609      74797065 
 609      00
 610              	.LASF2:
 611 012f 73686F72 		.string	"short int"
 611      7420696E 
 611      7400
 612              	.LASF19:
 613 0139 474E5520 		.ascii	"GNU C 4.9.4 20160726 (Sat May 27 11:09:55 CDT 2017      "
 613      4320342E 
 613      392E3420 
 613      32303136 
 613      30373236 
 614 0171 20202062 		.string	"   build.sh rev=gd8b6c20 s=F494 ELe200 -V release_gd8b6c20_build_Fed_ELe200_ML0) -mcall-s
GAS LISTING C:\Users\duchu\AppData\Local\Temp\ccJiYv3A.s 			page 13


 614      75696C64 
 614      2E736820 
 614      7265763D 
 614      67643862 
 615              	.LASF23:
 616 0272 48616C5F 		.string	"Hal_PwmSetShift"
 616      50776D53 
 616      65745368 
 616      69667400 
 617              		.ident	"GCC: (GNU) 4.9.4 20160726 (Sat May 27 11:09:55 CDT 2017         build.sh rev=gd8b6c20 s=F4
GAS LISTING C:\Users\duchu\AppData\Local\Temp\ccJiYv3A.s 			page 14


DEFINED SYMBOLS
                            *ABS*:00000000 Bsw_Pwm.c
C:\Users\duchu\AppData\Local\Temp\ccJiYv3A.s:10     .text.Bsw_PwmInit:00000000 Bsw_PwmInit
C:\Users\duchu\AppData\Local\Temp\ccJiYv3A.s:40     .text.Bsw_PwmSetShift:00000000 Bsw_PwmSetShift
C:\Users\duchu\AppData\Local\Temp\ccJiYv3A.s:70     .text.Bsw_PwmEnable:00000000 Bsw_PwmEnable
C:\Users\duchu\AppData\Local\Temp\ccJiYv3A.s:99     .text.Bsw_PwmDisable:00000000 Bsw_PwmDisable

UNDEFINED SYMBOLS
Hal_PwmInit
Hal_PwmSetShift
Hal_PwmEnable
Hal_PwmDisable
