GAS LISTING C:\Users\duchu\AppData\Local\Temp\cc3YcLWD.s 			page 1


   1              		.file	"Bsw_Adc.c"
   2              		.section	".text","axv"
   3              	.Ltext0:
   4              		.cfi_sections	.debug_frame
   5              		.section	.text.Bsw_AdcInit,"axv",@progbits
   6              		.align 1
   7              		.p2align 4,,15
   8              		.globl Bsw_AdcInit
   9              		.type	Bsw_AdcInit, @function
  10              	Bsw_AdcInit:
  11              	.LFB4:
  12              		.file 1 "./source/BSW/Bsw_Adc.c"
  13              		.loc 1 94 0
  14              		.cfi_startproc
  15 0000 182106F8 		e_stwu %r1,-8(%r1)
  16              	.LCFI0:
  17              		.cfi_def_cfa_offset 8
  18 0004 0080     		se_mflr %r0
  19 0006 D301     		se_stw %r0,12(%r1)
  20              		.cfi_offset 65, 4
  21              		.loc 1 95 0
  22 0008 78000001 		e_bl Hal_AdcInit
  23              	.LVL0:
  24              		.loc 1 96 0
  25 000c C301     		se_lwz %r0,12(%r1)
  26 000e 0090     		se_mtlr %r0
  27              		.cfi_restore 65
  28 0010 2071     		se_addi %r1,8
  29              	.LCFI1:
  30              		.cfi_def_cfa_offset 0
  31 0012 0004     		se_blr
  32              		.cfi_endproc
  33              	.LFE4:
  34              		.size	Bsw_AdcInit, .-Bsw_AdcInit
  35              		.section	.text.Bsw_ADC2REAL,"axv",@progbits
  36              		.align 1
  37              		.p2align 4,,15
  38              		.globl Bsw_ADC2REAL
  39              		.type	Bsw_ADC2REAL, @function
  40              	Bsw_ADC2REAL:
  41              	.LFB5:
  42              		.loc 1 112 0
  43              		.cfi_startproc
  44              		.loc 1 114 0
  45 0000 70C00118 		e_li %r6,280
  46 0004 70E0E000 		e_lis %r7,.LANCHOR0@ha
  47 0008 5CC70000 		e_sth %r6,.LANCHOR0@l(%r7)
  48              		.loc 1 115 0
  49 000c 4806     		se_li %r6,0
  50 000e 70E0E000 		e_lis %r7,.LANCHOR1@ha
  51 0012 5CC70000 		e_sth %r6,.LANCHOR1@l(%r7)
  52              		.loc 1 116 0
  53 0016 4BC6     		se_li %r6,60
  54 0018 70E0E000 		e_lis %r7,.LANCHOR2@ha
  55 001c 5CC70000 		e_sth %r6,.LANCHOR2@l(%r7)
  56              		.loc 1 117 0
  57 0020 70C0016D 		e_li %r6,365
GAS LISTING C:\Users\duchu\AppData\Local\Temp\cc3YcLWD.s 			page 2


  58 0024 70E0E000 		e_lis %r7,.LANCHOR3@ha
  59 0028 5CC70000 		e_sth %r6,.LANCHOR3@l(%r7)
  60 002c 0004     		se_blr
  61              		.cfi_endproc
  62              	.LFE5:
  63              		.size	Bsw_ADC2REAL, .-Bsw_ADC2REAL
  64              		.globl u32g_Bsw_AdcIout_Q15
  65              		.globl u32g_Bsw_AdcVout_Q15
  66              		.globl u16g_Bsw_realBatt
  67              		.globl u16g_Bsw_realTemp
  68              		.globl u16g_Bsw_realVin
  69              		.globl u16g_Bsw_realIout
  70              		.globl u16g_Bsw_realVout
  71              		.globl u16_Iout
  72              		.globl u16_AdcIout
  73              		.globl u16_AdcVout
  74              		.globl u16_Vout
  75              		.section	.data.u16_AdcIout,"aw",@progbits
  76              		.align 1
  77              		.type	u16_AdcIout, @object
  78              		.size	u16_AdcIout, 38
  79              	u16_AdcIout:
  80 0000 019F     		.short	415
  81 0002 0240     		.short	576
  82 0004 02E1     		.short	737
  83 0006 0385     		.short	901
  84 0008 042A     		.short	1066
  85 000a 04CE     		.short	1230
  86 000c 0571     		.short	1393
  87 000e 0615     		.short	1557
  88 0010 06BE     		.short	1726
  89 0012 075F     		.short	1887
  90 0014 08C3     		.short	2243
  91 0016 0952     		.short	2386
  92 0018 09F7     		.short	2551
  93 001a 0A9D     		.short	2717
  94 001c 0B43     		.short	2883
  95 001e 0BEA     		.short	3050
  96 0020 0C83     		.short	3203
  97 0022 0D19     		.short	3353
  98 0024 0DAF     		.short	3503
  99              		.section	.data.u16_Iout,"aw",@progbits
 100              		.align 1
 101              		.type	u16_Iout, @object
 102              		.size	u16_Iout, 38
 103              	u16_Iout:
 104 0000 0000     		.short	0
 105 0002 0064     		.short	100
 106 0004 00C8     		.short	200
 107 0006 012C     		.short	300
 108 0008 0190     		.short	400
 109 000a 01F4     		.short	500
 110 000c 0258     		.short	600
 111 000e 02BC     		.short	700
 112 0010 0320     		.short	800
 113 0012 0384     		.short	900
 114 0014 044C     		.short	1100
GAS LISTING C:\Users\duchu\AppData\Local\Temp\cc3YcLWD.s 			page 3


 115 0016 04B0     		.short	1200
 116 0018 0514     		.short	1300
 117 001a 0578     		.short	1400
 118 001c 05DC     		.short	1500
 119 001e 0640     		.short	1600
 120 0020 06A4     		.short	1700
 121 0022 0708     		.short	1800
 122 0024 076C     		.short	1900
 123              		.section	.bss.u16g_Bsw_realVout,"aw",@nobits
 124              		.align 1
 125              		.type	u16g_Bsw_realVout, @object
 126              		.size	u16g_Bsw_realVout, 2
 127              	u16g_Bsw_realVout:
 128 0000 0000     		.zero	2
 129              		.section	.bss.u16g_Bsw_realTemp,"aw",@nobits
 130              		.align 1
 131              		.set	.LANCHOR2,. + 0
 132              		.type	u16g_Bsw_realTemp, @object
 133              		.size	u16g_Bsw_realTemp, 2
 134              	u16g_Bsw_realTemp:
 135 0000 0000     		.zero	2
 136              		.section	.data.u16_AdcVout,"aw",@progbits
 137              		.align 1
 138              		.type	u16_AdcVout, @object
 139              		.size	u16_AdcVout, 38
 140              	u16_AdcVout:
 141 0000 04A1     		.short	1185
 142 0002 050C     		.short	1292
 143 0004 0579     		.short	1401
 144 0006 05E4     		.short	1508
 145 0008 0650     		.short	1616
 146 000a 06BB     		.short	1723
 147 000c 0728     		.short	1832
 148 000e 0794     		.short	1940
 149 0010 07FD     		.short	2045
 150 0012 086C     		.short	2156
 151 0014 08D8     		.short	2264
 152 0016 0943     		.short	2371
 153 0018 09B4     		.short	2484
 154 001a 0A84     		.short	2692
 155 001c 0B5B     		.short	2907
 156 001e 0C2E     		.short	3118
 157 0020 0D3A     		.short	3386
 158 0022 0E00     		.short	3584
 159 0024 0EB8     		.short	3768
 160              		.section	.bss.u16g_Bsw_realIout,"aw",@nobits
 161              		.align 1
 162              		.set	.LANCHOR1,. + 0
 163              		.type	u16g_Bsw_realIout, @object
 164              		.size	u16g_Bsw_realIout, 2
 165              	u16g_Bsw_realIout:
 166 0000 0000     		.zero	2
 167              		.section	.bss.u16g_Bsw_realVin,"aw",@nobits
 168              		.align 1
 169              		.set	.LANCHOR3,. + 0
 170              		.type	u16g_Bsw_realVin, @object
 171              		.size	u16g_Bsw_realVin, 2
GAS LISTING C:\Users\duchu\AppData\Local\Temp\cc3YcLWD.s 			page 4


 172              	u16g_Bsw_realVin:
 173 0000 0000     		.zero	2
 174              		.section	.bss.u32g_Bsw_AdcIout_Q15,"aw",@nobits
 175              		.align 2
 176              		.type	u32g_Bsw_AdcIout_Q15, @object
 177              		.size	u32g_Bsw_AdcIout_Q15, 4
 178              	u32g_Bsw_AdcIout_Q15:
 179 0000 00000000 		.zero	4
 180              		.section	.bss.u16g_Bsw_realBatt,"aw",@nobits
 181              		.align 1
 182              		.set	.LANCHOR0,. + 0
 183              		.type	u16g_Bsw_realBatt, @object
 184              		.size	u16g_Bsw_realBatt, 2
 185              	u16g_Bsw_realBatt:
 186 0000 0000     		.zero	2
 187              		.section	.bss.u32g_Bsw_AdcVout_Q15,"aw",@nobits
 188              		.align 2
 189              		.type	u32g_Bsw_AdcVout_Q15, @object
 190              		.size	u32g_Bsw_AdcVout_Q15, 4
 191              	u32g_Bsw_AdcVout_Q15:
 192 0000 00000000 		.zero	4
 193              		.section	.data.u16_Vout,"aw",@progbits
 194              		.align 1
 195              		.type	u16_Vout, @object
 196              		.size	u16_Vout, 38
 197              	u16_Vout:
 198 0000 006E     		.short	110
 199 0002 0078     		.short	120
 200 0004 0082     		.short	130
 201 0006 008C     		.short	140
 202 0008 0096     		.short	150
 203 000a 00A0     		.short	160
 204 000c 00AA     		.short	170
 205 000e 00B4     		.short	180
 206 0010 00BE     		.short	190
 207 0012 00C8     		.short	200
 208 0014 00D2     		.short	210
 209 0016 00DC     		.short	220
 210 0018 00E6     		.short	230
 211 001a 00FA     		.short	250
 212 001c 010E     		.short	270
 213 001e 0122     		.short	290
 214 0020 0136     		.short	310
 215 0022 014A     		.short	330
 216 0024 015E     		.short	350
 217              		.section	".text","axv"
 218              	.Letext0:
 219              		.file 2 "c:\\spc5studio\\eclipse\\plugins\\com.st.tools.spc5.tools.gnu.gcc.ppcvle.win32_4.9.4.2019
 220              		.file 3 "c:\\spc5studio\\eclipse\\plugins\\com.st.tools.spc5.tools.gnu.gcc.ppcvle.win32_4.9.4.2019
 221              		.file 4 "./source/HAL/Hal_Adc.h"
 222              		.section	.debug_info,"",@progbits
 223              	.Ldebug_info0:
 224 0000 000001BD 		.4byte	0x1bd
 225 0004 0002     		.2byte	0x2
 226 0006 00000000 		.4byte	.Ldebug_abbrev0
 227 000a 04       		.byte	0x4
 228 000b 01       		.uleb128 0x1
GAS LISTING C:\Users\duchu\AppData\Local\Temp\cc3YcLWD.s 			page 5


 229 000c 00000000 		.4byte	.LASF25
 230 0010 01       		.byte	0x1
 231 0011 00000000 		.4byte	.LASF26
 232 0015 00000000 		.4byte	.LASF27
 233 0019 00000000 		.4byte	.Ldebug_ranges0+0
 234 001d 00000000 		.4byte	0
 235 0021 00000000 		.4byte	0
 236 0025 00000000 		.4byte	.Ldebug_line0
 237 0029 02       		.uleb128 0x2
 238 002a 01       		.byte	0x1
 239 002b 06       		.byte	0x6
 240 002c 00000000 		.4byte	.LASF0
 241 0030 02       		.uleb128 0x2
 242 0031 01       		.byte	0x1
 243 0032 08       		.byte	0x8
 244 0033 00000000 		.4byte	.LASF1
 245 0037 02       		.uleb128 0x2
 246 0038 02       		.byte	0x2
 247 0039 05       		.byte	0x5
 248 003a 00000000 		.4byte	.LASF2
 249 003e 03       		.uleb128 0x3
 250 003f 00000000 		.4byte	.LASF5
 251 0043 02       		.byte	0x2
 252 0044 2B       		.byte	0x2b
 253 0045 00000049 		.4byte	0x49
 254 0049 02       		.uleb128 0x2
 255 004a 02       		.byte	0x2
 256 004b 07       		.byte	0x7
 257 004c 00000000 		.4byte	.LASF3
 258 0050 02       		.uleb128 0x2
 259 0051 04       		.byte	0x4
 260 0052 05       		.byte	0x5
 261 0053 00000000 		.4byte	.LASF4
 262 0057 03       		.uleb128 0x3
 263 0058 00000000 		.4byte	.LASF6
 264 005c 02       		.byte	0x2
 265 005d 41       		.byte	0x41
 266 005e 00000062 		.4byte	0x62
 267 0062 02       		.uleb128 0x2
 268 0063 04       		.byte	0x4
 269 0064 07       		.byte	0x7
 270 0065 00000000 		.4byte	.LASF7
 271 0069 02       		.uleb128 0x2
 272 006a 08       		.byte	0x8
 273 006b 05       		.byte	0x5
 274 006c 00000000 		.4byte	.LASF8
 275 0070 02       		.uleb128 0x2
 276 0071 08       		.byte	0x8
 277 0072 07       		.byte	0x7
 278 0073 00000000 		.4byte	.LASF9
 279 0077 04       		.uleb128 0x4
 280 0078 04       		.byte	0x4
 281 0079 05       		.byte	0x5
 282 007a 696E7400 		.string	"int"
 283 007e 02       		.uleb128 0x2
 284 007f 04       		.byte	0x4
 285 0080 07       		.byte	0x7
GAS LISTING C:\Users\duchu\AppData\Local\Temp\cc3YcLWD.s 			page 6


 286 0081 00000000 		.4byte	.LASF10
 287 0085 03       		.uleb128 0x3
 288 0086 00000000 		.4byte	.LASF11
 289 008a 03       		.byte	0x3
 290 008b 21       		.byte	0x21
 291 008c 0000003E 		.4byte	0x3e
 292 0090 03       		.uleb128 0x3
 293 0091 00000000 		.4byte	.LASF12
 294 0095 03       		.byte	0x3
 295 0096 2D       		.byte	0x2d
 296 0097 00000057 		.4byte	0x57
 297 009b 05       		.uleb128 0x5
 298 009c 00000090 		.4byte	0x90
 299 00a0 02       		.uleb128 0x2
 300 00a1 04       		.byte	0x4
 301 00a2 07       		.byte	0x7
 302 00a3 00000000 		.4byte	.LASF13
 303 00a7 06       		.uleb128 0x6
 304 00a8 01       		.byte	0x1
 305 00a9 00000000 		.4byte	.LASF28
 306 00ad 01       		.byte	0x1
 307 00ae 5D       		.byte	0x5d
 308 00af 01       		.byte	0x1
 309 00b0 00000000 		.4byte	.LFB4
 310 00b4 00000000 		.4byte	.LFE4
 311 00b8 00000000 		.4byte	.LLST0
 312 00bc 01       		.byte	0x1
 313 00bd 000000CB 		.4byte	0xcb
 314 00c1 07       		.uleb128 0x7
 315 00c2 00000000 		.4byte	.LVL0
 316 00c6 000001B6 		.4byte	0x1b6
 317 00ca 00       		.byte	0
 318 00cb 08       		.uleb128 0x8
 319 00cc 01       		.byte	0x1
 320 00cd 00000000 		.4byte	.LASF29
 321 00d1 01       		.byte	0x1
 322 00d2 6F       		.byte	0x6f
 323 00d3 01       		.byte	0x1
 324 00d4 00000000 		.4byte	.LFB5
 325 00d8 00000000 		.4byte	.LFE5
 326 00dc 02       		.byte	0x2
 327 00dd 71       		.byte	0x71
 328 00de 00       		.sleb128 0
 329 00df 01       		.byte	0x1
 330 00e0 09       		.uleb128 0x9
 331 00e1 00000085 		.4byte	0x85
 332 00e5 000000F0 		.4byte	0xf0
 333 00e9 0A       		.uleb128 0xa
 334 00ea 000000A0 		.4byte	0xa0
 335 00ee 12       		.byte	0x12
 336 00ef 00       		.byte	0
 337 00f0 0B       		.uleb128 0xb
 338 00f1 00000000 		.4byte	.LASF14
 339 00f5 01       		.byte	0x1
 340 00f6 3E       		.byte	0x3e
 341 00f7 000000E0 		.4byte	0xe0
 342 00fb 01       		.byte	0x1
GAS LISTING C:\Users\duchu\AppData\Local\Temp\cc3YcLWD.s 			page 7


 343 00fc 05       		.byte	0x5
 344 00fd 03       		.byte	0x3
 345 00fe 00000000 		.4byte	u16_AdcVout
 346 0102 0B       		.uleb128 0xb
 347 0103 00000000 		.4byte	.LASF15
 348 0107 01       		.byte	0x1
 349 0108 3D       		.byte	0x3d
 350 0109 000000E0 		.4byte	0xe0
 351 010d 01       		.byte	0x1
 352 010e 05       		.byte	0x5
 353 010f 03       		.byte	0x3
 354 0110 00000000 		.4byte	u16_Vout
 355 0114 0B       		.uleb128 0xb
 356 0115 00000000 		.4byte	.LASF16
 357 0119 01       		.byte	0x1
 358 011a 3F       		.byte	0x3f
 359 011b 000000E0 		.4byte	0xe0
 360 011f 01       		.byte	0x1
 361 0120 05       		.byte	0x5
 362 0121 03       		.byte	0x3
 363 0122 00000000 		.4byte	u16_AdcIout
 364 0126 0B       		.uleb128 0xb
 365 0127 00000000 		.4byte	.LASF17
 366 012b 01       		.byte	0x1
 367 012c 40       		.byte	0x40
 368 012d 000000E0 		.4byte	0xe0
 369 0131 01       		.byte	0x1
 370 0132 05       		.byte	0x5
 371 0133 03       		.byte	0x3
 372 0134 00000000 		.4byte	u16_Iout
 373 0138 0B       		.uleb128 0xb
 374 0139 00000000 		.4byte	.LASF18
 375 013d 01       		.byte	0x1
 376 013e 42       		.byte	0x42
 377 013f 00000085 		.4byte	0x85
 378 0143 01       		.byte	0x1
 379 0144 05       		.byte	0x5
 380 0145 03       		.byte	0x3
 381 0146 00000000 		.4byte	u16g_Bsw_realVout
 382 014a 0B       		.uleb128 0xb
 383 014b 00000000 		.4byte	.LASF19
 384 014f 01       		.byte	0x1
 385 0150 43       		.byte	0x43
 386 0151 00000085 		.4byte	0x85
 387 0155 01       		.byte	0x1
 388 0156 05       		.byte	0x5
 389 0157 03       		.byte	0x3
 390 0158 00000000 		.4byte	u16g_Bsw_realIout
 391 015c 0B       		.uleb128 0xb
 392 015d 00000000 		.4byte	.LASF20
 393 0161 01       		.byte	0x1
 394 0162 44       		.byte	0x44
 395 0163 00000085 		.4byte	0x85
 396 0167 01       		.byte	0x1
 397 0168 05       		.byte	0x5
 398 0169 03       		.byte	0x3
 399 016a 00000000 		.4byte	u16g_Bsw_realVin
GAS LISTING C:\Users\duchu\AppData\Local\Temp\cc3YcLWD.s 			page 8


 400 016e 0B       		.uleb128 0xb
 401 016f 00000000 		.4byte	.LASF21
 402 0173 01       		.byte	0x1
 403 0174 45       		.byte	0x45
 404 0175 00000085 		.4byte	0x85
 405 0179 01       		.byte	0x1
 406 017a 05       		.byte	0x5
 407 017b 03       		.byte	0x3
 408 017c 00000000 		.4byte	u16g_Bsw_realTemp
 409 0180 0B       		.uleb128 0xb
 410 0181 00000000 		.4byte	.LASF22
 411 0185 01       		.byte	0x1
 412 0186 46       		.byte	0x46
 413 0187 00000085 		.4byte	0x85
 414 018b 01       		.byte	0x1
 415 018c 05       		.byte	0x5
 416 018d 03       		.byte	0x3
 417 018e 00000000 		.4byte	u16g_Bsw_realBatt
 418 0192 0B       		.uleb128 0xb
 419 0193 00000000 		.4byte	.LASF23
 420 0197 01       		.byte	0x1
 421 0198 48       		.byte	0x48
 422 0199 0000009B 		.4byte	0x9b
 423 019d 01       		.byte	0x1
 424 019e 05       		.byte	0x5
 425 019f 03       		.byte	0x3
 426 01a0 00000000 		.4byte	u32g_Bsw_AdcVout_Q15
 427 01a4 0B       		.uleb128 0xb
 428 01a5 00000000 		.4byte	.LASF24
 429 01a9 01       		.byte	0x1
 430 01aa 49       		.byte	0x49
 431 01ab 0000009B 		.4byte	0x9b
 432 01af 01       		.byte	0x1
 433 01b0 05       		.byte	0x5
 434 01b1 03       		.byte	0x3
 435 01b2 00000000 		.4byte	u32g_Bsw_AdcIout_Q15
 436 01b6 0C       		.uleb128 0xc
 437 01b7 01       		.byte	0x1
 438 01b8 00000000 		.4byte	.LASF30
 439 01bc 04       		.byte	0x4
 440 01bd 49       		.byte	0x49
 441 01be 01       		.byte	0x1
 442 01bf 01       		.byte	0x1
 443 01c0 00       		.byte	0
 444              		.section	.debug_abbrev,"",@progbits
 445              	.Ldebug_abbrev0:
 446 0000 01       		.uleb128 0x1
 447 0001 11       		.uleb128 0x11
 448 0002 01       		.byte	0x1
 449 0003 25       		.uleb128 0x25
 450 0004 0E       		.uleb128 0xe
 451 0005 13       		.uleb128 0x13
 452 0006 0B       		.uleb128 0xb
 453 0007 03       		.uleb128 0x3
 454 0008 0E       		.uleb128 0xe
 455 0009 1B       		.uleb128 0x1b
 456 000a 0E       		.uleb128 0xe
GAS LISTING C:\Users\duchu\AppData\Local\Temp\cc3YcLWD.s 			page 9


 457 000b 55       		.uleb128 0x55
 458 000c 06       		.uleb128 0x6
 459 000d 11       		.uleb128 0x11
 460 000e 01       		.uleb128 0x1
 461 000f 52       		.uleb128 0x52
 462 0010 01       		.uleb128 0x1
 463 0011 10       		.uleb128 0x10
 464 0012 06       		.uleb128 0x6
 465 0013 00       		.byte	0
 466 0014 00       		.byte	0
 467 0015 02       		.uleb128 0x2
 468 0016 24       		.uleb128 0x24
 469 0017 00       		.byte	0
 470 0018 0B       		.uleb128 0xb
 471 0019 0B       		.uleb128 0xb
 472 001a 3E       		.uleb128 0x3e
 473 001b 0B       		.uleb128 0xb
 474 001c 03       		.uleb128 0x3
 475 001d 0E       		.uleb128 0xe
 476 001e 00       		.byte	0
 477 001f 00       		.byte	0
 478 0020 03       		.uleb128 0x3
 479 0021 16       		.uleb128 0x16
 480 0022 00       		.byte	0
 481 0023 03       		.uleb128 0x3
 482 0024 0E       		.uleb128 0xe
 483 0025 3A       		.uleb128 0x3a
 484 0026 0B       		.uleb128 0xb
 485 0027 3B       		.uleb128 0x3b
 486 0028 0B       		.uleb128 0xb
 487 0029 49       		.uleb128 0x49
 488 002a 13       		.uleb128 0x13
 489 002b 00       		.byte	0
 490 002c 00       		.byte	0
 491 002d 04       		.uleb128 0x4
 492 002e 24       		.uleb128 0x24
 493 002f 00       		.byte	0
 494 0030 0B       		.uleb128 0xb
 495 0031 0B       		.uleb128 0xb
 496 0032 3E       		.uleb128 0x3e
 497 0033 0B       		.uleb128 0xb
 498 0034 03       		.uleb128 0x3
 499 0035 08       		.uleb128 0x8
 500 0036 00       		.byte	0
 501 0037 00       		.byte	0
 502 0038 05       		.uleb128 0x5
 503 0039 35       		.uleb128 0x35
 504 003a 00       		.byte	0
 505 003b 49       		.uleb128 0x49
 506 003c 13       		.uleb128 0x13
 507 003d 00       		.byte	0
 508 003e 00       		.byte	0
 509 003f 06       		.uleb128 0x6
 510 0040 2E       		.uleb128 0x2e
 511 0041 01       		.byte	0x1
 512 0042 3F       		.uleb128 0x3f
 513 0043 0C       		.uleb128 0xc
GAS LISTING C:\Users\duchu\AppData\Local\Temp\cc3YcLWD.s 			page 10


 514 0044 03       		.uleb128 0x3
 515 0045 0E       		.uleb128 0xe
 516 0046 3A       		.uleb128 0x3a
 517 0047 0B       		.uleb128 0xb
 518 0048 3B       		.uleb128 0x3b
 519 0049 0B       		.uleb128 0xb
 520 004a 27       		.uleb128 0x27
 521 004b 0C       		.uleb128 0xc
 522 004c 11       		.uleb128 0x11
 523 004d 01       		.uleb128 0x1
 524 004e 12       		.uleb128 0x12
 525 004f 01       		.uleb128 0x1
 526 0050 40       		.uleb128 0x40
 527 0051 06       		.uleb128 0x6
 528 0052 9742     		.uleb128 0x2117
 529 0054 0C       		.uleb128 0xc
 530 0055 01       		.uleb128 0x1
 531 0056 13       		.uleb128 0x13
 532 0057 00       		.byte	0
 533 0058 00       		.byte	0
 534 0059 07       		.uleb128 0x7
 535 005a 898201   		.uleb128 0x4109
 536 005d 00       		.byte	0
 537 005e 11       		.uleb128 0x11
 538 005f 01       		.uleb128 0x1
 539 0060 31       		.uleb128 0x31
 540 0061 13       		.uleb128 0x13
 541 0062 00       		.byte	0
 542 0063 00       		.byte	0
 543 0064 08       		.uleb128 0x8
 544 0065 2E       		.uleb128 0x2e
 545 0066 00       		.byte	0
 546 0067 3F       		.uleb128 0x3f
 547 0068 0C       		.uleb128 0xc
 548 0069 03       		.uleb128 0x3
 549 006a 0E       		.uleb128 0xe
 550 006b 3A       		.uleb128 0x3a
 551 006c 0B       		.uleb128 0xb
 552 006d 3B       		.uleb128 0x3b
 553 006e 0B       		.uleb128 0xb
 554 006f 27       		.uleb128 0x27
 555 0070 0C       		.uleb128 0xc
 556 0071 11       		.uleb128 0x11
 557 0072 01       		.uleb128 0x1
 558 0073 12       		.uleb128 0x12
 559 0074 01       		.uleb128 0x1
 560 0075 40       		.uleb128 0x40
 561 0076 0A       		.uleb128 0xa
 562 0077 9742     		.uleb128 0x2117
 563 0079 0C       		.uleb128 0xc
 564 007a 00       		.byte	0
 565 007b 00       		.byte	0
 566 007c 09       		.uleb128 0x9
 567 007d 01       		.uleb128 0x1
 568 007e 01       		.byte	0x1
 569 007f 49       		.uleb128 0x49
 570 0080 13       		.uleb128 0x13
GAS LISTING C:\Users\duchu\AppData\Local\Temp\cc3YcLWD.s 			page 11


 571 0081 01       		.uleb128 0x1
 572 0082 13       		.uleb128 0x13
 573 0083 00       		.byte	0
 574 0084 00       		.byte	0
 575 0085 0A       		.uleb128 0xa
 576 0086 21       		.uleb128 0x21
 577 0087 00       		.byte	0
 578 0088 49       		.uleb128 0x49
 579 0089 13       		.uleb128 0x13
 580 008a 2F       		.uleb128 0x2f
 581 008b 0B       		.uleb128 0xb
 582 008c 00       		.byte	0
 583 008d 00       		.byte	0
 584 008e 0B       		.uleb128 0xb
 585 008f 34       		.uleb128 0x34
 586 0090 00       		.byte	0
 587 0091 03       		.uleb128 0x3
 588 0092 0E       		.uleb128 0xe
 589 0093 3A       		.uleb128 0x3a
 590 0094 0B       		.uleb128 0xb
 591 0095 3B       		.uleb128 0x3b
 592 0096 0B       		.uleb128 0xb
 593 0097 49       		.uleb128 0x49
 594 0098 13       		.uleb128 0x13
 595 0099 3F       		.uleb128 0x3f
 596 009a 0C       		.uleb128 0xc
 597 009b 02       		.uleb128 0x2
 598 009c 0A       		.uleb128 0xa
 599 009d 00       		.byte	0
 600 009e 00       		.byte	0
 601 009f 0C       		.uleb128 0xc
 602 00a0 2E       		.uleb128 0x2e
 603 00a1 00       		.byte	0
 604 00a2 3F       		.uleb128 0x3f
 605 00a3 0C       		.uleb128 0xc
 606 00a4 03       		.uleb128 0x3
 607 00a5 0E       		.uleb128 0xe
 608 00a6 3A       		.uleb128 0x3a
 609 00a7 0B       		.uleb128 0xb
 610 00a8 3B       		.uleb128 0x3b
 611 00a9 0B       		.uleb128 0xb
 612 00aa 27       		.uleb128 0x27
 613 00ab 0C       		.uleb128 0xc
 614 00ac 3C       		.uleb128 0x3c
 615 00ad 0C       		.uleb128 0xc
 616 00ae 00       		.byte	0
 617 00af 00       		.byte	0
 618 00b0 00       		.byte	0
 619              		.section	.debug_loc,"",@progbits
 620              	.Ldebug_loc0:
 621              	.LLST0:
 622 0000 00000000 		.4byte	.LFB4
 623 0004 00000000 		.4byte	.LCFI0
 624 0008 0002     		.2byte	0x2
 625 000a 71       		.byte	0x71
 626 000b 00       		.sleb128 0
 627 000c 00000000 		.4byte	.LCFI0
GAS LISTING C:\Users\duchu\AppData\Local\Temp\cc3YcLWD.s 			page 12


 628 0010 00000000 		.4byte	.LCFI1
 629 0014 0002     		.2byte	0x2
 630 0016 71       		.byte	0x71
 631 0017 08       		.sleb128 8
 632 0018 00000000 		.4byte	.LCFI1
 633 001c 00000000 		.4byte	.LFE4
 634 0020 0002     		.2byte	0x2
 635 0022 71       		.byte	0x71
 636 0023 00       		.sleb128 0
 637 0024 00000000 		.4byte	0
 638 0028 00000000 		.4byte	0
 639              		.section	.debug_aranges,"",@progbits
 640 0000 00000024 		.4byte	0x24
 641 0004 0002     		.2byte	0x2
 642 0006 00000000 		.4byte	.Ldebug_info0
 643 000a 04       		.byte	0x4
 644 000b 00       		.byte	0
 645 000c 0000     		.2byte	0
 646 000e 0000     		.2byte	0
 647 0010 00000000 		.4byte	.LFB4
 648 0014 00000014 		.4byte	.LFE4-.LFB4
 649 0018 00000000 		.4byte	.LFB5
 650 001c 0000002E 		.4byte	.LFE5-.LFB5
 651 0020 00000000 		.4byte	0
 652 0024 00000000 		.4byte	0
 653              		.section	.debug_ranges,"",@progbits
 654              	.Ldebug_ranges0:
 655 0000 00000000 		.4byte	.LFB4
 656 0004 00000000 		.4byte	.LFE4
 657 0008 00000000 		.4byte	.LFB5
 658 000c 00000000 		.4byte	.LFE5
 659 0010 00000000 		.4byte	0
 660 0014 00000000 		.4byte	0
 661              		.section	.debug_line,"",@progbits
 662              	.Ldebug_line0:
 663 0000 0000019F 		.section	.debug_str,"MS",@progbits,1
 663      00020000 
 663      01730201 
 663      FB0E0D00 
 663      01010101 
 664              	.LASF24:
 665 0000 75333267 		.string	"u32g_Bsw_AdcIout_Q15"
 665      5F427377 
 665      5F416463 
 665      496F7574 
 665      5F513135 
 666              	.LASF25:
 667 0015 474E5520 		.ascii	"GNU C 4.9.4 20160726 (Sat May 27 11:09:55 CDT 2017      "
 667      4320342E 
 667      392E3420 
 667      32303136 
 667      30373236 
 668 004d 20202062 		.string	"   build.sh rev=gd8b6c20 s=F494 ELe200 -V release_gd8b6c20_build_Fed_ELe200_ML0) -mcall-s
 668      75696C64 
 668      2E736820 
 668      7265763D 
 668      67643862 
GAS LISTING C:\Users\duchu\AppData\Local\Temp\cc3YcLWD.s 			page 13


 669              	.LASF26:
 670 014e 2E2F736F 		.string	"./source/BSW/Bsw_Adc.c"
 670      75726365 
 670      2F425357 
 670      2F427377 
 670      5F416463 
 671              	.LASF10:
 672 0165 756E7369 		.string	"unsigned int"
 672      676E6564 
 672      20696E74 
 672      00
 673              	.LASF19:
 674 0172 75313667 		.string	"u16g_Bsw_realIout"
 674      5F427377 
 674      5F726561 
 674      6C496F75 
 674      7400
 675              	.LASF1:
 676 0184 756E7369 		.string	"unsigned char"
 676      676E6564 
 676      20636861 
 676      7200
 677              	.LASF22:
 678 0192 75313667 		.string	"u16g_Bsw_realBatt"
 678      5F427377 
 678      5F726561 
 678      6C426174 
 678      7400
 679              	.LASF7:
 680 01a4 6C6F6E67 		.string	"long unsigned int"
 680      20756E73 
 680      69676E65 
 680      6420696E 
 680      7400
 681              	.LASF3:
 682 01b6 73686F72 		.string	"short unsigned int"
 682      7420756E 
 682      7369676E 
 682      65642069 
 682      6E7400
 683              	.LASF14:
 684 01c9 7531365F 		.string	"u16_AdcVout"
 684      41646356 
 684      6F757400 
 685              	.LASF5:
 686 01d5 5F5F7569 		.string	"__uint16_t"
 686      6E743136 
 686      5F7400
 687              	.LASF6:
 688 01e0 5F5F7569 		.string	"__uint32_t"
 688      6E743332 
 688      5F7400
 689              	.LASF15:
 690 01eb 7531365F 		.string	"u16_Vout"
 690      566F7574 
 690      00
 691              	.LASF28:
GAS LISTING C:\Users\duchu\AppData\Local\Temp\cc3YcLWD.s 			page 14


 692 01f4 4273775F 		.string	"Bsw_AdcInit"
 692      41646349 
 692      6E697400 
 693              	.LASF9:
 694 0200 6C6F6E67 		.string	"long long unsigned int"
 694      206C6F6E 
 694      6720756E 
 694      7369676E 
 694      65642069 
 695              	.LASF16:
 696 0217 7531365F 		.string	"u16_AdcIout"
 696      41646349 
 696      6F757400 
 697              	.LASF23:
 698 0223 75333267 		.string	"u32g_Bsw_AdcVout_Q15"
 698      5F427377 
 698      5F416463 
 698      566F7574 
 698      5F513135 
 699              	.LASF13:
 700 0238 73697A65 		.string	"sizetype"
 700      74797065 
 700      00
 701              	.LASF29:
 702 0241 4273775F 		.string	"Bsw_ADC2REAL"
 702      41444332 
 702      5245414C 
 702      00
 703              	.LASF8:
 704 024e 6C6F6E67 		.string	"long long int"
 704      206C6F6E 
 704      6720696E 
 704      7400
 705              	.LASF11:
 706 025c 75696E74 		.string	"uint16_t"
 706      31365F74 
 706      00
 707              	.LASF17:
 708 0265 7531365F 		.string	"u16_Iout"
 708      496F7574 
 708      00
 709              	.LASF2:
 710 026e 73686F72 		.string	"short int"
 710      7420696E 
 710      7400
 711              	.LASF27:
 712 0278 443A5C57 		.string	"D:\\Workplace\\KSC_LDC"
 712      6F726B70 
 712      6C616365 
 712      5C4B5343 
 712      5F4C4443 
 713              	.LASF21:
 714 028d 75313667 		.string	"u16g_Bsw_realTemp"
 714      5F427377 
 714      5F726561 
 714      6C54656D 
 714      7000
GAS LISTING C:\Users\duchu\AppData\Local\Temp\cc3YcLWD.s 			page 15


 715              	.LASF12:
 716 029f 75696E74 		.string	"uint32_t"
 716      33325F74 
 716      00
 717              	.LASF4:
 718 02a8 6C6F6E67 		.string	"long int"
 718      20696E74 
 718      00
 719              	.LASF30:
 720 02b1 48616C5F 		.string	"Hal_AdcInit"
 720      41646349 
 720      6E697400 
 721              	.LASF0:
 722 02bd 7369676E 		.string	"signed char"
 722      65642063 
 722      68617200 
 723              	.LASF20:
 724 02c9 75313667 		.string	"u16g_Bsw_realVin"
 724      5F427377 
 724      5F726561 
 724      6C56696E 
 724      00
 725              	.LASF18:
 726 02da 75313667 		.string	"u16g_Bsw_realVout"
 726      5F427377 
 726      5F726561 
 726      6C566F75 
 726      7400
 727              		.ident	"GCC: (GNU) 4.9.4 20160726 (Sat May 27 11:09:55 CDT 2017         build.sh rev=gd8b6c20 s=F4
GAS LISTING C:\Users\duchu\AppData\Local\Temp\cc3YcLWD.s 			page 16


DEFINED SYMBOLS
                            *ABS*:00000000 Bsw_Adc.c
C:\Users\duchu\AppData\Local\Temp\cc3YcLWD.s:10     .text.Bsw_AdcInit:00000000 Bsw_AdcInit
C:\Users\duchu\AppData\Local\Temp\cc3YcLWD.s:40     .text.Bsw_ADC2REAL:00000000 Bsw_ADC2REAL
C:\Users\duchu\AppData\Local\Temp\cc3YcLWD.s:178    .bss.u32g_Bsw_AdcIout_Q15:00000000 u32g_Bsw_AdcIout_Q15
C:\Users\duchu\AppData\Local\Temp\cc3YcLWD.s:191    .bss.u32g_Bsw_AdcVout_Q15:00000000 u32g_Bsw_AdcVout_Q15
C:\Users\duchu\AppData\Local\Temp\cc3YcLWD.s:185    .bss.u16g_Bsw_realBatt:00000000 u16g_Bsw_realBatt
C:\Users\duchu\AppData\Local\Temp\cc3YcLWD.s:134    .bss.u16g_Bsw_realTemp:00000000 u16g_Bsw_realTemp
C:\Users\duchu\AppData\Local\Temp\cc3YcLWD.s:172    .bss.u16g_Bsw_realVin:00000000 u16g_Bsw_realVin
C:\Users\duchu\AppData\Local\Temp\cc3YcLWD.s:165    .bss.u16g_Bsw_realIout:00000000 u16g_Bsw_realIout
C:\Users\duchu\AppData\Local\Temp\cc3YcLWD.s:127    .bss.u16g_Bsw_realVout:00000000 u16g_Bsw_realVout
C:\Users\duchu\AppData\Local\Temp\cc3YcLWD.s:103    .data.u16_Iout:00000000 u16_Iout
C:\Users\duchu\AppData\Local\Temp\cc3YcLWD.s:79     .data.u16_AdcIout:00000000 u16_AdcIout
C:\Users\duchu\AppData\Local\Temp\cc3YcLWD.s:140    .data.u16_AdcVout:00000000 u16_AdcVout
C:\Users\duchu\AppData\Local\Temp\cc3YcLWD.s:197    .data.u16_Vout:00000000 u16_Vout

UNDEFINED SYMBOLS
Hal_AdcInit
