GAS LISTING C:\Users\duchu\AppData\Local\Temp\ccCXfung.s 			page 1


   1              		.file	"eeprom_lld_cfg.c"
   2              		.section	".text","axv"
   3              	.Ltext0:
   4              		.cfi_sections	.debug_frame
   5              		.globl ssdConfig
   6              		.section	.data.ssdConfig,"aw",@progbits
   7              		.align 2
   8              		.type	ssdConfig, @object
   9              		.size	ssdConfig, 76
  10              	ssdConfig:
  11 0000 FFFE0000 		.long	-131072
  12 0004 00404000 		.long	4210688
  13 0008 00000000 		.long	0
  14 000c 00000000 		.long	0
  15 0010 00000000 		.long	0
  16 0014 00000000 		.long	0
  17 0018 00000000 		.long	0
  18 001c 00000000 		.long	0
  19 0020 00000000 		.long	0
  20 0024 00000000 		.long	0
  21 0028 00000000 		.long	0
  22 002c 00000000 		.long	0
  23 0030 00000000 		.long	0
  24 0034 00000000 		.long	0
  25 0038 00000000 		.long	0
  26 003c 00400000 		.long	4194304
  27 0040 01       		.byte	1
  28 0041 000000   		.zero	3
  29 0044 00000080 		.long	128
  30 0048 00       		.byte	0
  31 0049 000000   		.zero	3
  32              		.section	".text","axv"
  33              	.Letext0:
  34              		.file 1 "./components/flash_driver/lib/include/ssd_types.h"
  35              		.file 2 "./components/flash_driver/lib/include/ssd_c55.h"
  36              		.file 3 "./components/eeprom_emulation_driver/cfg/eeprom_lld_cfg.c"
  37              		.section	.debug_info,"",@progbits
  38              	.Ldebug_info0:
  39 0000 00000195 		.4byte	0x195
  40 0004 0002     		.2byte	0x2
  41 0006 00000000 		.4byte	.Ldebug_abbrev0
  42 000a 04       		.byte	0x4
  43 000b 01       		.uleb128 0x1
  44 000c 00000000 		.4byte	.LASF30
  45 0010 01       		.byte	0x1
  46 0011 00000000 		.4byte	.LASF31
  47 0015 00000000 		.4byte	.LASF32
  48 0019 00000000 		.4byte	.Ldebug_line0
  49 001d 02       		.uleb128 0x2
  50 001e 00000000 		.4byte	.LASF5
  51 0022 01       		.byte	0x1
  52 0023 24       		.byte	0x24
  53 0024 00000028 		.4byte	0x28
  54 0028 03       		.uleb128 0x3
  55 0029 01       		.byte	0x1
  56 002a 08       		.byte	0x8
  57 002b 00000000 		.4byte	.LASF0
GAS LISTING C:\Users\duchu\AppData\Local\Temp\ccCXfung.s 			page 2


  58 002f 03       		.uleb128 0x3
  59 0030 01       		.byte	0x1
  60 0031 06       		.byte	0x6
  61 0032 00000000 		.4byte	.LASF1
  62 0036 03       		.uleb128 0x3
  63 0037 02       		.byte	0x2
  64 0038 05       		.byte	0x5
  65 0039 00000000 		.4byte	.LASF2
  66 003d 03       		.uleb128 0x3
  67 003e 02       		.byte	0x2
  68 003f 07       		.byte	0x7
  69 0040 00000000 		.4byte	.LASF3
  70 0044 03       		.uleb128 0x3
  71 0045 04       		.byte	0x4
  72 0046 05       		.byte	0x5
  73 0047 00000000 		.4byte	.LASF4
  74 004b 02       		.uleb128 0x2
  75 004c 00000000 		.4byte	.LASF6
  76 0050 01       		.byte	0x1
  77 0051 31       		.byte	0x31
  78 0052 00000056 		.4byte	0x56
  79 0056 03       		.uleb128 0x3
  80 0057 04       		.byte	0x4
  81 0058 07       		.byte	0x7
  82 0059 00000000 		.4byte	.LASF7
  83 005d 04       		.uleb128 0x4
  84 005e 00000000 		.4byte	.LASF13
  85 0062 10       		.byte	0x10
  86 0063 02       		.byte	0x2
  87 0064 0122     		.2byte	0x122
  88 0066 000000A7 		.4byte	0xa7
  89 006a 05       		.uleb128 0x5
  90 006b 00000000 		.4byte	.LASF8
  91 006f 02       		.byte	0x2
  92 0070 0124     		.2byte	0x124
  93 0072 0000004B 		.4byte	0x4b
  94 0076 02       		.byte	0x2
  95 0077 23       		.byte	0x23
  96 0078 00       		.uleb128 0
  97 0079 05       		.uleb128 0x5
  98 007a 00000000 		.4byte	.LASF9
  99 007e 02       		.byte	0x2
 100 007f 0125     		.2byte	0x125
 101 0081 0000004B 		.4byte	0x4b
 102 0085 02       		.byte	0x2
 103 0086 23       		.byte	0x23
 104 0087 04       		.uleb128 0x4
 105 0088 05       		.uleb128 0x5
 106 0089 00000000 		.4byte	.LASF10
 107 008d 02       		.byte	0x2
 108 008e 0126     		.2byte	0x126
 109 0090 0000004B 		.4byte	0x4b
 110 0094 02       		.byte	0x2
 111 0095 23       		.byte	0x23
 112 0096 08       		.uleb128 0x8
 113 0097 05       		.uleb128 0x5
 114 0098 00000000 		.4byte	.LASF11
GAS LISTING C:\Users\duchu\AppData\Local\Temp\ccCXfung.s 			page 3


 115 009c 02       		.byte	0x2
 116 009d 0127     		.2byte	0x127
 117 009f 0000004B 		.4byte	0x4b
 118 00a3 02       		.byte	0x2
 119 00a4 23       		.byte	0x23
 120 00a5 0C       		.uleb128 0xc
 121 00a6 00       		.byte	0
 122 00a7 06       		.uleb128 0x6
 123 00a8 00000000 		.4byte	.LASF12
 124 00ac 02       		.byte	0x2
 125 00ad 0128     		.2byte	0x128
 126 00af 0000005D 		.4byte	0x5d
 127 00b3 04       		.uleb128 0x4
 128 00b4 00000000 		.4byte	.LASF14
 129 00b8 4C       		.byte	0x4c
 130 00b9 02       		.byte	0x2
 131 00ba 012B     		.2byte	0x12b
 132 00bc 00000157 		.4byte	0x157
 133 00c0 05       		.uleb128 0x5
 134 00c1 00000000 		.4byte	.LASF15
 135 00c5 02       		.byte	0x2
 136 00c6 012D     		.2byte	0x12d
 137 00c8 0000004B 		.4byte	0x4b
 138 00cc 02       		.byte	0x2
 139 00cd 23       		.byte	0x23
 140 00ce 00       		.uleb128 0
 141 00cf 05       		.uleb128 0x5
 142 00d0 00000000 		.4byte	.LASF16
 143 00d4 02       		.byte	0x2
 144 00d5 012E     		.2byte	0x12e
 145 00d7 0000004B 		.4byte	0x4b
 146 00db 02       		.byte	0x2
 147 00dc 23       		.byte	0x23
 148 00dd 04       		.uleb128 0x4
 149 00de 05       		.uleb128 0x5
 150 00df 00000000 		.4byte	.LASF17
 151 00e3 02       		.byte	0x2
 152 00e4 012F     		.2byte	0x12f
 153 00e6 000000A7 		.4byte	0xa7
 154 00ea 02       		.byte	0x2
 155 00eb 23       		.byte	0x23
 156 00ec 08       		.uleb128 0x8
 157 00ed 05       		.uleb128 0x5
 158 00ee 00000000 		.4byte	.LASF18
 159 00f2 02       		.byte	0x2
 160 00f3 0130     		.2byte	0x130
 161 00f5 000000A7 		.4byte	0xa7
 162 00f9 02       		.byte	0x2
 163 00fa 23       		.byte	0x23
 164 00fb 18       		.uleb128 0x18
 165 00fc 05       		.uleb128 0x5
 166 00fd 00000000 		.4byte	.LASF19
 167 0101 02       		.byte	0x2
 168 0102 0131     		.2byte	0x131
 169 0104 000000A7 		.4byte	0xa7
 170 0108 02       		.byte	0x2
 171 0109 23       		.byte	0x23
GAS LISTING C:\Users\duchu\AppData\Local\Temp\ccCXfung.s 			page 4


 172 010a 28       		.uleb128 0x28
 173 010b 05       		.uleb128 0x5
 174 010c 00000000 		.4byte	.LASF20
 175 0110 02       		.byte	0x2
 176 0111 0132     		.2byte	0x132
 177 0113 0000004B 		.4byte	0x4b
 178 0117 02       		.byte	0x2
 179 0118 23       		.byte	0x23
 180 0119 38       		.uleb128 0x38
 181 011a 05       		.uleb128 0x5
 182 011b 00000000 		.4byte	.LASF21
 183 011f 02       		.byte	0x2
 184 0120 0133     		.2byte	0x133
 185 0122 0000004B 		.4byte	0x4b
 186 0126 02       		.byte	0x2
 187 0127 23       		.byte	0x23
 188 0128 3C       		.uleb128 0x3c
 189 0129 05       		.uleb128 0x5
 190 012a 00000000 		.4byte	.LASF22
 191 012e 02       		.byte	0x2
 192 012f 0134     		.2byte	0x134
 193 0131 0000001D 		.4byte	0x1d
 194 0135 02       		.byte	0x2
 195 0136 23       		.byte	0x23
 196 0137 40       		.uleb128 0x40
 197 0138 05       		.uleb128 0x5
 198 0139 00000000 		.4byte	.LASF23
 199 013d 02       		.byte	0x2
 200 013e 0135     		.2byte	0x135
 201 0140 0000004B 		.4byte	0x4b
 202 0144 02       		.byte	0x2
 203 0145 23       		.byte	0x23
 204 0146 44       		.uleb128 0x44
 205 0147 05       		.uleb128 0x5
 206 0148 00000000 		.4byte	.LASF24
 207 014c 02       		.byte	0x2
 208 014d 0136     		.2byte	0x136
 209 014f 0000001D 		.4byte	0x1d
 210 0153 02       		.byte	0x2
 211 0154 23       		.byte	0x23
 212 0155 48       		.uleb128 0x48
 213 0156 00       		.byte	0
 214 0157 06       		.uleb128 0x6
 215 0158 00000000 		.4byte	.LASF25
 216 015c 02       		.byte	0x2
 217 015d 0137     		.2byte	0x137
 218 015f 000000B3 		.4byte	0xb3
 219 0163 03       		.uleb128 0x3
 220 0164 08       		.byte	0x8
 221 0165 05       		.byte	0x5
 222 0166 00000000 		.4byte	.LASF26
 223 016a 03       		.uleb128 0x3
 224 016b 08       		.byte	0x8
 225 016c 07       		.byte	0x7
 226 016d 00000000 		.4byte	.LASF27
 227 0171 07       		.uleb128 0x7
 228 0172 04       		.byte	0x4
GAS LISTING C:\Users\duchu\AppData\Local\Temp\ccCXfung.s 			page 5


 229 0173 05       		.byte	0x5
 230 0174 696E7400 		.string	"int"
 231 0178 03       		.uleb128 0x3
 232 0179 04       		.byte	0x4
 233 017a 07       		.byte	0x7
 234 017b 00000000 		.4byte	.LASF28
 235 017f 03       		.uleb128 0x3
 236 0180 04       		.byte	0x4
 237 0181 07       		.byte	0x7
 238 0182 00000000 		.4byte	.LASF29
 239 0186 08       		.uleb128 0x8
 240 0187 00000000 		.4byte	.LASF33
 241 018b 03       		.byte	0x3
 242 018c 1F       		.byte	0x1f
 243 018d 00000157 		.4byte	0x157
 244 0191 01       		.byte	0x1
 245 0192 05       		.byte	0x5
 246 0193 03       		.byte	0x3
 247 0194 00000000 		.4byte	ssdConfig
 248 0198 00       		.byte	0
 249              		.section	.debug_abbrev,"",@progbits
 250              	.Ldebug_abbrev0:
 251 0000 01       		.uleb128 0x1
 252 0001 11       		.uleb128 0x11
 253 0002 01       		.byte	0x1
 254 0003 25       		.uleb128 0x25
 255 0004 0E       		.uleb128 0xe
 256 0005 13       		.uleb128 0x13
 257 0006 0B       		.uleb128 0xb
 258 0007 03       		.uleb128 0x3
 259 0008 0E       		.uleb128 0xe
 260 0009 1B       		.uleb128 0x1b
 261 000a 0E       		.uleb128 0xe
 262 000b 10       		.uleb128 0x10
 263 000c 06       		.uleb128 0x6
 264 000d 00       		.byte	0
 265 000e 00       		.byte	0
 266 000f 02       		.uleb128 0x2
 267 0010 16       		.uleb128 0x16
 268 0011 00       		.byte	0
 269 0012 03       		.uleb128 0x3
 270 0013 0E       		.uleb128 0xe
 271 0014 3A       		.uleb128 0x3a
 272 0015 0B       		.uleb128 0xb
 273 0016 3B       		.uleb128 0x3b
 274 0017 0B       		.uleb128 0xb
 275 0018 49       		.uleb128 0x49
 276 0019 13       		.uleb128 0x13
 277 001a 00       		.byte	0
 278 001b 00       		.byte	0
 279 001c 03       		.uleb128 0x3
 280 001d 24       		.uleb128 0x24
 281 001e 00       		.byte	0
 282 001f 0B       		.uleb128 0xb
 283 0020 0B       		.uleb128 0xb
 284 0021 3E       		.uleb128 0x3e
 285 0022 0B       		.uleb128 0xb
GAS LISTING C:\Users\duchu\AppData\Local\Temp\ccCXfung.s 			page 6


 286 0023 03       		.uleb128 0x3
 287 0024 0E       		.uleb128 0xe
 288 0025 00       		.byte	0
 289 0026 00       		.byte	0
 290 0027 04       		.uleb128 0x4
 291 0028 13       		.uleb128 0x13
 292 0029 01       		.byte	0x1
 293 002a 03       		.uleb128 0x3
 294 002b 0E       		.uleb128 0xe
 295 002c 0B       		.uleb128 0xb
 296 002d 0B       		.uleb128 0xb
 297 002e 3A       		.uleb128 0x3a
 298 002f 0B       		.uleb128 0xb
 299 0030 3B       		.uleb128 0x3b
 300 0031 05       		.uleb128 0x5
 301 0032 01       		.uleb128 0x1
 302 0033 13       		.uleb128 0x13
 303 0034 00       		.byte	0
 304 0035 00       		.byte	0
 305 0036 05       		.uleb128 0x5
 306 0037 0D       		.uleb128 0xd
 307 0038 00       		.byte	0
 308 0039 03       		.uleb128 0x3
 309 003a 0E       		.uleb128 0xe
 310 003b 3A       		.uleb128 0x3a
 311 003c 0B       		.uleb128 0xb
 312 003d 3B       		.uleb128 0x3b
 313 003e 05       		.uleb128 0x5
 314 003f 49       		.uleb128 0x49
 315 0040 13       		.uleb128 0x13
 316 0041 38       		.uleb128 0x38
 317 0042 0A       		.uleb128 0xa
 318 0043 00       		.byte	0
 319 0044 00       		.byte	0
 320 0045 06       		.uleb128 0x6
 321 0046 16       		.uleb128 0x16
 322 0047 00       		.byte	0
 323 0048 03       		.uleb128 0x3
 324 0049 0E       		.uleb128 0xe
 325 004a 3A       		.uleb128 0x3a
 326 004b 0B       		.uleb128 0xb
 327 004c 3B       		.uleb128 0x3b
 328 004d 05       		.uleb128 0x5
 329 004e 49       		.uleb128 0x49
 330 004f 13       		.uleb128 0x13
 331 0050 00       		.byte	0
 332 0051 00       		.byte	0
 333 0052 07       		.uleb128 0x7
 334 0053 24       		.uleb128 0x24
 335 0054 00       		.byte	0
 336 0055 0B       		.uleb128 0xb
 337 0056 0B       		.uleb128 0xb
 338 0057 3E       		.uleb128 0x3e
 339 0058 0B       		.uleb128 0xb
 340 0059 03       		.uleb128 0x3
 341 005a 08       		.uleb128 0x8
 342 005b 00       		.byte	0
GAS LISTING C:\Users\duchu\AppData\Local\Temp\ccCXfung.s 			page 7


 343 005c 00       		.byte	0
 344 005d 08       		.uleb128 0x8
 345 005e 34       		.uleb128 0x34
 346 005f 00       		.byte	0
 347 0060 03       		.uleb128 0x3
 348 0061 0E       		.uleb128 0xe
 349 0062 3A       		.uleb128 0x3a
 350 0063 0B       		.uleb128 0xb
 351 0064 3B       		.uleb128 0x3b
 352 0065 0B       		.uleb128 0xb
 353 0066 49       		.uleb128 0x49
 354 0067 13       		.uleb128 0x13
 355 0068 3F       		.uleb128 0x3f
 356 0069 0C       		.uleb128 0xc
 357 006a 02       		.uleb128 0x2
 358 006b 0A       		.uleb128 0xa
 359 006c 00       		.byte	0
 360 006d 00       		.byte	0
 361 006e 00       		.byte	0
 362              		.section	.debug_aranges,"",@progbits
 363 0000 00000014 		.4byte	0x14
 364 0004 0002     		.2byte	0x2
 365 0006 00000000 		.4byte	.Ldebug_info0
 366 000a 04       		.byte	0x4
 367 000b 00       		.byte	0
 368 000c 0000     		.2byte	0
 369 000e 0000     		.2byte	0
 370 0010 00000000 		.4byte	0
 371 0014 00000000 		.4byte	0
 372              		.section	.debug_line,"",@progbits
 373              	.Ldebug_line0:
 374 0000 00000098 		.section	.debug_str,"MS",@progbits,1
 374      00020000 
 374      00920201 
 374      FB0E0D00 
 374      01010101 
 375              	.LASF25:
 376 0000 5353445F 		.string	"SSD_CONFIG"
 376      434F4E46 
 376      494700
 377              	.LASF23:
 378 000b 70726F67 		.string	"programmableSize"
 378      72616D6D 
 378      61626C65 
 378      53697A65 
 378      00
 379              	.LASF19:
 380 001c 68696768 		.string	"highBlockInfo"
 380      426C6F63 
 380      6B496E66 
 380      6F00
 381              	.LASF17:
 382 002a 6C6F7742 		.string	"lowBlockInfo"
 382      6C6F636B 
 382      496E666F 
 382      00
 383              	.LASF11:
GAS LISTING C:\Users\duchu\AppData\Local\Temp\ccCXfung.s 			page 8


 384 0037 6E36344B 		.string	"n64KBlockNum"
 384      426C6F63 
 384      6B4E756D 
 384      00
 385              	.LASF30:
 386 0044 474E5520 		.ascii	"GNU C 4.9.4 20160726 (Sat May 27 11:09:55 CDT 2017      "
 386      4320342E 
 386      392E3420 
 386      32303136 
 386      30373236 
 387 007c 20202062 		.string	"   build.sh rev=gd8b6c20 s=F494 ELe200 -V release_gd8b6c20_build_Fed_ELe200_ML0) -mcall-s
 387      75696C64 
 387      2E736820 
 387      7265763D 
 387      67643862 
 388              	.LASF5:
 389 017d 424F4F4C 		.string	"BOOL"
 389      00
 390              	.LASF28:
 391 0182 756E7369 		.string	"unsigned int"
 391      676E6564 
 391      20696E74 
 391      00
 392              	.LASF13:
 393 018f 5F633535 		.string	"_c55_block_info"
 393      5F626C6F 
 393      636B5F69 
 393      6E666F00 
 394              	.LASF8:
 395 019f 6E384B42 		.string	"n8KBlockNum"
 395      6C6F636B 
 395      4E756D00 
 396              	.LASF1:
 397 01ab 7369676E 		.string	"signed char"
 397      65642063 
 397      68617200 
 398              	.LASF0:
 399 01b7 756E7369 		.string	"unsigned char"
 399      676E6564 
 399      20636861 
 399      7200
 400              	.LASF7:
 401 01c5 6C6F6E67 		.string	"long unsigned int"
 401      20756E73 
 401      69676E65 
 401      6420696E 
 401      7400
 402              	.LASF31:
 403 01d7 2E2F636F 		.string	"./components/eeprom_emulation_driver/cfg/eeprom_lld_cfg.c"
 403      6D706F6E 
 403      656E7473 
 403      2F656570 
 403      726F6D5F 
 404              	.LASF3:
 405 0211 73686F72 		.string	"short unsigned int"
 405      7420756E 
 405      7369676E 
GAS LISTING C:\Users\duchu\AppData\Local\Temp\ccCXfung.s 			page 9


 405      65642069 
 405      6E7400
 406              	.LASF24:
 407 0224 42444D45 		.string	"BDMEnable"
 407      6E61626C 
 407      6500
 408              	.LASF14:
 409 022e 5F633535 		.string	"_c55_ssd_config"
 409      5F737364 
 409      5F636F6E 
 409      66696700 
 410              	.LASF22:
 411 023e 6D61696E 		.string	"mainInterfaceFlag"
 411      496E7465 
 411      72666163 
 411      65466C61 
 411      6700
 412              	.LASF27:
 413 0250 6C6F6E67 		.string	"long long unsigned int"
 413      206C6F6E 
 413      6720756E 
 413      7369676E 
 413      65642069 
 414              	.LASF15:
 415 0267 63353552 		.string	"c55RegBase"
 415      65674261 
 415      736500
 416              	.LASF33:
 417 0272 73736443 		.string	"ssdConfig"
 417      6F6E6669 
 417      6700
 418              	.LASF20:
 419 027c 6E4C6172 		.string	"nLargeBlockNum"
 419      6765426C 
 419      6F636B4E 
 419      756D00
 420              	.LASF29:
 421 028b 73697A65 		.string	"sizetype"
 421      74797065 
 421      00
 422              	.LASF26:
 423 0294 6C6F6E67 		.string	"long long int"
 423      206C6F6E 
 423      6720696E 
 423      7400
 424              	.LASF12:
 425 02a2 424C4F43 		.string	"BLOCK_INFO"
 425      4B5F494E 
 425      464F00
 426              	.LASF6:
 427 02ad 55494E54 		.string	"UINT32"
 427      333200
 428              	.LASF2:
 429 02b4 73686F72 		.string	"short int"
 429      7420696E 
 429      7400
 430              	.LASF32:
GAS LISTING C:\Users\duchu\AppData\Local\Temp\ccCXfung.s 			page 10


 431 02be 443A5C57 		.string	"D:\\Workplace\\KSC_LDC"
 431      6F726B70 
 431      6C616365 
 431      5C4B5343 
 431      5F4C4443 
 432              	.LASF10:
 433 02d3 6E33324B 		.string	"n32KBlockNum"
 433      426C6F63 
 433      6B4E756D 
 433      00
 434              	.LASF4:
 435 02e0 6C6F6E67 		.string	"long int"
 435      20696E74 
 435      00
 436              	.LASF16:
 437 02e9 6D61696E 		.string	"mainArrayBase"
 437      41727261 
 437      79426173 
 437      6500
 438              	.LASF9:
 439 02f7 6E31364B 		.string	"n16KBlockNum"
 439      426C6F63 
 439      6B4E756D 
 439      00
 440              	.LASF21:
 441 0304 75546573 		.string	"uTestArrayBase"
 441      74417272 
 441      61794261 
 441      736500
 442              	.LASF18:
 443 0313 6D696442 		.string	"midBlockInfo"
 443      6C6F636B 
 443      496E666F 
 443      00
 444              		.ident	"GCC: (GNU) 4.9.4 20160726 (Sat May 27 11:09:55 CDT 2017         build.sh rev=gd8b6c20 s=F4
GAS LISTING C:\Users\duchu\AppData\Local\Temp\ccCXfung.s 			page 11


DEFINED SYMBOLS
                            *ABS*:00000000 eeprom_lld_cfg.c
C:\Users\duchu\AppData\Local\Temp\ccCXfung.s:10     .data.ssdConfig:00000000 ssdConfig

NO UNDEFINED SYMBOLS
