GAS LISTING C:\Users\duchu\AppData\Local\Temp\ccOzxwtX.s 			page 1


   1              		.file	"eeprom_lld.c"
   2              		.section	".text","axv"
   3              	.Ltext0:
   4              		.cfi_sections	.debug_frame
   5              		.section	.text.eeprom_lld_flashinit,"axv",@progbits
   6              		.align 1
   7              		.p2align 4,,15
   8              		.globl eeprom_lld_flashinit
   9              		.type	eeprom_lld_flashinit, @function
  10              	eeprom_lld_flashinit:
  11              	.LFB4:
  12              		.file 1 "./components/eeprom_emulation_driver/lib/src/eeprom_lld.c"
  13              		.loc 1 51 0
  14              		.cfi_startproc
  15 0000 182106F8 		e_stwu %r1,-8(%r1)
  16              	.LCFI0:
  17              		.cfi_def_cfa_offset 8
  18 0004 0080     		se_mflr %r0
  19 0006 D301     		se_stw %r0,12(%r1)
  20              		.cfi_offset 65, 4
  21              		.loc 1 53 0
  22 0008 7060E000 		e_lis %r3,ssdConfig@ha
  23 000c 1C630000 		e_la %r3,ssdConfig@l(%r3)
  24 0010 78000001 		e_bl FlashInit
  25              	.LVL0:
  26 0014 7CE300D0 		neg %r7,%r3
  27 0018 4673     		se_and %r3,%r7
  28 001a 7C630034 		cntlzw %r3,%r3
  29 001e 186384E0 		e_addi %r3,%r3,-32
  30              		.loc 1 58 0
  31 0022 69F3     		se_srwi %r3,31
  32 0024 C301     		se_lwz %r0,12(%r1)
  33 0026 0090     		se_mtlr %r0
  34              		.cfi_restore 65
  35 0028 2071     		se_addi %r1,8
  36              	.LCFI1:
  37              		.cfi_def_cfa_offset 0
  38 002a 0004     		se_blr
  39              		.cfi_endproc
  40              	.LFE4:
  41              		.size	eeprom_lld_flashinit, .-eeprom_lld_flashinit
  42              		.section	.text.eeprom_lld_unlock,"axv",@progbits
  43              		.align 1
  44              		.p2align 4,,15
  45              		.globl eeprom_lld_unlock
  46              		.type	eeprom_lld_unlock, @function
  47              	eeprom_lld_unlock:
  48              	.LFB5:
  49              		.loc 1 73 0
  50              		.cfi_startproc
  51              	.LVL1:
  52 0000 182106F8 		e_stwu %r1,-8(%r1)
  53              	.LCFI2:
  54              		.cfi_def_cfa_offset 8
  55 0004 0080     		se_mflr %r0
  56 0006 D301     		se_stw %r0,12(%r1)
  57              		.cfi_offset 65, 4
GAS LISTING C:\Users\duchu\AppData\Local\Temp\ccOzxwtX.s 			page 2


  58              		.loc 1 80 0
  59 0008 7060E000 		e_lis %r3,ssdConfig@ha
  60              	.LVL2:
  61 000c 1C630000 		e_la %r3,ssdConfig@l(%r3)
  62 0010 4824     		se_li %r4,2
  63              	.LVL3:
  64 0012 4805     		se_li %r5,0
  65 0014 78000001 		e_bl SetLock
  66              	.LVL4:
  67              		.loc 1 81 0
  68 0018 2A03     		se_cmpi %r3,0
  69              		.loc 1 85 0
  70 001a 4827     		se_li %r7,2
  71 001c 7C63389E 		isel %r3,%r3,%r7,2
  72 0020 C301     		se_lwz %r0,12(%r1)
  73 0022 0090     		se_mtlr %r0
  74              		.cfi_restore 65
  75 0024 2071     		se_addi %r1,8
  76              	.LCFI3:
  77              		.cfi_def_cfa_offset 0
  78 0026 0004     		se_blr
  79              		.cfi_endproc
  80              	.LFE5:
  81              		.size	eeprom_lld_unlock, .-eeprom_lld_unlock
  82              		.section	.text.eeprom_lld_flasherase,"axv",@progbits
  83              		.align 1
  84              		.p2align 4,,15
  85              		.globl eeprom_lld_flasherase
  86              		.type	eeprom_lld_flasherase, @function
  87              	eeprom_lld_flasherase:
  88              	.LFB6:
  89              		.loc 1 98 0
  90              		.cfi_startproc
  91              	.LVL5:
  92 0000 182106B8 		e_stwu %r1,-72(%r1)
  93              	.LCFI4:
  94              		.cfi_def_cfa_offset 72
  95 0004 0080     		se_mflr %r0
  96 0006 5401004C 		e_stw %r0,76(%r1)
  97 000a 1BC10940 		e_stmw %r30,64(%r1)
  98              		.cfi_offset 65, 4
  99              		.cfi_offset 30, -8
 100              		.cfi_offset 31, -4
 101              	.LVL6:
 102              		.loc 1 116 0
 103 000e 4807     		se_li %r7,0
 104              	.LVL7:
 105              		.loc 1 120 0
 106 0010 DE71     		se_stw %r7,56(%r1)
 107 0012 DF71     		se_stw %r7,60(%r1)
 108              		.loc 1 115 0
 109 0014 4817     		se_li %r7,1
 110 0016 4237     		se_slw %r7, %r3
 111              		.loc 1 120 0
 112 0018 7060E000 		e_lis %r3,ssdConfig@ha
 113              	.LVL8:
 114 001c 1C630000 		e_la %r3,ssdConfig@l(%r3)
GAS LISTING C:\Users\duchu\AppData\Local\Temp\ccOzxwtX.s 			page 3


 115 0020 4804     		se_li %r4,0
 116              	.LVL9:
 117 0022 4805     		se_li %r5,0
 118 0024 4806     		se_li %r6,0
 119 0026 19018038 		e_addi %r8,%r1,56
 120 002a 78000001 		e_bl FlashErase
 121              	.LVL10:
 122              		.loc 1 122 0
 123 002e 4847     		se_li %r7,4
 124              		.loc 1 121 0
 125 0030 2A03     		se_cmpi %r3,0
 126 0032 7A02002E 		e_bne %cr0,.L6
 127              		.loc 1 126 0 discriminator 1
 128 0036 73E0E000 		e_lis %r31,ssdConfig@ha
 129 003a 1FFF0000 		e_la %r31,ssdConfig@l(%r31)
 130 003e 62EE     		se_bgeni %r30,14
 131              	.LVL11:
 132              	.L10:
 133 0040 01F3     		se_mr %r3,%r31
 134 0042 4814     		se_li %r4,1
 135 0044 18A18008 		e_addi %r5,%r1,8
 136 0048 18C1800C 		e_addi %r6,%r1,12
 137 004c 78000001 		e_bl FlashCheckStatus
 138              	.LVL12:
 139 0050 0CE3     		se_cmp %r3,%r30
 140 0052 7A12FFEE 		e_beq %cr0,.L10
 141              		.loc 1 128 0
 142 0056 C271     		se_lwz %r7,8(%r1)
 143              		.loc 1 129 0
 144 0058 2A07     		se_cmpi %r7,0
 145 005a 4846     		se_li %r6,4
 146 005c 7CE7309E 		isel %r7,%r7,%r6,2
 147              	.L6:
 148              		.loc 1 134 0
 149 0060 0173     		se_mr %r3,%r7
 150 0062 5001004C 		e_lwz %r0,76(%r1)
 151 0066 0090     		se_mtlr %r0
 152              		.cfi_restore 65
 153 0068 1BC10840 		e_lmw %r30,64(%r1)
 154 006c 18218048 		e_addi %r1,%r1,72
 155              	.LCFI5:
 156              		.cfi_restore 31
 157              		.cfi_restore 30
 158              		.cfi_def_cfa_offset 0
 159 0070 0004     		se_blr
 160              		.cfi_endproc
 161              	.LFE6:
 162              		.size	eeprom_lld_flasherase, .-eeprom_lld_flasherase
 163              		.section	.text.eeprom_lld_flashprogram64,"axv",@progbits
 164              		.align 1
 165              		.p2align 4,,15
 166              		.globl eeprom_lld_flashprogram64
 167              		.type	eeprom_lld_flashprogram64, @function
 168              	eeprom_lld_flashprogram64:
 169              	.LFB7:
 170              		.loc 1 147 0
 171              		.cfi_startproc
GAS LISTING C:\Users\duchu\AppData\Local\Temp\ccOzxwtX.s 			page 4


 172              	.LVL13:
 173 0000 182106B8 		e_stwu %r1,-72(%r1)
 174              	.LCFI6:
 175              		.cfi_def_cfa_offset 72
 176 0004 0080     		se_mflr %r0
 177 0006 5401004C 		e_stw %r0,76(%r1)
 178 000a 1BC10940 		e_stmw %r30,64(%r1)
 179              		.cfi_offset 65, 4
 180              		.cfi_offset 30, -8
 181              		.cfi_offset 31, -4
 182 000e 0137     		se_mr %r7,%r3
 183 0010 DE51     		se_stw %r5,56(%r1)
 184 0012 DF61     		se_stw %r6,60(%r1)
 185              	.LVL14:
 186              		.loc 1 155 0
 187 0014 7060E000 		e_lis %r3,ssdConfig@ha
 188              	.LVL15:
 189 0018 1C630000 		e_la %r3,ssdConfig@l(%r3)
 190 001c 4804     		se_li %r4,0
 191 001e 0175     		se_mr %r5,%r7
 192              	.LVL16:
 193 0020 4886     		se_li %r6,8
 194 0022 18E18038 		e_addi %r7,%r1,56
 195              	.LVL17:
 196 0026 1901800C 		e_addi %r8,%r1,12
 197 002a 78000001 		e_bl FlashProgram
 198              	.LVL18:
 199              		.loc 1 167 0
 200 002e 4887     		se_li %r7,8
 201              		.loc 1 156 0
 202 0030 2A03     		se_cmpi %r3,0
 203 0032 7A02002E 		e_bne %cr0,.L13
 204              		.loc 1 158 0 discriminator 1
 205 0036 73E0E000 		e_lis %r31,ssdConfig@ha
 206 003a 1FFF0000 		e_la %r31,ssdConfig@l(%r31)
 207 003e 62EE     		se_bgeni %r30,14
 208              	.LVL19:
 209              	.L17:
 210 0040 01F3     		se_mr %r3,%r31
 211 0042 4804     		se_li %r4,0
 212 0044 18A18008 		e_addi %r5,%r1,8
 213 0048 18C1800C 		e_addi %r6,%r1,12
 214 004c 78000001 		e_bl FlashCheckStatus
 215              	.LVL20:
 216 0050 0CE3     		se_cmp %r3,%r30
 217 0052 7A12FFEE 		e_beq %cr0,.L17
 218              		.loc 1 161 0
 219 0056 C271     		se_lwz %r7,8(%r1)
 220              		.loc 1 162 0
 221 0058 2A07     		se_cmpi %r7,0
 222 005a 4886     		se_li %r6,8
 223 005c 7CE7309E 		isel %r7,%r7,%r6,2
 224              	.L13:
 225              		.loc 1 172 0
 226 0060 0173     		se_mr %r3,%r7
 227 0062 5001004C 		e_lwz %r0,76(%r1)
 228 0066 0090     		se_mtlr %r0
GAS LISTING C:\Users\duchu\AppData\Local\Temp\ccOzxwtX.s 			page 5


 229              		.cfi_restore 65
 230 0068 1BC10840 		e_lmw %r30,64(%r1)
 231 006c 18218048 		e_addi %r1,%r1,72
 232              	.LCFI7:
 233              		.cfi_restore 31
 234              		.cfi_restore 30
 235              		.cfi_def_cfa_offset 0
 236              	.LVL21:
 237 0070 0004     		se_blr
 238              		.cfi_endproc
 239              	.LFE7:
 240              		.size	eeprom_lld_flashprogram64, .-eeprom_lld_flashprogram64
 241              		.section	.text.eeprom_lld_blankcheck,"axv",@progbits
 242              		.align 1
 243              		.p2align 4,,15
 244              		.globl eeprom_lld_blankcheck
 245              		.type	eeprom_lld_blankcheck, @function
 246              	eeprom_lld_blankcheck:
 247              	.LFB8:
 248              		.loc 1 185 0
 249              		.cfi_startproc
 250              	.LVL22:
 251 0000 182106C8 		e_stwu %r1,-56(%r1)
 252              	.LCFI8:
 253              		.cfi_def_cfa_offset 56
 254 0004 0080     		se_mflr %r0
 255 0006 DF01     		se_stw %r0,60(%r1)
 256              		.cfi_offset 65, 4
 257 0008 0137     		se_mr %r7,%r3
 258 000a 0145     		se_mr %r5,%r4
 259              		.loc 1 191 0
 260 000c 7060E000 		e_lis %r3,ssdConfig@ha
 261              	.LVL23:
 262 0010 1C630000 		e_la %r3,ssdConfig@l(%r3)
 263 0014 0174     		se_mr %r4,%r7
 264              	.LVL24:
 265 0016 18C18008 		e_addi %r6,%r1,8
 266 001a 18E1800C 		e_addi %r7,%r1,12
 267              	.LVL25:
 268 001e 19018010 		e_addi %r8,%r1,16
 269 0022 78000001 		e_bl BlankCheck
 270              	.LVL26:
 271              		.loc 1 197 0
 272 0026 2A03     		se_cmpi %r3,0
 273 0028 4907     		se_li %r7,16
 274 002a 7C60389E 		isel %r3,0,%r7,2
 275              	.LVL27:
 276              		.loc 1 198 0
 277 002e CF01     		se_lwz %r0,60(%r1)
 278 0030 0090     		se_mtlr %r0
 279              		.cfi_restore 65
 280 0032 18218038 		e_addi %r1,%r1,56
 281              	.LCFI9:
 282              		.cfi_def_cfa_offset 0
 283 0036 0004     		se_blr
 284              		.cfi_endproc
 285              	.LFE8:
GAS LISTING C:\Users\duchu\AppData\Local\Temp\ccOzxwtX.s 			page 6


 286              		.size	eeprom_lld_blankcheck, .-eeprom_lld_blankcheck
 287              		.section	".text","axv"
 288              	.Letext0:
 289              		.file 2 "./components/flash_driver/lib/include/ssd_types.h"
 290              		.file 3 "./components/flash_driver/lib/include/ssd_c55.h"
 291              		.file 4 "c:\\spc5studio\\eclipse\\plugins\\com.st.tools.spc5.tools.gnu.gcc.ppcvle.win32_4.9.4.2019
 292              		.file 5 "c:\\spc5studio\\eclipse\\plugins\\com.st.tools.spc5.tools.gnu.gcc.ppcvle.win32_4.9.4.2019
 293              		.file 6 "./components/eeprom_emulation_driver/cfg/eeprom_lld_cfg.h"
 294              		.section	.debug_info,"",@progbits
 295              	.Ldebug_info0:
 296 0000 0000074A 		.4byte	0x74a
 297 0004 0002     		.2byte	0x2
 298 0006 00000000 		.4byte	.Ldebug_abbrev0
 299 000a 04       		.byte	0x4
 300 000b 01       		.uleb128 0x1
 301 000c 00000000 		.4byte	.LASF81
 302 0010 01       		.byte	0x1
 303 0011 00000000 		.4byte	.LASF82
 304 0015 00000000 		.4byte	.LASF83
 305 0019 00000000 		.4byte	.Ldebug_ranges0+0
 306 001d 00000000 		.4byte	0
 307 0021 00000000 		.4byte	0
 308 0025 00000000 		.4byte	.Ldebug_line0
 309 0029 02       		.uleb128 0x2
 310 002a 08       		.byte	0x8
 311 002b 07       		.byte	0x7
 312 002c 00000000 		.4byte	.LASF0
 313 0030 03       		.uleb128 0x3
 314 0031 00000000 		.4byte	.LASF3
 315 0035 02       		.byte	0x2
 316 0036 24       		.byte	0x24
 317 0037 0000003B 		.4byte	0x3b
 318 003b 02       		.uleb128 0x2
 319 003c 01       		.byte	0x1
 320 003d 08       		.byte	0x8
 321 003e 00000000 		.4byte	.LASF1
 322 0042 02       		.uleb128 0x2
 323 0043 01       		.byte	0x1
 324 0044 06       		.byte	0x6
 325 0045 00000000 		.4byte	.LASF2
 326 0049 03       		.uleb128 0x3
 327 004a 00000000 		.4byte	.LASF4
 328 004e 02       		.byte	0x2
 329 004f 27       		.byte	0x27
 330 0050 0000003B 		.4byte	0x3b
 331 0054 02       		.uleb128 0x2
 332 0055 02       		.byte	0x2
 333 0056 05       		.byte	0x5
 334 0057 00000000 		.4byte	.LASF5
 335 005b 02       		.uleb128 0x2
 336 005c 02       		.byte	0x2
 337 005d 07       		.byte	0x7
 338 005e 00000000 		.4byte	.LASF6
 339 0062 02       		.uleb128 0x2
 340 0063 04       		.byte	0x4
 341 0064 05       		.byte	0x5
 342 0065 00000000 		.4byte	.LASF7
GAS LISTING C:\Users\duchu\AppData\Local\Temp\ccOzxwtX.s 			page 7


 343 0069 03       		.uleb128 0x3
 344 006a 00000000 		.4byte	.LASF8
 345 006e 02       		.byte	0x2
 346 006f 31       		.byte	0x31
 347 0070 00000074 		.4byte	0x74
 348 0074 02       		.uleb128 0x2
 349 0075 04       		.byte	0x4
 350 0076 07       		.byte	0x7
 351 0077 00000000 		.4byte	.LASF9
 352 007b 04       		.uleb128 0x4
 353 007c 00000000 		.4byte	.LASF15
 354 0080 10       		.byte	0x10
 355 0081 03       		.byte	0x3
 356 0082 0122     		.2byte	0x122
 357 0084 000000C5 		.4byte	0xc5
 358 0088 05       		.uleb128 0x5
 359 0089 00000000 		.4byte	.LASF10
 360 008d 03       		.byte	0x3
 361 008e 0124     		.2byte	0x124
 362 0090 00000069 		.4byte	0x69
 363 0094 02       		.byte	0x2
 364 0095 23       		.byte	0x23
 365 0096 00       		.uleb128 0
 366 0097 05       		.uleb128 0x5
 367 0098 00000000 		.4byte	.LASF11
 368 009c 03       		.byte	0x3
 369 009d 0125     		.2byte	0x125
 370 009f 00000069 		.4byte	0x69
 371 00a3 02       		.byte	0x2
 372 00a4 23       		.byte	0x23
 373 00a5 04       		.uleb128 0x4
 374 00a6 05       		.uleb128 0x5
 375 00a7 00000000 		.4byte	.LASF12
 376 00ab 03       		.byte	0x3
 377 00ac 0126     		.2byte	0x126
 378 00ae 00000069 		.4byte	0x69
 379 00b2 02       		.byte	0x2
 380 00b3 23       		.byte	0x23
 381 00b4 08       		.uleb128 0x8
 382 00b5 05       		.uleb128 0x5
 383 00b6 00000000 		.4byte	.LASF13
 384 00ba 03       		.byte	0x3
 385 00bb 0127     		.2byte	0x127
 386 00bd 00000069 		.4byte	0x69
 387 00c1 02       		.byte	0x2
 388 00c2 23       		.byte	0x23
 389 00c3 0C       		.uleb128 0xc
 390 00c4 00       		.byte	0
 391 00c5 06       		.uleb128 0x6
 392 00c6 00000000 		.4byte	.LASF14
 393 00ca 03       		.byte	0x3
 394 00cb 0128     		.2byte	0x128
 395 00cd 0000007B 		.4byte	0x7b
 396 00d1 04       		.uleb128 0x4
 397 00d2 00000000 		.4byte	.LASF16
 398 00d6 4C       		.byte	0x4c
 399 00d7 03       		.byte	0x3
GAS LISTING C:\Users\duchu\AppData\Local\Temp\ccOzxwtX.s 			page 8


 400 00d8 012B     		.2byte	0x12b
 401 00da 00000175 		.4byte	0x175
 402 00de 05       		.uleb128 0x5
 403 00df 00000000 		.4byte	.LASF17
 404 00e3 03       		.byte	0x3
 405 00e4 012D     		.2byte	0x12d
 406 00e6 00000069 		.4byte	0x69
 407 00ea 02       		.byte	0x2
 408 00eb 23       		.byte	0x23
 409 00ec 00       		.uleb128 0
 410 00ed 05       		.uleb128 0x5
 411 00ee 00000000 		.4byte	.LASF18
 412 00f2 03       		.byte	0x3
 413 00f3 012E     		.2byte	0x12e
 414 00f5 00000069 		.4byte	0x69
 415 00f9 02       		.byte	0x2
 416 00fa 23       		.byte	0x23
 417 00fb 04       		.uleb128 0x4
 418 00fc 05       		.uleb128 0x5
 419 00fd 00000000 		.4byte	.LASF19
 420 0101 03       		.byte	0x3
 421 0102 012F     		.2byte	0x12f
 422 0104 000000C5 		.4byte	0xc5
 423 0108 02       		.byte	0x2
 424 0109 23       		.byte	0x23
 425 010a 08       		.uleb128 0x8
 426 010b 05       		.uleb128 0x5
 427 010c 00000000 		.4byte	.LASF20
 428 0110 03       		.byte	0x3
 429 0111 0130     		.2byte	0x130
 430 0113 000000C5 		.4byte	0xc5
 431 0117 02       		.byte	0x2
 432 0118 23       		.byte	0x23
 433 0119 18       		.uleb128 0x18
 434 011a 05       		.uleb128 0x5
 435 011b 00000000 		.4byte	.LASF21
 436 011f 03       		.byte	0x3
 437 0120 0131     		.2byte	0x131
 438 0122 000000C5 		.4byte	0xc5
 439 0126 02       		.byte	0x2
 440 0127 23       		.byte	0x23
 441 0128 28       		.uleb128 0x28
 442 0129 05       		.uleb128 0x5
 443 012a 00000000 		.4byte	.LASF22
 444 012e 03       		.byte	0x3
 445 012f 0132     		.2byte	0x132
 446 0131 00000069 		.4byte	0x69
 447 0135 02       		.byte	0x2
 448 0136 23       		.byte	0x23
 449 0137 38       		.uleb128 0x38
 450 0138 05       		.uleb128 0x5
 451 0139 00000000 		.4byte	.LASF23
 452 013d 03       		.byte	0x3
 453 013e 0133     		.2byte	0x133
 454 0140 00000069 		.4byte	0x69
 455 0144 02       		.byte	0x2
 456 0145 23       		.byte	0x23
GAS LISTING C:\Users\duchu\AppData\Local\Temp\ccOzxwtX.s 			page 9


 457 0146 3C       		.uleb128 0x3c
 458 0147 05       		.uleb128 0x5
 459 0148 00000000 		.4byte	.LASF24
 460 014c 03       		.byte	0x3
 461 014d 0134     		.2byte	0x134
 462 014f 00000030 		.4byte	0x30
 463 0153 02       		.byte	0x2
 464 0154 23       		.byte	0x23
 465 0155 40       		.uleb128 0x40
 466 0156 05       		.uleb128 0x5
 467 0157 00000000 		.4byte	.LASF25
 468 015b 03       		.byte	0x3
 469 015c 0135     		.2byte	0x135
 470 015e 00000069 		.4byte	0x69
 471 0162 02       		.byte	0x2
 472 0163 23       		.byte	0x23
 473 0164 44       		.uleb128 0x44
 474 0165 05       		.uleb128 0x5
 475 0166 00000000 		.4byte	.LASF26
 476 016a 03       		.byte	0x3
 477 016b 0136     		.2byte	0x136
 478 016d 00000030 		.4byte	0x30
 479 0171 02       		.byte	0x2
 480 0172 23       		.byte	0x23
 481 0173 48       		.uleb128 0x48
 482 0174 00       		.byte	0
 483 0175 06       		.uleb128 0x6
 484 0176 00000000 		.4byte	.LASF27
 485 017a 03       		.byte	0x3
 486 017b 0137     		.2byte	0x137
 487 017d 000000D1 		.4byte	0xd1
 488 0181 06       		.uleb128 0x6
 489 0182 00000000 		.4byte	.LASF28
 490 0186 03       		.byte	0x3
 491 0187 0137     		.2byte	0x137
 492 0189 0000018D 		.4byte	0x18d
 493 018d 07       		.uleb128 0x7
 494 018e 04       		.byte	0x4
 495 018f 000000D1 		.4byte	0xd1
 496 0193 04       		.uleb128 0x4
 497 0194 00000000 		.4byte	.LASF29
 498 0198 28       		.byte	0x28
 499 0199 03       		.byte	0x3
 500 019a 013A     		.2byte	0x13a
 501 019c 0000022D 		.4byte	0x22d
 502 01a0 08       		.uleb128 0x8
 503 01a1 573000   		.string	"W0"
 504 01a4 03       		.byte	0x3
 505 01a5 013C     		.2byte	0x13c
 506 01a7 00000069 		.4byte	0x69
 507 01ab 02       		.byte	0x2
 508 01ac 23       		.byte	0x23
 509 01ad 00       		.uleb128 0
 510 01ae 08       		.uleb128 0x8
 511 01af 573100   		.string	"W1"
 512 01b2 03       		.byte	0x3
 513 01b3 013D     		.2byte	0x13d
GAS LISTING C:\Users\duchu\AppData\Local\Temp\ccOzxwtX.s 			page 10


 514 01b5 00000069 		.4byte	0x69
 515 01b9 02       		.byte	0x2
 516 01ba 23       		.byte	0x23
 517 01bb 04       		.uleb128 0x4
 518 01bc 08       		.uleb128 0x8
 519 01bd 573200   		.string	"W2"
 520 01c0 03       		.byte	0x3
 521 01c1 013E     		.2byte	0x13e
 522 01c3 00000069 		.4byte	0x69
 523 01c7 02       		.byte	0x2
 524 01c8 23       		.byte	0x23
 525 01c9 08       		.uleb128 0x8
 526 01ca 08       		.uleb128 0x8
 527 01cb 573300   		.string	"W3"
 528 01ce 03       		.byte	0x3
 529 01cf 013F     		.2byte	0x13f
 530 01d1 00000069 		.4byte	0x69
 531 01d5 02       		.byte	0x2
 532 01d6 23       		.byte	0x23
 533 01d7 0C       		.uleb128 0xc
 534 01d8 08       		.uleb128 0x8
 535 01d9 573400   		.string	"W4"
 536 01dc 03       		.byte	0x3
 537 01dd 0140     		.2byte	0x140
 538 01df 00000069 		.4byte	0x69
 539 01e3 02       		.byte	0x2
 540 01e4 23       		.byte	0x23
 541 01e5 10       		.uleb128 0x10
 542 01e6 08       		.uleb128 0x8
 543 01e7 573500   		.string	"W5"
 544 01ea 03       		.byte	0x3
 545 01eb 0141     		.2byte	0x141
 546 01ed 00000069 		.4byte	0x69
 547 01f1 02       		.byte	0x2
 548 01f2 23       		.byte	0x23
 549 01f3 14       		.uleb128 0x14
 550 01f4 08       		.uleb128 0x8
 551 01f5 573600   		.string	"W6"
 552 01f8 03       		.byte	0x3
 553 01f9 0142     		.2byte	0x142
 554 01fb 00000069 		.4byte	0x69
 555 01ff 02       		.byte	0x2
 556 0200 23       		.byte	0x23
 557 0201 18       		.uleb128 0x18
 558 0202 08       		.uleb128 0x8
 559 0203 573700   		.string	"W7"
 560 0206 03       		.byte	0x3
 561 0207 0143     		.2byte	0x143
 562 0209 00000069 		.4byte	0x69
 563 020d 02       		.byte	0x2
 564 020e 23       		.byte	0x23
 565 020f 1C       		.uleb128 0x1c
 566 0210 08       		.uleb128 0x8
 567 0211 573800   		.string	"W8"
 568 0214 03       		.byte	0x3
 569 0215 0144     		.2byte	0x144
 570 0217 00000069 		.4byte	0x69
GAS LISTING C:\Users\duchu\AppData\Local\Temp\ccOzxwtX.s 			page 11


 571 021b 02       		.byte	0x2
 572 021c 23       		.byte	0x23
 573 021d 20       		.uleb128 0x20
 574 021e 08       		.uleb128 0x8
 575 021f 573900   		.string	"W9"
 576 0222 03       		.byte	0x3
 577 0223 0145     		.2byte	0x145
 578 0225 00000069 		.4byte	0x69
 579 0229 02       		.byte	0x2
 580 022a 23       		.byte	0x23
 581 022b 24       		.uleb128 0x24
 582 022c 00       		.byte	0
 583 022d 06       		.uleb128 0x6
 584 022e 00000000 		.4byte	.LASF30
 585 0232 03       		.byte	0x3
 586 0233 0146     		.2byte	0x146
 587 0235 00000239 		.4byte	0x239
 588 0239 07       		.uleb128 0x7
 589 023a 04       		.byte	0x4
 590 023b 00000193 		.4byte	0x193
 591 023f 04       		.uleb128 0x4
 592 0240 00000000 		.4byte	.LASF31
 593 0244 24       		.byte	0x24
 594 0245 03       		.byte	0x3
 595 0246 0149     		.2byte	0x149
 596 0248 000002D4 		.4byte	0x2d4
 597 024c 05       		.uleb128 0x5
 598 024d 00000000 		.4byte	.LASF32
 599 0251 03       		.byte	0x3
 600 0252 014B     		.2byte	0x14b
 601 0254 00000069 		.4byte	0x69
 602 0258 02       		.byte	0x2
 603 0259 23       		.byte	0x23
 604 025a 00       		.uleb128 0
 605 025b 05       		.uleb128 0x5
 606 025c 00000000 		.4byte	.LASF33
 607 0260 03       		.byte	0x3
 608 0261 014C     		.2byte	0x14c
 609 0263 00000069 		.4byte	0x69
 610 0267 02       		.byte	0x2
 611 0268 23       		.byte	0x23
 612 0269 04       		.uleb128 0x4
 613 026a 05       		.uleb128 0x5
 614 026b 00000000 		.4byte	.LASF34
 615 026f 03       		.byte	0x3
 616 0270 014D     		.2byte	0x14d
 617 0272 00000069 		.4byte	0x69
 618 0276 02       		.byte	0x2
 619 0277 23       		.byte	0x23
 620 0278 08       		.uleb128 0x8
 621 0279 05       		.uleb128 0x5
 622 027a 00000000 		.4byte	.LASF35
 623 027e 03       		.byte	0x3
 624 027f 014E     		.2byte	0x14e
 625 0281 000002D4 		.4byte	0x2d4
 626 0285 02       		.byte	0x2
 627 0286 23       		.byte	0x23
GAS LISTING C:\Users\duchu\AppData\Local\Temp\ccOzxwtX.s 			page 12


 628 0287 0C       		.uleb128 0xc
 629 0288 05       		.uleb128 0x5
 630 0289 00000000 		.4byte	.LASF36
 631 028d 03       		.byte	0x3
 632 028e 014F     		.2byte	0x14f
 633 0290 000002D4 		.4byte	0x2d4
 634 0294 02       		.byte	0x2
 635 0295 23       		.byte	0x23
 636 0296 10       		.uleb128 0x10
 637 0297 05       		.uleb128 0x5
 638 0298 00000000 		.4byte	.LASF37
 639 029c 03       		.byte	0x3
 640 029d 0150     		.2byte	0x150
 641 029f 000002D4 		.4byte	0x2d4
 642 02a3 02       		.byte	0x2
 643 02a4 23       		.byte	0x23
 644 02a5 14       		.uleb128 0x14
 645 02a6 05       		.uleb128 0x5
 646 02a7 00000000 		.4byte	.LASF38
 647 02ab 03       		.byte	0x3
 648 02ac 0151     		.2byte	0x151
 649 02ae 000002D4 		.4byte	0x2d4
 650 02b2 02       		.byte	0x2
 651 02b3 23       		.byte	0x23
 652 02b4 18       		.uleb128 0x18
 653 02b5 05       		.uleb128 0x5
 654 02b6 00000000 		.4byte	.LASF39
 655 02ba 03       		.byte	0x3
 656 02bb 0152     		.2byte	0x152
 657 02bd 0000022D 		.4byte	0x22d
 658 02c1 02       		.byte	0x2
 659 02c2 23       		.byte	0x23
 660 02c3 1C       		.uleb128 0x1c
 661 02c4 05       		.uleb128 0x5
 662 02c5 00000000 		.4byte	.LASF40
 663 02c9 03       		.byte	0x3
 664 02ca 0153     		.2byte	0x153
 665 02cc 000002DA 		.4byte	0x2da
 666 02d0 02       		.byte	0x2
 667 02d1 23       		.byte	0x23
 668 02d2 20       		.uleb128 0x20
 669 02d3 00       		.byte	0
 670 02d4 07       		.uleb128 0x7
 671 02d5 04       		.byte	0x4
 672 02d6 00000069 		.4byte	0x69
 673 02da 09       		.uleb128 0x9
 674 02db 04       		.byte	0x4
 675 02dc 06       		.uleb128 0x6
 676 02dd 00000000 		.4byte	.LASF41
 677 02e1 03       		.byte	0x3
 678 02e2 0154     		.2byte	0x154
 679 02e4 0000023F 		.4byte	0x23f
 680 02e8 06       		.uleb128 0x6
 681 02e9 00000000 		.4byte	.LASF42
 682 02ed 03       		.byte	0x3
 683 02ee 0154     		.2byte	0x154
 684 02f0 000002F4 		.4byte	0x2f4
GAS LISTING C:\Users\duchu\AppData\Local\Temp\ccOzxwtX.s 			page 13


 685 02f4 07       		.uleb128 0x7
 686 02f5 04       		.byte	0x4
 687 02f6 0000023F 		.4byte	0x23f
 688 02fa 04       		.uleb128 0x4
 689 02fb 00000000 		.4byte	.LASF43
 690 02ff 08       		.byte	0x8
 691 0300 03       		.byte	0x3
 692 0301 0157     		.2byte	0x157
 693 0303 00000326 		.4byte	0x326
 694 0307 05       		.uleb128 0x5
 695 0308 00000000 		.4byte	.LASF44
 696 030c 03       		.byte	0x3
 697 030d 0159     		.2byte	0x159
 698 030f 00000069 		.4byte	0x69
 699 0313 02       		.byte	0x2
 700 0314 23       		.byte	0x23
 701 0315 00       		.uleb128 0
 702 0316 05       		.uleb128 0x5
 703 0317 00000000 		.4byte	.LASF45
 704 031b 03       		.byte	0x3
 705 031c 015A     		.2byte	0x15a
 706 031e 00000069 		.4byte	0x69
 707 0322 02       		.byte	0x2
 708 0323 23       		.byte	0x23
 709 0324 04       		.uleb128 0x4
 710 0325 00       		.byte	0
 711 0326 06       		.uleb128 0x6
 712 0327 00000000 		.4byte	.LASF46
 713 032b 03       		.byte	0x3
 714 032c 015B     		.2byte	0x15b
 715 032e 000002FA 		.4byte	0x2fa
 716 0332 03       		.uleb128 0x3
 717 0333 00000000 		.4byte	.LASF47
 718 0337 04       		.byte	0x4
 719 0338 1D       		.byte	0x1d
 720 0339 0000003B 		.4byte	0x3b
 721 033d 03       		.uleb128 0x3
 722 033e 00000000 		.4byte	.LASF48
 723 0342 04       		.byte	0x4
 724 0343 41       		.byte	0x41
 725 0344 00000074 		.4byte	0x74
 726 0348 02       		.uleb128 0x2
 727 0349 08       		.byte	0x8
 728 034a 05       		.byte	0x5
 729 034b 00000000 		.4byte	.LASF49
 730 034f 03       		.uleb128 0x3
 731 0350 00000000 		.4byte	.LASF50
 732 0354 04       		.byte	0x4
 733 0355 5B       		.byte	0x5b
 734 0356 00000029 		.4byte	0x29
 735 035a 0A       		.uleb128 0xa
 736 035b 04       		.byte	0x4
 737 035c 05       		.byte	0x5
 738 035d 696E7400 		.string	"int"
 739 0361 02       		.uleb128 0x2
 740 0362 04       		.byte	0x4
 741 0363 07       		.byte	0x7
GAS LISTING C:\Users\duchu\AppData\Local\Temp\ccOzxwtX.s 			page 14


 742 0364 00000000 		.4byte	.LASF51
 743 0368 03       		.uleb128 0x3
 744 0369 00000000 		.4byte	.LASF52
 745 036d 05       		.byte	0x5
 746 036e 15       		.byte	0x15
 747 036f 00000332 		.4byte	0x332
 748 0373 03       		.uleb128 0x3
 749 0374 00000000 		.4byte	.LASF53
 750 0378 05       		.byte	0x5
 751 0379 2D       		.byte	0x2d
 752 037a 0000033D 		.4byte	0x33d
 753 037e 03       		.uleb128 0x3
 754 037f 00000000 		.4byte	.LASF54
 755 0383 05       		.byte	0x5
 756 0384 39       		.byte	0x39
 757 0385 0000034F 		.4byte	0x34f
 758 0389 02       		.uleb128 0x2
 759 038a 04       		.byte	0x4
 760 038b 07       		.byte	0x7
 761 038c 00000000 		.4byte	.LASF55
 762 0390 0B       		.uleb128 0xb
 763 0391 01       		.byte	0x1
 764 0392 00000000 		.4byte	.LASF56
 765 0396 01       		.byte	0x1
 766 0397 33       		.byte	0x33
 767 0398 01       		.byte	0x1
 768 0399 00000373 		.4byte	0x373
 769 039d 00000000 		.4byte	.LFB4
 770 03a1 00000000 		.4byte	.LFE4
 771 03a5 00000000 		.4byte	.LLST0
 772 03a9 01       		.byte	0x1
 773 03aa 000003B8 		.4byte	0x3b8
 774 03ae 0C       		.uleb128 0xc
 775 03af 00000000 		.4byte	.LVL0
 776 03b3 00000657 		.4byte	0x657
 777 03b7 00       		.byte	0
 778 03b8 0B       		.uleb128 0xb
 779 03b9 01       		.byte	0x1
 780 03ba 00000000 		.4byte	.LASF57
 781 03be 01       		.byte	0x1
 782 03bf 49       		.byte	0x49
 783 03c0 01       		.byte	0x1
 784 03c1 00000373 		.4byte	0x373
 785 03c5 00000000 		.4byte	.LFB5
 786 03c9 00000000 		.4byte	.LFE5
 787 03cd 00000000 		.4byte	.LLST1
 788 03d1 01       		.byte	0x1
 789 03d2 00000409 		.4byte	0x409
 790 03d6 0D       		.uleb128 0xd
 791 03d7 00000000 		.4byte	.LASF58
 792 03db 01       		.byte	0x1
 793 03dc 49       		.byte	0x49
 794 03dd 00000368 		.4byte	0x368
 795 03e1 00000000 		.4byte	.LLST2
 796 03e5 0D       		.uleb128 0xd
 797 03e6 00000000 		.4byte	.LASF59
 798 03ea 01       		.byte	0x1
GAS LISTING C:\Users\duchu\AppData\Local\Temp\ccOzxwtX.s 			page 15


 799 03eb 49       		.byte	0x49
 800 03ec 00000368 		.4byte	0x368
 801 03f0 00000000 		.4byte	.LLST3
 802 03f4 0E       		.uleb128 0xe
 803 03f5 00000000 		.4byte	.LVL4
 804 03f9 00000670 		.4byte	0x670
 805 03fd 0F       		.uleb128 0xf
 806 03fe 01       		.byte	0x1
 807 03ff 55       		.byte	0x55
 808 0400 01       		.byte	0x1
 809 0401 30       		.byte	0x30
 810 0402 0F       		.uleb128 0xf
 811 0403 01       		.byte	0x1
 812 0404 54       		.byte	0x54
 813 0405 01       		.byte	0x1
 814 0406 32       		.byte	0x32
 815 0407 00       		.byte	0
 816 0408 00       		.byte	0
 817 0409 0B       		.uleb128 0xb
 818 040a 01       		.byte	0x1
 819 040b 00000000 		.4byte	.LASF60
 820 040f 01       		.byte	0x1
 821 0410 62       		.byte	0x62
 822 0411 01       		.byte	0x1
 823 0412 00000373 		.4byte	0x373
 824 0416 00000000 		.4byte	.LFB6
 825 041a 00000000 		.4byte	.LFE6
 826 041e 00000000 		.4byte	.LLST4
 827 0422 01       		.byte	0x1
 828 0423 000004E7 		.4byte	0x4e7
 829 0427 0D       		.uleb128 0xd
 830 0428 00000000 		.4byte	.LASF58
 831 042c 01       		.byte	0x1
 832 042d 62       		.byte	0x62
 833 042e 00000368 		.4byte	0x368
 834 0432 00000000 		.4byte	.LLST5
 835 0436 0D       		.uleb128 0xd
 836 0437 00000000 		.4byte	.LASF59
 837 043b 01       		.byte	0x1
 838 043c 62       		.byte	0x62
 839 043d 00000368 		.4byte	0x368
 840 0441 00000000 		.4byte	.LLST6
 841 0445 10       		.uleb128 0x10
 842 0446 00000000 		.4byte	.LASF61
 843 044a 01       		.byte	0x1
 844 044b 64       		.byte	0x64
 845 044c 00000373 		.4byte	0x373
 846 0450 00       		.byte	0
 847 0451 10       		.uleb128 0x10
 848 0452 00000000 		.4byte	.LASF62
 849 0456 01       		.byte	0x1
 850 0457 65       		.byte	0x65
 851 0458 00000373 		.4byte	0x373
 852 045c 00       		.byte	0
 853 045d 11       		.uleb128 0x11
 854 045e 00000000 		.4byte	.LASF63
 855 0462 01       		.byte	0x1
GAS LISTING C:\Users\duchu\AppData\Local\Temp\ccOzxwtX.s 			page 16


 856 0463 66       		.byte	0x66
 857 0464 00000373 		.4byte	0x373
 858 0468 00000000 		.4byte	.LLST7
 859 046c 11       		.uleb128 0x11
 860 046d 00000000 		.4byte	.LASF64
 861 0471 01       		.byte	0x1
 862 0472 67       		.byte	0x67
 863 0473 00000373 		.4byte	0x373
 864 0477 00000000 		.4byte	.LLST8
 865 047b 12       		.uleb128 0x12
 866 047c 00000000 		.4byte	.LASF65
 867 0480 01       		.byte	0x1
 868 0481 68       		.byte	0x68
 869 0482 00000373 		.4byte	0x373
 870 0486 02       		.byte	0x2
 871 0487 91       		.byte	0x91
 872 0488 40       		.sleb128 -64
 873 0489 13       		.uleb128 0x13
 874 048a 00000000 		.4byte	.LASF84
 875 048e 01       		.byte	0x1
 876 048f 69       		.byte	0x69
 877 0490 00000326 		.4byte	0x326
 878 0494 12       		.uleb128 0x12
 879 0495 00000000 		.4byte	.LASF66
 880 0499 01       		.byte	0x1
 881 049a 6A       		.byte	0x6a
 882 049b 000002DC 		.4byte	0x2dc
 883 049f 02       		.byte	0x2
 884 04a0 91       		.byte	0x91
 885 04a1 44       		.sleb128 -60
 886 04a2 14       		.uleb128 0x14
 887 04a3 00000000 		.4byte	.LVL10
 888 04a7 00000693 		.4byte	0x693
 889 04ab 000004C5 		.4byte	0x4c5
 890 04af 0F       		.uleb128 0xf
 891 04b0 01       		.byte	0x1
 892 04b1 58       		.byte	0x58
 893 04b2 02       		.byte	0x2
 894 04b3 91       		.byte	0x91
 895 04b4 70       		.sleb128 -16
 896 04b5 0F       		.uleb128 0xf
 897 04b6 01       		.byte	0x1
 898 04b7 56       		.byte	0x56
 899 04b8 01       		.byte	0x1
 900 04b9 30       		.byte	0x30
 901 04ba 0F       		.uleb128 0xf
 902 04bb 01       		.byte	0x1
 903 04bc 55       		.byte	0x55
 904 04bd 01       		.byte	0x1
 905 04be 30       		.byte	0x30
 906 04bf 0F       		.uleb128 0xf
 907 04c0 01       		.byte	0x1
 908 04c1 54       		.byte	0x54
 909 04c2 01       		.byte	0x1
 910 04c3 30       		.byte	0x30
 911 04c4 00       		.byte	0
 912 04c5 0E       		.uleb128 0xe
GAS LISTING C:\Users\duchu\AppData\Local\Temp\ccOzxwtX.s 			page 17


 913 04c6 00000000 		.4byte	.LVL12
 914 04ca 000006C5 		.4byte	0x6c5
 915 04ce 0F       		.uleb128 0xf
 916 04cf 01       		.byte	0x1
 917 04d0 56       		.byte	0x56
 918 04d1 02       		.byte	0x2
 919 04d2 91       		.byte	0x91
 920 04d3 44       		.sleb128 -60
 921 04d4 0F       		.uleb128 0xf
 922 04d5 01       		.byte	0x1
 923 04d6 55       		.byte	0x55
 924 04d7 02       		.byte	0x2
 925 04d8 91       		.byte	0x91
 926 04d9 40       		.sleb128 -64
 927 04da 0F       		.uleb128 0xf
 928 04db 01       		.byte	0x1
 929 04dc 54       		.byte	0x54
 930 04dd 01       		.byte	0x1
 931 04de 31       		.byte	0x31
 932 04df 0F       		.uleb128 0xf
 933 04e0 01       		.byte	0x1
 934 04e1 53       		.byte	0x53
 935 04e2 02       		.byte	0x2
 936 04e3 8F       		.byte	0x8f
 937 04e4 00       		.sleb128 0
 938 04e5 00       		.byte	0
 939 04e6 00       		.byte	0
 940 04e7 0B       		.uleb128 0xb
 941 04e8 01       		.byte	0x1
 942 04e9 00000000 		.4byte	.LASF67
 943 04ed 01       		.byte	0x1
 944 04ee 93       		.byte	0x93
 945 04ef 01       		.byte	0x1
 946 04f0 00000373 		.4byte	0x373
 947 04f4 00000000 		.4byte	.LFB7
 948 04f8 00000000 		.4byte	.LFE7
 949 04fc 00000000 		.4byte	.LLST9
 950 0500 01       		.byte	0x1
 951 0501 000005AA 		.4byte	0x5aa
 952 0505 0D       		.uleb128 0xd
 953 0506 00000000 		.4byte	.LASF68
 954 050a 01       		.byte	0x1
 955 050b 93       		.byte	0x93
 956 050c 00000373 		.4byte	0x373
 957 0510 00000000 		.4byte	.LLST10
 958 0514 0D       		.uleb128 0xd
 959 0515 00000000 		.4byte	.LASF69
 960 0519 01       		.byte	0x1
 961 051a 93       		.byte	0x93
 962 051b 0000037E 		.4byte	0x37e
 963 051f 00000000 		.4byte	.LLST11
 964 0523 11       		.uleb128 0x11
 965 0524 00000000 		.4byte	.LASF64
 966 0528 01       		.byte	0x1
 967 0529 94       		.byte	0x94
 968 052a 00000373 		.4byte	0x373
 969 052e 00000000 		.4byte	.LLST12
GAS LISTING C:\Users\duchu\AppData\Local\Temp\ccOzxwtX.s 			page 18


 970 0532 11       		.uleb128 0x11
 971 0533 00000000 		.4byte	.LASF70
 972 0537 01       		.byte	0x1
 973 0538 95       		.byte	0x95
 974 0539 00000373 		.4byte	0x373
 975 053d 00000000 		.4byte	.LLST13
 976 0541 12       		.uleb128 0x12
 977 0542 00000000 		.4byte	.LASF65
 978 0546 01       		.byte	0x1
 979 0547 96       		.byte	0x96
 980 0548 00000373 		.4byte	0x373
 981 054c 02       		.byte	0x2
 982 054d 91       		.byte	0x91
 983 054e 40       		.sleb128 -64
 984 054f 12       		.uleb128 0x12
 985 0550 00000000 		.4byte	.LASF71
 986 0554 01       		.byte	0x1
 987 0555 97       		.byte	0x97
 988 0556 000002DC 		.4byte	0x2dc
 989 055a 02       		.byte	0x2
 990 055b 91       		.byte	0x91
 991 055c 44       		.sleb128 -60
 992 055d 14       		.uleb128 0x14
 993 055e 00000000 		.4byte	.LVL18
 994 0562 000006ED 		.4byte	0x6ed
 995 0566 00000588 		.4byte	0x588
 996 056a 0F       		.uleb128 0xf
 997 056b 01       		.byte	0x1
 998 056c 58       		.byte	0x58
 999 056d 02       		.byte	0x2
 1000 056e 91       		.byte	0x91
 1001 056f 44       		.sleb128 -60
 1002 0570 0F       		.uleb128 0xf
 1003 0571 01       		.byte	0x1
 1004 0572 57       		.byte	0x57
 1005 0573 02       		.byte	0x2
 1006 0574 91       		.byte	0x91
 1007 0575 70       		.sleb128 -16
 1008 0576 0F       		.uleb128 0xf
 1009 0577 01       		.byte	0x1
 1010 0578 56       		.byte	0x56
 1011 0579 01       		.byte	0x1
 1012 057a 38       		.byte	0x38
 1013 057b 0F       		.uleb128 0xf
 1014 057c 01       		.byte	0x1
 1015 057d 55       		.byte	0x55
 1016 057e 03       		.byte	0x3
 1017 057f F3       		.byte	0xf3
 1018 0580 01       		.uleb128 0x1
 1019 0581 53       		.byte	0x53
 1020 0582 0F       		.uleb128 0xf
 1021 0583 01       		.byte	0x1
 1022 0584 54       		.byte	0x54
 1023 0585 01       		.byte	0x1
 1024 0586 30       		.byte	0x30
 1025 0587 00       		.byte	0
 1026 0588 0E       		.uleb128 0xe
GAS LISTING C:\Users\duchu\AppData\Local\Temp\ccOzxwtX.s 			page 19


 1027 0589 00000000 		.4byte	.LVL20
 1028 058d 000006C5 		.4byte	0x6c5
 1029 0591 0F       		.uleb128 0xf
 1030 0592 01       		.byte	0x1
 1031 0593 56       		.byte	0x56
 1032 0594 02       		.byte	0x2
 1033 0595 91       		.byte	0x91
 1034 0596 44       		.sleb128 -60
 1035 0597 0F       		.uleb128 0xf
 1036 0598 01       		.byte	0x1
 1037 0599 55       		.byte	0x55
 1038 059a 02       		.byte	0x2
 1039 059b 91       		.byte	0x91
 1040 059c 40       		.sleb128 -64
 1041 059d 0F       		.uleb128 0xf
 1042 059e 01       		.byte	0x1
 1043 059f 54       		.byte	0x54
 1044 05a0 01       		.byte	0x1
 1045 05a1 30       		.byte	0x30
 1046 05a2 0F       		.uleb128 0xf
 1047 05a3 01       		.byte	0x1
 1048 05a4 53       		.byte	0x53
 1049 05a5 02       		.byte	0x2
 1050 05a6 8F       		.byte	0x8f
 1051 05a7 00       		.sleb128 0
 1052 05a8 00       		.byte	0
 1053 05a9 00       		.byte	0
 1054 05aa 0B       		.uleb128 0xb
 1055 05ab 01       		.byte	0x1
 1056 05ac 00000000 		.4byte	.LASF72
 1057 05b0 01       		.byte	0x1
 1058 05b1 B9       		.byte	0xb9
 1059 05b2 01       		.byte	0x1
 1060 05b3 00000373 		.4byte	0x373
 1061 05b7 00000000 		.4byte	.LFB8
 1062 05bb 00000000 		.4byte	.LFE8
 1063 05bf 00000000 		.4byte	.LLST14
 1064 05c3 01       		.byte	0x1
 1065 05c4 0000064A 		.4byte	0x64a
 1066 05c8 0D       		.uleb128 0xd
 1067 05c9 00000000 		.4byte	.LASF68
 1068 05cd 01       		.byte	0x1
 1069 05ce B9       		.byte	0xb9
 1070 05cf 00000373 		.4byte	0x373
 1071 05d3 00000000 		.4byte	.LLST15
 1072 05d7 0D       		.uleb128 0xd
 1073 05d8 00000000 		.4byte	.LASF33
 1074 05dc 01       		.byte	0x1
 1075 05dd B9       		.byte	0xb9
 1076 05de 00000373 		.4byte	0x373
 1077 05e2 00000000 		.4byte	.LLST16
 1078 05e6 11       		.uleb128 0x11
 1079 05e7 00000000 		.4byte	.LASF64
 1080 05eb 01       		.byte	0x1
 1081 05ec BA       		.byte	0xba
 1082 05ed 00000373 		.4byte	0x373
 1083 05f1 00000000 		.4byte	.LLST17
GAS LISTING C:\Users\duchu\AppData\Local\Temp\ccOzxwtX.s 			page 20


 1084 05f5 12       		.uleb128 0x12
 1085 05f6 00000000 		.4byte	.LASF73
 1086 05fa 01       		.byte	0x1
 1087 05fb BB       		.byte	0xbb
 1088 05fc 00000373 		.4byte	0x373
 1089 0600 02       		.byte	0x2
 1090 0601 91       		.byte	0x91
 1091 0602 50       		.sleb128 -48
 1092 0603 12       		.uleb128 0x12
 1093 0604 00000000 		.4byte	.LASF74
 1094 0608 01       		.byte	0x1
 1095 0609 BC       		.byte	0xbc
 1096 060a 00000373 		.4byte	0x373
 1097 060e 02       		.byte	0x2
 1098 060f 91       		.byte	0x91
 1099 0610 54       		.sleb128 -44
 1100 0611 12       		.uleb128 0x12
 1101 0612 00000000 		.4byte	.LASF75
 1102 0616 01       		.byte	0x1
 1103 0617 BD       		.byte	0xbd
 1104 0618 000002DC 		.4byte	0x2dc
 1105 061c 02       		.byte	0x2
 1106 061d 91       		.byte	0x91
 1107 061e 58       		.sleb128 -40
 1108 061f 0E       		.uleb128 0xe
 1109 0620 00000000 		.4byte	.LVL26
 1110 0624 0000071F 		.4byte	0x71f
 1111 0628 0F       		.uleb128 0xf
 1112 0629 01       		.byte	0x1
 1113 062a 58       		.byte	0x58
 1114 062b 02       		.byte	0x2
 1115 062c 91       		.byte	0x91
 1116 062d 58       		.sleb128 -40
 1117 062e 0F       		.uleb128 0xf
 1118 062f 01       		.byte	0x1
 1119 0630 57       		.byte	0x57
 1120 0631 02       		.byte	0x2
 1121 0632 91       		.byte	0x91
 1122 0633 54       		.sleb128 -44
 1123 0634 0F       		.uleb128 0xf
 1124 0635 01       		.byte	0x1
 1125 0636 56       		.byte	0x56
 1126 0637 02       		.byte	0x2
 1127 0638 91       		.byte	0x91
 1128 0639 50       		.sleb128 -48
 1129 063a 0F       		.uleb128 0xf
 1130 063b 01       		.byte	0x1
 1131 063c 55       		.byte	0x55
 1132 063d 03       		.byte	0x3
 1133 063e F3       		.byte	0xf3
 1134 063f 01       		.uleb128 0x1
 1135 0640 54       		.byte	0x54
 1136 0641 0F       		.uleb128 0xf
 1137 0642 01       		.byte	0x1
 1138 0643 54       		.byte	0x54
 1139 0644 03       		.byte	0x3
 1140 0645 F3       		.byte	0xf3
GAS LISTING C:\Users\duchu\AppData\Local\Temp\ccOzxwtX.s 			page 21


 1141 0646 01       		.uleb128 0x1
 1142 0647 53       		.byte	0x53
 1143 0648 00       		.byte	0
 1144 0649 00       		.byte	0
 1145 064a 15       		.uleb128 0x15
 1146 064b 00000000 		.4byte	.LASF85
 1147 064f 06       		.byte	0x6
 1148 0650 43       		.byte	0x43
 1149 0651 00000175 		.4byte	0x175
 1150 0655 01       		.byte	0x1
 1151 0656 01       		.byte	0x1
 1152 0657 16       		.uleb128 0x16
 1153 0658 01       		.byte	0x1
 1154 0659 00000000 		.4byte	.LASF76
 1155 065d 03       		.byte	0x3
 1156 065e 0161     		.2byte	0x161
 1157 0660 01       		.byte	0x1
 1158 0661 00000069 		.4byte	0x69
 1159 0665 01       		.byte	0x1
 1160 0666 00000670 		.4byte	0x670
 1161 066a 17       		.uleb128 0x17
 1162 066b 00000181 		.4byte	0x181
 1163 066f 00       		.byte	0
 1164 0670 16       		.uleb128 0x16
 1165 0671 01       		.byte	0x1
 1166 0672 00000000 		.4byte	.LASF77
 1167 0676 03       		.byte	0x3
 1168 0677 0194     		.2byte	0x194
 1169 0679 01       		.byte	0x1
 1170 067a 00000069 		.4byte	0x69
 1171 067e 01       		.byte	0x1
 1172 067f 00000693 		.4byte	0x693
 1173 0683 17       		.uleb128 0x17
 1174 0684 00000181 		.4byte	0x181
 1175 0688 17       		.uleb128 0x17
 1176 0689 00000049 		.4byte	0x49
 1177 068d 17       		.uleb128 0x17
 1178 068e 00000069 		.4byte	0x69
 1179 0692 00       		.byte	0
 1180 0693 16       		.uleb128 0x16
 1181 0694 01       		.byte	0x1
 1182 0695 00000000 		.4byte	.LASF78
 1183 0699 03       		.byte	0x3
 1184 069a 0163     		.2byte	0x163
 1185 069c 01       		.byte	0x1
 1186 069d 00000069 		.4byte	0x69
 1187 06a1 01       		.byte	0x1
 1188 06a2 000006C5 		.4byte	0x6c5
 1189 06a6 17       		.uleb128 0x17
 1190 06a7 00000181 		.4byte	0x181
 1191 06ab 17       		.uleb128 0x17
 1192 06ac 00000049 		.4byte	0x49
 1193 06b0 17       		.uleb128 0x17
 1194 06b1 00000069 		.4byte	0x69
 1195 06b5 17       		.uleb128 0x17
 1196 06b6 00000069 		.4byte	0x69
 1197 06ba 17       		.uleb128 0x17
GAS LISTING C:\Users\duchu\AppData\Local\Temp\ccOzxwtX.s 			page 22


 1198 06bb 00000069 		.4byte	0x69
 1199 06bf 17       		.uleb128 0x17
 1200 06c0 00000326 		.4byte	0x326
 1201 06c4 00       		.byte	0
 1202 06c5 16       		.uleb128 0x16
 1203 06c6 01       		.byte	0x1
 1204 06c7 00000000 		.4byte	.LASF79
 1205 06cb 03       		.byte	0x3
 1206 06cc 0189     		.2byte	0x189
 1207 06ce 01       		.byte	0x1
 1208 06cf 00000069 		.4byte	0x69
 1209 06d3 01       		.byte	0x1
 1210 06d4 000006ED 		.4byte	0x6ed
 1211 06d8 17       		.uleb128 0x17
 1212 06d9 00000181 		.4byte	0x181
 1213 06dd 17       		.uleb128 0x17
 1214 06de 00000049 		.4byte	0x49
 1215 06e2 17       		.uleb128 0x17
 1216 06e3 000002D4 		.4byte	0x2d4
 1217 06e7 17       		.uleb128 0x17
 1218 06e8 000002E8 		.4byte	0x2e8
 1219 06ec 00       		.byte	0
 1220 06ed 16       		.uleb128 0x16
 1221 06ee 01       		.byte	0x1
 1222 06ef 00000000 		.4byte	.LASF80
 1223 06f3 03       		.byte	0x3
 1224 06f4 0177     		.2byte	0x177
 1225 06f6 01       		.byte	0x1
 1226 06f7 00000069 		.4byte	0x69
 1227 06fb 01       		.byte	0x1
 1228 06fc 0000071F 		.4byte	0x71f
 1229 0700 17       		.uleb128 0x17
 1230 0701 00000181 		.4byte	0x181
 1231 0705 17       		.uleb128 0x17
 1232 0706 00000030 		.4byte	0x30
 1233 070a 17       		.uleb128 0x17
 1234 070b 00000069 		.4byte	0x69
 1235 070f 17       		.uleb128 0x17
 1236 0710 00000069 		.4byte	0x69
 1237 0714 17       		.uleb128 0x17
 1238 0715 00000069 		.4byte	0x69
 1239 0719 17       		.uleb128 0x17
 1240 071a 000002E8 		.4byte	0x2e8
 1241 071e 00       		.byte	0
 1242 071f 18       		.uleb128 0x18
 1243 0720 01       		.byte	0x1
 1244 0721 00000000 		.4byte	.LASF86
 1245 0725 03       		.byte	0x3
 1246 0726 016F     		.2byte	0x16f
 1247 0728 01       		.byte	0x1
 1248 0729 00000069 		.4byte	0x69
 1249 072d 01       		.byte	0x1
 1250 072e 17       		.uleb128 0x17
 1251 072f 00000181 		.4byte	0x181
 1252 0733 17       		.uleb128 0x17
 1253 0734 00000069 		.4byte	0x69
 1254 0738 17       		.uleb128 0x17
GAS LISTING C:\Users\duchu\AppData\Local\Temp\ccOzxwtX.s 			page 23


 1255 0739 00000069 		.4byte	0x69
 1256 073d 17       		.uleb128 0x17
 1257 073e 000002D4 		.4byte	0x2d4
 1258 0742 17       		.uleb128 0x17
 1259 0743 000002D4 		.4byte	0x2d4
 1260 0747 17       		.uleb128 0x17
 1261 0748 000002E8 		.4byte	0x2e8
 1262 074c 00       		.byte	0
 1263 074d 00       		.byte	0
 1264              		.section	.debug_abbrev,"",@progbits
 1265              	.Ldebug_abbrev0:
 1266 0000 01       		.uleb128 0x1
 1267 0001 11       		.uleb128 0x11
 1268 0002 01       		.byte	0x1
 1269 0003 25       		.uleb128 0x25
 1270 0004 0E       		.uleb128 0xe
 1271 0005 13       		.uleb128 0x13
 1272 0006 0B       		.uleb128 0xb
 1273 0007 03       		.uleb128 0x3
 1274 0008 0E       		.uleb128 0xe
 1275 0009 1B       		.uleb128 0x1b
 1276 000a 0E       		.uleb128 0xe
 1277 000b 55       		.uleb128 0x55
 1278 000c 06       		.uleb128 0x6
 1279 000d 11       		.uleb128 0x11
 1280 000e 01       		.uleb128 0x1
 1281 000f 52       		.uleb128 0x52
 1282 0010 01       		.uleb128 0x1
 1283 0011 10       		.uleb128 0x10
 1284 0012 06       		.uleb128 0x6
 1285 0013 00       		.byte	0
 1286 0014 00       		.byte	0
 1287 0015 02       		.uleb128 0x2
 1288 0016 24       		.uleb128 0x24
 1289 0017 00       		.byte	0
 1290 0018 0B       		.uleb128 0xb
 1291 0019 0B       		.uleb128 0xb
 1292 001a 3E       		.uleb128 0x3e
 1293 001b 0B       		.uleb128 0xb
 1294 001c 03       		.uleb128 0x3
 1295 001d 0E       		.uleb128 0xe
 1296 001e 00       		.byte	0
 1297 001f 00       		.byte	0
 1298 0020 03       		.uleb128 0x3
 1299 0021 16       		.uleb128 0x16
 1300 0022 00       		.byte	0
 1301 0023 03       		.uleb128 0x3
 1302 0024 0E       		.uleb128 0xe
 1303 0025 3A       		.uleb128 0x3a
 1304 0026 0B       		.uleb128 0xb
 1305 0027 3B       		.uleb128 0x3b
 1306 0028 0B       		.uleb128 0xb
 1307 0029 49       		.uleb128 0x49
 1308 002a 13       		.uleb128 0x13
 1309 002b 00       		.byte	0
 1310 002c 00       		.byte	0
 1311 002d 04       		.uleb128 0x4
GAS LISTING C:\Users\duchu\AppData\Local\Temp\ccOzxwtX.s 			page 24


 1312 002e 13       		.uleb128 0x13
 1313 002f 01       		.byte	0x1
 1314 0030 03       		.uleb128 0x3
 1315 0031 0E       		.uleb128 0xe
 1316 0032 0B       		.uleb128 0xb
 1317 0033 0B       		.uleb128 0xb
 1318 0034 3A       		.uleb128 0x3a
 1319 0035 0B       		.uleb128 0xb
 1320 0036 3B       		.uleb128 0x3b
 1321 0037 05       		.uleb128 0x5
 1322 0038 01       		.uleb128 0x1
 1323 0039 13       		.uleb128 0x13
 1324 003a 00       		.byte	0
 1325 003b 00       		.byte	0
 1326 003c 05       		.uleb128 0x5
 1327 003d 0D       		.uleb128 0xd
 1328 003e 00       		.byte	0
 1329 003f 03       		.uleb128 0x3
 1330 0040 0E       		.uleb128 0xe
 1331 0041 3A       		.uleb128 0x3a
 1332 0042 0B       		.uleb128 0xb
 1333 0043 3B       		.uleb128 0x3b
 1334 0044 05       		.uleb128 0x5
 1335 0045 49       		.uleb128 0x49
 1336 0046 13       		.uleb128 0x13
 1337 0047 38       		.uleb128 0x38
 1338 0048 0A       		.uleb128 0xa
 1339 0049 00       		.byte	0
 1340 004a 00       		.byte	0
 1341 004b 06       		.uleb128 0x6
 1342 004c 16       		.uleb128 0x16
 1343 004d 00       		.byte	0
 1344 004e 03       		.uleb128 0x3
 1345 004f 0E       		.uleb128 0xe
 1346 0050 3A       		.uleb128 0x3a
 1347 0051 0B       		.uleb128 0xb
 1348 0052 3B       		.uleb128 0x3b
 1349 0053 05       		.uleb128 0x5
 1350 0054 49       		.uleb128 0x49
 1351 0055 13       		.uleb128 0x13
 1352 0056 00       		.byte	0
 1353 0057 00       		.byte	0
 1354 0058 07       		.uleb128 0x7
 1355 0059 0F       		.uleb128 0xf
 1356 005a 00       		.byte	0
 1357 005b 0B       		.uleb128 0xb
 1358 005c 0B       		.uleb128 0xb
 1359 005d 49       		.uleb128 0x49
 1360 005e 13       		.uleb128 0x13
 1361 005f 00       		.byte	0
 1362 0060 00       		.byte	0
 1363 0061 08       		.uleb128 0x8
 1364 0062 0D       		.uleb128 0xd
 1365 0063 00       		.byte	0
 1366 0064 03       		.uleb128 0x3
 1367 0065 08       		.uleb128 0x8
 1368 0066 3A       		.uleb128 0x3a
GAS LISTING C:\Users\duchu\AppData\Local\Temp\ccOzxwtX.s 			page 25


 1369 0067 0B       		.uleb128 0xb
 1370 0068 3B       		.uleb128 0x3b
 1371 0069 05       		.uleb128 0x5
 1372 006a 49       		.uleb128 0x49
 1373 006b 13       		.uleb128 0x13
 1374 006c 38       		.uleb128 0x38
 1375 006d 0A       		.uleb128 0xa
 1376 006e 00       		.byte	0
 1377 006f 00       		.byte	0
 1378 0070 09       		.uleb128 0x9
 1379 0071 0F       		.uleb128 0xf
 1380 0072 00       		.byte	0
 1381 0073 0B       		.uleb128 0xb
 1382 0074 0B       		.uleb128 0xb
 1383 0075 00       		.byte	0
 1384 0076 00       		.byte	0
 1385 0077 0A       		.uleb128 0xa
 1386 0078 24       		.uleb128 0x24
 1387 0079 00       		.byte	0
 1388 007a 0B       		.uleb128 0xb
 1389 007b 0B       		.uleb128 0xb
 1390 007c 3E       		.uleb128 0x3e
 1391 007d 0B       		.uleb128 0xb
 1392 007e 03       		.uleb128 0x3
 1393 007f 08       		.uleb128 0x8
 1394 0080 00       		.byte	0
 1395 0081 00       		.byte	0
 1396 0082 0B       		.uleb128 0xb
 1397 0083 2E       		.uleb128 0x2e
 1398 0084 01       		.byte	0x1
 1399 0085 3F       		.uleb128 0x3f
 1400 0086 0C       		.uleb128 0xc
 1401 0087 03       		.uleb128 0x3
 1402 0088 0E       		.uleb128 0xe
 1403 0089 3A       		.uleb128 0x3a
 1404 008a 0B       		.uleb128 0xb
 1405 008b 3B       		.uleb128 0x3b
 1406 008c 0B       		.uleb128 0xb
 1407 008d 27       		.uleb128 0x27
 1408 008e 0C       		.uleb128 0xc
 1409 008f 49       		.uleb128 0x49
 1410 0090 13       		.uleb128 0x13
 1411 0091 11       		.uleb128 0x11
 1412 0092 01       		.uleb128 0x1
 1413 0093 12       		.uleb128 0x12
 1414 0094 01       		.uleb128 0x1
 1415 0095 40       		.uleb128 0x40
 1416 0096 06       		.uleb128 0x6
 1417 0097 9742     		.uleb128 0x2117
 1418 0099 0C       		.uleb128 0xc
 1419 009a 01       		.uleb128 0x1
 1420 009b 13       		.uleb128 0x13
 1421 009c 00       		.byte	0
 1422 009d 00       		.byte	0
 1423 009e 0C       		.uleb128 0xc
 1424 009f 898201   		.uleb128 0x4109
 1425 00a2 00       		.byte	0
GAS LISTING C:\Users\duchu\AppData\Local\Temp\ccOzxwtX.s 			page 26


 1426 00a3 11       		.uleb128 0x11
 1427 00a4 01       		.uleb128 0x1
 1428 00a5 31       		.uleb128 0x31
 1429 00a6 13       		.uleb128 0x13
 1430 00a7 00       		.byte	0
 1431 00a8 00       		.byte	0
 1432 00a9 0D       		.uleb128 0xd
 1433 00aa 05       		.uleb128 0x5
 1434 00ab 00       		.byte	0
 1435 00ac 03       		.uleb128 0x3
 1436 00ad 0E       		.uleb128 0xe
 1437 00ae 3A       		.uleb128 0x3a
 1438 00af 0B       		.uleb128 0xb
 1439 00b0 3B       		.uleb128 0x3b
 1440 00b1 0B       		.uleb128 0xb
 1441 00b2 49       		.uleb128 0x49
 1442 00b3 13       		.uleb128 0x13
 1443 00b4 02       		.uleb128 0x2
 1444 00b5 06       		.uleb128 0x6
 1445 00b6 00       		.byte	0
 1446 00b7 00       		.byte	0
 1447 00b8 0E       		.uleb128 0xe
 1448 00b9 898201   		.uleb128 0x4109
 1449 00bc 01       		.byte	0x1
 1450 00bd 11       		.uleb128 0x11
 1451 00be 01       		.uleb128 0x1
 1452 00bf 31       		.uleb128 0x31
 1453 00c0 13       		.uleb128 0x13
 1454 00c1 00       		.byte	0
 1455 00c2 00       		.byte	0
 1456 00c3 0F       		.uleb128 0xf
 1457 00c4 8A8201   		.uleb128 0x410a
 1458 00c7 00       		.byte	0
 1459 00c8 02       		.uleb128 0x2
 1460 00c9 0A       		.uleb128 0xa
 1461 00ca 9142     		.uleb128 0x2111
 1462 00cc 0A       		.uleb128 0xa
 1463 00cd 00       		.byte	0
 1464 00ce 00       		.byte	0
 1465 00cf 10       		.uleb128 0x10
 1466 00d0 34       		.uleb128 0x34
 1467 00d1 00       		.byte	0
 1468 00d2 03       		.uleb128 0x3
 1469 00d3 0E       		.uleb128 0xe
 1470 00d4 3A       		.uleb128 0x3a
 1471 00d5 0B       		.uleb128 0xb
 1472 00d6 3B       		.uleb128 0x3b
 1473 00d7 0B       		.uleb128 0xb
 1474 00d8 49       		.uleb128 0x49
 1475 00d9 13       		.uleb128 0x13
 1476 00da 1C       		.uleb128 0x1c
 1477 00db 0B       		.uleb128 0xb
 1478 00dc 00       		.byte	0
 1479 00dd 00       		.byte	0
 1480 00de 11       		.uleb128 0x11
 1481 00df 34       		.uleb128 0x34
 1482 00e0 00       		.byte	0
GAS LISTING C:\Users\duchu\AppData\Local\Temp\ccOzxwtX.s 			page 27


 1483 00e1 03       		.uleb128 0x3
 1484 00e2 0E       		.uleb128 0xe
 1485 00e3 3A       		.uleb128 0x3a
 1486 00e4 0B       		.uleb128 0xb
 1487 00e5 3B       		.uleb128 0x3b
 1488 00e6 0B       		.uleb128 0xb
 1489 00e7 49       		.uleb128 0x49
 1490 00e8 13       		.uleb128 0x13
 1491 00e9 02       		.uleb128 0x2
 1492 00ea 06       		.uleb128 0x6
 1493 00eb 00       		.byte	0
 1494 00ec 00       		.byte	0
 1495 00ed 12       		.uleb128 0x12
 1496 00ee 34       		.uleb128 0x34
 1497 00ef 00       		.byte	0
 1498 00f0 03       		.uleb128 0x3
 1499 00f1 0E       		.uleb128 0xe
 1500 00f2 3A       		.uleb128 0x3a
 1501 00f3 0B       		.uleb128 0xb
 1502 00f4 3B       		.uleb128 0x3b
 1503 00f5 0B       		.uleb128 0xb
 1504 00f6 49       		.uleb128 0x49
 1505 00f7 13       		.uleb128 0x13
 1506 00f8 02       		.uleb128 0x2
 1507 00f9 0A       		.uleb128 0xa
 1508 00fa 00       		.byte	0
 1509 00fb 00       		.byte	0
 1510 00fc 13       		.uleb128 0x13
 1511 00fd 34       		.uleb128 0x34
 1512 00fe 00       		.byte	0
 1513 00ff 03       		.uleb128 0x3
 1514 0100 0E       		.uleb128 0xe
 1515 0101 3A       		.uleb128 0x3a
 1516 0102 0B       		.uleb128 0xb
 1517 0103 3B       		.uleb128 0x3b
 1518 0104 0B       		.uleb128 0xb
 1519 0105 49       		.uleb128 0x49
 1520 0106 13       		.uleb128 0x13
 1521 0107 00       		.byte	0
 1522 0108 00       		.byte	0
 1523 0109 14       		.uleb128 0x14
 1524 010a 898201   		.uleb128 0x4109
 1525 010d 01       		.byte	0x1
 1526 010e 11       		.uleb128 0x11
 1527 010f 01       		.uleb128 0x1
 1528 0110 31       		.uleb128 0x31
 1529 0111 13       		.uleb128 0x13
 1530 0112 01       		.uleb128 0x1
 1531 0113 13       		.uleb128 0x13
 1532 0114 00       		.byte	0
 1533 0115 00       		.byte	0
 1534 0116 15       		.uleb128 0x15
 1535 0117 34       		.uleb128 0x34
 1536 0118 00       		.byte	0
 1537 0119 03       		.uleb128 0x3
 1538 011a 0E       		.uleb128 0xe
 1539 011b 3A       		.uleb128 0x3a
GAS LISTING C:\Users\duchu\AppData\Local\Temp\ccOzxwtX.s 			page 28


 1540 011c 0B       		.uleb128 0xb
 1541 011d 3B       		.uleb128 0x3b
 1542 011e 0B       		.uleb128 0xb
 1543 011f 49       		.uleb128 0x49
 1544 0120 13       		.uleb128 0x13
 1545 0121 3F       		.uleb128 0x3f
 1546 0122 0C       		.uleb128 0xc
 1547 0123 3C       		.uleb128 0x3c
 1548 0124 0C       		.uleb128 0xc
 1549 0125 00       		.byte	0
 1550 0126 00       		.byte	0
 1551 0127 16       		.uleb128 0x16
 1552 0128 2E       		.uleb128 0x2e
 1553 0129 01       		.byte	0x1
 1554 012a 3F       		.uleb128 0x3f
 1555 012b 0C       		.uleb128 0xc
 1556 012c 03       		.uleb128 0x3
 1557 012d 0E       		.uleb128 0xe
 1558 012e 3A       		.uleb128 0x3a
 1559 012f 0B       		.uleb128 0xb
 1560 0130 3B       		.uleb128 0x3b
 1561 0131 05       		.uleb128 0x5
 1562 0132 27       		.uleb128 0x27
 1563 0133 0C       		.uleb128 0xc
 1564 0134 49       		.uleb128 0x49
 1565 0135 13       		.uleb128 0x13
 1566 0136 3C       		.uleb128 0x3c
 1567 0137 0C       		.uleb128 0xc
 1568 0138 01       		.uleb128 0x1
 1569 0139 13       		.uleb128 0x13
 1570 013a 00       		.byte	0
 1571 013b 00       		.byte	0
 1572 013c 17       		.uleb128 0x17
 1573 013d 05       		.uleb128 0x5
 1574 013e 00       		.byte	0
 1575 013f 49       		.uleb128 0x49
 1576 0140 13       		.uleb128 0x13
 1577 0141 00       		.byte	0
 1578 0142 00       		.byte	0
 1579 0143 18       		.uleb128 0x18
 1580 0144 2E       		.uleb128 0x2e
 1581 0145 01       		.byte	0x1
 1582 0146 3F       		.uleb128 0x3f
 1583 0147 0C       		.uleb128 0xc
 1584 0148 03       		.uleb128 0x3
 1585 0149 0E       		.uleb128 0xe
 1586 014a 3A       		.uleb128 0x3a
 1587 014b 0B       		.uleb128 0xb
 1588 014c 3B       		.uleb128 0x3b
 1589 014d 05       		.uleb128 0x5
 1590 014e 27       		.uleb128 0x27
 1591 014f 0C       		.uleb128 0xc
 1592 0150 49       		.uleb128 0x49
 1593 0151 13       		.uleb128 0x13
 1594 0152 3C       		.uleb128 0x3c
 1595 0153 0C       		.uleb128 0xc
 1596 0154 00       		.byte	0
GAS LISTING C:\Users\duchu\AppData\Local\Temp\ccOzxwtX.s 			page 29


 1597 0155 00       		.byte	0
 1598 0156 00       		.byte	0
 1599              		.section	.debug_loc,"",@progbits
 1600              	.Ldebug_loc0:
 1601              	.LLST0:
 1602 0000 00000000 		.4byte	.LFB4
 1603 0004 00000000 		.4byte	.LCFI0
 1604 0008 0002     		.2byte	0x2
 1605 000a 71       		.byte	0x71
 1606 000b 00       		.sleb128 0
 1607 000c 00000000 		.4byte	.LCFI0
 1608 0010 00000000 		.4byte	.LCFI1
 1609 0014 0002     		.2byte	0x2
 1610 0016 71       		.byte	0x71
 1611 0017 08       		.sleb128 8
 1612 0018 00000000 		.4byte	.LCFI1
 1613 001c 00000000 		.4byte	.LFE4
 1614 0020 0002     		.2byte	0x2
 1615 0022 71       		.byte	0x71
 1616 0023 00       		.sleb128 0
 1617 0024 00000000 		.4byte	0
 1618 0028 00000000 		.4byte	0
 1619              	.LLST1:
 1620 002c 00000000 		.4byte	.LFB5
 1621 0030 00000000 		.4byte	.LCFI2
 1622 0034 0002     		.2byte	0x2
 1623 0036 71       		.byte	0x71
 1624 0037 00       		.sleb128 0
 1625 0038 00000000 		.4byte	.LCFI2
 1626 003c 00000000 		.4byte	.LCFI3
 1627 0040 0002     		.2byte	0x2
 1628 0042 71       		.byte	0x71
 1629 0043 08       		.sleb128 8
 1630 0044 00000000 		.4byte	.LCFI3
 1631 0048 00000000 		.4byte	.LFE5
 1632 004c 0002     		.2byte	0x2
 1633 004e 71       		.byte	0x71
 1634 004f 00       		.sleb128 0
 1635 0050 00000000 		.4byte	0
 1636 0054 00000000 		.4byte	0
 1637              	.LLST2:
 1638 0058 00000000 		.4byte	.LVL1
 1639 005c 00000000 		.4byte	.LVL2
 1640 0060 0001     		.2byte	0x1
 1641 0062 53       		.byte	0x53
 1642 0063 00000000 		.4byte	.LVL2
 1643 0067 00000000 		.4byte	.LFE5
 1644 006b 0004     		.2byte	0x4
 1645 006d F3       		.byte	0xf3
 1646 006e 01       		.uleb128 0x1
 1647 006f 53       		.byte	0x53
 1648 0070 9F       		.byte	0x9f
 1649 0071 00000000 		.4byte	0
 1650 0075 00000000 		.4byte	0
 1651              	.LLST3:
 1652 0079 00000000 		.4byte	.LVL1
 1653 007d 00000000 		.4byte	.LVL3
GAS LISTING C:\Users\duchu\AppData\Local\Temp\ccOzxwtX.s 			page 30


 1654 0081 0001     		.2byte	0x1
 1655 0083 54       		.byte	0x54
 1656 0084 00000000 		.4byte	.LVL3
 1657 0088 00000000 		.4byte	.LFE5
 1658 008c 0004     		.2byte	0x4
 1659 008e F3       		.byte	0xf3
 1660 008f 01       		.uleb128 0x1
 1661 0090 54       		.byte	0x54
 1662 0091 9F       		.byte	0x9f
 1663 0092 00000000 		.4byte	0
 1664 0096 00000000 		.4byte	0
 1665              	.LLST4:
 1666 009a 00000000 		.4byte	.LFB6
 1667 009e 00000000 		.4byte	.LCFI4
 1668 00a2 0002     		.2byte	0x2
 1669 00a4 71       		.byte	0x71
 1670 00a5 00       		.sleb128 0
 1671 00a6 00000000 		.4byte	.LCFI4
 1672 00aa 00000000 		.4byte	.LCFI5
 1673 00ae 0003     		.2byte	0x3
 1674 00b0 71       		.byte	0x71
 1675 00b1 C800     		.sleb128 72
 1676 00b3 00000000 		.4byte	.LCFI5
 1677 00b7 00000000 		.4byte	.LFE6
 1678 00bb 0002     		.2byte	0x2
 1679 00bd 71       		.byte	0x71
 1680 00be 00       		.sleb128 0
 1681 00bf 00000000 		.4byte	0
 1682 00c3 00000000 		.4byte	0
 1683              	.LLST5:
 1684 00c7 00000000 		.4byte	.LVL5
 1685 00cb 00000000 		.4byte	.LVL8
 1686 00cf 0001     		.2byte	0x1
 1687 00d1 53       		.byte	0x53
 1688 00d2 00000000 		.4byte	.LVL8
 1689 00d6 00000000 		.4byte	.LFE6
 1690 00da 0004     		.2byte	0x4
 1691 00dc F3       		.byte	0xf3
 1692 00dd 01       		.uleb128 0x1
 1693 00de 53       		.byte	0x53
 1694 00df 9F       		.byte	0x9f
 1695 00e0 00000000 		.4byte	0
 1696 00e4 00000000 		.4byte	0
 1697              	.LLST6:
 1698 00e8 00000000 		.4byte	.LVL5
 1699 00ec 00000000 		.4byte	.LVL9
 1700 00f0 0001     		.2byte	0x1
 1701 00f2 54       		.byte	0x54
 1702 00f3 00000000 		.4byte	.LVL9
 1703 00f7 00000000 		.4byte	.LFE6
 1704 00fb 0004     		.2byte	0x4
 1705 00fd F3       		.byte	0xf3
 1706 00fe 01       		.uleb128 0x1
 1707 00ff 54       		.byte	0x54
 1708 0100 9F       		.byte	0x9f
 1709 0101 00000000 		.4byte	0
 1710 0105 00000000 		.4byte	0
GAS LISTING C:\Users\duchu\AppData\Local\Temp\ccOzxwtX.s 			page 31


 1711              	.LLST7:
 1712 0109 00000000 		.4byte	.LVL6
 1713 010d 00000000 		.4byte	.LVL8
 1714 0111 0008     		.2byte	0x8
 1715 0113 31       		.byte	0x31
 1716 0114 73       		.byte	0x73
 1717 0115 00       		.sleb128 0
 1718 0116 08       		.byte	0x8
 1719 0117 FF       		.byte	0xff
 1720 0118 1A       		.byte	0x1a
 1721 0119 24       		.byte	0x24
 1722 011a 9F       		.byte	0x9f
 1723 011b 00000000 		.4byte	.LVL8
 1724 011f 00000000 		.4byte	.LFE6
 1725 0123 0009     		.2byte	0x9
 1726 0125 31       		.byte	0x31
 1727 0126 F3       		.byte	0xf3
 1728 0127 01       		.uleb128 0x1
 1729 0128 53       		.byte	0x53
 1730 0129 08       		.byte	0x8
 1731 012a FF       		.byte	0xff
 1732 012b 1A       		.byte	0x1a
 1733 012c 24       		.byte	0x24
 1734 012d 9F       		.byte	0x9f
 1735 012e 00000000 		.4byte	0
 1736 0132 00000000 		.4byte	0
 1737              	.LLST8:
 1738 0136 00000000 		.4byte	.LVL10
 1739 013a 00000000 		.4byte	.LVL11
 1740 013e 0001     		.2byte	0x1
 1741 0140 53       		.byte	0x53
 1742 0141 00000000 		.4byte	0
 1743 0145 00000000 		.4byte	0
 1744              	.LLST9:
 1745 0149 00000000 		.4byte	.LFB7
 1746 014d 00000000 		.4byte	.LCFI6
 1747 0151 0002     		.2byte	0x2
 1748 0153 71       		.byte	0x71
 1749 0154 00       		.sleb128 0
 1750 0155 00000000 		.4byte	.LCFI6
 1751 0159 00000000 		.4byte	.LCFI7
 1752 015d 0003     		.2byte	0x3
 1753 015f 71       		.byte	0x71
 1754 0160 C800     		.sleb128 72
 1755 0162 00000000 		.4byte	.LCFI7
 1756 0166 00000000 		.4byte	.LFE7
 1757 016a 0002     		.2byte	0x2
 1758 016c 71       		.byte	0x71
 1759 016d 00       		.sleb128 0
 1760 016e 00000000 		.4byte	0
 1761 0172 00000000 		.4byte	0
 1762              	.LLST10:
 1763 0176 00000000 		.4byte	.LVL13
 1764 017a 00000000 		.4byte	.LVL15
 1765 017e 0001     		.2byte	0x1
 1766 0180 53       		.byte	0x53
 1767 0181 00000000 		.4byte	.LVL15
GAS LISTING C:\Users\duchu\AppData\Local\Temp\ccOzxwtX.s 			page 32


 1768 0185 00000000 		.4byte	.LVL17
 1769 0189 0001     		.2byte	0x1
 1770 018b 57       		.byte	0x57
 1771 018c 00000000 		.4byte	.LVL17
 1772 0190 00000000 		.4byte	.LVL18-1
 1773 0194 0001     		.2byte	0x1
 1774 0196 55       		.byte	0x55
 1775 0197 00000000 		.4byte	.LVL18-1
 1776 019b 00000000 		.4byte	.LFE7
 1777 019f 0004     		.2byte	0x4
 1778 01a1 F3       		.byte	0xf3
 1779 01a2 01       		.uleb128 0x1
 1780 01a3 53       		.byte	0x53
 1781 01a4 9F       		.byte	0x9f
 1782 01a5 00000000 		.4byte	0
 1783 01a9 00000000 		.4byte	0
 1784              	.LLST11:
 1785 01ad 00000000 		.4byte	.LVL13
 1786 01b1 00000000 		.4byte	.LVL16
 1787 01b5 0006     		.2byte	0x6
 1788 01b7 55       		.byte	0x55
 1789 01b8 93       		.byte	0x93
 1790 01b9 04       		.uleb128 0x4
 1791 01ba 56       		.byte	0x56
 1792 01bb 93       		.byte	0x93
 1793 01bc 04       		.uleb128 0x4
 1794 01bd 00000000 		.4byte	.LVL16
 1795 01c1 00000000 		.4byte	.LFE7
 1796 01c5 0006     		.2byte	0x6
 1797 01c7 F3       		.byte	0xf3
 1798 01c8 03       		.uleb128 0x3
 1799 01c9 F5       		.byte	0xf5
 1800 01ca 05       		.uleb128 0x5
 1801 01cb 29       		.uleb128 0x29
 1802 01cc 9F       		.byte	0x9f
 1803 01cd 00000000 		.4byte	0
 1804 01d1 00000000 		.4byte	0
 1805              	.LLST12:
 1806 01d5 00000000 		.4byte	.LVL18
 1807 01d9 00000000 		.4byte	.LVL19
 1808 01dd 0001     		.2byte	0x1
 1809 01df 53       		.byte	0x53
 1810 01e0 00000000 		.4byte	0
 1811 01e4 00000000 		.4byte	0
 1812              	.LLST13:
 1813 01e8 00000000 		.4byte	.LVL14
 1814 01ec 00000000 		.4byte	.LVL17
 1815 01f0 0006     		.2byte	0x6
 1816 01f2 71       		.byte	0x71
 1817 01f3 00       		.sleb128 0
 1818 01f4 06       		.byte	0x6
 1819 01f5 40       		.byte	0x40
 1820 01f6 1C       		.byte	0x1c
 1821 01f7 9F       		.byte	0x9f
 1822 01f8 00000000 		.4byte	.LVL17
 1823 01fc 00000000 		.4byte	.LVL18-1
 1824 0200 0001     		.2byte	0x1
GAS LISTING C:\Users\duchu\AppData\Local\Temp\ccOzxwtX.s 			page 33


 1825 0202 57       		.byte	0x57
 1826 0203 00000000 		.4byte	.LVL18-1
 1827 0207 00000000 		.4byte	.LVL21
 1828 020b 0003     		.2byte	0x3
 1829 020d 91       		.byte	0x91
 1830 020e 70       		.sleb128 -16
 1831 020f 9F       		.byte	0x9f
 1832 0210 00000000 		.4byte	.LVL21
 1833 0214 00000000 		.4byte	.LFE7
 1834 0218 0003     		.2byte	0x3
 1835 021a 71       		.byte	0x71
 1836 021b 70       		.sleb128 -16
 1837 021c 9F       		.byte	0x9f
 1838 021d 00000000 		.4byte	0
 1839 0221 00000000 		.4byte	0
 1840              	.LLST14:
 1841 0225 00000000 		.4byte	.LFB8
 1842 0229 00000000 		.4byte	.LCFI8
 1843 022d 0002     		.2byte	0x2
 1844 022f 71       		.byte	0x71
 1845 0230 00       		.sleb128 0
 1846 0231 00000000 		.4byte	.LCFI8
 1847 0235 00000000 		.4byte	.LCFI9
 1848 0239 0002     		.2byte	0x2
 1849 023b 71       		.byte	0x71
 1850 023c 38       		.sleb128 56
 1851 023d 00000000 		.4byte	.LCFI9
 1852 0241 00000000 		.4byte	.LFE8
 1853 0245 0002     		.2byte	0x2
 1854 0247 71       		.byte	0x71
 1855 0248 00       		.sleb128 0
 1856 0249 00000000 		.4byte	0
 1857 024d 00000000 		.4byte	0
 1858              	.LLST15:
 1859 0251 00000000 		.4byte	.LVL22
 1860 0255 00000000 		.4byte	.LVL23
 1861 0259 0001     		.2byte	0x1
 1862 025b 53       		.byte	0x53
 1863 025c 00000000 		.4byte	.LVL23
 1864 0260 00000000 		.4byte	.LVL25
 1865 0264 0001     		.2byte	0x1
 1866 0266 57       		.byte	0x57
 1867 0267 00000000 		.4byte	.LVL25
 1868 026b 00000000 		.4byte	.LVL26-1
 1869 026f 0001     		.2byte	0x1
 1870 0271 54       		.byte	0x54
 1871 0272 00000000 		.4byte	.LVL26-1
 1872 0276 00000000 		.4byte	.LFE8
 1873 027a 0004     		.2byte	0x4
 1874 027c F3       		.byte	0xf3
 1875 027d 01       		.uleb128 0x1
 1876 027e 53       		.byte	0x53
 1877 027f 9F       		.byte	0x9f
 1878 0280 00000000 		.4byte	0
 1879 0284 00000000 		.4byte	0
 1880              	.LLST16:
 1881 0288 00000000 		.4byte	.LVL22
GAS LISTING C:\Users\duchu\AppData\Local\Temp\ccOzxwtX.s 			page 34


 1882 028c 00000000 		.4byte	.LVL24
 1883 0290 0001     		.2byte	0x1
 1884 0292 54       		.byte	0x54
 1885 0293 00000000 		.4byte	.LVL24
 1886 0297 00000000 		.4byte	.LVL26-1
 1887 029b 0001     		.2byte	0x1
 1888 029d 55       		.byte	0x55
 1889 029e 00000000 		.4byte	.LVL26-1
 1890 02a2 00000000 		.4byte	.LFE8
 1891 02a6 0004     		.2byte	0x4
 1892 02a8 F3       		.byte	0xf3
 1893 02a9 01       		.uleb128 0x1
 1894 02aa 54       		.byte	0x54
 1895 02ab 9F       		.byte	0x9f
 1896 02ac 00000000 		.4byte	0
 1897 02b0 00000000 		.4byte	0
 1898              	.LLST17:
 1899 02b4 00000000 		.4byte	.LVL26
 1900 02b8 00000000 		.4byte	.LVL27
 1901 02bc 0001     		.2byte	0x1
 1902 02be 53       		.byte	0x53
 1903 02bf 00000000 		.4byte	0
 1904 02c3 00000000 		.4byte	0
 1905              		.section	.debug_aranges,"",@progbits
 1906 0000 0000003C 		.4byte	0x3c
 1907 0004 0002     		.2byte	0x2
 1908 0006 00000000 		.4byte	.Ldebug_info0
 1909 000a 04       		.byte	0x4
 1910 000b 00       		.byte	0
 1911 000c 0000     		.2byte	0
 1912 000e 0000     		.2byte	0
 1913 0010 00000000 		.4byte	.LFB4
 1914 0014 0000002C 		.4byte	.LFE4-.LFB4
 1915 0018 00000000 		.4byte	.LFB5
 1916 001c 00000028 		.4byte	.LFE5-.LFB5
 1917 0020 00000000 		.4byte	.LFB6
 1918 0024 00000072 		.4byte	.LFE6-.LFB6
 1919 0028 00000000 		.4byte	.LFB7
 1920 002c 00000072 		.4byte	.LFE7-.LFB7
 1921 0030 00000000 		.4byte	.LFB8
 1922 0034 00000038 		.4byte	.LFE8-.LFB8
 1923 0038 00000000 		.4byte	0
 1924 003c 00000000 		.4byte	0
 1925              		.section	.debug_ranges,"",@progbits
 1926              	.Ldebug_ranges0:
 1927 0000 00000000 		.4byte	.LFB4
 1928 0004 00000000 		.4byte	.LFE4
 1929 0008 00000000 		.4byte	.LFB5
 1930 000c 00000000 		.4byte	.LFE5
 1931 0010 00000000 		.4byte	.LFB6
 1932 0014 00000000 		.4byte	.LFE6
 1933 0018 00000000 		.4byte	.LFB7
 1934 001c 00000000 		.4byte	.LFE7
 1935 0020 00000000 		.4byte	.LFB8
 1936 0024 00000000 		.4byte	.LFE8
 1937 0028 00000000 		.4byte	0
 1938 002c 00000000 		.4byte	0
GAS LISTING C:\Users\duchu\AppData\Local\Temp\ccOzxwtX.s 			page 35


 1939              		.section	.debug_line,"",@progbits
 1940              	.Ldebug_line0:
 1941 0000 00000279 		.section	.debug_str,"MS",@progbits,1
 1941      00020000 
 1941      01FB0201 
 1941      FB0E0D00 
 1941      01010101 
 1942              	.LASF72:
 1943 0000 65657072 		.string	"eeprom_lld_blankcheck"
 1943      6F6D5F6C 
 1943      6C645F62 
 1943      6C616E6B 
 1943      63686563 
 1944              	.LASF29:
 1945 0016 5F633535 		.string	"_c55_misr"
 1945      5F6D6973 
 1945      7200
 1946              	.LASF65:
 1947 0020 72657375 		.string	"result"
 1947      6C7400
 1948              	.LASF3:
 1949 0027 424F4F4C 		.string	"BOOL"
 1949      00
 1950              	.LASF70:
 1951 002c 62756666 		.string	"bufferpointer"
 1951      6572706F 
 1951      696E7465 
 1951      7200
 1952              	.LASF74:
 1953 003a 6661696C 		.string	"failData"
 1953      44617461 
 1953      00
 1954              	.LASF59:
 1955 0043 666C6173 		.string	"flashspace"
 1955      68737061 
 1955      636500
 1956              	.LASF32:
 1957 004e 64657374 		.string	"dest"
 1957      00
 1958              	.LASF54:
 1959 0053 75696E74 		.string	"uint64_t"
 1959      36345F74 
 1959      00
 1960              	.LASF30:
 1961 005c 504D4953 		.string	"PMISR"
 1961      5200
 1962              	.LASF5:
 1963 0062 73686F72 		.string	"short int"
 1963      7420696E 
 1963      7400
 1964              	.LASF81:
 1965 006c 474E5520 		.ascii	"GNU C 4.9.4 20160726 (Sat May 27 11:09:55 CDT 2017      "
 1965      4320342E 
 1965      392E3420 
 1965      32303136 
 1965      30373236 
 1966 00a4 20202062 		.string	"   build.sh rev=gd8b6c20 s=F494 ELe200 -V release_gd8b6c20_build_Fed_ELe200_ML0) -mcall-s
GAS LISTING C:\Users\duchu\AppData\Local\Temp\ccOzxwtX.s 			page 36


 1966      75696C64 
 1966      2E736820 
 1966      7265763D 
 1966      67643862 
 1967              	.LASF55:
 1968 01a5 73697A65 		.string	"sizetype"
 1968      74797065 
 1968      00
 1969              	.LASF15:
 1970 01ae 5F633535 		.string	"_c55_block_info"
 1970      5F626C6F 
 1970      636B5F69 
 1970      6E666F00 
 1971              	.LASF16:
 1972 01be 5F633535 		.string	"_c55_ssd_config"
 1972      5F737364 
 1972      5F636F6E 
 1972      66696700 
 1973              	.LASF8:
 1974 01ce 55494E54 		.string	"UINT32"
 1974      333200
 1975              	.LASF48:
 1976 01d5 5F5F7569 		.string	"__uint32_t"
 1976      6E743332 
 1976      5F7400
 1977              	.LASF18:
 1978 01e0 6D61696E 		.string	"mainArrayBase"
 1978      41727261 
 1978      79426173 
 1978      6500
 1979              	.LASF23:
 1980 01ee 75546573 		.string	"uTestArrayBase"
 1980      74417272 
 1980      61794261 
 1980      736500
 1981              	.LASF57:
 1982 01fd 65657072 		.string	"eeprom_lld_unlock"
 1982      6F6D5F6C 
 1982      6C645F75 
 1982      6E6C6F63 
 1982      6B00
 1983              	.LASF52:
 1984 020f 75696E74 		.string	"uint8_t"
 1984      385F7400 
 1985              	.LASF36:
 1986 0217 70466169 		.string	"pFailedData"
 1986      6C656444 
 1986      61746100 
 1987              	.LASF45:
 1988 0223 7365636F 		.string	"secondLargeBlockSelect"
 1988      6E644C61 
 1988      72676542 
 1988      6C6F636B 
 1988      53656C65 
 1989              	.LASF76:
 1990 023a 466C6173 		.string	"FlashInit"
 1990      68496E69 
GAS LISTING C:\Users\duchu\AppData\Local\Temp\ccOzxwtX.s 			page 37


 1990      7400
 1991              	.LASF46:
 1992 0244 4E4C4152 		.string	"NLARGE_BLOCK_SEL"
 1992      47455F42 
 1992      4C4F434B 
 1992      5F53454C 
 1992      00
 1993              	.LASF71:
 1994 0255 70676D43 		.string	"pgmCtxData"
 1994      74784461 
 1994      746100
 1995              	.LASF39:
 1996 0260 704D6973 		.string	"pMisr"
 1996      7200
 1997              	.LASF63:
 1998 0266 68696768 		.string	"highBlockSelect"
 1998      426C6F63 
 1998      6B53656C 
 1998      65637400 
 1999              	.LASF11:
 2000 0276 6E31364B 		.string	"n16KBlockNum"
 2000      426C6F63 
 2000      6B4E756D 
 2000      00
 2001              	.LASF10:
 2002 0283 6E384B42 		.string	"n8KBlockNum"
 2002      6C6F636B 
 2002      4E756D00 
 2003              	.LASF49:
 2004 028f 6C6F6E67 		.string	"long long int"
 2004      206C6F6E 
 2004      6720696E 
 2004      7400
 2005              	.LASF0:
 2006 029d 6C6F6E67 		.string	"long long unsigned int"
 2006      206C6F6E 
 2006      6720756E 
 2006      7369676E 
 2006      65642069 
 2007              	.LASF60:
 2008 02b4 65657072 		.string	"eeprom_lld_flasherase"
 2008      6F6D5F6C 
 2008      6C645F66 
 2008      6C617368 
 2008      65726173 
 2009              	.LASF7:
 2010 02ca 6C6F6E67 		.string	"long int"
 2010      20696E74 
 2010      00
 2011              	.LASF4:
 2012 02d3 55494E54 		.string	"UINT8"
 2012      3800
 2013              	.LASF47:
 2014 02d9 5F5F7569 		.string	"__uint8_t"
 2014      6E74385F 
 2014      7400
 2015              	.LASF58:
GAS LISTING C:\Users\duchu\AppData\Local\Temp\ccOzxwtX.s 			page 38


 2016 02e3 626C6F63 		.string	"block"
 2016      6B00
 2017              	.LASF34:
 2018 02e9 736F7572 		.string	"source"
 2018      636500
 2019              	.LASF82:
 2020 02f0 2E2F636F 		.string	"./components/eeprom_emulation_driver/lib/src/eeprom_lld.c"
 2020      6D706F6E 
 2020      656E7473 
 2020      2F656570 
 2020      726F6D5F 
 2021              	.LASF43:
 2022 032a 5F633535 		.string	"_c55_nLarge_block_sel"
 2022      5F6E4C61 
 2022      7267655F 
 2022      626C6F63 
 2022      6B5F7365 
 2023              	.LASF84:
 2024 0340 6E4C6172 		.string	"nLargeBlockSelect"
 2024      6765426C 
 2024      6F636B53 
 2024      656C6563 
 2024      7400
 2025              	.LASF1:
 2026 0352 756E7369 		.string	"unsigned char"
 2026      676E6564 
 2026      20636861 
 2026      7200
 2027              	.LASF42:
 2028 0360 50434F4E 		.string	"PCONTEXT_DATA"
 2028      54455854 
 2028      5F444154 
 2028      4100
 2029              	.LASF13:
 2030 036e 6E36344B 		.string	"n64KBlockNum"
 2030      426C6F63 
 2030      6B4E756D 
 2030      00
 2031              	.LASF40:
 2032 037b 70526571 		.string	"pReqCompletionFn"
 2032      436F6D70 
 2032      6C657469 
 2032      6F6E466E 
 2032      00
 2033              	.LASF2:
 2034 038c 7369676E 		.string	"signed char"
 2034      65642063 
 2034      68617200 
 2035              	.LASF68:
 2036 0398 61646472 		.string	"address"
 2036      65737300 
 2037              	.LASF53:
 2038 03a0 75696E74 		.string	"uint32_t"
 2038      33325F74 
 2038      00
 2039              	.LASF51:
 2040 03a9 756E7369 		.string	"unsigned int"
GAS LISTING C:\Users\duchu\AppData\Local\Temp\ccOzxwtX.s 			page 39


 2040      676E6564 
 2040      20696E74 
 2040      00
 2041              	.LASF75:
 2042 03b6 62634374 		.string	"bcCtxData"
 2042      78446174 
 2042      6100
 2043              	.LASF79:
 2044 03c0 466C6173 		.string	"FlashCheckStatus"
 2044      68436865 
 2044      636B5374 
 2044      61747573 
 2044      00
 2045              	.LASF67:
 2046 03d1 65657072 		.string	"eeprom_lld_flashprogram64"
 2046      6F6D5F6C 
 2046      6C645F66 
 2046      6C617368 
 2046      70726F67 
 2047              	.LASF86:
 2048 03eb 426C616E 		.string	"BlankCheck"
 2048      6B436865 
 2048      636B00
 2049              	.LASF66:
 2050 03f6 64756D6D 		.string	"dummyCtxData"
 2050      79437478 
 2050      44617461 
 2050      00
 2051              	.LASF27:
 2052 0403 5353445F 		.string	"SSD_CONFIG"
 2052      434F4E46 
 2052      494700
 2053              	.LASF6:
 2054 040e 73686F72 		.string	"short unsigned int"
 2054      7420756E 
 2054      7369676E 
 2054      65642069 
 2054      6E7400
 2055              	.LASF85:
 2056 0421 73736443 		.string	"ssdConfig"
 2056      6F6E6669 
 2056      6700
 2057              	.LASF24:
 2058 042b 6D61696E 		.string	"mainInterfaceFlag"
 2058      496E7465 
 2058      72666163 
 2058      65466C61 
 2058      6700
 2059              	.LASF61:
 2060 043d 6C6F7742 		.string	"lowBlockSelect"
 2060      6C6F636B 
 2060      53656C65 
 2060      637400
 2061              	.LASF44:
 2062 044c 66697273 		.string	"firstLargeBlockSelect"
 2062      744C6172 
 2062      6765426C 
GAS LISTING C:\Users\duchu\AppData\Local\Temp\ccOzxwtX.s 			page 40


 2062      6F636B53 
 2062      656C6563 
 2063              	.LASF14:
 2064 0462 424C4F43 		.string	"BLOCK_INFO"
 2064      4B5F494E 
 2064      464F00
 2065              	.LASF35:
 2066 046d 70466169 		.string	"pFailedAddress"
 2066      6C656441 
 2066      64647265 
 2066      737300
 2067              	.LASF50:
 2068 047c 5F5F7569 		.string	"__uint64_t"
 2068      6E743634 
 2068      5F7400
 2069              	.LASF69:
 2070 0487 62756666 		.string	"buffer"
 2070      657200
 2071              	.LASF21:
 2072 048e 68696768 		.string	"highBlockInfo"
 2072      426C6F63 
 2072      6B496E66 
 2072      6F00
 2073              	.LASF80:
 2074 049c 466C6173 		.string	"FlashProgram"
 2074      6850726F 
 2074      6772616D 
 2074      00
 2075              	.LASF31:
 2076 04a9 5F633535 		.string	"_c55_context_data"
 2076      5F636F6E 
 2076      74657874 
 2076      5F646174 
 2076      6100
 2077              	.LASF77:
 2078 04bb 5365744C 		.string	"SetLock"
 2078      6F636B00 
 2079              	.LASF38:
 2080 04c3 7053756D 		.string	"pSum"
 2080      00
 2081              	.LASF9:
 2082 04c8 6C6F6E67 		.string	"long unsigned int"
 2082      20756E73 
 2082      69676E65 
 2082      6420696E 
 2082      7400
 2083              	.LASF22:
 2084 04da 6E4C6172 		.string	"nLargeBlockNum"
 2084      6765426C 
 2084      6F636B4E 
 2084      756D00
 2085              	.LASF28:
 2086 04e9 50535344 		.string	"PSSD_CONFIG"
 2086      5F434F4E 
 2086      46494700 
 2087              	.LASF41:
 2088 04f5 434F4E54 		.string	"CONTEXT_DATA"
GAS LISTING C:\Users\duchu\AppData\Local\Temp\ccOzxwtX.s 			page 41


 2088      4558545F 
 2088      44415441 
 2088      00
 2089              	.LASF62:
 2090 0502 6D696442 		.string	"midBlockSelect"
 2090      6C6F636B 
 2090      53656C65 
 2090      637400
 2091              	.LASF33:
 2092 0511 73697A65 		.string	"size"
 2092      00
 2093              	.LASF73:
 2094 0516 6661696C 		.string	"failAddress"
 2094      41646472 
 2094      65737300 
 2095              	.LASF25:
 2096 0522 70726F67 		.string	"programmableSize"
 2096      72616D6D 
 2096      61626C65 
 2096      53697A65 
 2096      00
 2097              	.LASF64:
 2098 0533 72657475 		.string	"returnvalue"
 2098      726E7661 
 2098      6C756500 
 2099              	.LASF78:
 2100 053f 466C6173 		.string	"FlashErase"
 2100      68457261 
 2100      736500
 2101              	.LASF83:
 2102 054a 443A5C57 		.string	"D:\\Workplace\\KSC_LDC"
 2102      6F726B70 
 2102      6C616365 
 2102      5C4B5343 
 2102      5F4C4443 
 2103              	.LASF37:
 2104 055f 70466169 		.string	"pFailedSource"
 2104      6C656453 
 2104      6F757263 
 2104      6500
 2105              	.LASF17:
 2106 056d 63353552 		.string	"c55RegBase"
 2106      65674261 
 2106      736500
 2107              	.LASF19:
 2108 0578 6C6F7742 		.string	"lowBlockInfo"
 2108      6C6F636B 
 2108      496E666F 
 2108      00
 2109              	.LASF56:
 2110 0585 65657072 		.string	"eeprom_lld_flashinit"
 2110      6F6D5F6C 
 2110      6C645F66 
 2110      6C617368 
 2110      696E6974 
 2111              	.LASF20:
 2112 059a 6D696442 		.string	"midBlockInfo"
GAS LISTING C:\Users\duchu\AppData\Local\Temp\ccOzxwtX.s 			page 42


 2112      6C6F636B 
 2112      496E666F 
 2112      00
 2113              	.LASF26:
 2114 05a7 42444D45 		.string	"BDMEnable"
 2114      6E61626C 
 2114      6500
 2115              	.LASF12:
 2116 05b1 6E33324B 		.string	"n32KBlockNum"
 2116      426C6F63 
 2116      6B4E756D 
 2116      00
 2117              		.ident	"GCC: (GNU) 4.9.4 20160726 (Sat May 27 11:09:55 CDT 2017         build.sh rev=gd8b6c20 s=F4
GAS LISTING C:\Users\duchu\AppData\Local\Temp\ccOzxwtX.s 			page 43


DEFINED SYMBOLS
                            *ABS*:00000000 eeprom_lld.c
C:\Users\duchu\AppData\Local\Temp\ccOzxwtX.s:10     .text.eeprom_lld_flashinit:00000000 eeprom_lld_flashinit
C:\Users\duchu\AppData\Local\Temp\ccOzxwtX.s:47     .text.eeprom_lld_unlock:00000000 eeprom_lld_unlock
C:\Users\duchu\AppData\Local\Temp\ccOzxwtX.s:87     .text.eeprom_lld_flasherase:00000000 eeprom_lld_flasherase
C:\Users\duchu\AppData\Local\Temp\ccOzxwtX.s:168    .text.eeprom_lld_flashprogram64:00000000 eeprom_lld_flashprogram64
C:\Users\duchu\AppData\Local\Temp\ccOzxwtX.s:246    .text.eeprom_lld_blankcheck:00000000 eeprom_lld_blankcheck

UNDEFINED SYMBOLS
ssdConfig
FlashInit
SetLock
FlashErase
FlashCheckStatus
FlashProgram
BlankCheck
