GAS LISTING C:\Users\duchu\AppData\Local\Temp\ccYgwpC1.s 			page 1


   1              		.file	"irq.c"
   2              		.section	".text","axv"
   3              	.Ltext0:
   4              		.cfi_sections	.debug_frame
   5              		.section	.text.irqInit,"axv",@progbits
   6              		.align 1
   7              		.p2align 4,,15
   8              		.globl irqInit
   9              		.type	irqInit, @function
  10              	irqInit:
  11              	.LFB4:
  12              		.file 1 "./components/spc570sxx_irq_component_rla/lib/src/irq.c"
  13              		.loc 1 52 0
  14              		.cfi_startproc
  15 0000 182106F8 		e_stwu %r1,-8(%r1)
  16              	.LCFI0:
  17              		.cfi_def_cfa_offset 8
  18 0004 0080     		se_mflr %r0
  19 0006 D301     		se_stw %r0,12(%r1)
  20              		.cfi_offset 65, 4
  21              		.loc 1 54 0
  22 0008 78000001 		e_bl irq_cfg_init
  23              	.LVL0:
  24              		.loc 1 63 0
  25 000c 4807     		se_li %r7,0
  26 000e 70DFE404 		e_lis %r6,0xfc04
  27 0012 D076     		se_stw %r7,0(%r6)
  28              		.loc 1 66 0
  29 0014 20F6     		se_addi %r6,16
  30 0016 D076     		se_stw %r7,0(%r6)
  31              		.loc 1 67 0
  32 0018 20F6     		se_addi %r6,16
  33 001a 70E0E000 		e_lis %r7,_vectors@ha
  34 001e 1CE70000 		e_la %r7,_vectors@l(%r7)
  35 0022 D076     		se_stw %r7,0(%r6)
  36              		.loc 1 88 0
  37 0024 C301     		se_lwz %r0,12(%r1)
  38 0026 0090     		se_mtlr %r0
  39              		.cfi_restore 65
  40 0028 2071     		se_addi %r1,8
  41              	.LCFI1:
  42              		.cfi_def_cfa_offset 0
  43 002a 0004     		se_blr
  44              		.cfi_endproc
  45              	.LFE4:
  46              		.size	irqInit, .-irqInit
  47              		.section	.text.irqSysHalt,"axv",@progbits
  48              		.align 1
  49              		.p2align 4,,15
  50              		.weak	irqSysHalt
  51              		.type	irqSysHalt, @function
  52              	irqSysHalt:
  53              	.LFB5:
  54              		.loc 1 99 0
  55              		.cfi_startproc
  56              	.LBB4:
  57              	.LBB5:
GAS LISTING C:\Users\duchu\AppData\Local\Temp\ccYgwpC1.s 			page 2


  58              		.file 2 "./components/spc570sxx_irq_component_rla/lib/include/irq.h"
  59              		.loc 2 79 0
  60              	 # 79 "./components/spc570sxx_irq_component_rla/lib/include/irq.h" 1
  61 0000 7C000146 		wrteei  0
  62              	 # 0 "" 2
  63              	.L3:
  64              	.LBE5:
  65              	.LBE4:
  66              		.loc 1 103 0 discriminator 1
  67 0004 78000000 		e_b .L3
  68              		.cfi_endproc
  69              	.LFE5:
  70              		.size	irqSysHalt, .-irqSysHalt
  71              		.section	".text","axv"
  72              	.Letext0:
  73              		.file 3 "c:\\spc5studio\\eclipse\\plugins\\com.st.tools.spc5.tools.gnu.gcc.ppcvle.win32_4.9.4.2019
  74              		.file 4 "c:\\spc5studio\\eclipse\\plugins\\com.st.tools.spc5.tools.gnu.gcc.ppcvle.win32_4.9.4.2019
  75              		.file 5 "./components/spc570sxx_irq_component_rla/lib/include/vectors.h"
  76              		.file 6 "./components/spc570sxx_irq_component_rla/cfg/irq_cfg.h"
  77              		.section	.debug_info,"",@progbits
  78              	.Ldebug_info0:
  79 0000 0000011D 		.4byte	0x11d
  80 0004 0002     		.2byte	0x2
  81 0006 00000000 		.4byte	.Ldebug_abbrev0
  82 000a 04       		.byte	0x4
  83 000b 01       		.uleb128 0x1
  84 000c 00000000 		.4byte	.LASF16
  85 0010 01       		.byte	0x1
  86 0011 00000000 		.4byte	.LASF17
  87 0015 00000000 		.4byte	.LASF18
  88 0019 00000000 		.4byte	.Ldebug_ranges0+0
  89 001d 00000000 		.4byte	0
  90 0021 00000000 		.4byte	0
  91 0025 00000000 		.4byte	.Ldebug_line0
  92 0029 02       		.uleb128 0x2
  93 002a 01       		.byte	0x1
  94 002b 06       		.byte	0x6
  95 002c 00000000 		.4byte	.LASF0
  96 0030 03       		.uleb128 0x3
  97 0031 00000000 		.4byte	.LASF5
  98 0035 03       		.byte	0x3
  99 0036 1D       		.byte	0x1d
 100 0037 0000003B 		.4byte	0x3b
 101 003b 02       		.uleb128 0x2
 102 003c 01       		.byte	0x1
 103 003d 08       		.byte	0x8
 104 003e 00000000 		.4byte	.LASF1
 105 0042 02       		.uleb128 0x2
 106 0043 02       		.byte	0x2
 107 0044 05       		.byte	0x5
 108 0045 00000000 		.4byte	.LASF2
 109 0049 02       		.uleb128 0x2
 110 004a 02       		.byte	0x2
 111 004b 07       		.byte	0x7
 112 004c 00000000 		.4byte	.LASF3
 113 0050 02       		.uleb128 0x2
 114 0051 04       		.byte	0x4
GAS LISTING C:\Users\duchu\AppData\Local\Temp\ccYgwpC1.s 			page 3


 115 0052 05       		.byte	0x5
 116 0053 00000000 		.4byte	.LASF4
 117 0057 03       		.uleb128 0x3
 118 0058 00000000 		.4byte	.LASF6
 119 005c 03       		.byte	0x3
 120 005d 41       		.byte	0x41
 121 005e 00000062 		.4byte	0x62
 122 0062 02       		.uleb128 0x2
 123 0063 04       		.byte	0x4
 124 0064 07       		.byte	0x7
 125 0065 00000000 		.4byte	.LASF7
 126 0069 02       		.uleb128 0x2
 127 006a 08       		.byte	0x8
 128 006b 05       		.byte	0x5
 129 006c 00000000 		.4byte	.LASF8
 130 0070 02       		.uleb128 0x2
 131 0071 08       		.byte	0x8
 132 0072 07       		.byte	0x7
 133 0073 00000000 		.4byte	.LASF9
 134 0077 04       		.uleb128 0x4
 135 0078 04       		.byte	0x4
 136 0079 05       		.byte	0x5
 137 007a 696E7400 		.string	"int"
 138 007e 02       		.uleb128 0x2
 139 007f 04       		.byte	0x4
 140 0080 07       		.byte	0x7
 141 0081 00000000 		.4byte	.LASF10
 142 0085 03       		.uleb128 0x3
 143 0086 00000000 		.4byte	.LASF11
 144 008a 04       		.byte	0x4
 145 008b 15       		.byte	0x15
 146 008c 00000030 		.4byte	0x30
 147 0090 03       		.uleb128 0x3
 148 0091 00000000 		.4byte	.LASF12
 149 0095 04       		.byte	0x4
 150 0096 2D       		.byte	0x2d
 151 0097 00000057 		.4byte	0x57
 152 009b 02       		.uleb128 0x2
 153 009c 04       		.byte	0x4
 154 009d 07       		.byte	0x7
 155 009e 00000000 		.4byte	.LASF13
 156 00a2 05       		.uleb128 0x5
 157 00a3 00000000 		.4byte	.LASF19
 158 00a7 02       		.byte	0x2
 159 00a8 4D       		.byte	0x4d
 160 00a9 01       		.byte	0x1
 161 00aa 03       		.byte	0x3
 162 00ab 06       		.uleb128 0x6
 163 00ac 01       		.byte	0x1
 164 00ad 00000000 		.4byte	.LASF14
 165 00b1 01       		.byte	0x1
 166 00b2 34       		.byte	0x34
 167 00b3 01       		.byte	0x1
 168 00b4 00000000 		.4byte	.LFB4
 169 00b8 00000000 		.4byte	.LFE4
 170 00bc 00000000 		.4byte	.LLST0
 171 00c0 01       		.byte	0x1
GAS LISTING C:\Users\duchu\AppData\Local\Temp\ccYgwpC1.s 			page 4


 172 00c1 000000CF 		.4byte	0xcf
 173 00c5 07       		.uleb128 0x7
 174 00c6 00000000 		.4byte	.LVL0
 175 00ca 00000116 		.4byte	0x116
 176 00ce 00       		.byte	0
 177 00cf 08       		.uleb128 0x8
 178 00d0 01       		.byte	0x1
 179 00d1 00000000 		.4byte	.LASF15
 180 00d5 01       		.byte	0x1
 181 00d6 63       		.byte	0x63
 182 00d7 01       		.byte	0x1
 183 00d8 00000000 		.4byte	.LFB5
 184 00dc 00000000 		.4byte	.LFE5
 185 00e0 02       		.byte	0x2
 186 00e1 71       		.byte	0x71
 187 00e2 00       		.sleb128 0
 188 00e3 01       		.byte	0x1
 189 00e4 000000F8 		.4byte	0xf8
 190 00e8 09       		.uleb128 0x9
 191 00e9 000000A2 		.4byte	0xa2
 192 00ed 00000000 		.4byte	.LBB4
 193 00f1 00000000 		.4byte	.LBE4
 194 00f5 01       		.byte	0x1
 195 00f6 65       		.byte	0x65
 196 00f7 00       		.byte	0
 197 00f8 0A       		.uleb128 0xa
 198 00f9 00000090 		.4byte	0x90
 199 00fd 00000109 		.4byte	0x109
 200 0101 0B       		.uleb128 0xb
 201 0102 0000009B 		.4byte	0x9b
 202 0106 03FF     		.2byte	0x3ff
 203 0108 00       		.byte	0
 204 0109 0C       		.uleb128 0xc
 205 010a 00000000 		.4byte	.LASF20
 206 010e 05       		.byte	0x5
 207 010f 3B       		.byte	0x3b
 208 0110 000000F8 		.4byte	0xf8
 209 0114 01       		.byte	0x1
 210 0115 01       		.byte	0x1
 211 0116 0D       		.uleb128 0xd
 212 0117 01       		.byte	0x1
 213 0118 00000000 		.4byte	.LASF21
 214 011c 06       		.byte	0x6
 215 011d 4C       		.byte	0x4c
 216 011e 01       		.byte	0x1
 217 011f 01       		.byte	0x1
 218 0120 00       		.byte	0
 219              		.section	.debug_abbrev,"",@progbits
 220              	.Ldebug_abbrev0:
 221 0000 01       		.uleb128 0x1
 222 0001 11       		.uleb128 0x11
 223 0002 01       		.byte	0x1
 224 0003 25       		.uleb128 0x25
 225 0004 0E       		.uleb128 0xe
 226 0005 13       		.uleb128 0x13
 227 0006 0B       		.uleb128 0xb
 228 0007 03       		.uleb128 0x3
GAS LISTING C:\Users\duchu\AppData\Local\Temp\ccYgwpC1.s 			page 5


 229 0008 0E       		.uleb128 0xe
 230 0009 1B       		.uleb128 0x1b
 231 000a 0E       		.uleb128 0xe
 232 000b 55       		.uleb128 0x55
 233 000c 06       		.uleb128 0x6
 234 000d 11       		.uleb128 0x11
 235 000e 01       		.uleb128 0x1
 236 000f 52       		.uleb128 0x52
 237 0010 01       		.uleb128 0x1
 238 0011 10       		.uleb128 0x10
 239 0012 06       		.uleb128 0x6
 240 0013 00       		.byte	0
 241 0014 00       		.byte	0
 242 0015 02       		.uleb128 0x2
 243 0016 24       		.uleb128 0x24
 244 0017 00       		.byte	0
 245 0018 0B       		.uleb128 0xb
 246 0019 0B       		.uleb128 0xb
 247 001a 3E       		.uleb128 0x3e
 248 001b 0B       		.uleb128 0xb
 249 001c 03       		.uleb128 0x3
 250 001d 0E       		.uleb128 0xe
 251 001e 00       		.byte	0
 252 001f 00       		.byte	0
 253 0020 03       		.uleb128 0x3
 254 0021 16       		.uleb128 0x16
 255 0022 00       		.byte	0
 256 0023 03       		.uleb128 0x3
 257 0024 0E       		.uleb128 0xe
 258 0025 3A       		.uleb128 0x3a
 259 0026 0B       		.uleb128 0xb
 260 0027 3B       		.uleb128 0x3b
 261 0028 0B       		.uleb128 0xb
 262 0029 49       		.uleb128 0x49
 263 002a 13       		.uleb128 0x13
 264 002b 00       		.byte	0
 265 002c 00       		.byte	0
 266 002d 04       		.uleb128 0x4
 267 002e 24       		.uleb128 0x24
 268 002f 00       		.byte	0
 269 0030 0B       		.uleb128 0xb
 270 0031 0B       		.uleb128 0xb
 271 0032 3E       		.uleb128 0x3e
 272 0033 0B       		.uleb128 0xb
 273 0034 03       		.uleb128 0x3
 274 0035 08       		.uleb128 0x8
 275 0036 00       		.byte	0
 276 0037 00       		.byte	0
 277 0038 05       		.uleb128 0x5
 278 0039 2E       		.uleb128 0x2e
 279 003a 00       		.byte	0
 280 003b 03       		.uleb128 0x3
 281 003c 0E       		.uleb128 0xe
 282 003d 3A       		.uleb128 0x3a
 283 003e 0B       		.uleb128 0xb
 284 003f 3B       		.uleb128 0x3b
 285 0040 0B       		.uleb128 0xb
GAS LISTING C:\Users\duchu\AppData\Local\Temp\ccYgwpC1.s 			page 6


 286 0041 27       		.uleb128 0x27
 287 0042 0C       		.uleb128 0xc
 288 0043 20       		.uleb128 0x20
 289 0044 0B       		.uleb128 0xb
 290 0045 00       		.byte	0
 291 0046 00       		.byte	0
 292 0047 06       		.uleb128 0x6
 293 0048 2E       		.uleb128 0x2e
 294 0049 01       		.byte	0x1
 295 004a 3F       		.uleb128 0x3f
 296 004b 0C       		.uleb128 0xc
 297 004c 03       		.uleb128 0x3
 298 004d 0E       		.uleb128 0xe
 299 004e 3A       		.uleb128 0x3a
 300 004f 0B       		.uleb128 0xb
 301 0050 3B       		.uleb128 0x3b
 302 0051 0B       		.uleb128 0xb
 303 0052 27       		.uleb128 0x27
 304 0053 0C       		.uleb128 0xc
 305 0054 11       		.uleb128 0x11
 306 0055 01       		.uleb128 0x1
 307 0056 12       		.uleb128 0x12
 308 0057 01       		.uleb128 0x1
 309 0058 40       		.uleb128 0x40
 310 0059 06       		.uleb128 0x6
 311 005a 9742     		.uleb128 0x2117
 312 005c 0C       		.uleb128 0xc
 313 005d 01       		.uleb128 0x1
 314 005e 13       		.uleb128 0x13
 315 005f 00       		.byte	0
 316 0060 00       		.byte	0
 317 0061 07       		.uleb128 0x7
 318 0062 898201   		.uleb128 0x4109
 319 0065 00       		.byte	0
 320 0066 11       		.uleb128 0x11
 321 0067 01       		.uleb128 0x1
 322 0068 31       		.uleb128 0x31
 323 0069 13       		.uleb128 0x13
 324 006a 00       		.byte	0
 325 006b 00       		.byte	0
 326 006c 08       		.uleb128 0x8
 327 006d 2E       		.uleb128 0x2e
 328 006e 01       		.byte	0x1
 329 006f 3F       		.uleb128 0x3f
 330 0070 0C       		.uleb128 0xc
 331 0071 03       		.uleb128 0x3
 332 0072 0E       		.uleb128 0xe
 333 0073 3A       		.uleb128 0x3a
 334 0074 0B       		.uleb128 0xb
 335 0075 3B       		.uleb128 0x3b
 336 0076 0B       		.uleb128 0xb
 337 0077 27       		.uleb128 0x27
 338 0078 0C       		.uleb128 0xc
 339 0079 11       		.uleb128 0x11
 340 007a 01       		.uleb128 0x1
 341 007b 12       		.uleb128 0x12
 342 007c 01       		.uleb128 0x1
GAS LISTING C:\Users\duchu\AppData\Local\Temp\ccYgwpC1.s 			page 7


 343 007d 40       		.uleb128 0x40
 344 007e 0A       		.uleb128 0xa
 345 007f 9742     		.uleb128 0x2117
 346 0081 0C       		.uleb128 0xc
 347 0082 01       		.uleb128 0x1
 348 0083 13       		.uleb128 0x13
 349 0084 00       		.byte	0
 350 0085 00       		.byte	0
 351 0086 09       		.uleb128 0x9
 352 0087 1D       		.uleb128 0x1d
 353 0088 00       		.byte	0
 354 0089 31       		.uleb128 0x31
 355 008a 13       		.uleb128 0x13
 356 008b 11       		.uleb128 0x11
 357 008c 01       		.uleb128 0x1
 358 008d 12       		.uleb128 0x12
 359 008e 01       		.uleb128 0x1
 360 008f 58       		.uleb128 0x58
 361 0090 0B       		.uleb128 0xb
 362 0091 59       		.uleb128 0x59
 363 0092 0B       		.uleb128 0xb
 364 0093 00       		.byte	0
 365 0094 00       		.byte	0
 366 0095 0A       		.uleb128 0xa
 367 0096 01       		.uleb128 0x1
 368 0097 01       		.byte	0x1
 369 0098 49       		.uleb128 0x49
 370 0099 13       		.uleb128 0x13
 371 009a 01       		.uleb128 0x1
 372 009b 13       		.uleb128 0x13
 373 009c 00       		.byte	0
 374 009d 00       		.byte	0
 375 009e 0B       		.uleb128 0xb
 376 009f 21       		.uleb128 0x21
 377 00a0 00       		.byte	0
 378 00a1 49       		.uleb128 0x49
 379 00a2 13       		.uleb128 0x13
 380 00a3 2F       		.uleb128 0x2f
 381 00a4 05       		.uleb128 0x5
 382 00a5 00       		.byte	0
 383 00a6 00       		.byte	0
 384 00a7 0C       		.uleb128 0xc
 385 00a8 34       		.uleb128 0x34
 386 00a9 00       		.byte	0
 387 00aa 03       		.uleb128 0x3
 388 00ab 0E       		.uleb128 0xe
 389 00ac 3A       		.uleb128 0x3a
 390 00ad 0B       		.uleb128 0xb
 391 00ae 3B       		.uleb128 0x3b
 392 00af 0B       		.uleb128 0xb
 393 00b0 49       		.uleb128 0x49
 394 00b1 13       		.uleb128 0x13
 395 00b2 3F       		.uleb128 0x3f
 396 00b3 0C       		.uleb128 0xc
 397 00b4 3C       		.uleb128 0x3c
 398 00b5 0C       		.uleb128 0xc
 399 00b6 00       		.byte	0
GAS LISTING C:\Users\duchu\AppData\Local\Temp\ccYgwpC1.s 			page 8


 400 00b7 00       		.byte	0
 401 00b8 0D       		.uleb128 0xd
 402 00b9 2E       		.uleb128 0x2e
 403 00ba 00       		.byte	0
 404 00bb 3F       		.uleb128 0x3f
 405 00bc 0C       		.uleb128 0xc
 406 00bd 03       		.uleb128 0x3
 407 00be 0E       		.uleb128 0xe
 408 00bf 3A       		.uleb128 0x3a
 409 00c0 0B       		.uleb128 0xb
 410 00c1 3B       		.uleb128 0x3b
 411 00c2 0B       		.uleb128 0xb
 412 00c3 27       		.uleb128 0x27
 413 00c4 0C       		.uleb128 0xc
 414 00c5 3C       		.uleb128 0x3c
 415 00c6 0C       		.uleb128 0xc
 416 00c7 00       		.byte	0
 417 00c8 00       		.byte	0
 418 00c9 00       		.byte	0
 419              		.section	.debug_loc,"",@progbits
 420              	.Ldebug_loc0:
 421              	.LLST0:
 422 0000 00000000 		.4byte	.LFB4
 423 0004 00000000 		.4byte	.LCFI0
 424 0008 0002     		.2byte	0x2
 425 000a 71       		.byte	0x71
 426 000b 00       		.sleb128 0
 427 000c 00000000 		.4byte	.LCFI0
 428 0010 00000000 		.4byte	.LCFI1
 429 0014 0002     		.2byte	0x2
 430 0016 71       		.byte	0x71
 431 0017 08       		.sleb128 8
 432 0018 00000000 		.4byte	.LCFI1
 433 001c 00000000 		.4byte	.LFE4
 434 0020 0002     		.2byte	0x2
 435 0022 71       		.byte	0x71
 436 0023 00       		.sleb128 0
 437 0024 00000000 		.4byte	0
 438 0028 00000000 		.4byte	0
 439              		.section	.debug_aranges,"",@progbits
 440 0000 00000024 		.4byte	0x24
 441 0004 0002     		.2byte	0x2
 442 0006 00000000 		.4byte	.Ldebug_info0
 443 000a 04       		.byte	0x4
 444 000b 00       		.byte	0
 445 000c 0000     		.2byte	0
 446 000e 0000     		.2byte	0
 447 0010 00000000 		.4byte	.LFB4
 448 0014 0000002C 		.4byte	.LFE4-.LFB4
 449 0018 00000000 		.4byte	.LFB5
 450 001c 00000008 		.4byte	.LFE5-.LFB5
 451 0020 00000000 		.4byte	0
 452 0024 00000000 		.4byte	0
 453              		.section	.debug_ranges,"",@progbits
 454              	.Ldebug_ranges0:
 455 0000 00000000 		.4byte	.LFB4
 456 0004 00000000 		.4byte	.LFE4
GAS LISTING C:\Users\duchu\AppData\Local\Temp\ccYgwpC1.s 			page 9


 457 0008 00000000 		.4byte	.LFB5
 458 000c 00000000 		.4byte	.LFE5
 459 0010 00000000 		.4byte	0
 460 0014 00000000 		.4byte	0
 461              		.section	.debug_line,"",@progbits
 462              	.Ldebug_line0:
 463 0000 0000023A 		.section	.debug_str,"MS",@progbits,1
 463      00020000 
 463      01FE0201 
 463      FB0E0D00 
 463      01010101 
 464              	.LASF8:
 465 0000 6C6F6E67 		.string	"long long int"
 465      206C6F6E 
 465      6720696E 
 465      7400
 466              	.LASF10:
 467 000e 756E7369 		.string	"unsigned int"
 467      676E6564 
 467      20696E74 
 467      00
 468              	.LASF1:
 469 001b 756E7369 		.string	"unsigned char"
 469      676E6564 
 469      20636861 
 469      7200
 470              	.LASF6:
 471 0029 5F5F7569 		.string	"__uint32_t"
 471      6E743332 
 471      5F7400
 472              	.LASF7:
 473 0034 6C6F6E67 		.string	"long unsigned int"
 473      20756E73 
 473      69676E65 
 473      6420696E 
 473      7400
 474              	.LASF9:
 475 0046 6C6F6E67 		.string	"long long unsigned int"
 475      206C6F6E 
 475      6720756E 
 475      7369676E 
 475      65642069 
 476              	.LASF5:
 477 005d 5F5F7569 		.string	"__uint8_t"
 477      6E74385F 
 477      7400
 478              	.LASF14:
 479 0067 69727149 		.string	"irqInit"
 479      6E697400 
 480              	.LASF11:
 481 006f 75696E74 		.string	"uint8_t"
 481      385F7400 
 482              	.LASF15:
 483 0077 69727153 		.string	"irqSysHalt"
 483      79734861 
 483      6C7400
 484              	.LASF17:
GAS LISTING C:\Users\duchu\AppData\Local\Temp\ccYgwpC1.s 			page 10


 485 0082 2E2F636F 		.string	"./components/spc570sxx_irq_component_rla/lib/src/irq.c"
 485      6D706F6E 
 485      656E7473 
 485      2F737063 
 485      35373073 
 486              	.LASF12:
 487 00b9 75696E74 		.string	"uint32_t"
 487      33325F74 
 487      00
 488              	.LASF4:
 489 00c2 6C6F6E67 		.string	"long int"
 489      20696E74 
 489      00
 490              	.LASF21:
 491 00cb 6972715F 		.string	"irq_cfg_init"
 491      6366675F 
 491      696E6974 
 491      00
 492              	.LASF20:
 493 00d8 5F766563 		.string	"_vectors"
 493      746F7273 
 493      00
 494              	.LASF18:
 495 00e1 443A5C57 		.string	"D:\\Workplace\\KSC_LDC"
 495      6F726B70 
 495      6C616365 
 495      5C4B5343 
 495      5F4C4443 
 496              	.LASF3:
 497 00f6 73686F72 		.string	"short unsigned int"
 497      7420756E 
 497      7369676E 
 497      65642069 
 497      6E7400
 498              	.LASF0:
 499 0109 7369676E 		.string	"signed char"
 499      65642063 
 499      68617200 
 500              	.LASF19:
 501 0115 69727149 		.string	"irqIsrDisable"
 501      73724469 
 501      7361626C 
 501      6500
 502              	.LASF2:
 503 0123 73686F72 		.string	"short int"
 503      7420696E 
 503      7400
 504              	.LASF16:
 505 012d 474E5520 		.ascii	"GNU C 4.9.4 20160726 (Sat May 27 11:09:55 CDT 2017      "
 505      4320342E 
 505      392E3420 
 505      32303136 
 505      30373236 
 506 0165 20202062 		.string	"   build.sh rev=gd8b6c20 s=F494 ELe200 -V release_gd8b6c20_build_Fed_ELe200_ML0) -mcall-s
 506      75696C64 
 506      2E736820 
 506      7265763D 
GAS LISTING C:\Users\duchu\AppData\Local\Temp\ccYgwpC1.s 			page 11


 506      67643862 
 507              	.LASF13:
 508 0266 73697A65 		.string	"sizetype"
 508      74797065 
 508      00
 509              		.ident	"GCC: (GNU) 4.9.4 20160726 (Sat May 27 11:09:55 CDT 2017         build.sh rev=gd8b6c20 s=F4
GAS LISTING C:\Users\duchu\AppData\Local\Temp\ccYgwpC1.s 			page 12


DEFINED SYMBOLS
                            *ABS*:00000000 irq.c
C:\Users\duchu\AppData\Local\Temp\ccYgwpC1.s:10     .text.irqInit:00000000 irqInit
C:\Users\duchu\AppData\Local\Temp\ccYgwpC1.s:52     .text.irqSysHalt:00000000 irqSysHalt

UNDEFINED SYMBOLS
irq_cfg_init
_vectors
