GAS LISTING C:\Users\duchu\AppData\Local\Temp\ccnro5PB.s 			page 1


   1              		.file	"main.c"
   2              		.section	".text","axv"
   3              	.Ltext0:
   4              		.cfi_sections	.debug_frame
   5              		.globl __eabi
   6              		.section	.text.main,"axv",@progbits
   7              		.align 1
   8              		.p2align 4,,15
   9              		.globl main
  10              		.type	main, @function
  11              	main:
  12              	.LFB4:
  13              		.file 1 "main.c"
  14              		.loc 1 78 0
  15              		.cfi_startproc
  16 0000 182106F0 		e_stwu %r1,-16(%r1)
  17              	.LCFI0:
  18              		.cfi_def_cfa_offset 16
  19 0004 0080     		se_mflr %r0
  20 0006 D501     		se_stw %r0,20(%r1)
  21 0008 1BC10908 		e_stmw %r30,8(%r1)
  22              		.cfi_offset 65, 4
  23              		.cfi_offset 30, -8
  24              		.cfi_offset 31, -4
  25              		.loc 1 78 0
  26 000c 78000001 		e_bl __eabi
  27              	.LVL0:
  28              		.loc 1 79 0
  29 0010 78000001 		e_bl Rte_Init
  30              	.LVL1:
  31              		.loc 1 83 0
  32 0014 73E0E000 		e_lis %r31,u8g_Hal_task_flag_1m@ha
  33 0018 1FFF0000 		e_la %r31,u8g_Hal_task_flag_1m@l(%r31)
  34              		.loc 1 84 0
  35 001c 480E     		se_li %r30,0
  36              	.L2:
  37              		.loc 1 83 0 discriminator 1
  38 001e 807F     		se_lbz %r7,0(%r31)
  39 0020 2207     		se_cmpli %r7,1
  40 0022 7A02FFFC 		e_bne %cr0,.L2
  41              		.loc 1 84 0
  42 0026 90EF     		se_stb %r30,0(%r31)
  43              		.loc 1 86 0
  44 0028 78000001 		e_bl Rte_TimeTaskCtrl
  45              	.LVL2:
  46              		.loc 1 87 0
  47 002c 79FFFFF2 		e_b .L2
  48              		.cfi_endproc
  49              	.LFE4:
  50              		.size	main, .-main
  51              		.section	".text","axv"
  52              	.Letext0:
  53              		.file 2 "c:\\spc5studio\\eclipse\\plugins\\com.st.tools.spc5.tools.gnu.gcc.ppcvle.win32_4.9.4.2019
  54              		.file 3 "c:\\spc5studio\\eclipse\\plugins\\com.st.tools.spc5.tools.gnu.gcc.ppcvle.win32_4.9.4.2019
  55              		.file 4 "./source/RTE/Rte.h"
  56              		.file 5 "./source/HAL/Hal_PIT.h"
  57              		.section	.debug_info,"",@progbits
GAS LISTING C:\Users\duchu\AppData\Local\Temp\ccnro5PB.s 			page 2


  58              	.Ldebug_info0:
  59 0000 000000E0 		.4byte	0xe0
  60 0004 0002     		.2byte	0x2
  61 0006 00000000 		.4byte	.Ldebug_abbrev0
  62 000a 04       		.byte	0x4
  63 000b 01       		.uleb128 0x1
  64 000c 00000000 		.4byte	.LASF14
  65 0010 01       		.byte	0x1
  66 0011 00000000 		.4byte	.LASF15
  67 0015 00000000 		.4byte	.LASF16
  68 0019 00000000 		.4byte	.Ldebug_ranges0+0
  69 001d 00000000 		.4byte	0
  70 0021 00000000 		.4byte	0
  71 0025 00000000 		.4byte	.Ldebug_line0
  72 0029 02       		.uleb128 0x2
  73 002a 01       		.byte	0x1
  74 002b 06       		.byte	0x6
  75 002c 00000000 		.4byte	.LASF0
  76 0030 03       		.uleb128 0x3
  77 0031 00000000 		.4byte	.LASF9
  78 0035 02       		.byte	0x2
  79 0036 1D       		.byte	0x1d
  80 0037 0000003B 		.4byte	0x3b
  81 003b 02       		.uleb128 0x2
  82 003c 01       		.byte	0x1
  83 003d 08       		.byte	0x8
  84 003e 00000000 		.4byte	.LASF1
  85 0042 02       		.uleb128 0x2
  86 0043 02       		.byte	0x2
  87 0044 05       		.byte	0x5
  88 0045 00000000 		.4byte	.LASF2
  89 0049 02       		.uleb128 0x2
  90 004a 02       		.byte	0x2
  91 004b 07       		.byte	0x7
  92 004c 00000000 		.4byte	.LASF3
  93 0050 02       		.uleb128 0x2
  94 0051 04       		.byte	0x4
  95 0052 05       		.byte	0x5
  96 0053 00000000 		.4byte	.LASF4
  97 0057 02       		.uleb128 0x2
  98 0058 04       		.byte	0x4
  99 0059 07       		.byte	0x7
 100 005a 00000000 		.4byte	.LASF5
 101 005e 02       		.uleb128 0x2
 102 005f 08       		.byte	0x8
 103 0060 05       		.byte	0x5
 104 0061 00000000 		.4byte	.LASF6
 105 0065 02       		.uleb128 0x2
 106 0066 08       		.byte	0x8
 107 0067 07       		.byte	0x7
 108 0068 00000000 		.4byte	.LASF7
 109 006c 04       		.uleb128 0x4
 110 006d 04       		.byte	0x4
 111 006e 05       		.byte	0x5
 112 006f 696E7400 		.string	"int"
 113 0073 02       		.uleb128 0x2
 114 0074 04       		.byte	0x4
GAS LISTING C:\Users\duchu\AppData\Local\Temp\ccnro5PB.s 			page 3


 115 0075 07       		.byte	0x7
 116 0076 00000000 		.4byte	.LASF8
 117 007a 03       		.uleb128 0x3
 118 007b 00000000 		.4byte	.LASF10
 119 007f 03       		.byte	0x3
 120 0080 15       		.byte	0x15
 121 0081 00000030 		.4byte	0x30
 122 0085 05       		.uleb128 0x5
 123 0086 0000007A 		.4byte	0x7a
 124 008a 02       		.uleb128 0x2
 125 008b 04       		.byte	0x4
 126 008c 07       		.byte	0x7
 127 008d 00000000 		.4byte	.LASF11
 128 0091 06       		.uleb128 0x6
 129 0092 01       		.byte	0x1
 130 0093 00000000 		.4byte	.LASF17
 131 0097 01       		.byte	0x1
 132 0098 4D       		.byte	0x4d
 133 0099 01       		.byte	0x1
 134 009a 0000006C 		.4byte	0x6c
 135 009e 00000000 		.4byte	.LFB4
 136 00a2 00000000 		.4byte	.LFE4
 137 00a6 00000000 		.4byte	.LLST0
 138 00aa 01       		.byte	0x1
 139 00ab 000000C2 		.4byte	0xc2
 140 00af 07       		.uleb128 0x7
 141 00b0 00000000 		.4byte	.LVL1
 142 00b4 000000CF 		.4byte	0xcf
 143 00b8 07       		.uleb128 0x7
 144 00b9 00000000 		.4byte	.LVL2
 145 00bd 000000D9 		.4byte	0xd9
 146 00c1 00       		.byte	0
 147 00c2 08       		.uleb128 0x8
 148 00c3 00000000 		.4byte	.LASF18
 149 00c7 05       		.byte	0x5
 150 00c8 3C       		.byte	0x3c
 151 00c9 00000085 		.4byte	0x85
 152 00cd 01       		.byte	0x1
 153 00ce 01       		.byte	0x1
 154 00cf 09       		.uleb128 0x9
 155 00d0 01       		.byte	0x1
 156 00d1 00000000 		.4byte	.LASF12
 157 00d5 04       		.byte	0x4
 158 00d6 43       		.byte	0x43
 159 00d7 01       		.byte	0x1
 160 00d8 01       		.byte	0x1
 161 00d9 09       		.uleb128 0x9
 162 00da 01       		.byte	0x1
 163 00db 00000000 		.4byte	.LASF13
 164 00df 04       		.byte	0x4
 165 00e0 44       		.byte	0x44
 166 00e1 01       		.byte	0x1
 167 00e2 01       		.byte	0x1
 168 00e3 00       		.byte	0
 169              		.section	.debug_abbrev,"",@progbits
 170              	.Ldebug_abbrev0:
 171 0000 01       		.uleb128 0x1
GAS LISTING C:\Users\duchu\AppData\Local\Temp\ccnro5PB.s 			page 4


 172 0001 11       		.uleb128 0x11
 173 0002 01       		.byte	0x1
 174 0003 25       		.uleb128 0x25
 175 0004 0E       		.uleb128 0xe
 176 0005 13       		.uleb128 0x13
 177 0006 0B       		.uleb128 0xb
 178 0007 03       		.uleb128 0x3
 179 0008 0E       		.uleb128 0xe
 180 0009 1B       		.uleb128 0x1b
 181 000a 0E       		.uleb128 0xe
 182 000b 55       		.uleb128 0x55
 183 000c 06       		.uleb128 0x6
 184 000d 11       		.uleb128 0x11
 185 000e 01       		.uleb128 0x1
 186 000f 52       		.uleb128 0x52
 187 0010 01       		.uleb128 0x1
 188 0011 10       		.uleb128 0x10
 189 0012 06       		.uleb128 0x6
 190 0013 00       		.byte	0
 191 0014 00       		.byte	0
 192 0015 02       		.uleb128 0x2
 193 0016 24       		.uleb128 0x24
 194 0017 00       		.byte	0
 195 0018 0B       		.uleb128 0xb
 196 0019 0B       		.uleb128 0xb
 197 001a 3E       		.uleb128 0x3e
 198 001b 0B       		.uleb128 0xb
 199 001c 03       		.uleb128 0x3
 200 001d 0E       		.uleb128 0xe
 201 001e 00       		.byte	0
 202 001f 00       		.byte	0
 203 0020 03       		.uleb128 0x3
 204 0021 16       		.uleb128 0x16
 205 0022 00       		.byte	0
 206 0023 03       		.uleb128 0x3
 207 0024 0E       		.uleb128 0xe
 208 0025 3A       		.uleb128 0x3a
 209 0026 0B       		.uleb128 0xb
 210 0027 3B       		.uleb128 0x3b
 211 0028 0B       		.uleb128 0xb
 212 0029 49       		.uleb128 0x49
 213 002a 13       		.uleb128 0x13
 214 002b 00       		.byte	0
 215 002c 00       		.byte	0
 216 002d 04       		.uleb128 0x4
 217 002e 24       		.uleb128 0x24
 218 002f 00       		.byte	0
 219 0030 0B       		.uleb128 0xb
 220 0031 0B       		.uleb128 0xb
 221 0032 3E       		.uleb128 0x3e
 222 0033 0B       		.uleb128 0xb
 223 0034 03       		.uleb128 0x3
 224 0035 08       		.uleb128 0x8
 225 0036 00       		.byte	0
 226 0037 00       		.byte	0
 227 0038 05       		.uleb128 0x5
 228 0039 35       		.uleb128 0x35
GAS LISTING C:\Users\duchu\AppData\Local\Temp\ccnro5PB.s 			page 5


 229 003a 00       		.byte	0
 230 003b 49       		.uleb128 0x49
 231 003c 13       		.uleb128 0x13
 232 003d 00       		.byte	0
 233 003e 00       		.byte	0
 234 003f 06       		.uleb128 0x6
 235 0040 2E       		.uleb128 0x2e
 236 0041 01       		.byte	0x1
 237 0042 3F       		.uleb128 0x3f
 238 0043 0C       		.uleb128 0xc
 239 0044 03       		.uleb128 0x3
 240 0045 0E       		.uleb128 0xe
 241 0046 3A       		.uleb128 0x3a
 242 0047 0B       		.uleb128 0xb
 243 0048 3B       		.uleb128 0x3b
 244 0049 0B       		.uleb128 0xb
 245 004a 27       		.uleb128 0x27
 246 004b 0C       		.uleb128 0xc
 247 004c 49       		.uleb128 0x49
 248 004d 13       		.uleb128 0x13
 249 004e 11       		.uleb128 0x11
 250 004f 01       		.uleb128 0x1
 251 0050 12       		.uleb128 0x12
 252 0051 01       		.uleb128 0x1
 253 0052 40       		.uleb128 0x40
 254 0053 06       		.uleb128 0x6
 255 0054 9642     		.uleb128 0x2116
 256 0056 0C       		.uleb128 0xc
 257 0057 01       		.uleb128 0x1
 258 0058 13       		.uleb128 0x13
 259 0059 00       		.byte	0
 260 005a 00       		.byte	0
 261 005b 07       		.uleb128 0x7
 262 005c 898201   		.uleb128 0x4109
 263 005f 00       		.byte	0
 264 0060 11       		.uleb128 0x11
 265 0061 01       		.uleb128 0x1
 266 0062 31       		.uleb128 0x31
 267 0063 13       		.uleb128 0x13
 268 0064 00       		.byte	0
 269 0065 00       		.byte	0
 270 0066 08       		.uleb128 0x8
 271 0067 34       		.uleb128 0x34
 272 0068 00       		.byte	0
 273 0069 03       		.uleb128 0x3
 274 006a 0E       		.uleb128 0xe
 275 006b 3A       		.uleb128 0x3a
 276 006c 0B       		.uleb128 0xb
 277 006d 3B       		.uleb128 0x3b
 278 006e 0B       		.uleb128 0xb
 279 006f 49       		.uleb128 0x49
 280 0070 13       		.uleb128 0x13
 281 0071 3F       		.uleb128 0x3f
 282 0072 0C       		.uleb128 0xc
 283 0073 3C       		.uleb128 0x3c
 284 0074 0C       		.uleb128 0xc
 285 0075 00       		.byte	0
GAS LISTING C:\Users\duchu\AppData\Local\Temp\ccnro5PB.s 			page 6


 286 0076 00       		.byte	0
 287 0077 09       		.uleb128 0x9
 288 0078 2E       		.uleb128 0x2e
 289 0079 00       		.byte	0
 290 007a 3F       		.uleb128 0x3f
 291 007b 0C       		.uleb128 0xc
 292 007c 03       		.uleb128 0x3
 293 007d 0E       		.uleb128 0xe
 294 007e 3A       		.uleb128 0x3a
 295 007f 0B       		.uleb128 0xb
 296 0080 3B       		.uleb128 0x3b
 297 0081 0B       		.uleb128 0xb
 298 0082 27       		.uleb128 0x27
 299 0083 0C       		.uleb128 0xc
 300 0084 3C       		.uleb128 0x3c
 301 0085 0C       		.uleb128 0xc
 302 0086 00       		.byte	0
 303 0087 00       		.byte	0
 304 0088 00       		.byte	0
 305              		.section	.debug_loc,"",@progbits
 306              	.Ldebug_loc0:
 307              	.LLST0:
 308 0000 00000000 		.4byte	.LFB4
 309 0004 00000000 		.4byte	.LCFI0
 310 0008 0002     		.2byte	0x2
 311 000a 71       		.byte	0x71
 312 000b 00       		.sleb128 0
 313 000c 00000000 		.4byte	.LCFI0
 314 0010 00000000 		.4byte	.LFE4
 315 0014 0002     		.2byte	0x2
 316 0016 71       		.byte	0x71
 317 0017 10       		.sleb128 16
 318 0018 00000000 		.4byte	0
 319 001c 00000000 		.4byte	0
 320              		.section	.debug_aranges,"",@progbits
 321 0000 0000001C 		.4byte	0x1c
 322 0004 0002     		.2byte	0x2
 323 0006 00000000 		.4byte	.Ldebug_info0
 324 000a 04       		.byte	0x4
 325 000b 00       		.byte	0
 326 000c 0000     		.2byte	0
 327 000e 0000     		.2byte	0
 328 0010 00000000 		.4byte	.LFB4
 329 0014 00000030 		.4byte	.LFE4-.LFB4
 330 0018 00000000 		.4byte	0
 331 001c 00000000 		.4byte	0
 332              		.section	.debug_ranges,"",@progbits
 333              	.Ldebug_ranges0:
 334 0000 00000000 		.4byte	.LFB4
 335 0004 00000000 		.4byte	.LFE4
 336 0008 00000000 		.4byte	0
 337 000c 00000000 		.4byte	0
 338              		.section	.debug_line,"",@progbits
 339              	.Ldebug_line0:
 340 0000 0000019B 		.section	.debug_str,"MS",@progbits,1
 340      00020000 
 340      01790201 
GAS LISTING C:\Users\duchu\AppData\Local\Temp\ccnro5PB.s 			page 7


 340      FB0E0D00 
 340      01010101 
 341              	.LASF6:
 342 0000 6C6F6E67 		.string	"long long int"
 342      206C6F6E 
 342      6720696E 
 342      7400
 343              	.LASF8:
 344 000e 756E7369 		.string	"unsigned int"
 344      676E6564 
 344      20696E74 
 344      00
 345              	.LASF12:
 346 001b 5274655F 		.string	"Rte_Init"
 346      496E6974 
 346      00
 347              	.LASF15:
 348 0024 6D61696E 		.string	"main.c"
 348      2E6300
 349              	.LASF5:
 350 002b 6C6F6E67 		.string	"long unsigned int"
 350      20756E73 
 350      69676E65 
 350      6420696E 
 350      7400
 351              	.LASF7:
 352 003d 6C6F6E67 		.string	"long long unsigned int"
 352      206C6F6E 
 352      6720756E 
 352      7369676E 
 352      65642069 
 353              	.LASF9:
 354 0054 5F5F7569 		.string	"__uint8_t"
 354      6E74385F 
 354      7400
 355              	.LASF14:
 356 005e 474E5520 		.ascii	"GNU C 4.9.4 20160726 (Sat May 27 11:09:55 CDT 2017      "
 356      4320342E 
 356      392E3420 
 356      32303136 
 356      30373236 
 357 0096 20202062 		.string	"   build.sh rev=gd8b6c20 s=F494 ELe200 -V release_gd8b6c20_build_Fed_ELe200_ML0) -mcall-s
 357      75696C64 
 357      2E736820 
 357      7265763D 
 357      67643862 
 358              	.LASF10:
 359 0197 75696E74 		.string	"uint8_t"
 359      385F7400 
 360              	.LASF1:
 361 019f 756E7369 		.string	"unsigned char"
 361      676E6564 
 361      20636861 
 361      7200
 362              	.LASF18:
 363 01ad 7538675F 		.string	"u8g_Hal_task_flag_1m"
 363      48616C5F 
GAS LISTING C:\Users\duchu\AppData\Local\Temp\ccnro5PB.s 			page 8


 363      7461736B 
 363      5F666C61 
 363      675F316D 
 364              	.LASF17:
 365 01c2 6D61696E 		.string	"main"
 365      00
 366              	.LASF4:
 367 01c7 6C6F6E67 		.string	"long int"
 367      20696E74 
 367      00
 368              	.LASF16:
 369 01d0 443A5C57 		.string	"D:\\Workplace\\KSC_LDC"
 369      6F726B70 
 369      6C616365 
 369      5C4B5343 
 369      5F4C4443 
 370              	.LASF3:
 371 01e5 73686F72 		.string	"short unsigned int"
 371      7420756E 
 371      7369676E 
 371      65642069 
 371      6E7400
 372              	.LASF0:
 373 01f8 7369676E 		.string	"signed char"
 373      65642063 
 373      68617200 
 374              	.LASF13:
 375 0204 5274655F 		.string	"Rte_TimeTaskCtrl"
 375      54696D65 
 375      5461736B 
 375      4374726C 
 375      00
 376              	.LASF2:
 377 0215 73686F72 		.string	"short int"
 377      7420696E 
 377      7400
 378              	.LASF11:
 379 021f 73697A65 		.string	"sizetype"
 379      74797065 
 379      00
 380              		.ident	"GCC: (GNU) 4.9.4 20160726 (Sat May 27 11:09:55 CDT 2017         build.sh rev=gd8b6c20 s=F4
GAS LISTING C:\Users\duchu\AppData\Local\Temp\ccnro5PB.s 			page 9


DEFINED SYMBOLS
                            *ABS*:00000000 main.c
C:\Users\duchu\AppData\Local\Temp\ccnro5PB.s:11     .text.main:00000000 main

UNDEFINED SYMBOLS
__eabi
Rte_Init
u8g_Hal_task_flag_1m
Rte_TimeTaskCtrl
