GAS LISTING C:\Users\duchu\AppData\Local\Temp\ccWjg2r9.s 			page 1


   1              		.file	"osal.c"
   2              		.section	".text","axv"
   3              	.Ltext0:
   4              		.cfi_sections	.debug_frame
   5              		.section	.text.osalIsrDisable,"axv",@progbits
   6              		.align 1
   7              		.p2align 4,,15
   8              		.type	osalIsrDisable, @function
   9              	osalIsrDisable:
  10              	.LFB4:
  11              		.file 1 "./components/spc570sxx_osal_component_rla/lib/src/osal.c"
  12              		.loc 1 257 0
  13              		.cfi_startproc
  14              		.loc 1 259 0
  15 0000 70C0E000 		e_lis %r6,.LANCHOR0@ha
  16 0004 50E60000 		e_lwz %r7,.LANCHOR0@l(%r6)
  17 0008 2007     		se_addi %r7,1
  18 000a 54E60000 		e_stw %r7,.LANCHOR0@l(%r6)
  19              		.loc 1 260 0
  20 000e 2207     		se_cmpli %r7,1
  21 0010 7A02001E 		e_bne %cr0,.L1
  22              	.LVL0:
  23              	.LBB12:
  24              	.LBB13:
  25              	.LBB14:
  26              	.LBB15:
  27              		.file 2 "./components/spc570sxx_irq_component_rla/lib/include/irq.h"
  28              		.loc 2 91 0
  29              	 # 91 "./components/spc570sxx_irq_component_rla/lib/include/irq.h" 1
  30 0014 7CE000A6 		mfmsr %r7
  31              	 # 0 "" 2
  32              	.LVL1:
  33              	.LBE15:
  34              	.LBE14:
  35              		.loc 2 108 0
  36 0018 74E78FFF 		e_rlwinm %r7,%r7,17,31,31
  37              	.LVL2:
  38              	.LBE13:
  39              	.LBE12:
  40              		.loc 1 261 0
  41 001c 70C0E000 		e_lis %r6,.LANCHOR1@ha
  42 0020 54E60000 		e_stw %r7,.LANCHOR1@l(%r6)
  43              		.loc 1 262 0
  44 0024 2A07     		se_cmpi %r7,0
  45 0026 7A120008 		e_beq %cr0,.L1
  46              	.LBB16:
  47              	.LBB17:
  48              		.loc 2 79 0
  49              	 # 79 "./components/spc570sxx_irq_component_rla/lib/include/irq.h" 1
  50 002a 7C000146 		wrteei  0
  51              	 # 0 "" 2
  52              	.L1:
  53 002e 0004     		se_blr
  54              	.LBE17:
  55              	.LBE16:
  56              		.cfi_endproc
  57              	.LFE4:
GAS LISTING C:\Users\duchu\AppData\Local\Temp\ccWjg2r9.s 			page 2


  58              		.size	osalIsrDisable, .-osalIsrDisable
  59              		.section	.text.osalIsrEnable,"axv",@progbits
  60              		.align 1
  61              		.p2align 4,,15
  62              		.type	osalIsrEnable, @function
  63              	osalIsrEnable:
  64              	.LFB5:
  65              		.loc 1 273 0
  66              		.cfi_startproc
  67              		.loc 1 275 0
  68 0000 70C0E000 		e_lis %r6,.LANCHOR0@ha
  69 0004 50E60000 		e_lwz %r7,.LANCHOR0@l(%r6)
  70 0008 18E784FF 		e_addi %r7,%r7,-1
  71 000c 54E60000 		e_stw %r7,.LANCHOR0@l(%r6)
  72              		.loc 1 276 0
  73 0010 70C0E000 		e_lis %r6,.LANCHOR1@ha
  74 0014 50C60000 		e_lwz %r6,.LANCHOR1@l(%r6)
  75 0018 2A06     		se_cmpi %r6,0
  76 001a 7A12000E 		e_beq %cr0,.L3
  77              		.loc 1 276 0 is_stmt 0 discriminator 1
  78 001e 2A07     		se_cmpi %r7,0
  79 0020 7A020008 		e_bne %cr0,.L3
  80              	.LBB18:
  81              	.LBB19:
  82              		.loc 2 68 0 is_stmt 1
  83              	 # 68 "./components/spc570sxx_irq_component_rla/lib/include/irq.h" 1
  84 0024 7C008146 		wrteei  1
  85              	 # 0 "" 2
  86              	.L3:
  87 0028 0004     		se_blr
  88              	.LBE19:
  89              	.LBE18:
  90              		.cfi_endproc
  91              	.LFE5:
  92              		.size	osalIsrEnable, .-osalIsrEnable
  93              		.section	.text.osalInit,"axv",@progbits
  94              		.align 1
  95              		.p2align 4,,15
  96              		.globl osalInit
  97              		.type	osalInit, @function
  98              	osalInit:
  99              	.LFB6:
 100              		.loc 1 407 0
 101              		.cfi_startproc
 102 0000 0004     		se_blr
 103              		.cfi_endproc
 104              	.LFE6:
 105              		.size	osalInit, .-osalInit
 106              		.section	.text.osalEnterCritical,"axv",@progbits
 107              		.align 1
 108              		.p2align 4,,15
 109              		.globl osalEnterCritical
 110              		.type	osalEnterCritical, @function
 111              	osalEnterCritical:
 112              	.LFB7:
 113              		.loc 1 420 0
 114              		.cfi_startproc
GAS LISTING C:\Users\duchu\AppData\Local\Temp\ccWjg2r9.s 			page 3


 115              		.loc 1 420 0
 116 0000 182106F8 		e_stwu %r1,-8(%r1)
 117              	.LCFI0:
 118              		.cfi_def_cfa_offset 8
 119 0004 0080     		se_mflr %r0
 120 0006 D301     		se_stw %r0,12(%r1)
 121              		.cfi_offset 65, 4
 122              		.loc 1 422 0
 123 0008 78000001 		e_bl osalIsrDisable
 124              	.LVL3:
 125              		.loc 1 423 0
 126 000c C301     		se_lwz %r0,12(%r1)
 127 000e 0090     		se_mtlr %r0
 128              		.cfi_restore 65
 129 0010 2071     		se_addi %r1,8
 130              	.LCFI1:
 131              		.cfi_def_cfa_offset 0
 132 0012 0004     		se_blr
 133              		.cfi_endproc
 134              	.LFE7:
 135              		.size	osalEnterCritical, .-osalEnterCritical
 136              		.section	.text.osalExitCritical,"axv",@progbits
 137              		.align 1
 138              		.p2align 4,,15
 139              		.globl osalExitCritical
 140              		.type	osalExitCritical, @function
 141              	osalExitCritical:
 142              	.LFB8:
 143              		.loc 1 430 0
 144              		.cfi_startproc
 145 0000 182106F8 		e_stwu %r1,-8(%r1)
 146              	.LCFI2:
 147              		.cfi_def_cfa_offset 8
 148 0004 0080     		se_mflr %r0
 149 0006 D301     		se_stw %r0,12(%r1)
 150              		.cfi_offset 65, 4
 151              		.loc 1 432 0
 152 0008 78000001 		e_bl osalIsrEnable
 153              	.LVL4:
 154              		.loc 1 433 0
 155 000c C301     		se_lwz %r0,12(%r1)
 156 000e 0090     		se_mtlr %r0
 157              		.cfi_restore 65
 158 0010 2071     		se_addi %r1,8
 159              	.LCFI3:
 160              		.cfi_def_cfa_offset 0
 161 0012 0004     		se_blr
 162              		.cfi_endproc
 163              	.LFE8:
 164              		.size	osalExitCritical, .-osalExitCritical
 165              		.section	.text.osalEnterCriticalFromISR,"axv",@progbits
 166              		.align 1
 167              		.p2align 4,,15
 168              		.globl osalEnterCriticalFromISR
 169              		.type	osalEnterCriticalFromISR, @function
 170              	osalEnterCriticalFromISR:
 171              	.LFB9:
GAS LISTING C:\Users\duchu\AppData\Local\Temp\ccWjg2r9.s 			page 4


 172              		.loc 1 440 0
 173              		.cfi_startproc
 174 0000 182106F8 		e_stwu %r1,-8(%r1)
 175              	.LCFI4:
 176              		.cfi_def_cfa_offset 8
 177 0004 0080     		se_mflr %r0
 178 0006 D301     		se_stw %r0,12(%r1)
 179              		.cfi_offset 65, 4
 180              		.loc 1 443 0
 181 0008 78000001 		e_bl osalIsrDisable
 182              	.LVL5:
 183              		.loc 1 445 0
 184 000c C301     		se_lwz %r0,12(%r1)
 185 000e 0090     		se_mtlr %r0
 186              		.cfi_restore 65
 187 0010 2071     		se_addi %r1,8
 188              	.LCFI5:
 189              		.cfi_def_cfa_offset 0
 190 0012 0004     		se_blr
 191              		.cfi_endproc
 192              	.LFE9:
 193              		.size	osalEnterCriticalFromISR, .-osalEnterCriticalFromISR
 194              		.section	.text.osalExitCriticalFromISR,"axv",@progbits
 195              		.align 1
 196              		.p2align 4,,15
 197              		.globl osalExitCriticalFromISR
 198              		.type	osalExitCriticalFromISR, @function
 199              	osalExitCriticalFromISR:
 200              	.LFB10:
 201              		.loc 1 452 0
 202              		.cfi_startproc
 203 0000 182106F8 		e_stwu %r1,-8(%r1)
 204              	.LCFI6:
 205              		.cfi_def_cfa_offset 8
 206 0004 0080     		se_mflr %r0
 207 0006 D301     		se_stw %r0,12(%r1)
 208              		.cfi_offset 65, 4
 209              		.loc 1 455 0
 210 0008 78000001 		e_bl osalIsrEnable
 211              	.LVL6:
 212              		.loc 1 457 0
 213 000c C301     		se_lwz %r0,12(%r1)
 214 000e 0090     		se_mtlr %r0
 215              		.cfi_restore 65
 216 0010 2071     		se_addi %r1,8
 217              	.LCFI7:
 218              		.cfi_def_cfa_offset 0
 219 0012 0004     		se_blr
 220              		.cfi_endproc
 221              	.LFE10:
 222              		.size	osalExitCriticalFromISR, .-osalExitCriticalFromISR
 223              		.section	.bss.osalIsExtIntEnable,"aw",@nobits
 224              		.align 2
 225              		.set	.LANCHOR1,. + 0
 226              		.type	osalIsExtIntEnable, @object
 227              		.size	osalIsExtIntEnable, 4
 228              	osalIsExtIntEnable:
GAS LISTING C:\Users\duchu\AppData\Local\Temp\ccWjg2r9.s 			page 5


 229 0000 00000000 		.zero	4
 230              		.section	.bss.osalIsrCnt,"aw",@nobits
 231              		.align 2
 232              		.set	.LANCHOR0,. + 0
 233              		.type	osalIsrCnt, @object
 234              		.size	osalIsrCnt, 4
 235              	osalIsrCnt:
 236 0000 00000000 		.zero	4
 237              		.section	".text","axv"
 238              	.Letext0:
 239              		.file 3 "c:\\spc5studio\\eclipse\\plugins\\com.st.tools.spc5.tools.gnu.gcc.ppcvle.win32_4.9.4.2019
 240              		.file 4 "c:\\spc5studio\\eclipse\\plugins\\com.st.tools.spc5.tools.gnu.gcc.ppcvle.win32_4.9.4.2019
 241              		.section	.debug_info,"",@progbits
 242              	.Ldebug_info0:
 243 0000 0000023C 		.4byte	0x23c
 244 0004 0002     		.2byte	0x2
 245 0006 00000000 		.4byte	.Ldebug_abbrev0
 246 000a 04       		.byte	0x4
 247 000b 01       		.uleb128 0x1
 248 000c 00000000 		.4byte	.LASF24
 249 0010 01       		.byte	0x1
 250 0011 00000000 		.4byte	.LASF25
 251 0015 00000000 		.4byte	.LASF26
 252 0019 00000000 		.4byte	.Ldebug_ranges0+0
 253 001d 00000000 		.4byte	0
 254 0021 00000000 		.4byte	0
 255 0025 00000000 		.4byte	.Ldebug_line0
 256 0029 02       		.uleb128 0x2
 257 002a 01       		.byte	0x1
 258 002b 06       		.byte	0x6
 259 002c 00000000 		.4byte	.LASF0
 260 0030 02       		.uleb128 0x2
 261 0031 01       		.byte	0x1
 262 0032 08       		.byte	0x8
 263 0033 00000000 		.4byte	.LASF1
 264 0037 02       		.uleb128 0x2
 265 0038 02       		.byte	0x2
 266 0039 05       		.byte	0x5
 267 003a 00000000 		.4byte	.LASF2
 268 003e 02       		.uleb128 0x2
 269 003f 02       		.byte	0x2
 270 0040 07       		.byte	0x7
 271 0041 00000000 		.4byte	.LASF3
 272 0045 02       		.uleb128 0x2
 273 0046 04       		.byte	0x4
 274 0047 05       		.byte	0x5
 275 0048 00000000 		.4byte	.LASF4
 276 004c 03       		.uleb128 0x3
 277 004d 00000000 		.4byte	.LASF9
 278 0051 03       		.byte	0x3
 279 0052 41       		.byte	0x41
 280 0053 00000057 		.4byte	0x57
 281 0057 02       		.uleb128 0x2
 282 0058 04       		.byte	0x4
 283 0059 07       		.byte	0x7
 284 005a 00000000 		.4byte	.LASF5
 285 005e 02       		.uleb128 0x2
GAS LISTING C:\Users\duchu\AppData\Local\Temp\ccWjg2r9.s 			page 6


 286 005f 08       		.byte	0x8
 287 0060 05       		.byte	0x5
 288 0061 00000000 		.4byte	.LASF6
 289 0065 02       		.uleb128 0x2
 290 0066 08       		.byte	0x8
 291 0067 07       		.byte	0x7
 292 0068 00000000 		.4byte	.LASF7
 293 006c 04       		.uleb128 0x4
 294 006d 04       		.byte	0x4
 295 006e 05       		.byte	0x5
 296 006f 696E7400 		.string	"int"
 297 0073 02       		.uleb128 0x2
 298 0074 04       		.byte	0x4
 299 0075 07       		.byte	0x7
 300 0076 00000000 		.4byte	.LASF8
 301 007a 03       		.uleb128 0x3
 302 007b 00000000 		.4byte	.LASF10
 303 007f 04       		.byte	0x4
 304 0080 2D       		.byte	0x2d
 305 0081 0000004C 		.4byte	0x4c
 306 0085 02       		.uleb128 0x2
 307 0086 04       		.byte	0x4
 308 0087 07       		.byte	0x7
 309 0088 00000000 		.4byte	.LASF11
 310 008c 05       		.uleb128 0x5
 311 008d 00000000 		.4byte	.LASF12
 312 0091 02       		.byte	0x2
 313 0092 57       		.byte	0x57
 314 0093 01       		.byte	0x1
 315 0094 0000007A 		.4byte	0x7a
 316 0098 03       		.byte	0x3
 317 0099 000000A9 		.4byte	0xa9
 318 009d 06       		.uleb128 0x6
 319 009e 6D737200 		.string	"msr"
 320 00a2 02       		.byte	0x2
 321 00a3 59       		.byte	0x59
 322 00a4 0000007A 		.4byte	0x7a
 323 00a8 00       		.byte	0
 324 00a9 05       		.uleb128 0x5
 325 00aa 00000000 		.4byte	.LASF13
 326 00ae 02       		.byte	0x2
 327 00af 66       		.byte	0x66
 328 00b0 01       		.byte	0x1
 329 00b1 0000007A 		.4byte	0x7a
 330 00b5 03       		.byte	0x3
 331 00b6 000000C6 		.4byte	0xc6
 332 00ba 06       		.uleb128 0x6
 333 00bb 6D737200 		.string	"msr"
 334 00bf 02       		.byte	0x2
 335 00c0 68       		.byte	0x68
 336 00c1 0000007A 		.4byte	0x7a
 337 00c5 00       		.byte	0
 338 00c6 07       		.uleb128 0x7
 339 00c7 00000000 		.4byte	.LASF14
 340 00cb 02       		.byte	0x2
 341 00cc 4D       		.byte	0x4d
 342 00cd 01       		.byte	0x1
GAS LISTING C:\Users\duchu\AppData\Local\Temp\ccWjg2r9.s 			page 7


 343 00ce 03       		.byte	0x3
 344 00cf 07       		.uleb128 0x7
 345 00d0 00000000 		.4byte	.LASF15
 346 00d4 02       		.byte	0x2
 347 00d5 42       		.byte	0x42
 348 00d6 01       		.byte	0x1
 349 00d7 03       		.byte	0x3
 350 00d8 08       		.uleb128 0x8
 351 00d9 00000000 		.4byte	.LASF16
 352 00dd 01       		.byte	0x1
 353 00de 0101     		.2byte	0x101
 354 00e0 01       		.byte	0x1
 355 00e1 00000000 		.4byte	.LFB4
 356 00e5 00000000 		.4byte	.LFE4
 357 00e9 02       		.byte	0x2
 358 00ea 71       		.byte	0x71
 359 00eb 00       		.sleb128 0
 360 00ec 01       		.byte	0x1
 361 00ed 00000149 		.4byte	0x149
 362 00f1 09       		.uleb128 0x9
 363 00f2 000000A9 		.4byte	0xa9
 364 00f6 00000000 		.4byte	.LBB12
 365 00fa 00000000 		.4byte	.LBE12
 366 00fe 01       		.byte	0x1
 367 00ff 0105     		.2byte	0x105
 368 0101 00000138 		.4byte	0x138
 369 0105 0A       		.uleb128 0xa
 370 0106 00000000 		.4byte	.LBB13
 371 010a 00000000 		.4byte	.LBE13
 372 010e 0B       		.uleb128 0xb
 373 010f 000000BA 		.4byte	0xba
 374 0113 0C       		.uleb128 0xc
 375 0114 0000008C 		.4byte	0x8c
 376 0118 00000000 		.4byte	.LBB14
 377 011c 00000000 		.4byte	.LBE14
 378 0120 02       		.byte	0x2
 379 0121 6A       		.byte	0x6a
 380 0122 0A       		.uleb128 0xa
 381 0123 00000000 		.4byte	.LBB15
 382 0127 00000000 		.4byte	.LBE15
 383 012b 0D       		.uleb128 0xd
 384 012c 0000009D 		.4byte	0x9d
 385 0130 00000000 		.4byte	.LLST0
 386 0134 00       		.byte	0
 387 0135 00       		.byte	0
 388 0136 00       		.byte	0
 389 0137 00       		.byte	0
 390 0138 0E       		.uleb128 0xe
 391 0139 000000C6 		.4byte	0xc6
 392 013d 00000000 		.4byte	.LBB16
 393 0141 00000000 		.4byte	.LBE16
 394 0145 01       		.byte	0x1
 395 0146 0107     		.2byte	0x107
 396 0148 00       		.byte	0
 397 0149 08       		.uleb128 0x8
 398 014a 00000000 		.4byte	.LASF17
 399 014e 01       		.byte	0x1
GAS LISTING C:\Users\duchu\AppData\Local\Temp\ccWjg2r9.s 			page 8


 400 014f 0111     		.2byte	0x111
 401 0151 01       		.byte	0x1
 402 0152 00000000 		.4byte	.LFB5
 403 0156 00000000 		.4byte	.LFE5
 404 015a 02       		.byte	0x2
 405 015b 71       		.byte	0x71
 406 015c 00       		.sleb128 0
 407 015d 01       		.byte	0x1
 408 015e 00000173 		.4byte	0x173
 409 0162 0E       		.uleb128 0xe
 410 0163 000000CF 		.4byte	0xcf
 411 0167 00000000 		.4byte	.LBB18
 412 016b 00000000 		.4byte	.LBE18
 413 016f 01       		.byte	0x1
 414 0170 0115     		.2byte	0x115
 415 0172 00       		.byte	0
 416 0173 0F       		.uleb128 0xf
 417 0174 01       		.byte	0x1
 418 0175 00000000 		.4byte	.LASF27
 419 0179 01       		.byte	0x1
 420 017a 0197     		.2byte	0x197
 421 017c 01       		.byte	0x1
 422 017d 00000000 		.4byte	.LFB6
 423 0181 00000000 		.4byte	.LFE6
 424 0185 02       		.byte	0x2
 425 0186 71       		.byte	0x71
 426 0187 00       		.sleb128 0
 427 0188 01       		.byte	0x1
 428 0189 10       		.uleb128 0x10
 429 018a 01       		.byte	0x1
 430 018b 00000000 		.4byte	.LASF18
 431 018f 01       		.byte	0x1
 432 0190 01A4     		.2byte	0x1a4
 433 0192 01       		.byte	0x1
 434 0193 00000000 		.4byte	.LFB7
 435 0197 00000000 		.4byte	.LFE7
 436 019b 00000000 		.4byte	.LLST1
 437 019f 01       		.byte	0x1
 438 01a0 000001AE 		.4byte	0x1ae
 439 01a4 11       		.uleb128 0x11
 440 01a5 00000000 		.4byte	.LVL3
 441 01a9 000000D8 		.4byte	0xd8
 442 01ad 00       		.byte	0
 443 01ae 10       		.uleb128 0x10
 444 01af 01       		.byte	0x1
 445 01b0 00000000 		.4byte	.LASF19
 446 01b4 01       		.byte	0x1
 447 01b5 01AE     		.2byte	0x1ae
 448 01b7 01       		.byte	0x1
 449 01b8 00000000 		.4byte	.LFB8
 450 01bc 00000000 		.4byte	.LFE8
 451 01c0 00000000 		.4byte	.LLST2
 452 01c4 01       		.byte	0x1
 453 01c5 000001D3 		.4byte	0x1d3
 454 01c9 11       		.uleb128 0x11
 455 01ca 00000000 		.4byte	.LVL4
 456 01ce 00000149 		.4byte	0x149
GAS LISTING C:\Users\duchu\AppData\Local\Temp\ccWjg2r9.s 			page 9


 457 01d2 00       		.byte	0
 458 01d3 10       		.uleb128 0x10
 459 01d4 01       		.byte	0x1
 460 01d5 00000000 		.4byte	.LASF20
 461 01d9 01       		.byte	0x1
 462 01da 01B8     		.2byte	0x1b8
 463 01dc 01       		.byte	0x1
 464 01dd 00000000 		.4byte	.LFB9
 465 01e1 00000000 		.4byte	.LFE9
 466 01e5 00000000 		.4byte	.LLST3
 467 01e9 01       		.byte	0x1
 468 01ea 000001F8 		.4byte	0x1f8
 469 01ee 11       		.uleb128 0x11
 470 01ef 00000000 		.4byte	.LVL5
 471 01f3 000000D8 		.4byte	0xd8
 472 01f7 00       		.byte	0
 473 01f8 10       		.uleb128 0x10
 474 01f9 01       		.byte	0x1
 475 01fa 00000000 		.4byte	.LASF21
 476 01fe 01       		.byte	0x1
 477 01ff 01C4     		.2byte	0x1c4
 478 0201 01       		.byte	0x1
 479 0202 00000000 		.4byte	.LFB10
 480 0206 00000000 		.4byte	.LFE10
 481 020a 00000000 		.4byte	.LLST4
 482 020e 01       		.byte	0x1
 483 020f 0000021D 		.4byte	0x21d
 484 0213 11       		.uleb128 0x11
 485 0214 00000000 		.4byte	.LVL6
 486 0218 00000149 		.4byte	0x149
 487 021c 00       		.byte	0
 488 021d 12       		.uleb128 0x12
 489 021e 00000000 		.4byte	.LASF22
 490 0222 01       		.byte	0x1
 491 0223 51       		.byte	0x51
 492 0224 0000007A 		.4byte	0x7a
 493 0228 05       		.byte	0x5
 494 0229 03       		.byte	0x3
 495 022a 00000000 		.4byte	osalIsrCnt
 496 022e 12       		.uleb128 0x12
 497 022f 00000000 		.4byte	.LASF23
 498 0233 01       		.byte	0x1
 499 0234 56       		.byte	0x56
 500 0235 0000007A 		.4byte	0x7a
 501 0239 05       		.byte	0x5
 502 023a 03       		.byte	0x3
 503 023b 00000000 		.4byte	osalIsExtIntEnable
 504 023f 00       		.byte	0
 505              		.section	.debug_abbrev,"",@progbits
 506              	.Ldebug_abbrev0:
 507 0000 01       		.uleb128 0x1
 508 0001 11       		.uleb128 0x11
 509 0002 01       		.byte	0x1
 510 0003 25       		.uleb128 0x25
 511 0004 0E       		.uleb128 0xe
 512 0005 13       		.uleb128 0x13
 513 0006 0B       		.uleb128 0xb
GAS LISTING C:\Users\duchu\AppData\Local\Temp\ccWjg2r9.s 			page 10


 514 0007 03       		.uleb128 0x3
 515 0008 0E       		.uleb128 0xe
 516 0009 1B       		.uleb128 0x1b
 517 000a 0E       		.uleb128 0xe
 518 000b 55       		.uleb128 0x55
 519 000c 06       		.uleb128 0x6
 520 000d 11       		.uleb128 0x11
 521 000e 01       		.uleb128 0x1
 522 000f 52       		.uleb128 0x52
 523 0010 01       		.uleb128 0x1
 524 0011 10       		.uleb128 0x10
 525 0012 06       		.uleb128 0x6
 526 0013 00       		.byte	0
 527 0014 00       		.byte	0
 528 0015 02       		.uleb128 0x2
 529 0016 24       		.uleb128 0x24
 530 0017 00       		.byte	0
 531 0018 0B       		.uleb128 0xb
 532 0019 0B       		.uleb128 0xb
 533 001a 3E       		.uleb128 0x3e
 534 001b 0B       		.uleb128 0xb
 535 001c 03       		.uleb128 0x3
 536 001d 0E       		.uleb128 0xe
 537 001e 00       		.byte	0
 538 001f 00       		.byte	0
 539 0020 03       		.uleb128 0x3
 540 0021 16       		.uleb128 0x16
 541 0022 00       		.byte	0
 542 0023 03       		.uleb128 0x3
 543 0024 0E       		.uleb128 0xe
 544 0025 3A       		.uleb128 0x3a
 545 0026 0B       		.uleb128 0xb
 546 0027 3B       		.uleb128 0x3b
 547 0028 0B       		.uleb128 0xb
 548 0029 49       		.uleb128 0x49
 549 002a 13       		.uleb128 0x13
 550 002b 00       		.byte	0
 551 002c 00       		.byte	0
 552 002d 04       		.uleb128 0x4
 553 002e 24       		.uleb128 0x24
 554 002f 00       		.byte	0
 555 0030 0B       		.uleb128 0xb
 556 0031 0B       		.uleb128 0xb
 557 0032 3E       		.uleb128 0x3e
 558 0033 0B       		.uleb128 0xb
 559 0034 03       		.uleb128 0x3
 560 0035 08       		.uleb128 0x8
 561 0036 00       		.byte	0
 562 0037 00       		.byte	0
 563 0038 05       		.uleb128 0x5
 564 0039 2E       		.uleb128 0x2e
 565 003a 01       		.byte	0x1
 566 003b 03       		.uleb128 0x3
 567 003c 0E       		.uleb128 0xe
 568 003d 3A       		.uleb128 0x3a
 569 003e 0B       		.uleb128 0xb
 570 003f 3B       		.uleb128 0x3b
GAS LISTING C:\Users\duchu\AppData\Local\Temp\ccWjg2r9.s 			page 11


 571 0040 0B       		.uleb128 0xb
 572 0041 27       		.uleb128 0x27
 573 0042 0C       		.uleb128 0xc
 574 0043 49       		.uleb128 0x49
 575 0044 13       		.uleb128 0x13
 576 0045 20       		.uleb128 0x20
 577 0046 0B       		.uleb128 0xb
 578 0047 01       		.uleb128 0x1
 579 0048 13       		.uleb128 0x13
 580 0049 00       		.byte	0
 581 004a 00       		.byte	0
 582 004b 06       		.uleb128 0x6
 583 004c 34       		.uleb128 0x34
 584 004d 00       		.byte	0
 585 004e 03       		.uleb128 0x3
 586 004f 08       		.uleb128 0x8
 587 0050 3A       		.uleb128 0x3a
 588 0051 0B       		.uleb128 0xb
 589 0052 3B       		.uleb128 0x3b
 590 0053 0B       		.uleb128 0xb
 591 0054 49       		.uleb128 0x49
 592 0055 13       		.uleb128 0x13
 593 0056 00       		.byte	0
 594 0057 00       		.byte	0
 595 0058 07       		.uleb128 0x7
 596 0059 2E       		.uleb128 0x2e
 597 005a 00       		.byte	0
 598 005b 03       		.uleb128 0x3
 599 005c 0E       		.uleb128 0xe
 600 005d 3A       		.uleb128 0x3a
 601 005e 0B       		.uleb128 0xb
 602 005f 3B       		.uleb128 0x3b
 603 0060 0B       		.uleb128 0xb
 604 0061 27       		.uleb128 0x27
 605 0062 0C       		.uleb128 0xc
 606 0063 20       		.uleb128 0x20
 607 0064 0B       		.uleb128 0xb
 608 0065 00       		.byte	0
 609 0066 00       		.byte	0
 610 0067 08       		.uleb128 0x8
 611 0068 2E       		.uleb128 0x2e
 612 0069 01       		.byte	0x1
 613 006a 03       		.uleb128 0x3
 614 006b 0E       		.uleb128 0xe
 615 006c 3A       		.uleb128 0x3a
 616 006d 0B       		.uleb128 0xb
 617 006e 3B       		.uleb128 0x3b
 618 006f 05       		.uleb128 0x5
 619 0070 27       		.uleb128 0x27
 620 0071 0C       		.uleb128 0xc
 621 0072 11       		.uleb128 0x11
 622 0073 01       		.uleb128 0x1
 623 0074 12       		.uleb128 0x12
 624 0075 01       		.uleb128 0x1
 625 0076 40       		.uleb128 0x40
 626 0077 0A       		.uleb128 0xa
 627 0078 9742     		.uleb128 0x2117
GAS LISTING C:\Users\duchu\AppData\Local\Temp\ccWjg2r9.s 			page 12


 628 007a 0C       		.uleb128 0xc
 629 007b 01       		.uleb128 0x1
 630 007c 13       		.uleb128 0x13
 631 007d 00       		.byte	0
 632 007e 00       		.byte	0
 633 007f 09       		.uleb128 0x9
 634 0080 1D       		.uleb128 0x1d
 635 0081 01       		.byte	0x1
 636 0082 31       		.uleb128 0x31
 637 0083 13       		.uleb128 0x13
 638 0084 11       		.uleb128 0x11
 639 0085 01       		.uleb128 0x1
 640 0086 12       		.uleb128 0x12
 641 0087 01       		.uleb128 0x1
 642 0088 58       		.uleb128 0x58
 643 0089 0B       		.uleb128 0xb
 644 008a 59       		.uleb128 0x59
 645 008b 05       		.uleb128 0x5
 646 008c 01       		.uleb128 0x1
 647 008d 13       		.uleb128 0x13
 648 008e 00       		.byte	0
 649 008f 00       		.byte	0
 650 0090 0A       		.uleb128 0xa
 651 0091 0B       		.uleb128 0xb
 652 0092 01       		.byte	0x1
 653 0093 11       		.uleb128 0x11
 654 0094 01       		.uleb128 0x1
 655 0095 12       		.uleb128 0x12
 656 0096 01       		.uleb128 0x1
 657 0097 00       		.byte	0
 658 0098 00       		.byte	0
 659 0099 0B       		.uleb128 0xb
 660 009a 34       		.uleb128 0x34
 661 009b 00       		.byte	0
 662 009c 31       		.uleb128 0x31
 663 009d 13       		.uleb128 0x13
 664 009e 00       		.byte	0
 665 009f 00       		.byte	0
 666 00a0 0C       		.uleb128 0xc
 667 00a1 1D       		.uleb128 0x1d
 668 00a2 01       		.byte	0x1
 669 00a3 31       		.uleb128 0x31
 670 00a4 13       		.uleb128 0x13
 671 00a5 11       		.uleb128 0x11
 672 00a6 01       		.uleb128 0x1
 673 00a7 12       		.uleb128 0x12
 674 00a8 01       		.uleb128 0x1
 675 00a9 58       		.uleb128 0x58
 676 00aa 0B       		.uleb128 0xb
 677 00ab 59       		.uleb128 0x59
 678 00ac 0B       		.uleb128 0xb
 679 00ad 00       		.byte	0
 680 00ae 00       		.byte	0
 681 00af 0D       		.uleb128 0xd
 682 00b0 34       		.uleb128 0x34
 683 00b1 00       		.byte	0
 684 00b2 31       		.uleb128 0x31
GAS LISTING C:\Users\duchu\AppData\Local\Temp\ccWjg2r9.s 			page 13


 685 00b3 13       		.uleb128 0x13
 686 00b4 02       		.uleb128 0x2
 687 00b5 06       		.uleb128 0x6
 688 00b6 00       		.byte	0
 689 00b7 00       		.byte	0
 690 00b8 0E       		.uleb128 0xe
 691 00b9 1D       		.uleb128 0x1d
 692 00ba 00       		.byte	0
 693 00bb 31       		.uleb128 0x31
 694 00bc 13       		.uleb128 0x13
 695 00bd 11       		.uleb128 0x11
 696 00be 01       		.uleb128 0x1
 697 00bf 12       		.uleb128 0x12
 698 00c0 01       		.uleb128 0x1
 699 00c1 58       		.uleb128 0x58
 700 00c2 0B       		.uleb128 0xb
 701 00c3 59       		.uleb128 0x59
 702 00c4 05       		.uleb128 0x5
 703 00c5 00       		.byte	0
 704 00c6 00       		.byte	0
 705 00c7 0F       		.uleb128 0xf
 706 00c8 2E       		.uleb128 0x2e
 707 00c9 00       		.byte	0
 708 00ca 3F       		.uleb128 0x3f
 709 00cb 0C       		.uleb128 0xc
 710 00cc 03       		.uleb128 0x3
 711 00cd 0E       		.uleb128 0xe
 712 00ce 3A       		.uleb128 0x3a
 713 00cf 0B       		.uleb128 0xb
 714 00d0 3B       		.uleb128 0x3b
 715 00d1 05       		.uleb128 0x5
 716 00d2 27       		.uleb128 0x27
 717 00d3 0C       		.uleb128 0xc
 718 00d4 11       		.uleb128 0x11
 719 00d5 01       		.uleb128 0x1
 720 00d6 12       		.uleb128 0x12
 721 00d7 01       		.uleb128 0x1
 722 00d8 40       		.uleb128 0x40
 723 00d9 0A       		.uleb128 0xa
 724 00da 9742     		.uleb128 0x2117
 725 00dc 0C       		.uleb128 0xc
 726 00dd 00       		.byte	0
 727 00de 00       		.byte	0
 728 00df 10       		.uleb128 0x10
 729 00e0 2E       		.uleb128 0x2e
 730 00e1 01       		.byte	0x1
 731 00e2 3F       		.uleb128 0x3f
 732 00e3 0C       		.uleb128 0xc
 733 00e4 03       		.uleb128 0x3
 734 00e5 0E       		.uleb128 0xe
 735 00e6 3A       		.uleb128 0x3a
 736 00e7 0B       		.uleb128 0xb
 737 00e8 3B       		.uleb128 0x3b
 738 00e9 05       		.uleb128 0x5
 739 00ea 27       		.uleb128 0x27
 740 00eb 0C       		.uleb128 0xc
 741 00ec 11       		.uleb128 0x11
GAS LISTING C:\Users\duchu\AppData\Local\Temp\ccWjg2r9.s 			page 14


 742 00ed 01       		.uleb128 0x1
 743 00ee 12       		.uleb128 0x12
 744 00ef 01       		.uleb128 0x1
 745 00f0 40       		.uleb128 0x40
 746 00f1 06       		.uleb128 0x6
 747 00f2 9742     		.uleb128 0x2117
 748 00f4 0C       		.uleb128 0xc
 749 00f5 01       		.uleb128 0x1
 750 00f6 13       		.uleb128 0x13
 751 00f7 00       		.byte	0
 752 00f8 00       		.byte	0
 753 00f9 11       		.uleb128 0x11
 754 00fa 898201   		.uleb128 0x4109
 755 00fd 00       		.byte	0
 756 00fe 11       		.uleb128 0x11
 757 00ff 01       		.uleb128 0x1
 758 0100 31       		.uleb128 0x31
 759 0101 13       		.uleb128 0x13
 760 0102 00       		.byte	0
 761 0103 00       		.byte	0
 762 0104 12       		.uleb128 0x12
 763 0105 34       		.uleb128 0x34
 764 0106 00       		.byte	0
 765 0107 03       		.uleb128 0x3
 766 0108 0E       		.uleb128 0xe
 767 0109 3A       		.uleb128 0x3a
 768 010a 0B       		.uleb128 0xb
 769 010b 3B       		.uleb128 0x3b
 770 010c 0B       		.uleb128 0xb
 771 010d 49       		.uleb128 0x49
 772 010e 13       		.uleb128 0x13
 773 010f 02       		.uleb128 0x2
 774 0110 0A       		.uleb128 0xa
 775 0111 00       		.byte	0
 776 0112 00       		.byte	0
 777 0113 00       		.byte	0
 778              		.section	.debug_loc,"",@progbits
 779              	.Ldebug_loc0:
 780              	.LLST0:
 781 0000 00000000 		.4byte	.LVL0
 782 0004 00000000 		.4byte	.LVL1
 783 0008 0002     		.2byte	0x2
 784 000a 30       		.byte	0x30
 785 000b 9F       		.byte	0x9f
 786 000c 00000000 		.4byte	.LVL1
 787 0010 00000000 		.4byte	.LVL2
 788 0014 0001     		.2byte	0x1
 789 0016 57       		.byte	0x57
 790 0017 00000000 		.4byte	0
 791 001b 00000000 		.4byte	0
 792              	.LLST1:
 793 001f 00000000 		.4byte	.LFB7
 794 0023 00000000 		.4byte	.LCFI0
 795 0027 0002     		.2byte	0x2
 796 0029 71       		.byte	0x71
 797 002a 00       		.sleb128 0
 798 002b 00000000 		.4byte	.LCFI0
GAS LISTING C:\Users\duchu\AppData\Local\Temp\ccWjg2r9.s 			page 15


 799 002f 00000000 		.4byte	.LCFI1
 800 0033 0002     		.2byte	0x2
 801 0035 71       		.byte	0x71
 802 0036 08       		.sleb128 8
 803 0037 00000000 		.4byte	.LCFI1
 804 003b 00000000 		.4byte	.LFE7
 805 003f 0002     		.2byte	0x2
 806 0041 71       		.byte	0x71
 807 0042 00       		.sleb128 0
 808 0043 00000000 		.4byte	0
 809 0047 00000000 		.4byte	0
 810              	.LLST2:
 811 004b 00000000 		.4byte	.LFB8
 812 004f 00000000 		.4byte	.LCFI2
 813 0053 0002     		.2byte	0x2
 814 0055 71       		.byte	0x71
 815 0056 00       		.sleb128 0
 816 0057 00000000 		.4byte	.LCFI2
 817 005b 00000000 		.4byte	.LCFI3
 818 005f 0002     		.2byte	0x2
 819 0061 71       		.byte	0x71
 820 0062 08       		.sleb128 8
 821 0063 00000000 		.4byte	.LCFI3
 822 0067 00000000 		.4byte	.LFE8
 823 006b 0002     		.2byte	0x2
 824 006d 71       		.byte	0x71
 825 006e 00       		.sleb128 0
 826 006f 00000000 		.4byte	0
 827 0073 00000000 		.4byte	0
 828              	.LLST3:
 829 0077 00000000 		.4byte	.LFB9
 830 007b 00000000 		.4byte	.LCFI4
 831 007f 0002     		.2byte	0x2
 832 0081 71       		.byte	0x71
 833 0082 00       		.sleb128 0
 834 0083 00000000 		.4byte	.LCFI4
 835 0087 00000000 		.4byte	.LCFI5
 836 008b 0002     		.2byte	0x2
 837 008d 71       		.byte	0x71
 838 008e 08       		.sleb128 8
 839 008f 00000000 		.4byte	.LCFI5
 840 0093 00000000 		.4byte	.LFE9
 841 0097 0002     		.2byte	0x2
 842 0099 71       		.byte	0x71
 843 009a 00       		.sleb128 0
 844 009b 00000000 		.4byte	0
 845 009f 00000000 		.4byte	0
 846              	.LLST4:
 847 00a3 00000000 		.4byte	.LFB10
 848 00a7 00000000 		.4byte	.LCFI6
 849 00ab 0002     		.2byte	0x2
 850 00ad 71       		.byte	0x71
 851 00ae 00       		.sleb128 0
 852 00af 00000000 		.4byte	.LCFI6
 853 00b3 00000000 		.4byte	.LCFI7
 854 00b7 0002     		.2byte	0x2
 855 00b9 71       		.byte	0x71
GAS LISTING C:\Users\duchu\AppData\Local\Temp\ccWjg2r9.s 			page 16


 856 00ba 08       		.sleb128 8
 857 00bb 00000000 		.4byte	.LCFI7
 858 00bf 00000000 		.4byte	.LFE10
 859 00c3 0002     		.2byte	0x2
 860 00c5 71       		.byte	0x71
 861 00c6 00       		.sleb128 0
 862 00c7 00000000 		.4byte	0
 863 00cb 00000000 		.4byte	0
 864              		.section	.debug_aranges,"",@progbits
 865 0000 0000004C 		.4byte	0x4c
 866 0004 0002     		.2byte	0x2
 867 0006 00000000 		.4byte	.Ldebug_info0
 868 000a 04       		.byte	0x4
 869 000b 00       		.byte	0
 870 000c 0000     		.2byte	0
 871 000e 0000     		.2byte	0
 872 0010 00000000 		.4byte	.LFB4
 873 0014 00000030 		.4byte	.LFE4-.LFB4
 874 0018 00000000 		.4byte	.LFB5
 875 001c 0000002A 		.4byte	.LFE5-.LFB5
 876 0020 00000000 		.4byte	.LFB6
 877 0024 00000002 		.4byte	.LFE6-.LFB6
 878 0028 00000000 		.4byte	.LFB7
 879 002c 00000014 		.4byte	.LFE7-.LFB7
 880 0030 00000000 		.4byte	.LFB8
 881 0034 00000014 		.4byte	.LFE8-.LFB8
 882 0038 00000000 		.4byte	.LFB9
 883 003c 00000014 		.4byte	.LFE9-.LFB9
 884 0040 00000000 		.4byte	.LFB10
 885 0044 00000014 		.4byte	.LFE10-.LFB10
 886 0048 00000000 		.4byte	0
 887 004c 00000000 		.4byte	0
 888              		.section	.debug_ranges,"",@progbits
 889              	.Ldebug_ranges0:
 890 0000 00000000 		.4byte	.LFB4
 891 0004 00000000 		.4byte	.LFE4
 892 0008 00000000 		.4byte	.LFB5
 893 000c 00000000 		.4byte	.LFE5
 894 0010 00000000 		.4byte	.LFB6
 895 0014 00000000 		.4byte	.LFE6
 896 0018 00000000 		.4byte	.LFB7
 897 001c 00000000 		.4byte	.LFE7
 898 0020 00000000 		.4byte	.LFB8
 899 0024 00000000 		.4byte	.LFE8
 900 0028 00000000 		.4byte	.LFB9
 901 002c 00000000 		.4byte	.LFE9
 902 0030 00000000 		.4byte	.LFB10
 903 0034 00000000 		.4byte	.LFE10
 904 0038 00000000 		.4byte	0
 905 003c 00000000 		.4byte	0
 906              		.section	.debug_line,"",@progbits
 907              	.Ldebug_line0:
 908 0000 0000025F 		.section	.debug_str,"MS",@progbits,1
 908      00020000 
 908      01B90201 
 908      FB0E0D00 
 908      01010101 
GAS LISTING C:\Users\duchu\AppData\Local\Temp\ccWjg2r9.s 			page 17


 909              	.LASF6:
 910 0000 6C6F6E67 		.string	"long long int"
 910      206C6F6E 
 910      6720696E 
 910      7400
 911              	.LASF20:
 912 000e 6F73616C 		.string	"osalEnterCriticalFromISR"
 912      456E7465 
 912      72437269 
 912      74696361 
 912      6C46726F 
 913              	.LASF8:
 914 0027 756E7369 		.string	"unsigned int"
 914      676E6564 
 914      20696E74 
 914      00
 915              	.LASF1:
 916 0034 756E7369 		.string	"unsigned char"
 916      676E6564 
 916      20636861 
 916      7200
 917              	.LASF9:
 918 0042 5F5F7569 		.string	"__uint32_t"
 918      6E743332 
 918      5F7400
 919              	.LASF23:
 920 004d 6F73616C 		.string	"osalIsExtIntEnable"
 920      49734578 
 920      74496E74 
 920      456E6162 
 920      6C6500
 921              	.LASF5:
 922 0060 6C6F6E67 		.string	"long unsigned int"
 922      20756E73 
 922      69676E65 
 922      6420696E 
 922      7400
 923              	.LASF25:
 924 0072 2E2F636F 		.string	"./components/spc570sxx_osal_component_rla/lib/src/osal.c"
 924      6D706F6E 
 924      656E7473 
 924      2F737063 
 924      35373073 
 925              	.LASF7:
 926 00ab 6C6F6E67 		.string	"long long unsigned int"
 926      206C6F6E 
 926      6720756E 
 926      7369676E 
 926      65642069 
 927              	.LASF19:
 928 00c2 6F73616C 		.string	"osalExitCritical"
 928      45786974 
 928      43726974 
 928      6963616C 
 928      00
 929              	.LASF16:
 930 00d3 6F73616C 		.string	"osalIsrDisable"
GAS LISTING C:\Users\duchu\AppData\Local\Temp\ccWjg2r9.s 			page 18


 930      49737244 
 930      69736162 
 930      6C6500
 931              	.LASF18:
 932 00e2 6F73616C 		.string	"osalEnterCritical"
 932      456E7465 
 932      72437269 
 932      74696361 
 932      6C00
 933              	.LASF24:
 934 00f4 474E5520 		.ascii	"GNU C 4.9.4 20160726 (Sat May 27 11:09:55 CDT 2017      "
 934      4320342E 
 934      392E3420 
 934      32303136 
 934      30373236 
 935 012c 20202062 		.string	"   build.sh rev=gd8b6c20 s=F494 ELe200 -V release_gd8b6c20_build_Fed_ELe200_ML0) -mcall-s
 935      75696C64 
 935      2E736820 
 935      7265763D 
 935      67643862 
 936              	.LASF13:
 937 022d 69727147 		.string	"irqGetExtIntEnable"
 937      65744578 
 937      74496E74 
 937      456E6162 
 937      6C6500
 938              	.LASF17:
 939 0240 6F73616C 		.string	"osalIsrEnable"
 939      49737245 
 939      6E61626C 
 939      6500
 940              	.LASF12:
 941 024e 69727147 		.string	"irqGetMsr"
 941      65744D73 
 941      7200
 942              	.LASF10:
 943 0258 75696E74 		.string	"uint32_t"
 943      33325F74 
 943      00
 944              	.LASF4:
 945 0261 6C6F6E67 		.string	"long int"
 945      20696E74 
 945      00
 946              	.LASF22:
 947 026a 6F73616C 		.string	"osalIsrCnt"
 947      49737243 
 947      6E7400
 948              	.LASF15:
 949 0275 69727149 		.string	"irqIsrEnable"
 949      7372456E 
 949      61626C65 
 949      00
 950              	.LASF3:
 951 0282 73686F72 		.string	"short unsigned int"
 951      7420756E 
 951      7369676E 
 951      65642069 
GAS LISTING C:\Users\duchu\AppData\Local\Temp\ccWjg2r9.s 			page 19


 951      6E7400
 952              	.LASF0:
 953 0295 7369676E 		.string	"signed char"
 953      65642063 
 953      68617200 
 954              	.LASF21:
 955 02a1 6F73616C 		.string	"osalExitCriticalFromISR"
 955      45786974 
 955      43726974 
 955      6963616C 
 955      46726F6D 
 956              	.LASF27:
 957 02b9 6F73616C 		.string	"osalInit"
 957      496E6974 
 957      00
 958              	.LASF14:
 959 02c2 69727149 		.string	"irqIsrDisable"
 959      73724469 
 959      7361626C 
 959      6500
 960              	.LASF2:
 961 02d0 73686F72 		.string	"short int"
 961      7420696E 
 961      7400
 962              	.LASF26:
 963 02da 443A5C57 		.string	"D:\\Workplace\\KSC_LDC"
 963      6F726B70 
 963      6C616365 
 963      5C4B5343 
 963      5F4C4443 
 964              	.LASF11:
 965 02ef 73697A65 		.string	"sizetype"
 965      74797065 
 965      00
 966              		.ident	"GCC: (GNU) 4.9.4 20160726 (Sat May 27 11:09:55 CDT 2017         build.sh rev=gd8b6c20 s=F4
GAS LISTING C:\Users\duchu\AppData\Local\Temp\ccWjg2r9.s 			page 20


DEFINED SYMBOLS
                            *ABS*:00000000 osal.c
C:\Users\duchu\AppData\Local\Temp\ccWjg2r9.s:9      .text.osalIsrDisable:00000000 osalIsrDisable
C:\Users\duchu\AppData\Local\Temp\ccWjg2r9.s:63     .text.osalIsrEnable:00000000 osalIsrEnable
C:\Users\duchu\AppData\Local\Temp\ccWjg2r9.s:98     .text.osalInit:00000000 osalInit
C:\Users\duchu\AppData\Local\Temp\ccWjg2r9.s:111    .text.osalEnterCritical:00000000 osalEnterCritical
C:\Users\duchu\AppData\Local\Temp\ccWjg2r9.s:141    .text.osalExitCritical:00000000 osalExitCritical
C:\Users\duchu\AppData\Local\Temp\ccWjg2r9.s:170    .text.osalEnterCriticalFromISR:00000000 osalEnterCriticalFromISR
C:\Users\duchu\AppData\Local\Temp\ccWjg2r9.s:199    .text.osalExitCriticalFromISR:00000000 osalExitCriticalFromISR
C:\Users\duchu\AppData\Local\Temp\ccWjg2r9.s:228    .bss.osalIsExtIntEnable:00000000 osalIsExtIntEnable
C:\Users\duchu\AppData\Local\Temp\ccWjg2r9.s:235    .bss.osalIsrCnt:00000000 osalIsrCnt

NO UNDEFINED SYMBOLS
