GAS LISTING C:\Users\duchu\AppData\Local\Temp\cclIm5PB.s 			page 1


   1              		.file	"Rte.c"
   2              		.section	".text","axv"
   3              	.Ltext0:
   4              		.cfi_sections	.debug_frame
   5              		.section	.text.Rte_Init,"axv",@progbits
   6              		.align 1
   7              		.p2align 4,,15
   8              		.globl Rte_Init
   9              		.type	Rte_Init, @function
  10              	Rte_Init:
  11              	.LFB4:
  12              		.file 1 "./source/RTE/Rte.c"
  13              		.loc 1 84 0
  14              		.cfi_startproc
  15 0000 182106F8 		e_stwu %r1,-8(%r1)
  16              	.LCFI0:
  17              		.cfi_def_cfa_offset 8
  18 0004 0080     		se_mflr %r0
  19 0006 D301     		se_stw %r0,12(%r1)
  20              		.cfi_offset 65, 4
  21              	.LBB6:
  22              	.LBB7:
  23              		.file 2 "./components/spc570sxx_irq_component_rla/lib/include/irq.h"
  24              		.loc 2 79 0
  25              	 # 79 "./components/spc570sxx_irq_component_rla/lib/include/irq.h" 1
  26 0008 7C000146 		wrteei  0
  27              	 # 0 "" 2
  28              	.LBE7:
  29              	.LBE6:
  30              		.loc 1 92 0
  31 000c 78000001 		e_bl componentsInit
  32              	.LVL0:
  33              		.loc 1 94 0
  34 0010 78000001 		e_bl Bsw_PIT_Init
  35              	.LVL1:
  36              		.loc 1 97 0
  37 0014 78000001 		e_bl Bsw_CAN1_Init
  38              	.LVL2:
  39              		.loc 1 98 0
  40 0018 78000001 		e_bl Bsw_CAN2_Init
  41              	.LVL3:
  42              		.loc 1 101 0
  43 001c 78000001 		e_bl Bsw_PwmInit
  44              	.LVL4:
  45              		.loc 1 104 0
  46 0020 78000001 		e_bl Bsw_AdcInit
  47              	.LVL5:
  48              		.loc 1 106 0
  49 0024 78000001 		e_bl Gp_Func_Init
  50              	.LVL6:
  51              		.loc 1 109 0
  52 0028 78000001 		e_bl Uds_Func_Init
  53              	.LVL7:
  54              		.loc 1 112 0
  55 002c 78000001 		e_bl Tp_Func_Init
  56              	.LVL8:
  57              		.loc 1 114 0
GAS LISTING C:\Users\duchu\AppData\Local\Temp\cclIm5PB.s 			page 2


  58 0030 78000001 		e_bl Bsw_Can_DM1_Init
  59              	.LVL9:
  60              		.loc 1 117 0
  61 0034 78000001 		e_bl Asw_Diagnostic_Init
  62              	.LVL10:
  63              		.loc 1 120 0
  64 0038 78000001 		e_bl EEP_EEPROM_INIT
  65              	.LVL11:
  66              		.loc 1 121 0
  67 003c 78000001 		e_bl EEP_EEPROM_READ
  68              	.LVL12:
  69              		.loc 1 129 0
  70 0040 4807     		se_li %r7,0
  71 0042 70C0E000 		e_lis %r6,u8g_Asw_Ldc_State_Ready@ha
  72 0046 34E60000 		e_stb %r7,u8g_Asw_Ldc_State_Ready@l(%r6)
  73              		.loc 1 130 0
  74 004a 70C0E000 		e_lis %r6,u8g_Asw_Ldc_State_Run@ha
  75 004e 34E60000 		e_stb %r7,u8g_Asw_Ldc_State_Run@l(%r6)
  76              	.LBB8:
  77              	.LBB9:
  78              		.loc 2 68 0
  79              	 # 68 "./components/spc570sxx_irq_component_rla/lib/include/irq.h" 1
  80 0052 7C008146 		wrteei  1
  81              	 # 0 "" 2
  82              	.LBE9:
  83              	.LBE8:
  84              		.loc 1 136 0
  85 0056 4806     		se_li %r6,0
  86 0058 70E0E000 		e_lis %r7,eng_LDC_Sts@ha
  87 005c 54C70000 		e_stw %r6,eng_LDC_Sts@l(%r7)
  88              		.loc 1 137 0
  89 0060 C301     		se_lwz %r0,12(%r1)
  90 0062 0090     		se_mtlr %r0
  91              		.cfi_restore 65
  92 0064 2071     		se_addi %r1,8
  93              	.LCFI1:
  94              		.cfi_def_cfa_offset 0
  95 0066 0004     		se_blr
  96              		.cfi_endproc
  97              	.LFE4:
  98              		.size	Rte_Init, .-Rte_Init
  99              		.section	.text.Rte_TimeTaskCtrl,"axv",@progbits
 100              		.align 1
 101              		.p2align 4,,15
 102              		.globl Rte_TimeTaskCtrl
 103              		.type	Rte_TimeTaskCtrl, @function
 104              	Rte_TimeTaskCtrl:
 105              	.LFB5:
 106              		.loc 1 147 0
 107              		.cfi_startproc
 108 0000 182106F0 		e_stwu %r1,-16(%r1)
 109              	.LCFI2:
 110              		.cfi_def_cfa_offset 16
 111 0004 0080     		se_mflr %r0
 112 0006 D501     		se_stw %r0,20(%r1)
 113 0008 D3F1     		se_stw %r31,12(%r1)
 114              		.cfi_offset 65, 4
GAS LISTING C:\Users\duchu\AppData\Local\Temp\cclIm5PB.s 			page 3


 115              		.cfi_offset 31, -4
 116              	.LBB16:
 117              	.LBB17:
 118              		.loc 1 195 0
 119 000a 78000001 		e_bl Uds_Func
 120              	.LVL13:
 121              		.loc 1 197 0
 122 000e 78000001 		e_bl Tp_Func
 123              	.LVL14:
 124              		.loc 1 200 0
 125 0012 70E0E000 		e_lis %r7,u8g_ReqReset@ha
 126 0016 30E70000 		e_lbz %r7,u8g_ReqReset@l(%r7)
 127 001a 2A17     		se_cmpi %r7,1
 128 001c 7A120008 		e_beq %cr0,.L3
 129              		.loc 1 202 0
 130 0020 78000001 		e_bl UDS_WDT_PulseOut
 131              	.LVL15:
 132              	.L3:
 133              	.LBE17:
 134              	.LBE16:
 135              		.loc 1 157 0
 136 0024 70E0E000 		e_lis %r7,u8g_Hal_task_10m_cnt@ha
 137 0028 30E70000 		e_lbz %r7,u8g_Hal_task_10m_cnt@l(%r7)
 138 002c 18E784FF 		e_addi %r7,%r7,-1
 139 0030 18E6C8FF 		e_andi. %r6,%r7,0xff
 140 0034 7A120010 		e_beq %cr0,.L4
 141 0038 70E0E000 		e_lis %r7,u8g_Hal_task_10m_cnt@ha
 142 003c 34C70000 		e_stb %r6,u8g_Hal_task_10m_cnt@l(%r7)
 143 0040 7800004A 		e_b .L5
 144              	.L4:
 145              		.loc 1 159 0
 146 0044 48A6     		se_li %r6,10
 147 0046 70E0E000 		e_lis %r7,u8g_Hal_task_10m_cnt@ha
 148 004a 34C70000 		e_stb %r6,u8g_Hal_task_10m_cnt@l(%r7)
 149              	.LBB18:
 150              	.LBB19:
 151              		.loc 1 215 0
 152 004e 70E0E000 		e_lis %r7,u8g_CAN_TX_Ctrl@ha
 153 0052 30E70000 		e_lbz %r7,u8g_CAN_TX_Ctrl@l(%r7)
 154 0056 2A07     		se_cmpi %r7,0
 155 0058 7A020008 		e_bne %cr0,.L6
 156              		.loc 1 217 0
 157 005c 78000001 		e_bl Bsw_Can_DM1_Transmitter
 158              	.LVL16:
 159              	.L6:
 160              		.loc 1 220 0
 161 0060 78000001 		e_bl Bsw_ADC2REAL
 162              	.LVL17:
 163              		.loc 1 222 0
 164 0064 78000001 		e_bl Asw_Diagnostic_Fault
 165              	.LVL18:
 166              		.loc 1 223 0
 167 0068 78000001 		e_bl Asw_LDC_Operation
 168              	.LVL19:
 169              		.loc 1 225 0
 170 006c 70E0E000 		e_lis %r7,eng_LDC_Sts@ha
 171 0070 50E70000 		e_lwz %r7,eng_LDC_Sts@l(%r7)
GAS LISTING C:\Users\duchu\AppData\Local\Temp\cclIm5PB.s 			page 4


 172 0074 2A47     		se_cmpi %r7,4
 173 0076 7A120014 		e_beq %cr0,.L5
 174 007a 73E0E000 		e_lis %r31,.LANCHOR0@ha
 175 007e 587F0000 		e_lhz %r3,.LANCHOR0@l(%r31)
 176 0082 78000001 		e_bl Asw_LDC_OFF
 177              	.LVL20:
 178 0086 5C7F0000 		e_sth %r3,.LANCHOR0@l(%r31)
 179              	.L5:
 180              	.LBE19:
 181              	.LBE18:
 182              		.loc 1 168 0
 183 008a 70E0E000 		e_lis %r7,u8g_Hal_task_100m_cnt@ha
 184 008e 30E70000 		e_lbz %r7,u8g_Hal_task_100m_cnt@l(%r7)
 185 0092 18E784FF 		e_addi %r7,%r7,-1
 186 0096 18E6C8FF 		e_andi. %r6,%r7,0xff
 187 009a 7A120010 		e_beq %cr0,.L7
 188 009e 70E0E000 		e_lis %r7,u8g_Hal_task_100m_cnt@ha
 189 00a2 34C70000 		e_stb %r6,u8g_Hal_task_100m_cnt@l(%r7)
 190 00a6 78000064 		e_b .L2
 191              	.L7:
 192              		.loc 1 170 0
 193 00aa 4E46     		se_li %r6,100
 194 00ac 70E0E000 		e_lis %r7,u8g_Hal_task_100m_cnt@ha
 195 00b0 34C70000 		e_stb %r6,u8g_Hal_task_100m_cnt@l(%r7)
 196              	.LBB20:
 197              	.LBB21:
 198              		.loc 1 239 0
 199 00b4 78000001 		e_bl Bsw_Can_Tx
 200              	.LVL21:
 201              		.loc 1 240 0
 202 00b8 78000001 		e_bl Bsw_Can_Rx
 203              	.LVL22:
 204              		.loc 1 242 0
 205 00bc 70E0E000 		e_lis %r7,u8_DtcControl@ha
 206 00c0 30E70000 		e_lbz %r7,u8_DtcControl@l(%r7)
 207 00c4 2A07     		se_cmpi %r7,0
 208 00c6 7A020008 		e_bne %cr0,.L9
 209 00ca 78000001 		e_bl Asw_DTC_Eeprom_Write
 210              	.LVL23:
 211              	.L9:
 212              		.loc 1 244 0
 213 00ce 70E0E000 		e_lis %r7,eng_LDC_Sts@ha
 214 00d2 50E70000 		e_lwz %r7,eng_LDC_Sts@l(%r7)
 215 00d6 2A47     		se_cmpi %r7,4
 216 00d8 7A120032 		e_beq %cr0,.L2
 217              		.loc 1 247 0
 218 00dc 78000001 		e_bl EEP_GET_WRITE_BUFFER
 219              	.LVL24:
 220 00e0 0134     		se_mr %r4,%r3
 221 00e2 73E0E000 		e_lis %r31,.LANCHOR1@ha
 222 00e6 1FFF0000 		e_la %r31,.LANCHOR1@l(%r31)
 223 00ea 01F3     		se_mr %r3,%r31
 224 00ec 49D5     		se_li %r5,29
 225 00ee 78000001 		e_bl utils_memcpy
 226              	.LVL25:
 227              		.loc 1 248 0
 228 00f2 01F3     		se_mr %r3,%r31
GAS LISTING C:\Users\duchu\AppData\Local\Temp\cclIm5PB.s 			page 5


 229 00f4 78000001 		e_bl DtcMng_DtcCodeUpdate
 230              	.LVL26:
 231              		.loc 1 249 0
 232 00f8 70E0E000 		e_lis %r7,eng_LDC_Sts@ha
 233 00fc 50A70000 		e_lwz %r5,eng_LDC_Sts@l(%r7)
 234 0100 01F3     		se_mr %r3,%r31
 235 0102 49D4     		se_li %r4,29
 236 0104 00C5     		se_extzb %r5
 237 0106 78000001 		e_bl EEP_UPDATE_EEPROM
 238              	.LVL27:
 239              	.L2:
 240              	.LBE21:
 241              	.LBE20:
 242              		.loc 1 177 0
 243 010a C501     		se_lwz %r0,20(%r1)
 244 010c 0090     		se_mtlr %r0
 245              		.cfi_restore 65
 246 010e C3F1     		se_lwz %r31,12(%r1)
 247 0110 20F1     		se_addi %r1,16
 248              	.LCFI3:
 249              		.cfi_restore 31
 250              		.cfi_def_cfa_offset 0
 251 0112 0004     		se_blr
 252              		.cfi_endproc
 253              	.LFE5:
 254              		.size	Rte_TimeTaskCtrl, .-Rte_TimeTaskCtrl
 255              		.globl u16g_Rte_pwmShift
 256              		.section	.bss.dtcBuffer.11117,"aw",@nobits
 257              		.set	.LANCHOR1,. + 0
 258              		.type	dtcBuffer.11117, @object
 259              		.size	dtcBuffer.11117, 29
 260              	dtcBuffer.11117:
 261 0000 00000000 		.zero	29
 261      00000000 
 261      00000000 
 261      00000000 
 261      00000000 
 262              		.section	.bss.u16g_Rte_pwmShift,"aw",@nobits
 263              		.align 1
 264              		.set	.LANCHOR0,. + 0
 265              		.type	u16g_Rte_pwmShift, @object
 266              		.size	u16g_Rte_pwmShift, 2
 267              	u16g_Rte_pwmShift:
 268 0000 0000     		.zero	2
 269              		.section	".text","axv"
 270              	.Letext0:
 271              		.file 3 "c:\\spc5studio\\eclipse\\plugins\\com.st.tools.spc5.tools.gnu.gcc.ppcvle.win32_4.9.4.2019
 272              		.file 4 "c:\\spc5studio\\eclipse\\plugins\\com.st.tools.spc5.tools.gnu.gcc.ppcvle.win32_4.9.4.2019
 273              		.file 5 "./source/ASW/Asw_StateMachine.h"
 274              		.file 6 "./source/ASW/Asw_DtcMng.h"
 275              		.file 7 "./source/ASW/Asw_Utility.h"
 276              		.file 8 "./source/HAL/Hal_PIT.h"
 277              		.file 9 "./source/UDS/Uds_Func.h"
 278              		.file 10 "./components/components.h"
 279              		.file 11 "./source/BSW/Bsw_PIT.h"
 280              		.file 12 "./source/BSW/Bsw_Can.h"
 281              		.file 13 "./source/BSW/Bsw_Pwm.h"
GAS LISTING C:\Users\duchu\AppData\Local\Temp\cclIm5PB.s 			page 6


 282              		.file 14 "./source/BSW/Bsw_Adc.h"
 283              		.file 15 "./source/UDS/GpFunc.h"
 284              		.file 16 "./source/UDS/Tp_Func.h"
 285              		.file 17 "./source/ASW/Asw_FaultDetection.h"
 286              		.file 18 "./source/BSW/Bsw_Eeprom.h"
 287              		.section	.debug_info,"",@progbits
 288              	.Ldebug_info0:
 289 0000 00000695 		.4byte	0x695
 290 0004 0002     		.2byte	0x2
 291 0006 00000000 		.4byte	.Ldebug_abbrev0
 292 000a 04       		.byte	0x4
 293 000b 01       		.uleb128 0x1
 294 000c 00000000 		.4byte	.LASF96
 295 0010 01       		.byte	0x1
 296 0011 00000000 		.4byte	.LASF97
 297 0015 00000000 		.4byte	.LASF98
 298 0019 00000000 		.4byte	.Ldebug_ranges0+0
 299 001d 00000000 		.4byte	0
 300 0021 00000000 		.4byte	0
 301 0025 00000000 		.4byte	.Ldebug_line0
 302 0029 02       		.uleb128 0x2
 303 002a 01       		.byte	0x1
 304 002b 06       		.byte	0x6
 305 002c 00000000 		.4byte	.LASF0
 306 0030 03       		.uleb128 0x3
 307 0031 00000000 		.4byte	.LASF3
 308 0035 03       		.byte	0x3
 309 0036 1D       		.byte	0x1d
 310 0037 0000003B 		.4byte	0x3b
 311 003b 02       		.uleb128 0x2
 312 003c 01       		.byte	0x1
 313 003d 08       		.byte	0x8
 314 003e 00000000 		.4byte	.LASF1
 315 0042 02       		.uleb128 0x2
 316 0043 02       		.byte	0x2
 317 0044 05       		.byte	0x5
 318 0045 00000000 		.4byte	.LASF2
 319 0049 03       		.uleb128 0x3
 320 004a 00000000 		.4byte	.LASF4
 321 004e 03       		.byte	0x3
 322 004f 2B       		.byte	0x2b
 323 0050 00000054 		.4byte	0x54
 324 0054 02       		.uleb128 0x2
 325 0055 02       		.byte	0x2
 326 0056 07       		.byte	0x7
 327 0057 00000000 		.4byte	.LASF5
 328 005b 02       		.uleb128 0x2
 329 005c 04       		.byte	0x4
 330 005d 05       		.byte	0x5
 331 005e 00000000 		.4byte	.LASF6
 332 0062 03       		.uleb128 0x3
 333 0063 00000000 		.4byte	.LASF7
 334 0067 03       		.byte	0x3
 335 0068 41       		.byte	0x41
 336 0069 0000006D 		.4byte	0x6d
 337 006d 02       		.uleb128 0x2
 338 006e 04       		.byte	0x4
GAS LISTING C:\Users\duchu\AppData\Local\Temp\cclIm5PB.s 			page 7


 339 006f 07       		.byte	0x7
 340 0070 00000000 		.4byte	.LASF8
 341 0074 02       		.uleb128 0x2
 342 0075 08       		.byte	0x8
 343 0076 05       		.byte	0x5
 344 0077 00000000 		.4byte	.LASF9
 345 007b 02       		.uleb128 0x2
 346 007c 08       		.byte	0x8
 347 007d 07       		.byte	0x7
 348 007e 00000000 		.4byte	.LASF10
 349 0082 04       		.uleb128 0x4
 350 0083 04       		.byte	0x4
 351 0084 05       		.byte	0x5
 352 0085 696E7400 		.string	"int"
 353 0089 02       		.uleb128 0x2
 354 008a 04       		.byte	0x4
 355 008b 07       		.byte	0x7
 356 008c 00000000 		.4byte	.LASF11
 357 0090 03       		.uleb128 0x3
 358 0091 00000000 		.4byte	.LASF12
 359 0095 04       		.byte	0x4
 360 0096 15       		.byte	0x15
 361 0097 00000030 		.4byte	0x30
 362 009b 03       		.uleb128 0x3
 363 009c 00000000 		.4byte	.LASF13
 364 00a0 04       		.byte	0x4
 365 00a1 21       		.byte	0x21
 366 00a2 00000049 		.4byte	0x49
 367 00a6 03       		.uleb128 0x3
 368 00a7 00000000 		.4byte	.LASF14
 369 00ab 04       		.byte	0x4
 370 00ac 2D       		.byte	0x2d
 371 00ad 00000062 		.4byte	0x62
 372 00b1 02       		.uleb128 0x2
 373 00b2 04       		.byte	0x4
 374 00b3 07       		.byte	0x7
 375 00b4 00000000 		.4byte	.LASF15
 376 00b8 05       		.uleb128 0x5
 377 00b9 04       		.byte	0x4
 378 00ba 06       		.uleb128 0x6
 379 00bb 04       		.byte	0x4
 380 00bc 05       		.byte	0x5
 381 00bd 32       		.byte	0x32
 382 00be 000000F9 		.4byte	0xf9
 383 00c2 07       		.uleb128 0x7
 384 00c3 00000000 		.4byte	.LASF16
 385 00c7 00       		.sleb128 0
 386 00c8 07       		.uleb128 0x7
 387 00c9 00000000 		.4byte	.LASF17
 388 00cd 01       		.sleb128 1
 389 00ce 07       		.uleb128 0x7
 390 00cf 00000000 		.4byte	.LASF18
 391 00d3 02       		.sleb128 2
 392 00d4 07       		.uleb128 0x7
 393 00d5 00000000 		.4byte	.LASF19
 394 00d9 03       		.sleb128 3
 395 00da 07       		.uleb128 0x7
GAS LISTING C:\Users\duchu\AppData\Local\Temp\cclIm5PB.s 			page 8


 396 00db 00000000 		.4byte	.LASF20
 397 00df 04       		.sleb128 4
 398 00e0 07       		.uleb128 0x7
 399 00e1 00000000 		.4byte	.LASF21
 400 00e5 05       		.sleb128 5
 401 00e6 07       		.uleb128 0x7
 402 00e7 00000000 		.4byte	.LASF22
 403 00eb 06       		.sleb128 6
 404 00ec 07       		.uleb128 0x7
 405 00ed 00000000 		.4byte	.LASF23
 406 00f1 07       		.sleb128 7
 407 00f2 07       		.uleb128 0x7
 408 00f3 00000000 		.4byte	.LASF24
 409 00f7 08       		.sleb128 8
 410 00f8 00       		.byte	0
 411 00f9 03       		.uleb128 0x3
 412 00fa 00000000 		.4byte	.LASF25
 413 00fe 05       		.byte	0x5
 414 00ff 3C       		.byte	0x3c
 415 0100 000000BA 		.4byte	0xba
 416 0104 08       		.uleb128 0x8
 417 0105 00000000 		.4byte	.LASF99
 418 0109 1D       		.byte	0x1d
 419 010a 06       		.byte	0x6
 420 010b 44       		.byte	0x44
 421 010c 000002A7 		.4byte	0x2a7
 422 0110 09       		.uleb128 0x9
 423 0111 00000000 		.4byte	.LASF26
 424 0115 06       		.byte	0x6
 425 0116 46       		.byte	0x46
 426 0117 00000090 		.4byte	0x90
 427 011b 02       		.byte	0x2
 428 011c 23       		.byte	0x23
 429 011d 00       		.uleb128 0
 430 011e 09       		.uleb128 0x9
 431 011f 00000000 		.4byte	.LASF27
 432 0123 06       		.byte	0x6
 433 0124 47       		.byte	0x47
 434 0125 00000090 		.4byte	0x90
 435 0129 02       		.byte	0x2
 436 012a 23       		.byte	0x23
 437 012b 01       		.uleb128 0x1
 438 012c 09       		.uleb128 0x9
 439 012d 00000000 		.4byte	.LASF28
 440 0131 06       		.byte	0x6
 441 0132 48       		.byte	0x48
 442 0133 00000090 		.4byte	0x90
 443 0137 02       		.byte	0x2
 444 0138 23       		.byte	0x23
 445 0139 02       		.uleb128 0x2
 446 013a 09       		.uleb128 0x9
 447 013b 00000000 		.4byte	.LASF29
 448 013f 06       		.byte	0x6
 449 0140 49       		.byte	0x49
 450 0141 00000090 		.4byte	0x90
 451 0145 02       		.byte	0x2
 452 0146 23       		.byte	0x23
GAS LISTING C:\Users\duchu\AppData\Local\Temp\cclIm5PB.s 			page 9


 453 0147 03       		.uleb128 0x3
 454 0148 09       		.uleb128 0x9
 455 0149 00000000 		.4byte	.LASF30
 456 014d 06       		.byte	0x6
 457 014e 4A       		.byte	0x4a
 458 014f 00000090 		.4byte	0x90
 459 0153 02       		.byte	0x2
 460 0154 23       		.byte	0x23
 461 0155 04       		.uleb128 0x4
 462 0156 09       		.uleb128 0x9
 463 0157 00000000 		.4byte	.LASF31
 464 015b 06       		.byte	0x6
 465 015c 4B       		.byte	0x4b
 466 015d 00000090 		.4byte	0x90
 467 0161 02       		.byte	0x2
 468 0162 23       		.byte	0x23
 469 0163 05       		.uleb128 0x5
 470 0164 09       		.uleb128 0x9
 471 0165 00000000 		.4byte	.LASF32
 472 0169 06       		.byte	0x6
 473 016a 4C       		.byte	0x4c
 474 016b 00000090 		.4byte	0x90
 475 016f 02       		.byte	0x2
 476 0170 23       		.byte	0x23
 477 0171 06       		.uleb128 0x6
 478 0172 09       		.uleb128 0x9
 479 0173 00000000 		.4byte	.LASF33
 480 0177 06       		.byte	0x6
 481 0178 4D       		.byte	0x4d
 482 0179 00000090 		.4byte	0x90
 483 017d 02       		.byte	0x2
 484 017e 23       		.byte	0x23
 485 017f 07       		.uleb128 0x7
 486 0180 09       		.uleb128 0x9
 487 0181 00000000 		.4byte	.LASF34
 488 0185 06       		.byte	0x6
 489 0186 4E       		.byte	0x4e
 490 0187 00000090 		.4byte	0x90
 491 018b 02       		.byte	0x2
 492 018c 23       		.byte	0x23
 493 018d 08       		.uleb128 0x8
 494 018e 09       		.uleb128 0x9
 495 018f 00000000 		.4byte	.LASF35
 496 0193 06       		.byte	0x6
 497 0194 4F       		.byte	0x4f
 498 0195 00000090 		.4byte	0x90
 499 0199 02       		.byte	0x2
 500 019a 23       		.byte	0x23
 501 019b 09       		.uleb128 0x9
 502 019c 09       		.uleb128 0x9
 503 019d 00000000 		.4byte	.LASF36
 504 01a1 06       		.byte	0x6
 505 01a2 50       		.byte	0x50
 506 01a3 00000090 		.4byte	0x90
 507 01a7 02       		.byte	0x2
 508 01a8 23       		.byte	0x23
 509 01a9 0A       		.uleb128 0xa
GAS LISTING C:\Users\duchu\AppData\Local\Temp\cclIm5PB.s 			page 10


 510 01aa 09       		.uleb128 0x9
 511 01ab 00000000 		.4byte	.LASF37
 512 01af 06       		.byte	0x6
 513 01b0 52       		.byte	0x52
 514 01b1 00000090 		.4byte	0x90
 515 01b5 02       		.byte	0x2
 516 01b6 23       		.byte	0x23
 517 01b7 0B       		.uleb128 0xb
 518 01b8 09       		.uleb128 0x9
 519 01b9 00000000 		.4byte	.LASF38
 520 01bd 06       		.byte	0x6
 521 01be 53       		.byte	0x53
 522 01bf 00000090 		.4byte	0x90
 523 01c3 02       		.byte	0x2
 524 01c4 23       		.byte	0x23
 525 01c5 0C       		.uleb128 0xc
 526 01c6 09       		.uleb128 0x9
 527 01c7 00000000 		.4byte	.LASF39
 528 01cb 06       		.byte	0x6
 529 01cc 54       		.byte	0x54
 530 01cd 00000090 		.4byte	0x90
 531 01d1 02       		.byte	0x2
 532 01d2 23       		.byte	0x23
 533 01d3 0D       		.uleb128 0xd
 534 01d4 09       		.uleb128 0x9
 535 01d5 00000000 		.4byte	.LASF40
 536 01d9 06       		.byte	0x6
 537 01da 55       		.byte	0x55
 538 01db 00000090 		.4byte	0x90
 539 01df 02       		.byte	0x2
 540 01e0 23       		.byte	0x23
 541 01e1 0E       		.uleb128 0xe
 542 01e2 09       		.uleb128 0x9
 543 01e3 00000000 		.4byte	.LASF41
 544 01e7 06       		.byte	0x6
 545 01e8 57       		.byte	0x57
 546 01e9 00000090 		.4byte	0x90
 547 01ed 02       		.byte	0x2
 548 01ee 23       		.byte	0x23
 549 01ef 0F       		.uleb128 0xf
 550 01f0 09       		.uleb128 0x9
 551 01f1 00000000 		.4byte	.LASF42
 552 01f5 06       		.byte	0x6
 553 01f6 58       		.byte	0x58
 554 01f7 00000090 		.4byte	0x90
 555 01fb 02       		.byte	0x2
 556 01fc 23       		.byte	0x23
 557 01fd 10       		.uleb128 0x10
 558 01fe 09       		.uleb128 0x9
 559 01ff 00000000 		.4byte	.LASF43
 560 0203 06       		.byte	0x6
 561 0204 59       		.byte	0x59
 562 0205 00000090 		.4byte	0x90
 563 0209 02       		.byte	0x2
 564 020a 23       		.byte	0x23
 565 020b 11       		.uleb128 0x11
 566 020c 09       		.uleb128 0x9
GAS LISTING C:\Users\duchu\AppData\Local\Temp\cclIm5PB.s 			page 11


 567 020d 00000000 		.4byte	.LASF44
 568 0211 06       		.byte	0x6
 569 0212 5A       		.byte	0x5a
 570 0213 00000090 		.4byte	0x90
 571 0217 02       		.byte	0x2
 572 0218 23       		.byte	0x23
 573 0219 12       		.uleb128 0x12
 574 021a 09       		.uleb128 0x9
 575 021b 00000000 		.4byte	.LASF45
 576 021f 06       		.byte	0x6
 577 0220 5B       		.byte	0x5b
 578 0221 00000090 		.4byte	0x90
 579 0225 02       		.byte	0x2
 580 0226 23       		.byte	0x23
 581 0227 13       		.uleb128 0x13
 582 0228 09       		.uleb128 0x9
 583 0229 00000000 		.4byte	.LASF46
 584 022d 06       		.byte	0x6
 585 022e 5D       		.byte	0x5d
 586 022f 00000090 		.4byte	0x90
 587 0233 02       		.byte	0x2
 588 0234 23       		.byte	0x23
 589 0235 14       		.uleb128 0x14
 590 0236 09       		.uleb128 0x9
 591 0237 00000000 		.4byte	.LASF47
 592 023b 06       		.byte	0x6
 593 023c 5E       		.byte	0x5e
 594 023d 00000090 		.4byte	0x90
 595 0241 02       		.byte	0x2
 596 0242 23       		.byte	0x23
 597 0243 15       		.uleb128 0x15
 598 0244 09       		.uleb128 0x9
 599 0245 00000000 		.4byte	.LASF48
 600 0249 06       		.byte	0x6
 601 024a 5F       		.byte	0x5f
 602 024b 00000090 		.4byte	0x90
 603 024f 02       		.byte	0x2
 604 0250 23       		.byte	0x23
 605 0251 16       		.uleb128 0x16
 606 0252 09       		.uleb128 0x9
 607 0253 00000000 		.4byte	.LASF49
 608 0257 06       		.byte	0x6
 609 0258 60       		.byte	0x60
 610 0259 00000090 		.4byte	0x90
 611 025d 02       		.byte	0x2
 612 025e 23       		.byte	0x23
 613 025f 17       		.uleb128 0x17
 614 0260 09       		.uleb128 0x9
 615 0261 00000000 		.4byte	.LASF50
 616 0265 06       		.byte	0x6
 617 0266 62       		.byte	0x62
 618 0267 00000090 		.4byte	0x90
 619 026b 02       		.byte	0x2
 620 026c 23       		.byte	0x23
 621 026d 18       		.uleb128 0x18
 622 026e 09       		.uleb128 0x9
 623 026f 00000000 		.4byte	.LASF51
GAS LISTING C:\Users\duchu\AppData\Local\Temp\cclIm5PB.s 			page 12


 624 0273 06       		.byte	0x6
 625 0274 63       		.byte	0x63
 626 0275 00000090 		.4byte	0x90
 627 0279 02       		.byte	0x2
 628 027a 23       		.byte	0x23
 629 027b 19       		.uleb128 0x19
 630 027c 09       		.uleb128 0x9
 631 027d 00000000 		.4byte	.LASF52
 632 0281 06       		.byte	0x6
 633 0282 64       		.byte	0x64
 634 0283 00000090 		.4byte	0x90
 635 0287 02       		.byte	0x2
 636 0288 23       		.byte	0x23
 637 0289 1A       		.uleb128 0x1a
 638 028a 09       		.uleb128 0x9
 639 028b 00000000 		.4byte	.LASF53
 640 028f 06       		.byte	0x6
 641 0290 65       		.byte	0x65
 642 0291 00000090 		.4byte	0x90
 643 0295 02       		.byte	0x2
 644 0296 23       		.byte	0x23
 645 0297 1B       		.uleb128 0x1b
 646 0298 09       		.uleb128 0x9
 647 0299 00000000 		.4byte	.LASF54
 648 029d 06       		.byte	0x6
 649 029e 66       		.byte	0x66
 650 029f 00000090 		.4byte	0x90
 651 02a3 02       		.byte	0x2
 652 02a4 23       		.byte	0x23
 653 02a5 1C       		.uleb128 0x1c
 654 02a6 00       		.byte	0
 655 02a7 03       		.uleb128 0x3
 656 02a8 00000000 		.4byte	.LASF55
 657 02ac 06       		.byte	0x6
 658 02ad 68       		.byte	0x68
 659 02ae 00000104 		.4byte	0x104
 660 02b2 0A       		.uleb128 0xa
 661 02b3 04       		.byte	0x4
 662 02b4 00000090 		.4byte	0x90
 663 02b8 0B       		.uleb128 0xb
 664 02b9 00000000 		.4byte	.LASF56
 665 02bd 02       		.byte	0x2
 666 02be 4D       		.byte	0x4d
 667 02bf 01       		.byte	0x1
 668 02c0 03       		.byte	0x3
 669 02c1 0B       		.uleb128 0xb
 670 02c2 00000000 		.4byte	.LASF57
 671 02c6 02       		.byte	0x2
 672 02c7 42       		.byte	0x42
 673 02c8 01       		.byte	0x1
 674 02c9 03       		.byte	0x3
 675 02ca 0C       		.uleb128 0xc
 676 02cb 01       		.byte	0x1
 677 02cc 00000000 		.4byte	.LASF60
 678 02d0 01       		.byte	0x1
 679 02d1 53       		.byte	0x53
 680 02d2 01       		.byte	0x1
GAS LISTING C:\Users\duchu\AppData\Local\Temp\cclIm5PB.s 			page 13


 681 02d3 00000000 		.4byte	.LFB4
 682 02d7 00000000 		.4byte	.LFE4
 683 02db 00000000 		.4byte	.LLST0
 684 02df 01       		.byte	0x1
 685 02e0 00000378 		.4byte	0x378
 686 02e4 0D       		.uleb128 0xd
 687 02e5 000002B8 		.4byte	0x2b8
 688 02e9 00000000 		.4byte	.LBB6
 689 02ed 00000000 		.4byte	.LBE6
 690 02f1 01       		.byte	0x1
 691 02f2 58       		.byte	0x58
 692 02f3 0D       		.uleb128 0xd
 693 02f4 000002C1 		.4byte	0x2c1
 694 02f8 00000000 		.4byte	.LBB8
 695 02fc 00000000 		.4byte	.LBE8
 696 0300 01       		.byte	0x1
 697 0301 84       		.byte	0x84
 698 0302 0E       		.uleb128 0xe
 699 0303 00000000 		.4byte	.LVL0
 700 0307 00000533 		.4byte	0x533
 701 030b 0E       		.uleb128 0xe
 702 030c 00000000 		.4byte	.LVL1
 703 0310 0000053D 		.4byte	0x53d
 704 0314 0E       		.uleb128 0xe
 705 0315 00000000 		.4byte	.LVL2
 706 0319 00000547 		.4byte	0x547
 707 031d 0E       		.uleb128 0xe
 708 031e 00000000 		.4byte	.LVL3
 709 0322 00000551 		.4byte	0x551
 710 0326 0E       		.uleb128 0xe
 711 0327 00000000 		.4byte	.LVL4
 712 032b 0000055B 		.4byte	0x55b
 713 032f 0E       		.uleb128 0xe
 714 0330 00000000 		.4byte	.LVL5
 715 0334 00000565 		.4byte	0x565
 716 0338 0E       		.uleb128 0xe
 717 0339 00000000 		.4byte	.LVL6
 718 033d 0000056F 		.4byte	0x56f
 719 0341 0E       		.uleb128 0xe
 720 0342 00000000 		.4byte	.LVL7
 721 0346 00000579 		.4byte	0x579
 722 034a 0E       		.uleb128 0xe
 723 034b 00000000 		.4byte	.LVL8
 724 034f 00000583 		.4byte	0x583
 725 0353 0E       		.uleb128 0xe
 726 0354 00000000 		.4byte	.LVL9
 727 0358 0000058D 		.4byte	0x58d
 728 035c 0E       		.uleb128 0xe
 729 035d 00000000 		.4byte	.LVL10
 730 0361 00000597 		.4byte	0x597
 731 0365 0E       		.uleb128 0xe
 732 0366 00000000 		.4byte	.LVL11
 733 036a 000005A1 		.4byte	0x5a1
 734 036e 0E       		.uleb128 0xe
 735 036f 00000000 		.4byte	.LVL12
 736 0373 000005AB 		.4byte	0x5ab
 737 0377 00       		.byte	0
GAS LISTING C:\Users\duchu\AppData\Local\Temp\cclIm5PB.s 			page 14


 738 0378 0B       		.uleb128 0xb
 739 0379 00000000 		.4byte	.LASF58
 740 037d 01       		.byte	0x1
 741 037e BF       		.byte	0xbf
 742 037f 01       		.byte	0x1
 743 0380 01       		.byte	0x1
 744 0381 0B       		.uleb128 0xb
 745 0382 00000000 		.4byte	.LASF59
 746 0386 01       		.byte	0x1
 747 0387 D5       		.byte	0xd5
 748 0388 01       		.byte	0x1
 749 0389 01       		.byte	0x1
 750 038a 0F       		.uleb128 0xf
 751 038b 00000000 		.4byte	.LASF100
 752 038f 01       		.byte	0x1
 753 0390 EB       		.byte	0xeb
 754 0391 01       		.byte	0x1
 755 0392 01       		.byte	0x1
 756 0393 000003A3 		.4byte	0x3a3
 757 0397 10       		.uleb128 0x10
 758 0398 00000000 		.4byte	.LASF101
 759 039c 01       		.byte	0x1
 760 039d ED       		.byte	0xed
 761 039e 000002A7 		.4byte	0x2a7
 762 03a2 00       		.byte	0
 763 03a3 0C       		.uleb128 0xc
 764 03a4 01       		.byte	0x1
 765 03a5 00000000 		.4byte	.LASF61
 766 03a9 01       		.byte	0x1
 767 03aa 92       		.byte	0x92
 768 03ab 01       		.byte	0x1
 769 03ac 00000000 		.4byte	.LFB5
 770 03b0 00000000 		.4byte	.LFE5
 771 03b4 00000000 		.4byte	.LLST1
 772 03b8 01       		.byte	0x1
 773 03b9 000004B9 		.4byte	0x4b9
 774 03bd 11       		.uleb128 0x11
 775 03be 00000378 		.4byte	0x378
 776 03c2 00000000 		.4byte	.LBB16
 777 03c6 00000000 		.4byte	.LBE16
 778 03ca 01       		.byte	0x1
 779 03cb 98       		.byte	0x98
 780 03cc 000003EC 		.4byte	0x3ec
 781 03d0 0E       		.uleb128 0xe
 782 03d1 00000000 		.4byte	.LVL13
 783 03d5 000005B5 		.4byte	0x5b5
 784 03d9 0E       		.uleb128 0xe
 785 03da 00000000 		.4byte	.LVL14
 786 03de 000005BF 		.4byte	0x5bf
 787 03e2 0E       		.uleb128 0xe
 788 03e3 00000000 		.4byte	.LVL15
 789 03e7 000005C9 		.4byte	0x5c9
 790 03eb 00       		.byte	0
 791 03ec 11       		.uleb128 0x11
 792 03ed 00000381 		.4byte	0x381
 793 03f1 00000000 		.4byte	.LBB18
 794 03f5 00000000 		.4byte	.LBE18
GAS LISTING C:\Users\duchu\AppData\Local\Temp\cclIm5PB.s 			page 15


 795 03f9 01       		.byte	0x1
 796 03fa A2       		.byte	0xa2
 797 03fb 0000042D 		.4byte	0x42d
 798 03ff 0E       		.uleb128 0xe
 799 0400 00000000 		.4byte	.LVL16
 800 0404 000005D3 		.4byte	0x5d3
 801 0408 0E       		.uleb128 0xe
 802 0409 00000000 		.4byte	.LVL17
 803 040d 000005DD 		.4byte	0x5dd
 804 0411 0E       		.uleb128 0xe
 805 0412 00000000 		.4byte	.LVL18
 806 0416 000005E7 		.4byte	0x5e7
 807 041a 0E       		.uleb128 0xe
 808 041b 00000000 		.4byte	.LVL19
 809 041f 000005F1 		.4byte	0x5f1
 810 0423 0E       		.uleb128 0xe
 811 0424 00000000 		.4byte	.LVL20
 812 0428 000005FB 		.4byte	0x5fb
 813 042c 00       		.byte	0
 814 042d 12       		.uleb128 0x12
 815 042e 0000038A 		.4byte	0x38a
 816 0432 00000000 		.4byte	.LBB20
 817 0436 00000000 		.4byte	.LBE20
 818 043a 01       		.byte	0x1
 819 043b AD       		.byte	0xad
 820 043c 13       		.uleb128 0x13
 821 043d 00000000 		.4byte	.LBB21
 822 0441 00000000 		.4byte	.LBE21
 823 0445 14       		.uleb128 0x14
 824 0446 00000397 		.4byte	0x397
 825 044a 05       		.byte	0x5
 826 044b 03       		.byte	0x3
 827 044c 00000000 		.4byte	dtcBuffer.11117
 828 0450 0E       		.uleb128 0xe
 829 0451 00000000 		.4byte	.LVL21
 830 0455 00000613 		.4byte	0x613
 831 0459 0E       		.uleb128 0xe
 832 045a 00000000 		.4byte	.LVL22
 833 045e 0000061D 		.4byte	0x61d
 834 0462 0E       		.uleb128 0xe
 835 0463 00000000 		.4byte	.LVL23
 836 0467 00000627 		.4byte	0x627
 837 046b 0E       		.uleb128 0xe
 838 046c 00000000 		.4byte	.LVL24
 839 0470 00000631 		.4byte	0x631
 840 0474 15       		.uleb128 0x15
 841 0475 00000000 		.4byte	.LVL25
 842 0479 0000063F 		.4byte	0x63f
 843 047d 0000048D 		.4byte	0x48d
 844 0481 16       		.uleb128 0x16
 845 0482 01       		.byte	0x1
 846 0483 55       		.byte	0x55
 847 0484 01       		.byte	0x1
 848 0485 4D       		.byte	0x4d
 849 0486 16       		.uleb128 0x16
 850 0487 01       		.byte	0x1
 851 0488 53       		.byte	0x53
GAS LISTING C:\Users\duchu\AppData\Local\Temp\cclIm5PB.s 			page 16


 852 0489 02       		.byte	0x2
 853 048a 8F       		.byte	0x8f
 854 048b 00       		.sleb128 0
 855 048c 00       		.byte	0
 856 048d 15       		.uleb128 0x15
 857 048e 00000000 		.4byte	.LVL26
 858 0492 00000664 		.4byte	0x664
 859 0496 000004A1 		.4byte	0x4a1
 860 049a 16       		.uleb128 0x16
 861 049b 01       		.byte	0x1
 862 049c 53       		.byte	0x53
 863 049d 02       		.byte	0x2
 864 049e 8F       		.byte	0x8f
 865 049f 00       		.sleb128 0
 866 04a0 00       		.byte	0
 867 04a1 17       		.uleb128 0x17
 868 04a2 00000000 		.4byte	.LVL27
 869 04a6 0000067E 		.4byte	0x67e
 870 04aa 16       		.uleb128 0x16
 871 04ab 01       		.byte	0x1
 872 04ac 54       		.byte	0x54
 873 04ad 01       		.byte	0x1
 874 04ae 4D       		.byte	0x4d
 875 04af 16       		.uleb128 0x16
 876 04b0 01       		.byte	0x1
 877 04b1 53       		.byte	0x53
 878 04b2 02       		.byte	0x2
 879 04b3 8F       		.byte	0x8f
 880 04b4 00       		.sleb128 0
 881 04b5 00       		.byte	0
 882 04b6 00       		.byte	0
 883 04b7 00       		.byte	0
 884 04b8 00       		.byte	0
 885 04b9 18       		.uleb128 0x18
 886 04ba 00000000 		.4byte	.LASF62
 887 04be 07       		.byte	0x7
 888 04bf 4C       		.byte	0x4c
 889 04c0 00000090 		.4byte	0x90
 890 04c4 01       		.byte	0x1
 891 04c5 01       		.byte	0x1
 892 04c6 18       		.uleb128 0x18
 893 04c7 00000000 		.4byte	.LASF63
 894 04cb 07       		.byte	0x7
 895 04cc 4D       		.byte	0x4d
 896 04cd 00000090 		.4byte	0x90
 897 04d1 01       		.byte	0x1
 898 04d2 01       		.byte	0x1
 899 04d3 18       		.uleb128 0x18
 900 04d4 00000000 		.4byte	.LASF64
 901 04d8 05       		.byte	0x5
 902 04d9 47       		.byte	0x47
 903 04da 000000F9 		.4byte	0xf9
 904 04de 01       		.byte	0x1
 905 04df 01       		.byte	0x1
 906 04e0 18       		.uleb128 0x18
 907 04e1 00000000 		.4byte	.LASF65
 908 04e5 08       		.byte	0x8
GAS LISTING C:\Users\duchu\AppData\Local\Temp\cclIm5PB.s 			page 17


 909 04e6 3D       		.byte	0x3d
 910 04e7 00000090 		.4byte	0x90
 911 04eb 01       		.byte	0x1
 912 04ec 01       		.byte	0x1
 913 04ed 18       		.uleb128 0x18
 914 04ee 00000000 		.4byte	.LASF66
 915 04f2 08       		.byte	0x8
 916 04f3 3E       		.byte	0x3e
 917 04f4 00000090 		.4byte	0x90
 918 04f8 01       		.byte	0x1
 919 04f9 01       		.byte	0x1
 920 04fa 18       		.uleb128 0x18
 921 04fb 00000000 		.4byte	.LASF67
 922 04ff 09       		.byte	0x9
 923 0500 A5       		.byte	0xa5
 924 0501 00000090 		.4byte	0x90
 925 0505 01       		.byte	0x1
 926 0506 01       		.byte	0x1
 927 0507 18       		.uleb128 0x18
 928 0508 00000000 		.4byte	.LASF68
 929 050c 09       		.byte	0x9
 930 050d A6       		.byte	0xa6
 931 050e 00000090 		.4byte	0x90
 932 0512 01       		.byte	0x1
 933 0513 01       		.byte	0x1
 934 0514 18       		.uleb128 0x18
 935 0515 00000000 		.4byte	.LASF69
 936 0519 09       		.byte	0x9
 937 051a A8       		.byte	0xa8
 938 051b 00000090 		.4byte	0x90
 939 051f 01       		.byte	0x1
 940 0520 01       		.byte	0x1
 941 0521 19       		.uleb128 0x19
 942 0522 00000000 		.4byte	.LASF70
 943 0526 01       		.byte	0x1
 944 0527 40       		.byte	0x40
 945 0528 0000009B 		.4byte	0x9b
 946 052c 01       		.byte	0x1
 947 052d 05       		.byte	0x5
 948 052e 03       		.byte	0x3
 949 052f 00000000 		.4byte	u16g_Rte_pwmShift
 950 0533 1A       		.uleb128 0x1a
 951 0534 01       		.byte	0x1
 952 0535 00000000 		.4byte	.LASF71
 953 0539 0A       		.byte	0xa
 954 053a 32       		.byte	0x32
 955 053b 01       		.byte	0x1
 956 053c 01       		.byte	0x1
 957 053d 1A       		.uleb128 0x1a
 958 053e 01       		.byte	0x1
 959 053f 00000000 		.4byte	.LASF72
 960 0543 0B       		.byte	0xb
 961 0544 40       		.byte	0x40
 962 0545 01       		.byte	0x1
 963 0546 01       		.byte	0x1
 964 0547 1A       		.uleb128 0x1a
 965 0548 01       		.byte	0x1
GAS LISTING C:\Users\duchu\AppData\Local\Temp\cclIm5PB.s 			page 18


 966 0549 00000000 		.4byte	.LASF73
 967 054d 0C       		.byte	0xc
 968 054e 43       		.byte	0x43
 969 054f 01       		.byte	0x1
 970 0550 01       		.byte	0x1
 971 0551 1A       		.uleb128 0x1a
 972 0552 01       		.byte	0x1
 973 0553 00000000 		.4byte	.LASF74
 974 0557 0C       		.byte	0xc
 975 0558 44       		.byte	0x44
 976 0559 01       		.byte	0x1
 977 055a 01       		.byte	0x1
 978 055b 1A       		.uleb128 0x1a
 979 055c 01       		.byte	0x1
 980 055d 00000000 		.4byte	.LASF75
 981 0561 0D       		.byte	0xd
 982 0562 40       		.byte	0x40
 983 0563 01       		.byte	0x1
 984 0564 01       		.byte	0x1
 985 0565 1A       		.uleb128 0x1a
 986 0566 01       		.byte	0x1
 987 0567 00000000 		.4byte	.LASF76
 988 056b 0E       		.byte	0xe
 989 056c 4E       		.byte	0x4e
 990 056d 01       		.byte	0x1
 991 056e 01       		.byte	0x1
 992 056f 1A       		.uleb128 0x1a
 993 0570 01       		.byte	0x1
 994 0571 00000000 		.4byte	.LASF77
 995 0575 0F       		.byte	0xf
 996 0576 4C       		.byte	0x4c
 997 0577 01       		.byte	0x1
 998 0578 01       		.byte	0x1
 999 0579 1A       		.uleb128 0x1a
 1000 057a 01       		.byte	0x1
 1001 057b 00000000 		.4byte	.LASF78
 1002 057f 09       		.byte	0x9
 1003 0580 B1       		.byte	0xb1
 1004 0581 01       		.byte	0x1
 1005 0582 01       		.byte	0x1
 1006 0583 1A       		.uleb128 0x1a
 1007 0584 01       		.byte	0x1
 1008 0585 00000000 		.4byte	.LASF79
 1009 0589 10       		.byte	0x10
 1010 058a 4E       		.byte	0x4e
 1011 058b 01       		.byte	0x1
 1012 058c 01       		.byte	0x1
 1013 058d 1A       		.uleb128 0x1a
 1014 058e 01       		.byte	0x1
 1015 058f 00000000 		.4byte	.LASF80
 1016 0593 0C       		.byte	0xc
 1017 0594 47       		.byte	0x47
 1018 0595 01       		.byte	0x1
 1019 0596 01       		.byte	0x1
 1020 0597 1A       		.uleb128 0x1a
 1021 0598 01       		.byte	0x1
 1022 0599 00000000 		.4byte	.LASF81
GAS LISTING C:\Users\duchu\AppData\Local\Temp\cclIm5PB.s 			page 19


 1023 059d 11       		.byte	0x11
 1024 059e A6       		.byte	0xa6
 1025 059f 01       		.byte	0x1
 1026 05a0 01       		.byte	0x1
 1027 05a1 1A       		.uleb128 0x1a
 1028 05a2 01       		.byte	0x1
 1029 05a3 00000000 		.4byte	.LASF82
 1030 05a7 12       		.byte	0x12
 1031 05a8 42       		.byte	0x42
 1032 05a9 01       		.byte	0x1
 1033 05aa 01       		.byte	0x1
 1034 05ab 1A       		.uleb128 0x1a
 1035 05ac 01       		.byte	0x1
 1036 05ad 00000000 		.4byte	.LASF83
 1037 05b1 12       		.byte	0x12
 1038 05b2 43       		.byte	0x43
 1039 05b3 01       		.byte	0x1
 1040 05b4 01       		.byte	0x1
 1041 05b5 1A       		.uleb128 0x1a
 1042 05b6 01       		.byte	0x1
 1043 05b7 00000000 		.4byte	.LASF84
 1044 05bb 09       		.byte	0x9
 1045 05bc B2       		.byte	0xb2
 1046 05bd 01       		.byte	0x1
 1047 05be 01       		.byte	0x1
 1048 05bf 1A       		.uleb128 0x1a
 1049 05c0 01       		.byte	0x1
 1050 05c1 00000000 		.4byte	.LASF85
 1051 05c5 10       		.byte	0x10
 1052 05c6 4F       		.byte	0x4f
 1053 05c7 01       		.byte	0x1
 1054 05c8 01       		.byte	0x1
 1055 05c9 1A       		.uleb128 0x1a
 1056 05ca 01       		.byte	0x1
 1057 05cb 00000000 		.4byte	.LASF86
 1058 05cf 0F       		.byte	0xf
 1059 05d0 4E       		.byte	0x4e
 1060 05d1 01       		.byte	0x1
 1061 05d2 01       		.byte	0x1
 1062 05d3 1A       		.uleb128 0x1a
 1063 05d4 01       		.byte	0x1
 1064 05d5 00000000 		.4byte	.LASF87
 1065 05d9 0C       		.byte	0xc
 1066 05da 48       		.byte	0x48
 1067 05db 01       		.byte	0x1
 1068 05dc 01       		.byte	0x1
 1069 05dd 1A       		.uleb128 0x1a
 1070 05de 01       		.byte	0x1
 1071 05df 00000000 		.4byte	.LASF88
 1072 05e3 0E       		.byte	0xe
 1073 05e4 4F       		.byte	0x4f
 1074 05e5 01       		.byte	0x1
 1075 05e6 01       		.byte	0x1
 1076 05e7 1A       		.uleb128 0x1a
 1077 05e8 01       		.byte	0x1
 1078 05e9 00000000 		.4byte	.LASF89
 1079 05ed 11       		.byte	0x11
GAS LISTING C:\Users\duchu\AppData\Local\Temp\cclIm5PB.s 			page 20


 1080 05ee A5       		.byte	0xa5
 1081 05ef 01       		.byte	0x1
 1082 05f0 01       		.byte	0x1
 1083 05f1 1A       		.uleb128 0x1a
 1084 05f2 01       		.byte	0x1
 1085 05f3 00000000 		.4byte	.LASF90
 1086 05f7 05       		.byte	0x5
 1087 05f8 4F       		.byte	0x4f
 1088 05f9 01       		.byte	0x1
 1089 05fa 01       		.byte	0x1
 1090 05fb 1B       		.uleb128 0x1b
 1091 05fc 01       		.byte	0x1
 1092 05fd 00000000 		.4byte	.LASF102
 1093 0601 07       		.byte	0x7
 1094 0602 6A       		.byte	0x6a
 1095 0603 01       		.byte	0x1
 1096 0604 0000009B 		.4byte	0x9b
 1097 0608 01       		.byte	0x1
 1098 0609 00000613 		.4byte	0x613
 1099 060d 1C       		.uleb128 0x1c
 1100 060e 0000009B 		.4byte	0x9b
 1101 0612 00       		.byte	0
 1102 0613 1A       		.uleb128 0x1a
 1103 0614 01       		.byte	0x1
 1104 0615 00000000 		.4byte	.LASF91
 1105 0619 0C       		.byte	0xc
 1106 061a 45       		.byte	0x45
 1107 061b 01       		.byte	0x1
 1108 061c 01       		.byte	0x1
 1109 061d 1A       		.uleb128 0x1a
 1110 061e 01       		.byte	0x1
 1111 061f 00000000 		.4byte	.LASF92
 1112 0623 0C       		.byte	0xc
 1113 0624 46       		.byte	0x46
 1114 0625 01       		.byte	0x1
 1115 0626 01       		.byte	0x1
 1116 0627 1A       		.uleb128 0x1a
 1117 0628 01       		.byte	0x1
 1118 0629 00000000 		.4byte	.LASF93
 1119 062d 07       		.byte	0x7
 1120 062e 66       		.byte	0x66
 1121 062f 01       		.byte	0x1
 1122 0630 01       		.byte	0x1
 1123 0631 1D       		.uleb128 0x1d
 1124 0632 01       		.byte	0x1
 1125 0633 00000000 		.4byte	.LASF103
 1126 0637 12       		.byte	0x12
 1127 0638 48       		.byte	0x48
 1128 0639 01       		.byte	0x1
 1129 063a 000002B2 		.4byte	0x2b2
 1130 063e 01       		.byte	0x1
 1131 063f 1E       		.uleb128 0x1e
 1132 0640 01       		.byte	0x1
 1133 0641 00000000 		.4byte	.LASF94
 1134 0645 12       		.byte	0x12
 1135 0646 4B       		.byte	0x4b
 1136 0647 01       		.byte	0x1
GAS LISTING C:\Users\duchu\AppData\Local\Temp\cclIm5PB.s 			page 21


 1137 0648 01       		.byte	0x1
 1138 0649 0000065D 		.4byte	0x65d
 1139 064d 1C       		.uleb128 0x1c
 1140 064e 000000B8 		.4byte	0xb8
 1141 0652 1C       		.uleb128 0x1c
 1142 0653 0000065D 		.4byte	0x65d
 1143 0657 1C       		.uleb128 0x1c
 1144 0658 000000A6 		.4byte	0xa6
 1145 065c 00       		.byte	0
 1146 065d 0A       		.uleb128 0xa
 1147 065e 04       		.byte	0x4
 1148 065f 00000663 		.4byte	0x663
 1149 0663 1F       		.uleb128 0x1f
 1150 0664 1E       		.uleb128 0x1e
 1151 0665 01       		.byte	0x1
 1152 0666 00000000 		.4byte	.LASF95
 1153 066a 06       		.byte	0x6
 1154 066b 9B       		.byte	0x9b
 1155 066c 01       		.byte	0x1
 1156 066d 01       		.byte	0x1
 1157 066e 00000678 		.4byte	0x678
 1158 0672 1C       		.uleb128 0x1c
 1159 0673 00000678 		.4byte	0x678
 1160 0677 00       		.byte	0
 1161 0678 0A       		.uleb128 0xa
 1162 0679 04       		.byte	0x4
 1163 067a 000002A7 		.4byte	0x2a7
 1164 067e 20       		.uleb128 0x20
 1165 067f 01       		.byte	0x1
 1166 0680 00000000 		.4byte	.LASF104
 1167 0684 12       		.byte	0x12
 1168 0685 4A       		.byte	0x4a
 1169 0686 01       		.byte	0x1
 1170 0687 01       		.byte	0x1
 1171 0688 1C       		.uleb128 0x1c
 1172 0689 00000678 		.4byte	0x678
 1173 068d 1C       		.uleb128 0x1c
 1174 068e 000000A6 		.4byte	0xa6
 1175 0692 1C       		.uleb128 0x1c
 1176 0693 00000090 		.4byte	0x90
 1177 0697 00       		.byte	0
 1178 0698 00       		.byte	0
 1179              		.section	.debug_abbrev,"",@progbits
 1180              	.Ldebug_abbrev0:
 1181 0000 01       		.uleb128 0x1
 1182 0001 11       		.uleb128 0x11
 1183 0002 01       		.byte	0x1
 1184 0003 25       		.uleb128 0x25
 1185 0004 0E       		.uleb128 0xe
 1186 0005 13       		.uleb128 0x13
 1187 0006 0B       		.uleb128 0xb
 1188 0007 03       		.uleb128 0x3
 1189 0008 0E       		.uleb128 0xe
 1190 0009 1B       		.uleb128 0x1b
 1191 000a 0E       		.uleb128 0xe
 1192 000b 55       		.uleb128 0x55
 1193 000c 06       		.uleb128 0x6
GAS LISTING C:\Users\duchu\AppData\Local\Temp\cclIm5PB.s 			page 22


 1194 000d 11       		.uleb128 0x11
 1195 000e 01       		.uleb128 0x1
 1196 000f 52       		.uleb128 0x52
 1197 0010 01       		.uleb128 0x1
 1198 0011 10       		.uleb128 0x10
 1199 0012 06       		.uleb128 0x6
 1200 0013 00       		.byte	0
 1201 0014 00       		.byte	0
 1202 0015 02       		.uleb128 0x2
 1203 0016 24       		.uleb128 0x24
 1204 0017 00       		.byte	0
 1205 0018 0B       		.uleb128 0xb
 1206 0019 0B       		.uleb128 0xb
 1207 001a 3E       		.uleb128 0x3e
 1208 001b 0B       		.uleb128 0xb
 1209 001c 03       		.uleb128 0x3
 1210 001d 0E       		.uleb128 0xe
 1211 001e 00       		.byte	0
 1212 001f 00       		.byte	0
 1213 0020 03       		.uleb128 0x3
 1214 0021 16       		.uleb128 0x16
 1215 0022 00       		.byte	0
 1216 0023 03       		.uleb128 0x3
 1217 0024 0E       		.uleb128 0xe
 1218 0025 3A       		.uleb128 0x3a
 1219 0026 0B       		.uleb128 0xb
 1220 0027 3B       		.uleb128 0x3b
 1221 0028 0B       		.uleb128 0xb
 1222 0029 49       		.uleb128 0x49
 1223 002a 13       		.uleb128 0x13
 1224 002b 00       		.byte	0
 1225 002c 00       		.byte	0
 1226 002d 04       		.uleb128 0x4
 1227 002e 24       		.uleb128 0x24
 1228 002f 00       		.byte	0
 1229 0030 0B       		.uleb128 0xb
 1230 0031 0B       		.uleb128 0xb
 1231 0032 3E       		.uleb128 0x3e
 1232 0033 0B       		.uleb128 0xb
 1233 0034 03       		.uleb128 0x3
 1234 0035 08       		.uleb128 0x8
 1235 0036 00       		.byte	0
 1236 0037 00       		.byte	0
 1237 0038 05       		.uleb128 0x5
 1238 0039 0F       		.uleb128 0xf
 1239 003a 00       		.byte	0
 1240 003b 0B       		.uleb128 0xb
 1241 003c 0B       		.uleb128 0xb
 1242 003d 00       		.byte	0
 1243 003e 00       		.byte	0
 1244 003f 06       		.uleb128 0x6
 1245 0040 04       		.uleb128 0x4
 1246 0041 01       		.byte	0x1
 1247 0042 0B       		.uleb128 0xb
 1248 0043 0B       		.uleb128 0xb
 1249 0044 3A       		.uleb128 0x3a
 1250 0045 0B       		.uleb128 0xb
GAS LISTING C:\Users\duchu\AppData\Local\Temp\cclIm5PB.s 			page 23


 1251 0046 3B       		.uleb128 0x3b
 1252 0047 0B       		.uleb128 0xb
 1253 0048 01       		.uleb128 0x1
 1254 0049 13       		.uleb128 0x13
 1255 004a 00       		.byte	0
 1256 004b 00       		.byte	0
 1257 004c 07       		.uleb128 0x7
 1258 004d 28       		.uleb128 0x28
 1259 004e 00       		.byte	0
 1260 004f 03       		.uleb128 0x3
 1261 0050 0E       		.uleb128 0xe
 1262 0051 1C       		.uleb128 0x1c
 1263 0052 0D       		.uleb128 0xd
 1264 0053 00       		.byte	0
 1265 0054 00       		.byte	0
 1266 0055 08       		.uleb128 0x8
 1267 0056 13       		.uleb128 0x13
 1268 0057 01       		.byte	0x1
 1269 0058 03       		.uleb128 0x3
 1270 0059 0E       		.uleb128 0xe
 1271 005a 0B       		.uleb128 0xb
 1272 005b 0B       		.uleb128 0xb
 1273 005c 3A       		.uleb128 0x3a
 1274 005d 0B       		.uleb128 0xb
 1275 005e 3B       		.uleb128 0x3b
 1276 005f 0B       		.uleb128 0xb
 1277 0060 01       		.uleb128 0x1
 1278 0061 13       		.uleb128 0x13
 1279 0062 00       		.byte	0
 1280 0063 00       		.byte	0
 1281 0064 09       		.uleb128 0x9
 1282 0065 0D       		.uleb128 0xd
 1283 0066 00       		.byte	0
 1284 0067 03       		.uleb128 0x3
 1285 0068 0E       		.uleb128 0xe
 1286 0069 3A       		.uleb128 0x3a
 1287 006a 0B       		.uleb128 0xb
 1288 006b 3B       		.uleb128 0x3b
 1289 006c 0B       		.uleb128 0xb
 1290 006d 49       		.uleb128 0x49
 1291 006e 13       		.uleb128 0x13
 1292 006f 38       		.uleb128 0x38
 1293 0070 0A       		.uleb128 0xa
 1294 0071 00       		.byte	0
 1295 0072 00       		.byte	0
 1296 0073 0A       		.uleb128 0xa
 1297 0074 0F       		.uleb128 0xf
 1298 0075 00       		.byte	0
 1299 0076 0B       		.uleb128 0xb
 1300 0077 0B       		.uleb128 0xb
 1301 0078 49       		.uleb128 0x49
 1302 0079 13       		.uleb128 0x13
 1303 007a 00       		.byte	0
 1304 007b 00       		.byte	0
 1305 007c 0B       		.uleb128 0xb
 1306 007d 2E       		.uleb128 0x2e
 1307 007e 00       		.byte	0
GAS LISTING C:\Users\duchu\AppData\Local\Temp\cclIm5PB.s 			page 24


 1308 007f 03       		.uleb128 0x3
 1309 0080 0E       		.uleb128 0xe
 1310 0081 3A       		.uleb128 0x3a
 1311 0082 0B       		.uleb128 0xb
 1312 0083 3B       		.uleb128 0x3b
 1313 0084 0B       		.uleb128 0xb
 1314 0085 27       		.uleb128 0x27
 1315 0086 0C       		.uleb128 0xc
 1316 0087 20       		.uleb128 0x20
 1317 0088 0B       		.uleb128 0xb
 1318 0089 00       		.byte	0
 1319 008a 00       		.byte	0
 1320 008b 0C       		.uleb128 0xc
 1321 008c 2E       		.uleb128 0x2e
 1322 008d 01       		.byte	0x1
 1323 008e 3F       		.uleb128 0x3f
 1324 008f 0C       		.uleb128 0xc
 1325 0090 03       		.uleb128 0x3
 1326 0091 0E       		.uleb128 0xe
 1327 0092 3A       		.uleb128 0x3a
 1328 0093 0B       		.uleb128 0xb
 1329 0094 3B       		.uleb128 0x3b
 1330 0095 0B       		.uleb128 0xb
 1331 0096 27       		.uleb128 0x27
 1332 0097 0C       		.uleb128 0xc
 1333 0098 11       		.uleb128 0x11
 1334 0099 01       		.uleb128 0x1
 1335 009a 12       		.uleb128 0x12
 1336 009b 01       		.uleb128 0x1
 1337 009c 40       		.uleb128 0x40
 1338 009d 06       		.uleb128 0x6
 1339 009e 9742     		.uleb128 0x2117
 1340 00a0 0C       		.uleb128 0xc
 1341 00a1 01       		.uleb128 0x1
 1342 00a2 13       		.uleb128 0x13
 1343 00a3 00       		.byte	0
 1344 00a4 00       		.byte	0
 1345 00a5 0D       		.uleb128 0xd
 1346 00a6 1D       		.uleb128 0x1d
 1347 00a7 00       		.byte	0
 1348 00a8 31       		.uleb128 0x31
 1349 00a9 13       		.uleb128 0x13
 1350 00aa 11       		.uleb128 0x11
 1351 00ab 01       		.uleb128 0x1
 1352 00ac 12       		.uleb128 0x12
 1353 00ad 01       		.uleb128 0x1
 1354 00ae 58       		.uleb128 0x58
 1355 00af 0B       		.uleb128 0xb
 1356 00b0 59       		.uleb128 0x59
 1357 00b1 0B       		.uleb128 0xb
 1358 00b2 00       		.byte	0
 1359 00b3 00       		.byte	0
 1360 00b4 0E       		.uleb128 0xe
 1361 00b5 898201   		.uleb128 0x4109
 1362 00b8 00       		.byte	0
 1363 00b9 11       		.uleb128 0x11
 1364 00ba 01       		.uleb128 0x1
GAS LISTING C:\Users\duchu\AppData\Local\Temp\cclIm5PB.s 			page 25


 1365 00bb 31       		.uleb128 0x31
 1366 00bc 13       		.uleb128 0x13
 1367 00bd 00       		.byte	0
 1368 00be 00       		.byte	0
 1369 00bf 0F       		.uleb128 0xf
 1370 00c0 2E       		.uleb128 0x2e
 1371 00c1 01       		.byte	0x1
 1372 00c2 03       		.uleb128 0x3
 1373 00c3 0E       		.uleb128 0xe
 1374 00c4 3A       		.uleb128 0x3a
 1375 00c5 0B       		.uleb128 0xb
 1376 00c6 3B       		.uleb128 0x3b
 1377 00c7 0B       		.uleb128 0xb
 1378 00c8 27       		.uleb128 0x27
 1379 00c9 0C       		.uleb128 0xc
 1380 00ca 20       		.uleb128 0x20
 1381 00cb 0B       		.uleb128 0xb
 1382 00cc 01       		.uleb128 0x1
 1383 00cd 13       		.uleb128 0x13
 1384 00ce 00       		.byte	0
 1385 00cf 00       		.byte	0
 1386 00d0 10       		.uleb128 0x10
 1387 00d1 34       		.uleb128 0x34
 1388 00d2 00       		.byte	0
 1389 00d3 03       		.uleb128 0x3
 1390 00d4 0E       		.uleb128 0xe
 1391 00d5 3A       		.uleb128 0x3a
 1392 00d6 0B       		.uleb128 0xb
 1393 00d7 3B       		.uleb128 0x3b
 1394 00d8 0B       		.uleb128 0xb
 1395 00d9 49       		.uleb128 0x49
 1396 00da 13       		.uleb128 0x13
 1397 00db 00       		.byte	0
 1398 00dc 00       		.byte	0
 1399 00dd 11       		.uleb128 0x11
 1400 00de 1D       		.uleb128 0x1d
 1401 00df 01       		.byte	0x1
 1402 00e0 31       		.uleb128 0x31
 1403 00e1 13       		.uleb128 0x13
 1404 00e2 11       		.uleb128 0x11
 1405 00e3 01       		.uleb128 0x1
 1406 00e4 12       		.uleb128 0x12
 1407 00e5 01       		.uleb128 0x1
 1408 00e6 58       		.uleb128 0x58
 1409 00e7 0B       		.uleb128 0xb
 1410 00e8 59       		.uleb128 0x59
 1411 00e9 0B       		.uleb128 0xb
 1412 00ea 01       		.uleb128 0x1
 1413 00eb 13       		.uleb128 0x13
 1414 00ec 00       		.byte	0
 1415 00ed 00       		.byte	0
 1416 00ee 12       		.uleb128 0x12
 1417 00ef 1D       		.uleb128 0x1d
 1418 00f0 01       		.byte	0x1
 1419 00f1 31       		.uleb128 0x31
 1420 00f2 13       		.uleb128 0x13
 1421 00f3 11       		.uleb128 0x11
GAS LISTING C:\Users\duchu\AppData\Local\Temp\cclIm5PB.s 			page 26


 1422 00f4 01       		.uleb128 0x1
 1423 00f5 12       		.uleb128 0x12
 1424 00f6 01       		.uleb128 0x1
 1425 00f7 58       		.uleb128 0x58
 1426 00f8 0B       		.uleb128 0xb
 1427 00f9 59       		.uleb128 0x59
 1428 00fa 0B       		.uleb128 0xb
 1429 00fb 00       		.byte	0
 1430 00fc 00       		.byte	0
 1431 00fd 13       		.uleb128 0x13
 1432 00fe 0B       		.uleb128 0xb
 1433 00ff 01       		.byte	0x1
 1434 0100 11       		.uleb128 0x11
 1435 0101 01       		.uleb128 0x1
 1436 0102 12       		.uleb128 0x12
 1437 0103 01       		.uleb128 0x1
 1438 0104 00       		.byte	0
 1439 0105 00       		.byte	0
 1440 0106 14       		.uleb128 0x14
 1441 0107 34       		.uleb128 0x34
 1442 0108 00       		.byte	0
 1443 0109 31       		.uleb128 0x31
 1444 010a 13       		.uleb128 0x13
 1445 010b 02       		.uleb128 0x2
 1446 010c 0A       		.uleb128 0xa
 1447 010d 00       		.byte	0
 1448 010e 00       		.byte	0
 1449 010f 15       		.uleb128 0x15
 1450 0110 898201   		.uleb128 0x4109
 1451 0113 01       		.byte	0x1
 1452 0114 11       		.uleb128 0x11
 1453 0115 01       		.uleb128 0x1
 1454 0116 31       		.uleb128 0x31
 1455 0117 13       		.uleb128 0x13
 1456 0118 01       		.uleb128 0x1
 1457 0119 13       		.uleb128 0x13
 1458 011a 00       		.byte	0
 1459 011b 00       		.byte	0
 1460 011c 16       		.uleb128 0x16
 1461 011d 8A8201   		.uleb128 0x410a
 1462 0120 00       		.byte	0
 1463 0121 02       		.uleb128 0x2
 1464 0122 0A       		.uleb128 0xa
 1465 0123 9142     		.uleb128 0x2111
 1466 0125 0A       		.uleb128 0xa
 1467 0126 00       		.byte	0
 1468 0127 00       		.byte	0
 1469 0128 17       		.uleb128 0x17
 1470 0129 898201   		.uleb128 0x4109
 1471 012c 01       		.byte	0x1
 1472 012d 11       		.uleb128 0x11
 1473 012e 01       		.uleb128 0x1
 1474 012f 31       		.uleb128 0x31
 1475 0130 13       		.uleb128 0x13
 1476 0131 00       		.byte	0
 1477 0132 00       		.byte	0
 1478 0133 18       		.uleb128 0x18
GAS LISTING C:\Users\duchu\AppData\Local\Temp\cclIm5PB.s 			page 27


 1479 0134 34       		.uleb128 0x34
 1480 0135 00       		.byte	0
 1481 0136 03       		.uleb128 0x3
 1482 0137 0E       		.uleb128 0xe
 1483 0138 3A       		.uleb128 0x3a
 1484 0139 0B       		.uleb128 0xb
 1485 013a 3B       		.uleb128 0x3b
 1486 013b 0B       		.uleb128 0xb
 1487 013c 49       		.uleb128 0x49
 1488 013d 13       		.uleb128 0x13
 1489 013e 3F       		.uleb128 0x3f
 1490 013f 0C       		.uleb128 0xc
 1491 0140 3C       		.uleb128 0x3c
 1492 0141 0C       		.uleb128 0xc
 1493 0142 00       		.byte	0
 1494 0143 00       		.byte	0
 1495 0144 19       		.uleb128 0x19
 1496 0145 34       		.uleb128 0x34
 1497 0146 00       		.byte	0
 1498 0147 03       		.uleb128 0x3
 1499 0148 0E       		.uleb128 0xe
 1500 0149 3A       		.uleb128 0x3a
 1501 014a 0B       		.uleb128 0xb
 1502 014b 3B       		.uleb128 0x3b
 1503 014c 0B       		.uleb128 0xb
 1504 014d 49       		.uleb128 0x49
 1505 014e 13       		.uleb128 0x13
 1506 014f 3F       		.uleb128 0x3f
 1507 0150 0C       		.uleb128 0xc
 1508 0151 02       		.uleb128 0x2
 1509 0152 0A       		.uleb128 0xa
 1510 0153 00       		.byte	0
 1511 0154 00       		.byte	0
 1512 0155 1A       		.uleb128 0x1a
 1513 0156 2E       		.uleb128 0x2e
 1514 0157 00       		.byte	0
 1515 0158 3F       		.uleb128 0x3f
 1516 0159 0C       		.uleb128 0xc
 1517 015a 03       		.uleb128 0x3
 1518 015b 0E       		.uleb128 0xe
 1519 015c 3A       		.uleb128 0x3a
 1520 015d 0B       		.uleb128 0xb
 1521 015e 3B       		.uleb128 0x3b
 1522 015f 0B       		.uleb128 0xb
 1523 0160 27       		.uleb128 0x27
 1524 0161 0C       		.uleb128 0xc
 1525 0162 3C       		.uleb128 0x3c
 1526 0163 0C       		.uleb128 0xc
 1527 0164 00       		.byte	0
 1528 0165 00       		.byte	0
 1529 0166 1B       		.uleb128 0x1b
 1530 0167 2E       		.uleb128 0x2e
 1531 0168 01       		.byte	0x1
 1532 0169 3F       		.uleb128 0x3f
 1533 016a 0C       		.uleb128 0xc
 1534 016b 03       		.uleb128 0x3
 1535 016c 0E       		.uleb128 0xe
GAS LISTING C:\Users\duchu\AppData\Local\Temp\cclIm5PB.s 			page 28


 1536 016d 3A       		.uleb128 0x3a
 1537 016e 0B       		.uleb128 0xb
 1538 016f 3B       		.uleb128 0x3b
 1539 0170 0B       		.uleb128 0xb
 1540 0171 27       		.uleb128 0x27
 1541 0172 0C       		.uleb128 0xc
 1542 0173 49       		.uleb128 0x49
 1543 0174 13       		.uleb128 0x13
 1544 0175 3C       		.uleb128 0x3c
 1545 0176 0C       		.uleb128 0xc
 1546 0177 01       		.uleb128 0x1
 1547 0178 13       		.uleb128 0x13
 1548 0179 00       		.byte	0
 1549 017a 00       		.byte	0
 1550 017b 1C       		.uleb128 0x1c
 1551 017c 05       		.uleb128 0x5
 1552 017d 00       		.byte	0
 1553 017e 49       		.uleb128 0x49
 1554 017f 13       		.uleb128 0x13
 1555 0180 00       		.byte	0
 1556 0181 00       		.byte	0
 1557 0182 1D       		.uleb128 0x1d
 1558 0183 2E       		.uleb128 0x2e
 1559 0184 00       		.byte	0
 1560 0185 3F       		.uleb128 0x3f
 1561 0186 0C       		.uleb128 0xc
 1562 0187 03       		.uleb128 0x3
 1563 0188 0E       		.uleb128 0xe
 1564 0189 3A       		.uleb128 0x3a
 1565 018a 0B       		.uleb128 0xb
 1566 018b 3B       		.uleb128 0x3b
 1567 018c 0B       		.uleb128 0xb
 1568 018d 27       		.uleb128 0x27
 1569 018e 0C       		.uleb128 0xc
 1570 018f 49       		.uleb128 0x49
 1571 0190 13       		.uleb128 0x13
 1572 0191 3C       		.uleb128 0x3c
 1573 0192 0C       		.uleb128 0xc
 1574 0193 00       		.byte	0
 1575 0194 00       		.byte	0
 1576 0195 1E       		.uleb128 0x1e
 1577 0196 2E       		.uleb128 0x2e
 1578 0197 01       		.byte	0x1
 1579 0198 3F       		.uleb128 0x3f
 1580 0199 0C       		.uleb128 0xc
 1581 019a 03       		.uleb128 0x3
 1582 019b 0E       		.uleb128 0xe
 1583 019c 3A       		.uleb128 0x3a
 1584 019d 0B       		.uleb128 0xb
 1585 019e 3B       		.uleb128 0x3b
 1586 019f 0B       		.uleb128 0xb
 1587 01a0 27       		.uleb128 0x27
 1588 01a1 0C       		.uleb128 0xc
 1589 01a2 3C       		.uleb128 0x3c
 1590 01a3 0C       		.uleb128 0xc
 1591 01a4 01       		.uleb128 0x1
 1592 01a5 13       		.uleb128 0x13
GAS LISTING C:\Users\duchu\AppData\Local\Temp\cclIm5PB.s 			page 29


 1593 01a6 00       		.byte	0
 1594 01a7 00       		.byte	0
 1595 01a8 1F       		.uleb128 0x1f
 1596 01a9 26       		.uleb128 0x26
 1597 01aa 00       		.byte	0
 1598 01ab 00       		.byte	0
 1599 01ac 00       		.byte	0
 1600 01ad 20       		.uleb128 0x20
 1601 01ae 2E       		.uleb128 0x2e
 1602 01af 01       		.byte	0x1
 1603 01b0 3F       		.uleb128 0x3f
 1604 01b1 0C       		.uleb128 0xc
 1605 01b2 03       		.uleb128 0x3
 1606 01b3 0E       		.uleb128 0xe
 1607 01b4 3A       		.uleb128 0x3a
 1608 01b5 0B       		.uleb128 0xb
 1609 01b6 3B       		.uleb128 0x3b
 1610 01b7 0B       		.uleb128 0xb
 1611 01b8 27       		.uleb128 0x27
 1612 01b9 0C       		.uleb128 0xc
 1613 01ba 3C       		.uleb128 0x3c
 1614 01bb 0C       		.uleb128 0xc
 1615 01bc 00       		.byte	0
 1616 01bd 00       		.byte	0
 1617 01be 00       		.byte	0
 1618              		.section	.debug_loc,"",@progbits
 1619              	.Ldebug_loc0:
 1620              	.LLST0:
 1621 0000 00000000 		.4byte	.LFB4
 1622 0004 00000000 		.4byte	.LCFI0
 1623 0008 0002     		.2byte	0x2
 1624 000a 71       		.byte	0x71
 1625 000b 00       		.sleb128 0
 1626 000c 00000000 		.4byte	.LCFI0
 1627 0010 00000000 		.4byte	.LCFI1
 1628 0014 0002     		.2byte	0x2
 1629 0016 71       		.byte	0x71
 1630 0017 08       		.sleb128 8
 1631 0018 00000000 		.4byte	.LCFI1
 1632 001c 00000000 		.4byte	.LFE4
 1633 0020 0002     		.2byte	0x2
 1634 0022 71       		.byte	0x71
 1635 0023 00       		.sleb128 0
 1636 0024 00000000 		.4byte	0
 1637 0028 00000000 		.4byte	0
 1638              	.LLST1:
 1639 002c 00000000 		.4byte	.LFB5
 1640 0030 00000000 		.4byte	.LCFI2
 1641 0034 0002     		.2byte	0x2
 1642 0036 71       		.byte	0x71
 1643 0037 00       		.sleb128 0
 1644 0038 00000000 		.4byte	.LCFI2
 1645 003c 00000000 		.4byte	.LCFI3
 1646 0040 0002     		.2byte	0x2
 1647 0042 71       		.byte	0x71
 1648 0043 10       		.sleb128 16
 1649 0044 00000000 		.4byte	.LCFI3
GAS LISTING C:\Users\duchu\AppData\Local\Temp\cclIm5PB.s 			page 30


 1650 0048 00000000 		.4byte	.LFE5
 1651 004c 0002     		.2byte	0x2
 1652 004e 71       		.byte	0x71
 1653 004f 00       		.sleb128 0
 1654 0050 00000000 		.4byte	0
 1655 0054 00000000 		.4byte	0
 1656              		.section	.debug_aranges,"",@progbits
 1657 0000 00000024 		.4byte	0x24
 1658 0004 0002     		.2byte	0x2
 1659 0006 00000000 		.4byte	.Ldebug_info0
 1660 000a 04       		.byte	0x4
 1661 000b 00       		.byte	0
 1662 000c 0000     		.2byte	0
 1663 000e 0000     		.2byte	0
 1664 0010 00000000 		.4byte	.LFB4
 1665 0014 00000068 		.4byte	.LFE4-.LFB4
 1666 0018 00000000 		.4byte	.LFB5
 1667 001c 00000114 		.4byte	.LFE5-.LFB5
 1668 0020 00000000 		.4byte	0
 1669 0024 00000000 		.4byte	0
 1670              		.section	.debug_ranges,"",@progbits
 1671              	.Ldebug_ranges0:
 1672 0000 00000000 		.4byte	.LFB4
 1673 0004 00000000 		.4byte	.LFE4
 1674 0008 00000000 		.4byte	.LFB5
 1675 000c 00000000 		.4byte	.LFE5
 1676 0010 00000000 		.4byte	0
 1677 0014 00000000 		.4byte	0
 1678              		.section	.debug_line,"",@progbits
 1679              	.Ldebug_line0:
 1680 0000 00000317 		.section	.debug_str,"MS",@progbits,1
 1680      00020000 
 1680      02AB0201 
 1680      FB0E0D00 
 1680      01010101 
 1681              	.LASF37:
 1682 0000 64746343 		.string	"dtcC1235"
 1682      31323335 
 1682      00
 1683              	.LASF47:
 1684 0009 74634331 		.string	"tcC1236"
 1684      32333600 
 1685              	.LASF35:
 1686 0011 64746343 		.string	"dtcC1241"
 1686      31323431 
 1686      00
 1687              	.LASF32:
 1688 001a 64746343 		.string	"dtcC1233"
 1688      31323333 
 1688      00
 1689              	.LASF16:
 1690 0023 656E5F4C 		.string	"en_LDC_Init"
 1690      44435F49 
 1690      6E697400 
 1691              	.LASF104:
 1692 002f 4545505F 		.string	"EEP_UPDATE_EEPROM"
 1692      55504441 
GAS LISTING C:\Users\duchu\AppData\Local\Temp\cclIm5PB.s 			page 31


 1692      54455F45 
 1692      4550524F 
 1692      4D00
 1693              	.LASF38:
 1694 0041 64746343 		.string	"dtcC1236"
 1694      31323336 
 1694      00
 1695              	.LASF89:
 1696 004a 4173775F 		.string	"Asw_Diagnostic_Fault"
 1696      44696167 
 1696      6E6F7374 
 1696      69635F46 
 1696      61756C74 
 1697              	.LASF74:
 1698 005f 4273775F 		.string	"Bsw_CAN2_Init"
 1698      43414E32 
 1698      5F496E69 
 1698      7400
 1699              	.LASF21:
 1700 006d 656E5F4C 		.string	"en_LDC_RecoveryFault"
 1700      44435F52 
 1700      65636F76 
 1700      65727946 
 1700      61756C74 
 1701              	.LASF2:
 1702 0082 73686F72 		.string	"short int"
 1702      7420696E 
 1702      7400
 1703              	.LASF25:
 1704 008c 454E5F4C 		.string	"EN_LDC_Sts"
 1704      44435F53 
 1704      747300
 1705              	.LASF15:
 1706 0097 73697A65 		.string	"sizetype"
 1706      74797065 
 1706      00
 1707              	.LASF64:
 1708 00a0 656E675F 		.string	"eng_LDC_Sts"
 1708      4C44435F 
 1708      53747300 
 1709              	.LASF59:
 1710 00ac 5274655F 		.string	"Rte_TimeTask_TT1"
 1710      54696D65 
 1710      5461736B 
 1710      5F545431 
 1710      00
 1711              	.LASF98:
 1712 00bd 443A5C57 		.string	"D:\\Workplace\\KSC_LDC"
 1712      6F726B70 
 1712      6C616365 
 1712      5C4B5343 
 1712      5F4C4443 
 1713              	.LASF45:
 1714 00d2 64746343 		.string	"dtcC1266"
 1714      31323636 
 1714      00
 1715              	.LASF95:
GAS LISTING C:\Users\duchu\AppData\Local\Temp\cclIm5PB.s 			page 32


 1716 00db 4474634D 		.string	"DtcMng_DtcCodeUpdate"
 1716      6E675F44 
 1716      7463436F 
 1716      64655570 
 1716      64617465 
 1717              	.LASF7:
 1718 00f0 5F5F7569 		.string	"__uint32_t"
 1718      6E743332 
 1718      5F7400
 1719              	.LASF84:
 1720 00fb 5564735F 		.string	"Uds_Func"
 1720      46756E63 
 1720      00
 1721              	.LASF23:
 1722 0104 656E5F4C 		.string	"en_LDC_PowerLatch"
 1722      44435F50 
 1722      6F776572 
 1722      4C617463 
 1722      6800
 1723              	.LASF4:
 1724 0116 5F5F7569 		.string	"__uint16_t"
 1724      6E743136 
 1724      5F7400
 1725              	.LASF36:
 1726 0121 64746343 		.string	"dtcC124E"
 1726      31323445 
 1726      00
 1727              	.LASF72:
 1728 012a 4273775F 		.string	"Bsw_PIT_Init"
 1728      5049545F 
 1728      496E6974 
 1728      00
 1729              	.LASF86:
 1730 0137 5544535F 		.string	"UDS_WDT_PulseOut"
 1730      5744545F 
 1730      50756C73 
 1730      654F7574 
 1730      00
 1731              	.LASF81:
 1732 0148 4173775F 		.string	"Asw_Diagnostic_Init"
 1732      44696167 
 1732      6E6F7374 
 1732      69635F49 
 1732      6E697400 
 1733              	.LASF69:
 1734 015c 75385F44 		.string	"u8_DtcControl"
 1734      7463436F 
 1734      6E74726F 
 1734      6C00
 1735              	.LASF80:
 1736 016a 4273775F 		.string	"Bsw_Can_DM1_Init"
 1736      43616E5F 
 1736      444D315F 
 1736      496E6974 
 1736      00
 1737              	.LASF28:
 1738 017b 64746343 		.string	"dtcC1203"
GAS LISTING C:\Users\duchu\AppData\Local\Temp\cclIm5PB.s 			page 33


 1738      31323033 
 1738      00
 1739              	.LASF12:
 1740 0184 75696E74 		.string	"uint8_t"
 1740      385F7400 
 1741              	.LASF48:
 1742 018c 74634331 		.string	"tcC1245"
 1742      32343500 
 1743              	.LASF49:
 1744 0194 74634331 		.string	"tcC1246"
 1744      32343600 
 1745              	.LASF65:
 1746 019c 7538675F 		.string	"u8g_Hal_task_10m_cnt"
 1746      48616C5F 
 1746      7461736B 
 1746      5F31306D 
 1746      5F636E74 
 1747              	.LASF34:
 1748 01b1 64746343 		.string	"dtcC1240"
 1748      31323430 
 1748      00
 1749              	.LASF55:
 1750 01ba 4C646344 		.string	"LdcDtcDef"
 1750      74634465 
 1750      6600
 1751              	.LASF0:
 1752 01c4 7369676E 		.string	"signed char"
 1752      65642063 
 1752      68617200 
 1753              	.LASF39:
 1754 01d0 64746343 		.string	"dtcC1245"
 1754      31323435 
 1754      00
 1755              	.LASF40:
 1756 01d9 64746343 		.string	"dtcC1246"
 1756      31323436 
 1756      00
 1757              	.LASF9:
 1758 01e2 6C6F6E67 		.string	"long long int"
 1758      206C6F6E 
 1758      6720696E 
 1758      7400
 1759              	.LASF10:
 1760 01f0 6C6F6E67 		.string	"long long unsigned int"
 1760      206C6F6E 
 1760      6720756E 
 1760      7369676E 
 1760      65642069 
 1761              	.LASF56:
 1762 0207 69727149 		.string	"irqIsrDisable"
 1762      73724469 
 1762      7361626C 
 1762      6500
 1763              	.LASF76:
 1764 0215 4273775F 		.string	"Bsw_AdcInit"
 1764      41646349 
 1764      6E697400 
GAS LISTING C:\Users\duchu\AppData\Local\Temp\cclIm5PB.s 			page 34


 1765              	.LASF6:
 1766 0221 6C6F6E67 		.string	"long int"
 1766      20696E74 
 1766      00
 1767              	.LASF97:
 1768 022a 2E2F736F 		.string	"./source/RTE/Rte.c"
 1768      75726365 
 1768      2F525445 
 1768      2F527465 
 1768      2E6300
 1769              	.LASF88:
 1770 023d 4273775F 		.string	"Bsw_ADC2REAL"
 1770      41444332 
 1770      5245414C 
 1770      00
 1771              	.LASF82:
 1772 024a 4545505F 		.string	"EEP_EEPROM_INIT"
 1772      45455052 
 1772      4F4D5F49 
 1772      4E495400 
 1773              	.LASF3:
 1774 025a 5F5F7569 		.string	"__uint8_t"
 1774      6E74385F 
 1774      7400
 1775              	.LASF101:
 1776 0264 64746342 		.string	"dtcBuffer"
 1776      75666665 
 1776      7200
 1777              	.LASF96:
 1778 026e 474E5520 		.ascii	"GNU C 4.9.4 20160726 (Sat May 27 11:09:55 CDT 2017      "
 1778      4320342E 
 1778      392E3420 
 1778      32303136 
 1778      30373236 
 1779 02a6 20202062 		.string	"   build.sh rev=gd8b6c20 s=F494 ELe200 -V release_gd8b6c20_build_Fed_ELe200_ML0) -mcall-s
 1779      75696C64 
 1779      2E736820 
 1779      7265763D 
 1779      67643862 
 1780              	.LASF31:
 1781 03a7 64746343 		.string	"dtcC1214"
 1781      31323134 
 1781      00
 1782              	.LASF87:
 1783 03b0 4273775F 		.string	"Bsw_Can_DM1_Transmitter"
 1783      43616E5F 
 1783      444D315F 
 1783      5472616E 
 1783      736D6974 
 1784              	.LASF90:
 1785 03c8 4173775F 		.string	"Asw_LDC_Operation"
 1785      4C44435F 
 1785      4F706572 
 1785      6174696F 
 1785      6E00
 1786              	.LASF52:
 1787 03da 74634331 		.string	"tcC1212"
GAS LISTING C:\Users\duchu\AppData\Local\Temp\cclIm5PB.s 			page 35


 1787      32313200 
 1788              	.LASF20:
 1789 03e2 656E5F4C 		.string	"en_LDC_Run"
 1789      44435F52 
 1789      756E00
 1790              	.LASF94:
 1791 03ed 7574696C 		.string	"utils_memcpy"
 1791      735F6D65 
 1791      6D637079 
 1791      00
 1792              	.LASF63:
 1793 03fa 7538675F 		.string	"u8g_Asw_Ldc_State_Run"
 1793      4173775F 
 1793      4C64635F 
 1793      53746174 
 1793      655F5275 
 1794              	.LASF1:
 1795 0410 756E7369 		.string	"unsigned char"
 1795      676E6564 
 1795      20636861 
 1795      7200
 1796              	.LASF43:
 1797 041e 64746343 		.string	"dtcC1212"
 1797      31323132 
 1797      00
 1798              	.LASF30:
 1799 0427 64746343 		.string	"dtcC1213"
 1799      31323133 
 1799      00
 1800              	.LASF85:
 1801 0430 54705F46 		.string	"Tp_Func"
 1801      756E6300 
 1802              	.LASF78:
 1803 0438 5564735F 		.string	"Uds_Func_Init"
 1803      46756E63 
 1803      5F496E69 
 1803      7400
 1804              	.LASF99:
 1805 0446 4C646344 		.string	"LdcDtc"
 1805      746300
 1806              	.LASF33:
 1807 044d 64746343 		.string	"dtcC1234"
 1807      31323334 
 1807      00
 1808              	.LASF22:
 1809 0456 656E5F4C 		.string	"en_LDC_Fault"
 1809      44435F46 
 1809      61756C74 
 1809      00
 1810              	.LASF50:
 1811 0463 74634331 		.string	"tcC1252"
 1811      32353200 
 1812              	.LASF24:
 1813 046b 656E5F4C 		.string	"en_LDC_QAC"
 1813      44435F51 
 1813      414300
 1814              	.LASF14:
GAS LISTING C:\Users\duchu\AppData\Local\Temp\cclIm5PB.s 			page 36


 1815 0476 75696E74 		.string	"uint32_t"
 1815      33325F74 
 1815      00
 1816              	.LASF53:
 1817 047f 74634331 		.string	"tcC1256"
 1817      32353600 
 1818              	.LASF11:
 1819 0487 756E7369 		.string	"unsigned int"
 1819      676E6564 
 1819      20696E74 
 1819      00
 1820              	.LASF83:
 1821 0494 4545505F 		.string	"EEP_EEPROM_READ"
 1821      45455052 
 1821      4F4D5F52 
 1821      45414400 
 1822              	.LASF41:
 1823 04a4 64746343 		.string	"dtcC1252"
 1823      31323532 
 1823      00
 1824              	.LASF44:
 1825 04ad 64746343 		.string	"dtcC1256"
 1825      31323536 
 1825      00
 1826              	.LASF73:
 1827 04b6 4273775F 		.string	"Bsw_CAN1_Init"
 1827      43414E31 
 1827      5F496E69 
 1827      7400
 1828              	.LASF58:
 1829 04c4 5274655F 		.string	"Rte_TimeTask_TT0"
 1829      54696D65 
 1829      5461736B 
 1829      5F545430 
 1829      00
 1830              	.LASF60:
 1831 04d5 5274655F 		.string	"Rte_Init"
 1831      496E6974 
 1831      00
 1832              	.LASF100:
 1833 04de 5274655F 		.string	"Rte_TimeTask_TT2"
 1833      54696D65 
 1833      5461736B 
 1833      5F545432 
 1833      00
 1834              	.LASF5:
 1835 04ef 73686F72 		.string	"short unsigned int"
 1835      7420756E 
 1835      7369676E 
 1835      65642069 
 1835      6E7400
 1836              	.LASF13:
 1837 0502 75696E74 		.string	"uint16_t"
 1837      31365F74 
 1837      00
 1838              	.LASF103:
 1839 050b 4545505F 		.string	"EEP_GET_WRITE_BUFFER"
GAS LISTING C:\Users\duchu\AppData\Local\Temp\cclIm5PB.s 			page 37


 1839      4745545F 
 1839      57524954 
 1839      455F4255 
 1839      46464552 
 1840              	.LASF102:
 1841 0520 4173775F 		.string	"Asw_LDC_OFF"
 1841      4C44435F 
 1841      4F464600 
 1842              	.LASF93:
 1843 052c 4173775F 		.string	"Asw_DTC_Eeprom_Write"
 1843      4454435F 
 1843      45657072 
 1843      6F6D5F57 
 1843      72697465 
 1844              	.LASF79:
 1845 0541 54705F46 		.string	"Tp_Func_Init"
 1845      756E635F 
 1845      496E6974 
 1845      00
 1846              	.LASF19:
 1847 054e 656E5F4C 		.string	"en_LDC_RunCheck"
 1847      44435F52 
 1847      756E4368 
 1847      65636B00 
 1848              	.LASF8:
 1849 055e 6C6F6E67 		.string	"long unsigned int"
 1849      20756E73 
 1849      69676E65 
 1849      6420696E 
 1849      7400
 1850              	.LASF92:
 1851 0570 4273775F 		.string	"Bsw_Can_Rx"
 1851      43616E5F 
 1851      527800
 1852              	.LASF26:
 1853 057b 64746343 		.string	"dtcC1223"
 1853      31323233 
 1853      00
 1854              	.LASF27:
 1855 0584 64746343 		.string	"dtcC1224"
 1855      31323234 
 1855      00
 1856              	.LASF70:
 1857 058d 75313667 		.string	"u16g_Rte_pwmShift"
 1857      5F527465 
 1857      5F70776D 
 1857      53686966 
 1857      7400
 1858              	.LASF51:
 1859 059f 74634331 		.string	"tcC1262"
 1859      32363200 
 1860              	.LASF77:
 1861 05a7 47705F46 		.string	"Gp_Func_Init"
 1861      756E635F 
 1861      496E6974 
 1861      00
 1862              	.LASF54:
GAS LISTING C:\Users\duchu\AppData\Local\Temp\cclIm5PB.s 			page 38


 1863 05b4 74634331 		.string	"tcC1266"
 1863      32363600 
 1864              	.LASF91:
 1865 05bc 4273775F 		.string	"Bsw_Can_Tx"
 1865      43616E5F 
 1865      547800
 1866              	.LASF46:
 1867 05c7 74634331 		.string	"tcC12314"
 1867      32333134 
 1867      00
 1868              	.LASF42:
 1869 05d0 64746343 		.string	"dtcC1262"
 1869      31323632 
 1869      00
 1870              	.LASF71:
 1871 05d9 636F6D70 		.string	"componentsInit"
 1871      6F6E656E 
 1871      7473496E 
 1871      697400
 1872              	.LASF17:
 1873 05e8 656E5F4C 		.string	"en_LDC_ReadyCheck"
 1873      44435F52 
 1873      65616479 
 1873      43686563 
 1873      6B00
 1874              	.LASF68:
 1875 05fa 7538675F 		.string	"u8g_CAN_TX_Ctrl"
 1875      43414E5F 
 1875      54585F43 
 1875      74726C00 
 1876              	.LASF75:
 1877 060a 4273775F 		.string	"Bsw_PwmInit"
 1877      50776D49 
 1877      6E697400 
 1878              	.LASF57:
 1879 0616 69727149 		.string	"irqIsrEnable"
 1879      7372456E 
 1879      61626C65 
 1879      00
 1880              	.LASF61:
 1881 0623 5274655F 		.string	"Rte_TimeTaskCtrl"
 1881      54696D65 
 1881      5461736B 
 1881      4374726C 
 1881      00
 1882              	.LASF67:
 1883 0634 7538675F 		.string	"u8g_ReqReset"
 1883      52657152 
 1883      65736574 
 1883      00
 1884              	.LASF29:
 1885 0641 64746343 		.string	"dtcC1204"
 1885      31323034 
 1885      00
 1886              	.LASF62:
 1887 064a 7538675F 		.string	"u8g_Asw_Ldc_State_Ready"
 1887      4173775F 
GAS LISTING C:\Users\duchu\AppData\Local\Temp\cclIm5PB.s 			page 39


 1887      4C64635F 
 1887      53746174 
 1887      655F5265 
 1888              	.LASF18:
 1889 0662 656E5F4C 		.string	"en_LDC_Ready"
 1889      44435F52 
 1889      65616479 
 1889      00
 1890              	.LASF66:
 1891 066f 7538675F 		.string	"u8g_Hal_task_100m_cnt"
 1891      48616C5F 
 1891      7461736B 
 1891      5F313030 
 1891      6D5F636E 
 1892              		.ident	"GCC: (GNU) 4.9.4 20160726 (Sat May 27 11:09:55 CDT 2017         build.sh rev=gd8b6c20 s=F4
GAS LISTING C:\Users\duchu\AppData\Local\Temp\cclIm5PB.s 			page 40


DEFINED SYMBOLS
                            *ABS*:00000000 Rte.c
C:\Users\duchu\AppData\Local\Temp\cclIm5PB.s:10     .text.Rte_Init:00000000 Rte_Init
C:\Users\duchu\AppData\Local\Temp\cclIm5PB.s:104    .text.Rte_TimeTaskCtrl:00000000 Rte_TimeTaskCtrl
C:\Users\duchu\AppData\Local\Temp\cclIm5PB.s:267    .bss.u16g_Rte_pwmShift:00000000 u16g_Rte_pwmShift
C:\Users\duchu\AppData\Local\Temp\cclIm5PB.s:260    .bss.dtcBuffer.11117:00000000 dtcBuffer.11117

UNDEFINED SYMBOLS
componentsInit
Bsw_PIT_Init
Bsw_CAN1_Init
Bsw_CAN2_Init
Bsw_PwmInit
Bsw_AdcInit
Gp_Func_Init
Uds_Func_Init
Tp_Func_Init
Bsw_Can_DM1_Init
Asw_Diagnostic_Init
EEP_EEPROM_INIT
EEP_EEPROM_READ
u8g_Asw_Ldc_State_Ready
u8g_Asw_Ldc_State_Run
eng_LDC_Sts
Uds_Func
Tp_Func
u8g_ReqReset
UDS_WDT_PulseOut
u8g_Hal_task_10m_cnt
u8g_CAN_TX_Ctrl
Bsw_Can_DM1_Transmitter
Bsw_ADC2REAL
Asw_Diagnostic_Fault
Asw_LDC_Operation
Asw_LDC_OFF
u8g_Hal_task_100m_cnt
Bsw_Can_Tx
Bsw_Can_Rx
u8_DtcControl
Asw_DTC_Eeprom_Write
EEP_GET_WRITE_BUFFER
utils_memcpy
DtcMng_DtcCodeUpdate
EEP_UPDATE_EEPROM
