GAS LISTING C:\Users\duchu\AppData\Local\Temp\ccYEDwtX.s 			page 1


   1              		.file	"spc5_lld.c"
   2              		.section	".text","axv"
   3              	.Ltext0:
   4              		.cfi_sections	.debug_frame
   5              		.section	.text.spc5LLDInit,"axv",@progbits
   6              		.align 1
   7              		.p2align 4,,15
   8              		.globl spc5LLDInit
   9              		.type	spc5LLDInit, @function
  10              	spc5LLDInit:
  11              	.LFB4:
  12              		.file 1 "./components/spc570sxx_low_level_drivers_component_rla/lib/src/spc5_lld.c"
  13              		.loc 1 44 0
  14              		.cfi_startproc
  15 0000 182106F8 		e_stwu %r1,-8(%r1)
  16              	.LCFI0:
  17              		.cfi_def_cfa_offset 8
  18 0004 0080     		se_mflr %r0
  19 0006 D301     		se_stw %r0,12(%r1)
  20              		.cfi_offset 65, 4
  21              		.loc 1 47 0
  22 0008 78000001 		e_bl edmaInit
  23              	.LVL0:
  24              		.loc 1 112 0
  25 000c C301     		se_lwz %r0,12(%r1)
  26 000e 0090     		se_mtlr %r0
  27              		.cfi_restore 65
  28 0010 2071     		se_addi %r1,8
  29              	.LCFI1:
  30              		.cfi_def_cfa_offset 0
  31 0012 0004     		se_blr
  32              		.cfi_endproc
  33              	.LFE4:
  34              		.size	spc5LLDInit, .-spc5LLDInit
  35              		.section	".text","axv"
  36              	.Letext0:
  37              		.file 2 "./components/spc570sxx_low_level_drivers_component_rla/lib/include/spc5_edma.h"
  38              		.section	.debug_info,"",@progbits
  39              	.Ldebug_info0:
  40 0000 000000A2 		.4byte	0xa2
  41 0004 0002     		.2byte	0x2
  42 0006 00000000 		.4byte	.Ldebug_abbrev0
  43 000a 04       		.byte	0x4
  44 000b 01       		.uleb128 0x1
  45 000c 00000000 		.4byte	.LASF10
  46 0010 01       		.byte	0x1
  47 0011 00000000 		.4byte	.LASF11
  48 0015 00000000 		.4byte	.LASF12
  49 0019 00000000 		.4byte	.Ldebug_ranges0+0
  50 001d 00000000 		.4byte	0
  51 0021 00000000 		.4byte	0
  52 0025 00000000 		.4byte	.Ldebug_line0
  53 0029 02       		.uleb128 0x2
  54 002a 01       		.byte	0x1
  55 002b 06       		.byte	0x6
  56 002c 00000000 		.4byte	.LASF0
  57 0030 02       		.uleb128 0x2
GAS LISTING C:\Users\duchu\AppData\Local\Temp\ccYEDwtX.s 			page 2


  58 0031 01       		.byte	0x1
  59 0032 08       		.byte	0x8
  60 0033 00000000 		.4byte	.LASF1
  61 0037 02       		.uleb128 0x2
  62 0038 02       		.byte	0x2
  63 0039 05       		.byte	0x5
  64 003a 00000000 		.4byte	.LASF2
  65 003e 02       		.uleb128 0x2
  66 003f 02       		.byte	0x2
  67 0040 07       		.byte	0x7
  68 0041 00000000 		.4byte	.LASF3
  69 0045 02       		.uleb128 0x2
  70 0046 04       		.byte	0x4
  71 0047 05       		.byte	0x5
  72 0048 00000000 		.4byte	.LASF4
  73 004c 02       		.uleb128 0x2
  74 004d 04       		.byte	0x4
  75 004e 07       		.byte	0x7
  76 004f 00000000 		.4byte	.LASF5
  77 0053 02       		.uleb128 0x2
  78 0054 08       		.byte	0x8
  79 0055 05       		.byte	0x5
  80 0056 00000000 		.4byte	.LASF6
  81 005a 02       		.uleb128 0x2
  82 005b 08       		.byte	0x8
  83 005c 07       		.byte	0x7
  84 005d 00000000 		.4byte	.LASF7
  85 0061 03       		.uleb128 0x3
  86 0062 04       		.byte	0x4
  87 0063 05       		.byte	0x5
  88 0064 696E7400 		.string	"int"
  89 0068 02       		.uleb128 0x2
  90 0069 04       		.byte	0x4
  91 006a 07       		.byte	0x7
  92 006b 00000000 		.4byte	.LASF8
  93 006f 02       		.uleb128 0x2
  94 0070 04       		.byte	0x4
  95 0071 07       		.byte	0x7
  96 0072 00000000 		.4byte	.LASF9
  97 0076 04       		.uleb128 0x4
  98 0077 01       		.byte	0x1
  99 0078 00000000 		.4byte	.LASF13
 100 007c 01       		.byte	0x1
 101 007d 2C       		.byte	0x2c
 102 007e 01       		.byte	0x1
 103 007f 00000000 		.4byte	.LFB4
 104 0083 00000000 		.4byte	.LFE4
 105 0087 00000000 		.4byte	.LLST0
 106 008b 01       		.byte	0x1
 107 008c 0000009A 		.4byte	0x9a
 108 0090 05       		.uleb128 0x5
 109 0091 00000000 		.4byte	.LVL0
 110 0095 0000009A 		.4byte	0x9a
 111 0099 00       		.byte	0
 112 009a 06       		.uleb128 0x6
 113 009b 01       		.byte	0x1
 114 009c 00000000 		.4byte	.LASF14
GAS LISTING C:\Users\duchu\AppData\Local\Temp\ccYEDwtX.s 			page 3


 115 00a0 02       		.byte	0x2
 116 00a1 04D2     		.2byte	0x4d2
 117 00a3 01       		.byte	0x1
 118 00a4 01       		.byte	0x1
 119 00a5 00       		.byte	0
 120              		.section	.debug_abbrev,"",@progbits
 121              	.Ldebug_abbrev0:
 122 0000 01       		.uleb128 0x1
 123 0001 11       		.uleb128 0x11
 124 0002 01       		.byte	0x1
 125 0003 25       		.uleb128 0x25
 126 0004 0E       		.uleb128 0xe
 127 0005 13       		.uleb128 0x13
 128 0006 0B       		.uleb128 0xb
 129 0007 03       		.uleb128 0x3
 130 0008 0E       		.uleb128 0xe
 131 0009 1B       		.uleb128 0x1b
 132 000a 0E       		.uleb128 0xe
 133 000b 55       		.uleb128 0x55
 134 000c 06       		.uleb128 0x6
 135 000d 11       		.uleb128 0x11
 136 000e 01       		.uleb128 0x1
 137 000f 52       		.uleb128 0x52
 138 0010 01       		.uleb128 0x1
 139 0011 10       		.uleb128 0x10
 140 0012 06       		.uleb128 0x6
 141 0013 00       		.byte	0
 142 0014 00       		.byte	0
 143 0015 02       		.uleb128 0x2
 144 0016 24       		.uleb128 0x24
 145 0017 00       		.byte	0
 146 0018 0B       		.uleb128 0xb
 147 0019 0B       		.uleb128 0xb
 148 001a 3E       		.uleb128 0x3e
 149 001b 0B       		.uleb128 0xb
 150 001c 03       		.uleb128 0x3
 151 001d 0E       		.uleb128 0xe
 152 001e 00       		.byte	0
 153 001f 00       		.byte	0
 154 0020 03       		.uleb128 0x3
 155 0021 24       		.uleb128 0x24
 156 0022 00       		.byte	0
 157 0023 0B       		.uleb128 0xb
 158 0024 0B       		.uleb128 0xb
 159 0025 3E       		.uleb128 0x3e
 160 0026 0B       		.uleb128 0xb
 161 0027 03       		.uleb128 0x3
 162 0028 08       		.uleb128 0x8
 163 0029 00       		.byte	0
 164 002a 00       		.byte	0
 165 002b 04       		.uleb128 0x4
 166 002c 2E       		.uleb128 0x2e
 167 002d 01       		.byte	0x1
 168 002e 3F       		.uleb128 0x3f
 169 002f 0C       		.uleb128 0xc
 170 0030 03       		.uleb128 0x3
 171 0031 0E       		.uleb128 0xe
GAS LISTING C:\Users\duchu\AppData\Local\Temp\ccYEDwtX.s 			page 4


 172 0032 3A       		.uleb128 0x3a
 173 0033 0B       		.uleb128 0xb
 174 0034 3B       		.uleb128 0x3b
 175 0035 0B       		.uleb128 0xb
 176 0036 27       		.uleb128 0x27
 177 0037 0C       		.uleb128 0xc
 178 0038 11       		.uleb128 0x11
 179 0039 01       		.uleb128 0x1
 180 003a 12       		.uleb128 0x12
 181 003b 01       		.uleb128 0x1
 182 003c 40       		.uleb128 0x40
 183 003d 06       		.uleb128 0x6
 184 003e 9742     		.uleb128 0x2117
 185 0040 0C       		.uleb128 0xc
 186 0041 01       		.uleb128 0x1
 187 0042 13       		.uleb128 0x13
 188 0043 00       		.byte	0
 189 0044 00       		.byte	0
 190 0045 05       		.uleb128 0x5
 191 0046 898201   		.uleb128 0x4109
 192 0049 00       		.byte	0
 193 004a 11       		.uleb128 0x11
 194 004b 01       		.uleb128 0x1
 195 004c 31       		.uleb128 0x31
 196 004d 13       		.uleb128 0x13
 197 004e 00       		.byte	0
 198 004f 00       		.byte	0
 199 0050 06       		.uleb128 0x6
 200 0051 2E       		.uleb128 0x2e
 201 0052 00       		.byte	0
 202 0053 3F       		.uleb128 0x3f
 203 0054 0C       		.uleb128 0xc
 204 0055 03       		.uleb128 0x3
 205 0056 0E       		.uleb128 0xe
 206 0057 3A       		.uleb128 0x3a
 207 0058 0B       		.uleb128 0xb
 208 0059 3B       		.uleb128 0x3b
 209 005a 05       		.uleb128 0x5
 210 005b 27       		.uleb128 0x27
 211 005c 0C       		.uleb128 0xc
 212 005d 3C       		.uleb128 0x3c
 213 005e 0C       		.uleb128 0xc
 214 005f 00       		.byte	0
 215 0060 00       		.byte	0
 216 0061 00       		.byte	0
 217              		.section	.debug_loc,"",@progbits
 218              	.Ldebug_loc0:
 219              	.LLST0:
 220 0000 00000000 		.4byte	.LFB4
 221 0004 00000000 		.4byte	.LCFI0
 222 0008 0002     		.2byte	0x2
 223 000a 71       		.byte	0x71
 224 000b 00       		.sleb128 0
 225 000c 00000000 		.4byte	.LCFI0
 226 0010 00000000 		.4byte	.LCFI1
 227 0014 0002     		.2byte	0x2
 228 0016 71       		.byte	0x71
GAS LISTING C:\Users\duchu\AppData\Local\Temp\ccYEDwtX.s 			page 5


 229 0017 08       		.sleb128 8
 230 0018 00000000 		.4byte	.LCFI1
 231 001c 00000000 		.4byte	.LFE4
 232 0020 0002     		.2byte	0x2
 233 0022 71       		.byte	0x71
 234 0023 00       		.sleb128 0
 235 0024 00000000 		.4byte	0
 236 0028 00000000 		.4byte	0
 237              		.section	.debug_aranges,"",@progbits
 238 0000 0000001C 		.4byte	0x1c
 239 0004 0002     		.2byte	0x2
 240 0006 00000000 		.4byte	.Ldebug_info0
 241 000a 04       		.byte	0x4
 242 000b 00       		.byte	0
 243 000c 0000     		.2byte	0
 244 000e 0000     		.2byte	0
 245 0010 00000000 		.4byte	.LFB4
 246 0014 00000014 		.4byte	.LFE4-.LFB4
 247 0018 00000000 		.4byte	0
 248 001c 00000000 		.4byte	0
 249              		.section	.debug_ranges,"",@progbits
 250              	.Ldebug_ranges0:
 251 0000 00000000 		.4byte	.LFB4
 252 0004 00000000 		.4byte	.LFE4
 253 0008 00000000 		.4byte	0
 254 000c 00000000 		.4byte	0
 255              		.section	.debug_line,"",@progbits
 256              	.Ldebug_line0:
 257 0000 000000CC 		.section	.debug_str,"MS",@progbits,1
 257      00020000 
 257      00B20201 
 257      FB0E0D00 
 257      01010101 
 258              	.LASF6:
 259 0000 6C6F6E67 		.string	"long long int"
 259      206C6F6E 
 259      6720696E 
 259      7400
 260              	.LASF8:
 261 000e 756E7369 		.string	"unsigned int"
 261      676E6564 
 261      20696E74 
 261      00
 262              	.LASF14:
 263 001b 65646D61 		.string	"edmaInit"
 263      496E6974 
 263      00
 264              	.LASF5:
 265 0024 6C6F6E67 		.string	"long unsigned int"
 265      20756E73 
 265      69676E65 
 265      6420696E 
 265      7400
 266              	.LASF7:
 267 0036 6C6F6E67 		.string	"long long unsigned int"
 267      206C6F6E 
 267      6720756E 
GAS LISTING C:\Users\duchu\AppData\Local\Temp\ccYEDwtX.s 			page 6


 267      7369676E 
 267      65642069 
 268              	.LASF10:
 269 004d 474E5520 		.ascii	"GNU C 4.9.4 20160726 (Sat May 27 11:09:55 CDT 2017      "
 269      4320342E 
 269      392E3420 
 269      32303136 
 269      30373236 
 270 0085 20202062 		.string	"   build.sh rev=gd8b6c20 s=F494 ELe200 -V release_gd8b6c20_build_Fed_ELe200_ML0) -mcall-s
 270      75696C64 
 270      2E736820 
 270      7265763D 
 270      67643862 
 271              	.LASF1:
 272 0186 756E7369 		.string	"unsigned char"
 272      676E6564 
 272      20636861 
 272      7200
 273              	.LASF13:
 274 0194 73706335 		.string	"spc5LLDInit"
 274      4C4C4449 
 274      6E697400 
 275              	.LASF4:
 276 01a0 6C6F6E67 		.string	"long int"
 276      20696E74 
 276      00
 277              	.LASF12:
 278 01a9 443A5C57 		.string	"D:\\Workplace\\KSC_LDC"
 278      6F726B70 
 278      6C616365 
 278      5C4B5343 
 278      5F4C4443 
 279              	.LASF3:
 280 01be 73686F72 		.string	"short unsigned int"
 280      7420756E 
 280      7369676E 
 280      65642069 
 280      6E7400
 281              	.LASF0:
 282 01d1 7369676E 		.string	"signed char"
 282      65642063 
 282      68617200 
 283              	.LASF2:
 284 01dd 73686F72 		.string	"short int"
 284      7420696E 
 284      7400
 285              	.LASF11:
 286 01e7 2E2F636F 		.string	"./components/spc570sxx_low_level_drivers_component_rla/lib/src/spc5_lld.c"
 286      6D706F6E 
 286      656E7473 
 286      2F737063 
 286      35373073 
 287              	.LASF9:
 288 0231 73697A65 		.string	"sizetype"
 288      74797065 
 288      00
 289              		.ident	"GCC: (GNU) 4.9.4 20160726 (Sat May 27 11:09:55 CDT 2017         build.sh rev=gd8b6c20 s=F4
GAS LISTING C:\Users\duchu\AppData\Local\Temp\ccYEDwtX.s 			page 7


GAS LISTING C:\Users\duchu\AppData\Local\Temp\ccYEDwtX.s 			page 8


DEFINED SYMBOLS
                            *ABS*:00000000 spc5_lld.c
C:\Users\duchu\AppData\Local\Temp\ccYEDwtX.s:10     .text.spc5LLDInit:00000000 spc5LLDInit

UNDEFINED SYMBOLS
edmaInit
