GAS LISTING C:\Users\duchu\AppData\Local\Temp\cc8L7U78.s 			page 1


   1              		.file	"systimer.c"
   2              		.section	".text","axv"
   3              	.Ltext0:
   4              		.cfi_sections	.debug_frame
   5              		.section	.text.sysTimeSetup,"axv",@progbits
   6              		.align 1
   7              		.p2align 4,,15
   8              		.globl sysTimeSetup
   9              		.type	sysTimeSetup, @function
  10              	sysTimeSetup:
  11              	.LFB4:
  12              		.file 1 "./components/spc570sxx_osal_component_rla/lib/src/systimer.c"
  13              		.loc 1 53 0
  14              		.cfi_startproc
  15              	.LVL0:
  16 0000 182106F0 		e_stwu %r1,-16(%r1)
  17              	.LCFI0:
  18              		.cfi_def_cfa_offset 16
  19 0004 0080     		se_mflr %r0
  20 0006 D501     		se_stw %r0,20(%r1)
  21 0008 D3F1     		se_stw %r31,12(%r1)
  22              		.cfi_offset 65, 4
  23              		.cfi_offset 31, -4
  24 000a 013F     		se_mr %r31,%r3
  25              		.loc 1 59 0
  26 000c 70D07804 		e_li %r6,-32764
  27 0010 70FFE404 		e_lis %r7,0xfc04
  28 0014 70E0C224 		e_or2i %r7,548
  29 0018 B067     		se_sth %r6,0(%r7)
  30              		.loc 1 60 0
  31 001a 49E3     		se_li %r3,30
  32              	.LVL1:
  33 001c 4924     		se_li %r4,18
  34 001e 78000001 		e_bl SPCSetPeripheralClockMode
  35              	.LVL2:
  36              		.loc 1 61 0
  37 0022 4803     		se_li %r3,0
  38 0024 78000001 		e_bl SPCGetPeripheralClock
  39              	.LVL3:
  40 0028 7C63FB96 		divwu %r3,%r3,%r31
  41 002c 186384FF 		e_addi %r3,%r3,-1
  42              	.LVL4:
  43              		.loc 1 62 0
  44 0030 70E84000 		e_li %r7,-507904
  45 0034 4816     		se_li %r6,1
  46 0036 D067     		se_stw %r6,0(%r7)
  47              		.loc 1 63 0
  48 0038 54670100 		e_stw %r3,256(%r7)
  49              		.loc 1 64 0
  50 003c 54670104 		e_stw %r3,260(%r7)
  51              		.loc 1 65 0
  52 0040 54C7010C 		e_stw %r6,268(%r7)
  53              		.loc 1 66 0
  54 0044 4836     		se_li %r6,3
  55 0046 54C70108 		e_stw %r6,264(%r7)
  56              		.loc 1 67 0
  57 004a C501     		se_lwz %r0,20(%r1)
GAS LISTING C:\Users\duchu\AppData\Local\Temp\cc8L7U78.s 			page 2


  58 004c 0090     		se_mtlr %r0
  59              		.cfi_restore 65
  60 004e C3F1     		se_lwz %r31,12(%r1)
  61              	.LVL5:
  62 0050 20F1     		se_addi %r1,16
  63              	.LCFI1:
  64              		.cfi_restore 31
  65              		.cfi_def_cfa_offset 0
  66 0052 0004     		se_blr
  67              		.cfi_endproc
  68              	.LFE4:
  69              		.size	sysTimeSetup, .-sysTimeSetup
  70              		.section	.text.sysTimeReset,"axv",@progbits
  71              		.align 1
  72              		.p2align 4,,15
  73              		.globl sysTimeReset
  74              		.type	sysTimeReset, @function
  75              	sysTimeReset:
  76              	.LFB5:
  77              		.loc 1 75 0
  78              		.cfi_startproc
  79              		.loc 1 77 0
  80 0000 70E84000 		e_li %r7,-507904
  81 0004 50E7010C 		e_lwz %r7,268(%r7)
  82 0008 2207     		se_cmpli %r7,1
  83 000a 7A02000E 		e_bne %cr0,.L2
  84              		.loc 1 78 0
  85 000e 4816     		se_li %r6,1
  86 0010 70E84000 		e_li %r7,-507904
  87 0014 54C7010C 		e_stw %r6,268(%r7)
  88              	.L2:
  89 0018 0004     		se_blr
  90              		.cfi_endproc
  91              	.LFE5:
  92              		.size	sysTimeReset, .-sysTimeReset
  93              		.section	".text","axv"
  94              	.Letext0:
  95              		.file 2 "c:\\spc5studio\\eclipse\\plugins\\com.st.tools.spc5.tools.gnu.gcc.ppcvle.win32_4.9.4.2019
  96              		.file 3 "c:\\spc5studio\\eclipse\\plugins\\com.st.tools.spc5.tools.gnu.gcc.ppcvle.win32_4.9.4.2019
  97              		.file 4 "./components/spc570sxx_platform_component_rla/lib/include/typedefs.h"
  98              		.file 5 "./components/spc570sxx_platform_component_rla/lib/include/xpc570s.h"
  99              		.file 6 "./components/spc570sxx_clock_component_rla/lib/include/clock.h"
 100              		.section	.debug_info,"",@progbits
 101              	.Ldebug_info0:
 102 0000 000003B6 		.4byte	0x3b6
 103 0004 0002     		.2byte	0x2
 104 0006 00000000 		.4byte	.Ldebug_abbrev0
 105 000a 04       		.byte	0x4
 106 000b 01       		.uleb128 0x1
 107 000c 00000000 		.4byte	.LASF28
 108 0010 01       		.byte	0x1
 109 0011 00000000 		.4byte	.LASF29
 110 0015 00000000 		.4byte	.LASF30
 111 0019 00000000 		.4byte	.Ldebug_ranges0+0
 112 001d 00000000 		.4byte	0
 113 0021 00000000 		.4byte	0
 114 0025 00000000 		.4byte	.Ldebug_line0
GAS LISTING C:\Users\duchu\AppData\Local\Temp\cc8L7U78.s 			page 3


 115 0029 02       		.uleb128 0x2
 116 002a 01       		.byte	0x1
 117 002b 06       		.byte	0x6
 118 002c 00000000 		.4byte	.LASF0
 119 0030 03       		.uleb128 0x3
 120 0031 00000000 		.4byte	.LASF3
 121 0035 02       		.byte	0x2
 122 0036 1D       		.byte	0x1d
 123 0037 0000003B 		.4byte	0x3b
 124 003b 02       		.uleb128 0x2
 125 003c 01       		.byte	0x1
 126 003d 08       		.byte	0x8
 127 003e 00000000 		.4byte	.LASF1
 128 0042 02       		.uleb128 0x2
 129 0043 02       		.byte	0x2
 130 0044 05       		.byte	0x5
 131 0045 00000000 		.4byte	.LASF2
 132 0049 03       		.uleb128 0x3
 133 004a 00000000 		.4byte	.LASF4
 134 004e 02       		.byte	0x2
 135 004f 2B       		.byte	0x2b
 136 0050 00000054 		.4byte	0x54
 137 0054 02       		.uleb128 0x2
 138 0055 02       		.byte	0x2
 139 0056 07       		.byte	0x7
 140 0057 00000000 		.4byte	.LASF5
 141 005b 02       		.uleb128 0x2
 142 005c 04       		.byte	0x4
 143 005d 05       		.byte	0x5
 144 005e 00000000 		.4byte	.LASF6
 145 0062 03       		.uleb128 0x3
 146 0063 00000000 		.4byte	.LASF7
 147 0067 02       		.byte	0x2
 148 0068 41       		.byte	0x41
 149 0069 0000006D 		.4byte	0x6d
 150 006d 02       		.uleb128 0x2
 151 006e 04       		.byte	0x4
 152 006f 07       		.byte	0x7
 153 0070 00000000 		.4byte	.LASF8
 154 0074 02       		.uleb128 0x2
 155 0075 08       		.byte	0x8
 156 0076 05       		.byte	0x5
 157 0077 00000000 		.4byte	.LASF9
 158 007b 02       		.uleb128 0x2
 159 007c 08       		.byte	0x8
 160 007d 07       		.byte	0x7
 161 007e 00000000 		.4byte	.LASF10
 162 0082 04       		.uleb128 0x4
 163 0083 04       		.byte	0x4
 164 0084 05       		.byte	0x5
 165 0085 696E7400 		.string	"int"
 166 0089 02       		.uleb128 0x2
 167 008a 04       		.byte	0x4
 168 008b 07       		.byte	0x7
 169 008c 00000000 		.4byte	.LASF11
 170 0090 03       		.uleb128 0x3
 171 0091 00000000 		.4byte	.LASF12
GAS LISTING C:\Users\duchu\AppData\Local\Temp\cc8L7U78.s 			page 4


 172 0095 03       		.byte	0x3
 173 0096 15       		.byte	0x15
 174 0097 00000030 		.4byte	0x30
 175 009b 03       		.uleb128 0x3
 176 009c 00000000 		.4byte	.LASF13
 177 00a0 03       		.byte	0x3
 178 00a1 21       		.byte	0x21
 179 00a2 00000049 		.4byte	0x49
 180 00a6 03       		.uleb128 0x3
 181 00a7 00000000 		.4byte	.LASF14
 182 00ab 03       		.byte	0x3
 183 00ac 2D       		.byte	0x2d
 184 00ad 00000062 		.4byte	0x62
 185 00b1 03       		.uleb128 0x3
 186 00b2 00000000 		.4byte	.LASF15
 187 00b6 04       		.byte	0x4
 188 00b7 1D       		.byte	0x1d
 189 00b8 000000BC 		.4byte	0xbc
 190 00bc 05       		.uleb128 0x5
 191 00bd 00000090 		.4byte	0x90
 192 00c1 03       		.uleb128 0x3
 193 00c2 00000000 		.4byte	.LASF16
 194 00c6 04       		.byte	0x4
 195 00c7 21       		.byte	0x21
 196 00c8 000000CC 		.4byte	0xcc
 197 00cc 05       		.uleb128 0x5
 198 00cd 000000A6 		.4byte	0xa6
 199 00d1 02       		.uleb128 0x2
 200 00d2 04       		.byte	0x4
 201 00d3 07       		.byte	0x7
 202 00d4 00000000 		.4byte	.LASF17
 203 00d8 06       		.uleb128 0x6
 204 00d9 000000B1 		.4byte	0xb1
 205 00dd 000000E8 		.4byte	0xe8
 206 00e1 07       		.uleb128 0x7
 207 00e2 000000D1 		.4byte	0xd1
 208 00e6 FB       		.byte	0xfb
 209 00e7 00       		.byte	0
 210 00e8 08       		.uleb128 0x8
 211 00e9 04       		.byte	0x4
 212 00ea 05       		.byte	0x5
 213 00eb 1690     		.2byte	0x1690
 214 00ed 00000128 		.4byte	0x128
 215 00f1 09       		.uleb128 0x9
 216 00f2 00000000 		.4byte	.LASF18
 217 00f6 05       		.byte	0x5
 218 00f7 1691     		.2byte	0x1691
 219 00f9 000000C1 		.4byte	0xc1
 220 00fd 04       		.byte	0x4
 221 00fe 1E       		.byte	0x1e
 222 00ff 00       		.byte	0
 223 0100 02       		.byte	0x2
 224 0101 23       		.byte	0x23
 225 0102 00       		.uleb128 0
 226 0103 09       		.uleb128 0x9
 227 0104 00000000 		.4byte	.LASF19
 228 0108 05       		.byte	0x5
GAS LISTING C:\Users\duchu\AppData\Local\Temp\cc8L7U78.s 			page 5


 229 0109 1692     		.2byte	0x1692
 230 010b 000000C1 		.4byte	0xc1
 231 010f 04       		.byte	0x4
 232 0110 01       		.byte	0x1
 233 0111 1E       		.byte	0x1e
 234 0112 02       		.byte	0x2
 235 0113 23       		.byte	0x23
 236 0114 00       		.uleb128 0
 237 0115 0A       		.uleb128 0xa
 238 0116 46525A00 		.string	"FRZ"
 239 011a 05       		.byte	0x5
 240 011b 1693     		.2byte	0x1693
 241 011d 000000C1 		.4byte	0xc1
 242 0121 04       		.byte	0x4
 243 0122 01       		.byte	0x1
 244 0123 1F       		.byte	0x1f
 245 0124 02       		.byte	0x2
 246 0125 23       		.byte	0x23
 247 0126 00       		.uleb128 0
 248 0127 00       		.byte	0
 249 0128 0B       		.uleb128 0xb
 250 0129 04       		.byte	0x4
 251 012a 05       		.byte	0x5
 252 012b 168E     		.2byte	0x168e
 253 012d 00000146 		.4byte	0x146
 254 0131 0C       		.uleb128 0xc
 255 0132 5200     		.string	"R"
 256 0134 05       		.byte	0x5
 257 0135 168F     		.2byte	0x168f
 258 0137 000000C1 		.4byte	0xc1
 259 013b 0C       		.uleb128 0xc
 260 013c 4200     		.string	"B"
 261 013e 05       		.byte	0x5
 262 013f 1694     		.2byte	0x1694
 263 0141 000000E8 		.4byte	0xe8
 264 0145 00       		.byte	0
 265 0146 08       		.uleb128 0x8
 266 0147 04       		.byte	0x4
 267 0148 05       		.byte	0x5
 268 0149 169C     		.2byte	0x169c
 269 014b 00000162 		.4byte	0x162
 270 014f 0A       		.uleb128 0xa
 271 0150 54535600 		.string	"TSV"
 272 0154 05       		.byte	0x5
 273 0155 169D     		.2byte	0x169d
 274 0157 000000C1 		.4byte	0xc1
 275 015b 04       		.byte	0x4
 276 015c 20       		.byte	0x20
 277 015d 00       		.byte	0
 278 015e 02       		.byte	0x2
 279 015f 23       		.byte	0x23
 280 0160 00       		.uleb128 0
 281 0161 00       		.byte	0
 282 0162 0B       		.uleb128 0xb
 283 0163 04       		.byte	0x4
 284 0164 05       		.byte	0x5
 285 0165 169A     		.2byte	0x169a
GAS LISTING C:\Users\duchu\AppData\Local\Temp\cc8L7U78.s 			page 6


 286 0167 00000180 		.4byte	0x180
 287 016b 0C       		.uleb128 0xc
 288 016c 5200     		.string	"R"
 289 016e 05       		.byte	0x5
 290 016f 169B     		.2byte	0x169b
 291 0171 000000C1 		.4byte	0xc1
 292 0175 0C       		.uleb128 0xc
 293 0176 4200     		.string	"B"
 294 0178 05       		.byte	0x5
 295 0179 169E     		.2byte	0x169e
 296 017b 00000146 		.4byte	0x146
 297 017f 00       		.byte	0
 298 0180 08       		.uleb128 0x8
 299 0181 04       		.byte	0x4
 300 0182 05       		.byte	0x5
 301 0183 16A3     		.2byte	0x16a3
 302 0185 0000019C 		.4byte	0x19c
 303 0189 0A       		.uleb128 0xa
 304 018a 54564C00 		.string	"TVL"
 305 018e 05       		.byte	0x5
 306 018f 16A4     		.2byte	0x16a4
 307 0191 000000C1 		.4byte	0xc1
 308 0195 04       		.byte	0x4
 309 0196 20       		.byte	0x20
 310 0197 00       		.byte	0
 311 0198 02       		.byte	0x2
 312 0199 23       		.byte	0x23
 313 019a 00       		.uleb128 0
 314 019b 00       		.byte	0
 315 019c 0B       		.uleb128 0xb
 316 019d 04       		.byte	0x4
 317 019e 05       		.byte	0x5
 318 019f 16A1     		.2byte	0x16a1
 319 01a1 000001BA 		.4byte	0x1ba
 320 01a5 0C       		.uleb128 0xc
 321 01a6 5200     		.string	"R"
 322 01a8 05       		.byte	0x5
 323 01a9 16A2     		.2byte	0x16a2
 324 01ab 000000C1 		.4byte	0xc1
 325 01af 0C       		.uleb128 0xc
 326 01b0 4200     		.string	"B"
 327 01b2 05       		.byte	0x5
 328 01b3 16A5     		.2byte	0x16a5
 329 01b5 00000180 		.4byte	0x180
 330 01b9 00       		.byte	0
 331 01ba 08       		.uleb128 0x8
 332 01bb 04       		.byte	0x4
 333 01bc 05       		.byte	0x5
 334 01bd 16AA     		.2byte	0x16aa
 335 01bf 000001FA 		.4byte	0x1fa
 336 01c3 09       		.uleb128 0x9
 337 01c4 00000000 		.4byte	.LASF18
 338 01c8 05       		.byte	0x5
 339 01c9 16AB     		.2byte	0x16ab
 340 01cb 000000C1 		.4byte	0xc1
 341 01cf 04       		.byte	0x4
 342 01d0 1E       		.byte	0x1e
GAS LISTING C:\Users\duchu\AppData\Local\Temp\cc8L7U78.s 			page 7


 343 01d1 00       		.byte	0
 344 01d2 02       		.byte	0x2
 345 01d3 23       		.byte	0x23
 346 01d4 00       		.uleb128 0
 347 01d5 0A       		.uleb128 0xa
 348 01d6 54494500 		.string	"TIE"
 349 01da 05       		.byte	0x5
 350 01db 16AC     		.2byte	0x16ac
 351 01dd 000000C1 		.4byte	0xc1
 352 01e1 04       		.byte	0x4
 353 01e2 01       		.byte	0x1
 354 01e3 1E       		.byte	0x1e
 355 01e4 02       		.byte	0x2
 356 01e5 23       		.byte	0x23
 357 01e6 00       		.uleb128 0
 358 01e7 0A       		.uleb128 0xa
 359 01e8 54454E00 		.string	"TEN"
 360 01ec 05       		.byte	0x5
 361 01ed 16AD     		.2byte	0x16ad
 362 01ef 000000C1 		.4byte	0xc1
 363 01f3 04       		.byte	0x4
 364 01f4 01       		.byte	0x1
 365 01f5 1F       		.byte	0x1f
 366 01f6 02       		.byte	0x2
 367 01f7 23       		.byte	0x23
 368 01f8 00       		.uleb128 0
 369 01f9 00       		.byte	0
 370 01fa 0B       		.uleb128 0xb
 371 01fb 04       		.byte	0x4
 372 01fc 05       		.byte	0x5
 373 01fd 16A8     		.2byte	0x16a8
 374 01ff 00000218 		.4byte	0x218
 375 0203 0C       		.uleb128 0xc
 376 0204 5200     		.string	"R"
 377 0206 05       		.byte	0x5
 378 0207 16A9     		.2byte	0x16a9
 379 0209 000000C1 		.4byte	0xc1
 380 020d 0C       		.uleb128 0xc
 381 020e 4200     		.string	"B"
 382 0210 05       		.byte	0x5
 383 0211 16AE     		.2byte	0x16ae
 384 0213 000001BA 		.4byte	0x1ba
 385 0217 00       		.byte	0
 386 0218 08       		.uleb128 0x8
 387 0219 04       		.byte	0x4
 388 021a 05       		.byte	0x5
 389 021b 16B3     		.2byte	0x16b3
 390 021d 00000246 		.4byte	0x246
 391 0221 09       		.uleb128 0x9
 392 0222 00000000 		.4byte	.LASF18
 393 0226 05       		.byte	0x5
 394 0227 16B4     		.2byte	0x16b4
 395 0229 000000C1 		.4byte	0xc1
 396 022d 04       		.byte	0x4
 397 022e 1F       		.byte	0x1f
 398 022f 00       		.byte	0
 399 0230 02       		.byte	0x2
GAS LISTING C:\Users\duchu\AppData\Local\Temp\cc8L7U78.s 			page 8


 400 0231 23       		.byte	0x23
 401 0232 00       		.uleb128 0
 402 0233 0A       		.uleb128 0xa
 403 0234 54494600 		.string	"TIF"
 404 0238 05       		.byte	0x5
 405 0239 16B5     		.2byte	0x16b5
 406 023b 000000C1 		.4byte	0xc1
 407 023f 04       		.byte	0x4
 408 0240 01       		.byte	0x1
 409 0241 1F       		.byte	0x1f
 410 0242 02       		.byte	0x2
 411 0243 23       		.byte	0x23
 412 0244 00       		.uleb128 0
 413 0245 00       		.byte	0
 414 0246 0B       		.uleb128 0xb
 415 0247 04       		.byte	0x4
 416 0248 05       		.byte	0x5
 417 0249 16B1     		.2byte	0x16b1
 418 024b 00000264 		.4byte	0x264
 419 024f 0C       		.uleb128 0xc
 420 0250 5200     		.string	"R"
 421 0252 05       		.byte	0x5
 422 0253 16B2     		.2byte	0x16b2
 423 0255 000000C1 		.4byte	0xc1
 424 0259 0C       		.uleb128 0xc
 425 025a 4200     		.string	"B"
 426 025c 05       		.byte	0x5
 427 025d 16B6     		.2byte	0x16b6
 428 025f 00000218 		.4byte	0x218
 429 0263 00       		.byte	0
 430 0264 08       		.uleb128 0x8
 431 0265 10       		.byte	0x10
 432 0266 05       		.byte	0x5
 433 0267 1699     		.2byte	0x1699
 434 0269 000002AA 		.4byte	0x2aa
 435 026d 0D       		.uleb128 0xd
 436 026e 00000000 		.4byte	.LASF20
 437 0272 05       		.byte	0x5
 438 0273 169F     		.2byte	0x169f
 439 0275 00000162 		.4byte	0x162
 440 0279 02       		.byte	0x2
 441 027a 23       		.byte	0x23
 442 027b 00       		.uleb128 0
 443 027c 0D       		.uleb128 0xd
 444 027d 00000000 		.4byte	.LASF21
 445 0281 05       		.byte	0x5
 446 0282 16A6     		.2byte	0x16a6
 447 0284 0000019C 		.4byte	0x19c
 448 0288 02       		.byte	0x2
 449 0289 23       		.byte	0x23
 450 028a 04       		.uleb128 0x4
 451 028b 0D       		.uleb128 0xd
 452 028c 00000000 		.4byte	.LASF22
 453 0290 05       		.byte	0x5
 454 0291 16AF     		.2byte	0x16af
 455 0293 000001FA 		.4byte	0x1fa
 456 0297 02       		.byte	0x2
GAS LISTING C:\Users\duchu\AppData\Local\Temp\cc8L7U78.s 			page 9


 457 0298 23       		.byte	0x23
 458 0299 08       		.uleb128 0x8
 459 029a 0D       		.uleb128 0xd
 460 029b 00000000 		.4byte	.LASF23
 461 029f 05       		.byte	0x5
 462 02a0 16B7     		.2byte	0x16b7
 463 02a2 00000246 		.4byte	0x246
 464 02a6 02       		.byte	0x2
 465 02a7 23       		.byte	0x23
 466 02a8 0C       		.uleb128 0xc
 467 02a9 00       		.byte	0
 468 02aa 0E       		.uleb128 0xe
 469 02ab 00000000 		.4byte	.LASF31
 470 02af 0140     		.2byte	0x140
 471 02b1 05       		.byte	0x5
 472 02b2 168D     		.2byte	0x168d
 473 02b4 000002E6 		.4byte	0x2e6
 474 02b8 0F       		.uleb128 0xf
 475 02b9 4D435200 		.string	"MCR"
 476 02bd 05       		.byte	0x5
 477 02be 1695     		.2byte	0x1695
 478 02c0 00000128 		.4byte	0x128
 479 02c4 02       		.byte	0x2
 480 02c5 23       		.byte	0x23
 481 02c6 00       		.uleb128 0
 482 02c7 0D       		.uleb128 0xd
 483 02c8 00000000 		.4byte	.LASF24
 484 02cc 05       		.byte	0x5
 485 02cd 1697     		.2byte	0x1697
 486 02cf 000002E6 		.4byte	0x2e6
 487 02d3 02       		.byte	0x2
 488 02d4 23       		.byte	0x23
 489 02d5 04       		.uleb128 0x4
 490 02d6 0F       		.uleb128 0xf
 491 02d7 434800   		.string	"CH"
 492 02da 05       		.byte	0x5
 493 02db 16B9     		.2byte	0x16b9
 494 02dd 000002EB 		.4byte	0x2eb
 495 02e1 03       		.byte	0x3
 496 02e2 23       		.byte	0x23
 497 02e3 8002     		.uleb128 0x100
 498 02e5 00       		.byte	0
 499 02e6 05       		.uleb128 0x5
 500 02e7 000000D8 		.4byte	0xd8
 501 02eb 06       		.uleb128 0x6
 502 02ec 00000264 		.4byte	0x264
 503 02f0 000002FB 		.4byte	0x2fb
 504 02f4 07       		.uleb128 0x7
 505 02f5 000000D1 		.4byte	0xd1
 506 02f9 03       		.byte	0x3
 507 02fa 00       		.byte	0
 508 02fb 10       		.uleb128 0x10
 509 02fc 04       		.byte	0x4
 510 02fd 06       		.byte	0x6
 511 02fe 04B8     		.2byte	0x4b8
 512 0300 0000030B 		.4byte	0x30b
 513 0304 11       		.uleb128 0x11
GAS LISTING C:\Users\duchu\AppData\Local\Temp\cc8L7U78.s 			page 10


 514 0305 00000000 		.4byte	.LASF32
 515 0309 00       		.sleb128 0
 516 030a 00       		.byte	0
 517 030b 12       		.uleb128 0x12
 518 030c 00000000 		.4byte	.LASF25
 519 0310 06       		.byte	0x6
 520 0311 04BA     		.2byte	0x4ba
 521 0313 000002FB 		.4byte	0x2fb
 522 0317 13       		.uleb128 0x13
 523 0318 01       		.byte	0x1
 524 0319 00000000 		.4byte	.LASF33
 525 031d 01       		.byte	0x1
 526 031e 34       		.byte	0x34
 527 031f 01       		.byte	0x1
 528 0320 00000000 		.4byte	.LFB4
 529 0324 00000000 		.4byte	.LFE4
 530 0328 00000000 		.4byte	.LLST0
 531 032c 01       		.byte	0x1
 532 032d 00000375 		.4byte	0x375
 533 0331 14       		.uleb128 0x14
 534 0332 00000000 		.4byte	.LASF34
 535 0336 01       		.byte	0x1
 536 0337 34       		.byte	0x34
 537 0338 000000A6 		.4byte	0xa6
 538 033c 00000000 		.4byte	.LLST1
 539 0340 15       		.uleb128 0x15
 540 0341 72656700 		.string	"reg"
 541 0345 01       		.byte	0x1
 542 0346 36       		.byte	0x36
 543 0347 000000A6 		.4byte	0xa6
 544 034b 01       		.byte	0x1
 545 034c 53       		.byte	0x53
 546 034d 16       		.uleb128 0x16
 547 034e 00000000 		.4byte	.LVL2
 548 0352 0000038A 		.4byte	0x38a
 549 0356 00000365 		.4byte	0x365
 550 035a 17       		.uleb128 0x17
 551 035b 01       		.byte	0x1
 552 035c 54       		.byte	0x54
 553 035d 01       		.byte	0x1
 554 035e 42       		.byte	0x42
 555 035f 17       		.uleb128 0x17
 556 0360 01       		.byte	0x1
 557 0361 53       		.byte	0x53
 558 0362 01       		.byte	0x1
 559 0363 4E       		.byte	0x4e
 560 0364 00       		.byte	0
 561 0365 18       		.uleb128 0x18
 562 0366 00000000 		.4byte	.LVL3
 563 036a 000003A4 		.4byte	0x3a4
 564 036e 17       		.uleb128 0x17
 565 036f 01       		.byte	0x1
 566 0370 53       		.byte	0x53
 567 0371 01       		.byte	0x1
 568 0372 30       		.byte	0x30
 569 0373 00       		.byte	0
 570 0374 00       		.byte	0
GAS LISTING C:\Users\duchu\AppData\Local\Temp\cc8L7U78.s 			page 11


 571 0375 19       		.uleb128 0x19
 572 0376 01       		.byte	0x1
 573 0377 00000000 		.4byte	.LASF35
 574 037b 01       		.byte	0x1
 575 037c 4A       		.byte	0x4a
 576 037d 01       		.byte	0x1
 577 037e 00000000 		.4byte	.LFB5
 578 0382 00000000 		.4byte	.LFE5
 579 0386 02       		.byte	0x2
 580 0387 71       		.byte	0x71
 581 0388 00       		.sleb128 0
 582 0389 01       		.byte	0x1
 583 038a 1A       		.uleb128 0x1a
 584 038b 01       		.byte	0x1
 585 038c 00000000 		.4byte	.LASF26
 586 0390 06       		.byte	0x6
 587 0391 04CB     		.2byte	0x4cb
 588 0393 01       		.byte	0x1
 589 0394 01       		.byte	0x1
 590 0395 000003A4 		.4byte	0x3a4
 591 0399 1B       		.uleb128 0x1b
 592 039a 000000A6 		.4byte	0xa6
 593 039e 1B       		.uleb128 0x1b
 594 039f 000000A6 		.4byte	0xa6
 595 03a3 00       		.byte	0
 596 03a4 1C       		.uleb128 0x1c
 597 03a5 01       		.byte	0x1
 598 03a6 00000000 		.4byte	.LASF27
 599 03aa 06       		.byte	0x6
 600 03ab 04CE     		.2byte	0x4ce
 601 03ad 01       		.byte	0x1
 602 03ae 000000A6 		.4byte	0xa6
 603 03b2 01       		.byte	0x1
 604 03b3 1B       		.uleb128 0x1b
 605 03b4 0000030B 		.4byte	0x30b
 606 03b8 00       		.byte	0
 607 03b9 00       		.byte	0
 608              		.section	.debug_abbrev,"",@progbits
 609              	.Ldebug_abbrev0:
 610 0000 01       		.uleb128 0x1
 611 0001 11       		.uleb128 0x11
 612 0002 01       		.byte	0x1
 613 0003 25       		.uleb128 0x25
 614 0004 0E       		.uleb128 0xe
 615 0005 13       		.uleb128 0x13
 616 0006 0B       		.uleb128 0xb
 617 0007 03       		.uleb128 0x3
 618 0008 0E       		.uleb128 0xe
 619 0009 1B       		.uleb128 0x1b
 620 000a 0E       		.uleb128 0xe
 621 000b 55       		.uleb128 0x55
 622 000c 06       		.uleb128 0x6
 623 000d 11       		.uleb128 0x11
 624 000e 01       		.uleb128 0x1
 625 000f 52       		.uleb128 0x52
 626 0010 01       		.uleb128 0x1
 627 0011 10       		.uleb128 0x10
GAS LISTING C:\Users\duchu\AppData\Local\Temp\cc8L7U78.s 			page 12


 628 0012 06       		.uleb128 0x6
 629 0013 00       		.byte	0
 630 0014 00       		.byte	0
 631 0015 02       		.uleb128 0x2
 632 0016 24       		.uleb128 0x24
 633 0017 00       		.byte	0
 634 0018 0B       		.uleb128 0xb
 635 0019 0B       		.uleb128 0xb
 636 001a 3E       		.uleb128 0x3e
 637 001b 0B       		.uleb128 0xb
 638 001c 03       		.uleb128 0x3
 639 001d 0E       		.uleb128 0xe
 640 001e 00       		.byte	0
 641 001f 00       		.byte	0
 642 0020 03       		.uleb128 0x3
 643 0021 16       		.uleb128 0x16
 644 0022 00       		.byte	0
 645 0023 03       		.uleb128 0x3
 646 0024 0E       		.uleb128 0xe
 647 0025 3A       		.uleb128 0x3a
 648 0026 0B       		.uleb128 0xb
 649 0027 3B       		.uleb128 0x3b
 650 0028 0B       		.uleb128 0xb
 651 0029 49       		.uleb128 0x49
 652 002a 13       		.uleb128 0x13
 653 002b 00       		.byte	0
 654 002c 00       		.byte	0
 655 002d 04       		.uleb128 0x4
 656 002e 24       		.uleb128 0x24
 657 002f 00       		.byte	0
 658 0030 0B       		.uleb128 0xb
 659 0031 0B       		.uleb128 0xb
 660 0032 3E       		.uleb128 0x3e
 661 0033 0B       		.uleb128 0xb
 662 0034 03       		.uleb128 0x3
 663 0035 08       		.uleb128 0x8
 664 0036 00       		.byte	0
 665 0037 00       		.byte	0
 666 0038 05       		.uleb128 0x5
 667 0039 35       		.uleb128 0x35
 668 003a 00       		.byte	0
 669 003b 49       		.uleb128 0x49
 670 003c 13       		.uleb128 0x13
 671 003d 00       		.byte	0
 672 003e 00       		.byte	0
 673 003f 06       		.uleb128 0x6
 674 0040 01       		.uleb128 0x1
 675 0041 01       		.byte	0x1
 676 0042 49       		.uleb128 0x49
 677 0043 13       		.uleb128 0x13
 678 0044 01       		.uleb128 0x1
 679 0045 13       		.uleb128 0x13
 680 0046 00       		.byte	0
 681 0047 00       		.byte	0
 682 0048 07       		.uleb128 0x7
 683 0049 21       		.uleb128 0x21
 684 004a 00       		.byte	0
GAS LISTING C:\Users\duchu\AppData\Local\Temp\cc8L7U78.s 			page 13


 685 004b 49       		.uleb128 0x49
 686 004c 13       		.uleb128 0x13
 687 004d 2F       		.uleb128 0x2f
 688 004e 0B       		.uleb128 0xb
 689 004f 00       		.byte	0
 690 0050 00       		.byte	0
 691 0051 08       		.uleb128 0x8
 692 0052 13       		.uleb128 0x13
 693 0053 01       		.byte	0x1
 694 0054 0B       		.uleb128 0xb
 695 0055 0B       		.uleb128 0xb
 696 0056 3A       		.uleb128 0x3a
 697 0057 0B       		.uleb128 0xb
 698 0058 3B       		.uleb128 0x3b
 699 0059 05       		.uleb128 0x5
 700 005a 01       		.uleb128 0x1
 701 005b 13       		.uleb128 0x13
 702 005c 00       		.byte	0
 703 005d 00       		.byte	0
 704 005e 09       		.uleb128 0x9
 705 005f 0D       		.uleb128 0xd
 706 0060 00       		.byte	0
 707 0061 03       		.uleb128 0x3
 708 0062 0E       		.uleb128 0xe
 709 0063 3A       		.uleb128 0x3a
 710 0064 0B       		.uleb128 0xb
 711 0065 3B       		.uleb128 0x3b
 712 0066 05       		.uleb128 0x5
 713 0067 49       		.uleb128 0x49
 714 0068 13       		.uleb128 0x13
 715 0069 0B       		.uleb128 0xb
 716 006a 0B       		.uleb128 0xb
 717 006b 0D       		.uleb128 0xd
 718 006c 0B       		.uleb128 0xb
 719 006d 0C       		.uleb128 0xc
 720 006e 0B       		.uleb128 0xb
 721 006f 38       		.uleb128 0x38
 722 0070 0A       		.uleb128 0xa
 723 0071 00       		.byte	0
 724 0072 00       		.byte	0
 725 0073 0A       		.uleb128 0xa
 726 0074 0D       		.uleb128 0xd
 727 0075 00       		.byte	0
 728 0076 03       		.uleb128 0x3
 729 0077 08       		.uleb128 0x8
 730 0078 3A       		.uleb128 0x3a
 731 0079 0B       		.uleb128 0xb
 732 007a 3B       		.uleb128 0x3b
 733 007b 05       		.uleb128 0x5
 734 007c 49       		.uleb128 0x49
 735 007d 13       		.uleb128 0x13
 736 007e 0B       		.uleb128 0xb
 737 007f 0B       		.uleb128 0xb
 738 0080 0D       		.uleb128 0xd
 739 0081 0B       		.uleb128 0xb
 740 0082 0C       		.uleb128 0xc
 741 0083 0B       		.uleb128 0xb
GAS LISTING C:\Users\duchu\AppData\Local\Temp\cc8L7U78.s 			page 14


 742 0084 38       		.uleb128 0x38
 743 0085 0A       		.uleb128 0xa
 744 0086 00       		.byte	0
 745 0087 00       		.byte	0
 746 0088 0B       		.uleb128 0xb
 747 0089 17       		.uleb128 0x17
 748 008a 01       		.byte	0x1
 749 008b 0B       		.uleb128 0xb
 750 008c 0B       		.uleb128 0xb
 751 008d 3A       		.uleb128 0x3a
 752 008e 0B       		.uleb128 0xb
 753 008f 3B       		.uleb128 0x3b
 754 0090 05       		.uleb128 0x5
 755 0091 01       		.uleb128 0x1
 756 0092 13       		.uleb128 0x13
 757 0093 00       		.byte	0
 758 0094 00       		.byte	0
 759 0095 0C       		.uleb128 0xc
 760 0096 0D       		.uleb128 0xd
 761 0097 00       		.byte	0
 762 0098 03       		.uleb128 0x3
 763 0099 08       		.uleb128 0x8
 764 009a 3A       		.uleb128 0x3a
 765 009b 0B       		.uleb128 0xb
 766 009c 3B       		.uleb128 0x3b
 767 009d 05       		.uleb128 0x5
 768 009e 49       		.uleb128 0x49
 769 009f 13       		.uleb128 0x13
 770 00a0 00       		.byte	0
 771 00a1 00       		.byte	0
 772 00a2 0D       		.uleb128 0xd
 773 00a3 0D       		.uleb128 0xd
 774 00a4 00       		.byte	0
 775 00a5 03       		.uleb128 0x3
 776 00a6 0E       		.uleb128 0xe
 777 00a7 3A       		.uleb128 0x3a
 778 00a8 0B       		.uleb128 0xb
 779 00a9 3B       		.uleb128 0x3b
 780 00aa 05       		.uleb128 0x5
 781 00ab 49       		.uleb128 0x49
 782 00ac 13       		.uleb128 0x13
 783 00ad 38       		.uleb128 0x38
 784 00ae 0A       		.uleb128 0xa
 785 00af 00       		.byte	0
 786 00b0 00       		.byte	0
 787 00b1 0E       		.uleb128 0xe
 788 00b2 13       		.uleb128 0x13
 789 00b3 01       		.byte	0x1
 790 00b4 03       		.uleb128 0x3
 791 00b5 0E       		.uleb128 0xe
 792 00b6 0B       		.uleb128 0xb
 793 00b7 05       		.uleb128 0x5
 794 00b8 3A       		.uleb128 0x3a
 795 00b9 0B       		.uleb128 0xb
 796 00ba 3B       		.uleb128 0x3b
 797 00bb 05       		.uleb128 0x5
 798 00bc 01       		.uleb128 0x1
GAS LISTING C:\Users\duchu\AppData\Local\Temp\cc8L7U78.s 			page 15


 799 00bd 13       		.uleb128 0x13
 800 00be 00       		.byte	0
 801 00bf 00       		.byte	0
 802 00c0 0F       		.uleb128 0xf
 803 00c1 0D       		.uleb128 0xd
 804 00c2 00       		.byte	0
 805 00c3 03       		.uleb128 0x3
 806 00c4 08       		.uleb128 0x8
 807 00c5 3A       		.uleb128 0x3a
 808 00c6 0B       		.uleb128 0xb
 809 00c7 3B       		.uleb128 0x3b
 810 00c8 05       		.uleb128 0x5
 811 00c9 49       		.uleb128 0x49
 812 00ca 13       		.uleb128 0x13
 813 00cb 38       		.uleb128 0x38
 814 00cc 0A       		.uleb128 0xa
 815 00cd 00       		.byte	0
 816 00ce 00       		.byte	0
 817 00cf 10       		.uleb128 0x10
 818 00d0 04       		.uleb128 0x4
 819 00d1 01       		.byte	0x1
 820 00d2 0B       		.uleb128 0xb
 821 00d3 0B       		.uleb128 0xb
 822 00d4 3A       		.uleb128 0x3a
 823 00d5 0B       		.uleb128 0xb
 824 00d6 3B       		.uleb128 0x3b
 825 00d7 05       		.uleb128 0x5
 826 00d8 01       		.uleb128 0x1
 827 00d9 13       		.uleb128 0x13
 828 00da 00       		.byte	0
 829 00db 00       		.byte	0
 830 00dc 11       		.uleb128 0x11
 831 00dd 28       		.uleb128 0x28
 832 00de 00       		.byte	0
 833 00df 03       		.uleb128 0x3
 834 00e0 0E       		.uleb128 0xe
 835 00e1 1C       		.uleb128 0x1c
 836 00e2 0D       		.uleb128 0xd
 837 00e3 00       		.byte	0
 838 00e4 00       		.byte	0
 839 00e5 12       		.uleb128 0x12
 840 00e6 16       		.uleb128 0x16
 841 00e7 00       		.byte	0
 842 00e8 03       		.uleb128 0x3
 843 00e9 0E       		.uleb128 0xe
 844 00ea 3A       		.uleb128 0x3a
 845 00eb 0B       		.uleb128 0xb
 846 00ec 3B       		.uleb128 0x3b
 847 00ed 05       		.uleb128 0x5
 848 00ee 49       		.uleb128 0x49
 849 00ef 13       		.uleb128 0x13
 850 00f0 00       		.byte	0
 851 00f1 00       		.byte	0
 852 00f2 13       		.uleb128 0x13
 853 00f3 2E       		.uleb128 0x2e
 854 00f4 01       		.byte	0x1
 855 00f5 3F       		.uleb128 0x3f
GAS LISTING C:\Users\duchu\AppData\Local\Temp\cc8L7U78.s 			page 16


 856 00f6 0C       		.uleb128 0xc
 857 00f7 03       		.uleb128 0x3
 858 00f8 0E       		.uleb128 0xe
 859 00f9 3A       		.uleb128 0x3a
 860 00fa 0B       		.uleb128 0xb
 861 00fb 3B       		.uleb128 0x3b
 862 00fc 0B       		.uleb128 0xb
 863 00fd 27       		.uleb128 0x27
 864 00fe 0C       		.uleb128 0xc
 865 00ff 11       		.uleb128 0x11
 866 0100 01       		.uleb128 0x1
 867 0101 12       		.uleb128 0x12
 868 0102 01       		.uleb128 0x1
 869 0103 40       		.uleb128 0x40
 870 0104 06       		.uleb128 0x6
 871 0105 9742     		.uleb128 0x2117
 872 0107 0C       		.uleb128 0xc
 873 0108 01       		.uleb128 0x1
 874 0109 13       		.uleb128 0x13
 875 010a 00       		.byte	0
 876 010b 00       		.byte	0
 877 010c 14       		.uleb128 0x14
 878 010d 05       		.uleb128 0x5
 879 010e 00       		.byte	0
 880 010f 03       		.uleb128 0x3
 881 0110 0E       		.uleb128 0xe
 882 0111 3A       		.uleb128 0x3a
 883 0112 0B       		.uleb128 0xb
 884 0113 3B       		.uleb128 0x3b
 885 0114 0B       		.uleb128 0xb
 886 0115 49       		.uleb128 0x49
 887 0116 13       		.uleb128 0x13
 888 0117 02       		.uleb128 0x2
 889 0118 06       		.uleb128 0x6
 890 0119 00       		.byte	0
 891 011a 00       		.byte	0
 892 011b 15       		.uleb128 0x15
 893 011c 34       		.uleb128 0x34
 894 011d 00       		.byte	0
 895 011e 03       		.uleb128 0x3
 896 011f 08       		.uleb128 0x8
 897 0120 3A       		.uleb128 0x3a
 898 0121 0B       		.uleb128 0xb
 899 0122 3B       		.uleb128 0x3b
 900 0123 0B       		.uleb128 0xb
 901 0124 49       		.uleb128 0x49
 902 0125 13       		.uleb128 0x13
 903 0126 02       		.uleb128 0x2
 904 0127 0A       		.uleb128 0xa
 905 0128 00       		.byte	0
 906 0129 00       		.byte	0
 907 012a 16       		.uleb128 0x16
 908 012b 898201   		.uleb128 0x4109
 909 012e 01       		.byte	0x1
 910 012f 11       		.uleb128 0x11
 911 0130 01       		.uleb128 0x1
 912 0131 31       		.uleb128 0x31
GAS LISTING C:\Users\duchu\AppData\Local\Temp\cc8L7U78.s 			page 17


 913 0132 13       		.uleb128 0x13
 914 0133 01       		.uleb128 0x1
 915 0134 13       		.uleb128 0x13
 916 0135 00       		.byte	0
 917 0136 00       		.byte	0
 918 0137 17       		.uleb128 0x17
 919 0138 8A8201   		.uleb128 0x410a
 920 013b 00       		.byte	0
 921 013c 02       		.uleb128 0x2
 922 013d 0A       		.uleb128 0xa
 923 013e 9142     		.uleb128 0x2111
 924 0140 0A       		.uleb128 0xa
 925 0141 00       		.byte	0
 926 0142 00       		.byte	0
 927 0143 18       		.uleb128 0x18
 928 0144 898201   		.uleb128 0x4109
 929 0147 01       		.byte	0x1
 930 0148 11       		.uleb128 0x11
 931 0149 01       		.uleb128 0x1
 932 014a 31       		.uleb128 0x31
 933 014b 13       		.uleb128 0x13
 934 014c 00       		.byte	0
 935 014d 00       		.byte	0
 936 014e 19       		.uleb128 0x19
 937 014f 2E       		.uleb128 0x2e
 938 0150 00       		.byte	0
 939 0151 3F       		.uleb128 0x3f
 940 0152 0C       		.uleb128 0xc
 941 0153 03       		.uleb128 0x3
 942 0154 0E       		.uleb128 0xe
 943 0155 3A       		.uleb128 0x3a
 944 0156 0B       		.uleb128 0xb
 945 0157 3B       		.uleb128 0x3b
 946 0158 0B       		.uleb128 0xb
 947 0159 27       		.uleb128 0x27
 948 015a 0C       		.uleb128 0xc
 949 015b 11       		.uleb128 0x11
 950 015c 01       		.uleb128 0x1
 951 015d 12       		.uleb128 0x12
 952 015e 01       		.uleb128 0x1
 953 015f 40       		.uleb128 0x40
 954 0160 0A       		.uleb128 0xa
 955 0161 9742     		.uleb128 0x2117
 956 0163 0C       		.uleb128 0xc
 957 0164 00       		.byte	0
 958 0165 00       		.byte	0
 959 0166 1A       		.uleb128 0x1a
 960 0167 2E       		.uleb128 0x2e
 961 0168 01       		.byte	0x1
 962 0169 3F       		.uleb128 0x3f
 963 016a 0C       		.uleb128 0xc
 964 016b 03       		.uleb128 0x3
 965 016c 0E       		.uleb128 0xe
 966 016d 3A       		.uleb128 0x3a
 967 016e 0B       		.uleb128 0xb
 968 016f 3B       		.uleb128 0x3b
 969 0170 05       		.uleb128 0x5
GAS LISTING C:\Users\duchu\AppData\Local\Temp\cc8L7U78.s 			page 18


 970 0171 27       		.uleb128 0x27
 971 0172 0C       		.uleb128 0xc
 972 0173 3C       		.uleb128 0x3c
 973 0174 0C       		.uleb128 0xc
 974 0175 01       		.uleb128 0x1
 975 0176 13       		.uleb128 0x13
 976 0177 00       		.byte	0
 977 0178 00       		.byte	0
 978 0179 1B       		.uleb128 0x1b
 979 017a 05       		.uleb128 0x5
 980 017b 00       		.byte	0
 981 017c 49       		.uleb128 0x49
 982 017d 13       		.uleb128 0x13
 983 017e 00       		.byte	0
 984 017f 00       		.byte	0
 985 0180 1C       		.uleb128 0x1c
 986 0181 2E       		.uleb128 0x2e
 987 0182 01       		.byte	0x1
 988 0183 3F       		.uleb128 0x3f
 989 0184 0C       		.uleb128 0xc
 990 0185 03       		.uleb128 0x3
 991 0186 0E       		.uleb128 0xe
 992 0187 3A       		.uleb128 0x3a
 993 0188 0B       		.uleb128 0xb
 994 0189 3B       		.uleb128 0x3b
 995 018a 05       		.uleb128 0x5
 996 018b 27       		.uleb128 0x27
 997 018c 0C       		.uleb128 0xc
 998 018d 49       		.uleb128 0x49
 999 018e 13       		.uleb128 0x13
 1000 018f 3C       		.uleb128 0x3c
 1001 0190 0C       		.uleb128 0xc
 1002 0191 00       		.byte	0
 1003 0192 00       		.byte	0
 1004 0193 00       		.byte	0
 1005              		.section	.debug_loc,"",@progbits
 1006              	.Ldebug_loc0:
 1007              	.LLST0:
 1008 0000 00000000 		.4byte	.LFB4
 1009 0004 00000000 		.4byte	.LCFI0
 1010 0008 0002     		.2byte	0x2
 1011 000a 71       		.byte	0x71
 1012 000b 00       		.sleb128 0
 1013 000c 00000000 		.4byte	.LCFI0
 1014 0010 00000000 		.4byte	.LCFI1
 1015 0014 0002     		.2byte	0x2
 1016 0016 71       		.byte	0x71
 1017 0017 10       		.sleb128 16
 1018 0018 00000000 		.4byte	.LCFI1
 1019 001c 00000000 		.4byte	.LFE4
 1020 0020 0002     		.2byte	0x2
 1021 0022 71       		.byte	0x71
 1022 0023 00       		.sleb128 0
 1023 0024 00000000 		.4byte	0
 1024 0028 00000000 		.4byte	0
 1025              	.LLST1:
 1026 002c 00000000 		.4byte	.LVL0
GAS LISTING C:\Users\duchu\AppData\Local\Temp\cc8L7U78.s 			page 19


 1027 0030 00000000 		.4byte	.LVL1
 1028 0034 0001     		.2byte	0x1
 1029 0036 53       		.byte	0x53
 1030 0037 00000000 		.4byte	.LVL1
 1031 003b 00000000 		.4byte	.LVL5
 1032 003f 0001     		.2byte	0x1
 1033 0041 6F       		.byte	0x6f
 1034 0042 00000000 		.4byte	.LVL5
 1035 0046 00000000 		.4byte	.LFE4
 1036 004a 0004     		.2byte	0x4
 1037 004c F3       		.byte	0xf3
 1038 004d 01       		.uleb128 0x1
 1039 004e 53       		.byte	0x53
 1040 004f 9F       		.byte	0x9f
 1041 0050 00000000 		.4byte	0
 1042 0054 00000000 		.4byte	0
 1043              		.section	.debug_aranges,"",@progbits
 1044 0000 00000024 		.4byte	0x24
 1045 0004 0002     		.2byte	0x2
 1046 0006 00000000 		.4byte	.Ldebug_info0
 1047 000a 04       		.byte	0x4
 1048 000b 00       		.byte	0
 1049 000c 0000     		.2byte	0
 1050 000e 0000     		.2byte	0
 1051 0010 00000000 		.4byte	.LFB4
 1052 0014 00000054 		.4byte	.LFE4-.LFB4
 1053 0018 00000000 		.4byte	.LFB5
 1054 001c 0000001A 		.4byte	.LFE5-.LFB5
 1055 0020 00000000 		.4byte	0
 1056 0024 00000000 		.4byte	0
 1057              		.section	.debug_ranges,"",@progbits
 1058              	.Ldebug_ranges0:
 1059 0000 00000000 		.4byte	.LFB4
 1060 0004 00000000 		.4byte	.LFE4
 1061 0008 00000000 		.4byte	.LFB5
 1062 000c 00000000 		.4byte	.LFE5
 1063 0010 00000000 		.4byte	0
 1064 0014 00000000 		.4byte	0
 1065              		.section	.debug_line,"",@progbits
 1066              	.Ldebug_line0:
 1067 0000 00000246 		.section	.debug_str,"MS",@progbits,1
 1067      00020000 
 1067      02160201 
 1067      FB0E0D00 
 1067      01010101 
 1068              	.LASF3:
 1069 0000 5F5F7569 		.string	"__uint8_t"
 1069      6E74385F 
 1069      7400
 1070              	.LASF28:
 1071 000a 474E5520 		.ascii	"GNU C 4.9.4 20160726 (Sat May 27 11:09:55 CDT 2017      "
 1071      4320342E 
 1071      392E3420 
 1071      32303136 
 1071      30373236 
 1072 0042 20202062 		.string	"   build.sh rev=gd8b6c20 s=F494 ELe200 -V release_gd8b6c20_build_Fed_ELe200_ML0) -mcall-s
 1072      75696C64 
GAS LISTING C:\Users\duchu\AppData\Local\Temp\cc8L7U78.s 			page 20


 1072      2E736820 
 1072      7265763D 
 1072      67643862 
 1073              	.LASF23:
 1074 0143 54464C47 		.string	"TFLG"
 1074      00
 1075              	.LASF1:
 1076 0148 756E7369 		.string	"unsigned char"
 1076      676E6564 
 1076      20636861 
 1076      7200
 1077              	.LASF8:
 1078 0156 6C6F6E67 		.string	"long unsigned int"
 1078      20756E73 
 1078      69676E65 
 1078      6420696E 
 1078      7400
 1079              	.LASF5:
 1080 0168 73686F72 		.string	"short unsigned int"
 1080      7420756E 
 1080      7369676E 
 1080      65642069 
 1080      6E7400
 1081              	.LASF21:
 1082 017b 4356414C 		.string	"CVAL"
 1082      00
 1083              	.LASF24:
 1084 0180 4144525F 		.string	"ADR_reserved0"
 1084      72657365 
 1084      72766564 
 1084      3000
 1085              	.LASF25:
 1086 018e 70657269 		.string	"peripheral_t"
 1086      70686572 
 1086      616C5F74 
 1086      00
 1087              	.LASF35:
 1088 019b 73797354 		.string	"sysTimeReset"
 1088      696D6552 
 1088      65736574 
 1088      00
 1089              	.LASF27:
 1090 01a8 53504347 		.string	"SPCGetPeripheralClock"
 1090      65745065 
 1090      72697068 
 1090      6572616C 
 1090      436C6F63 
 1091              	.LASF4:
 1092 01be 5F5F7569 		.string	"__uint16_t"
 1092      6E743136 
 1092      5F7400
 1093              	.LASF7:
 1094 01c9 5F5F7569 		.string	"__uint32_t"
 1094      6E743332 
 1094      5F7400
 1095              	.LASF19:
 1096 01d4 4D444953 		.string	"MDIS"
GAS LISTING C:\Users\duchu\AppData\Local\Temp\cc8L7U78.s 			page 21


 1096      00
 1097              	.LASF20:
 1098 01d9 4C445641 		.string	"LDVAL"
 1098      4C00
 1099              	.LASF11:
 1100 01df 756E7369 		.string	"unsigned int"
 1100      676E6564 
 1100      20696E74 
 1100      00
 1101              	.LASF22:
 1102 01ec 54435452 		.string	"TCTRL"
 1102      4C00
 1103              	.LASF10:
 1104 01f2 6C6F6E67 		.string	"long long unsigned int"
 1104      206C6F6E 
 1104      6720756E 
 1104      7369676E 
 1104      65642069 
 1105              	.LASF12:
 1106 0209 75696E74 		.string	"uint8_t"
 1106      385F7400 
 1107              	.LASF15:
 1108 0211 7675696E 		.string	"vuint8_t"
 1108      74385F74 
 1108      00
 1109              	.LASF29:
 1110 021a 2E2F636F 		.string	"./components/spc570sxx_osal_component_rla/lib/src/systimer.c"
 1110      6D706F6E 
 1110      656E7473 
 1110      2F737063 
 1110      35373073 
 1111              	.LASF26:
 1112 0257 53504353 		.string	"SPCSetPeripheralClockMode"
 1112      65745065 
 1112      72697068 
 1112      6572616C 
 1112      436C6F63 
 1113              	.LASF34:
 1114 0271 7469636B 		.string	"ticks_per_sec"
 1114      735F7065 
 1114      725F7365 
 1114      6300
 1115              	.LASF17:
 1116 027f 73697A65 		.string	"sizetype"
 1116      74797065 
 1116      00
 1117              	.LASF9:
 1118 0288 6C6F6E67 		.string	"long long int"
 1118      206C6F6E 
 1118      6720696E 
 1118      7400
 1119              	.LASF33:
 1120 0296 73797354 		.string	"sysTimeSetup"
 1120      696D6553 
 1120      65747570 
 1120      00
 1121              	.LASF18:
GAS LISTING C:\Users\duchu\AppData\Local\Temp\cc8L7U78.s 			page 22


 1122 02a3 756E7573 		.string	"unused_0"
 1122      65645F30 
 1122      00
 1123              	.LASF16:
 1124 02ac 7675696E 		.string	"vuint32_t"
 1124      7433325F 
 1124      7400
 1125              	.LASF2:
 1126 02b6 73686F72 		.string	"short int"
 1126      7420696E 
 1126      7400
 1127              	.LASF30:
 1128 02c0 443A5C57 		.string	"D:\\Workplace\\KSC_LDC"
 1128      6F726B70 
 1128      6C616365 
 1128      5C4B5343 
 1128      5F4C4443 
 1129              	.LASF13:
 1130 02d5 75696E74 		.string	"uint16_t"
 1130      31365F74 
 1130      00
 1131              	.LASF31:
 1132 02de 5049545F 		.string	"PIT_tag"
 1132      74616700 
 1133              	.LASF14:
 1134 02e6 75696E74 		.string	"uint32_t"
 1134      33325F74 
 1134      00
 1135              	.LASF6:
 1136 02ef 6C6F6E67 		.string	"long int"
 1136      20696E74 
 1136      00
 1137              	.LASF32:
 1138 02f8 53504335 		.string	"SPC5_PERIPHERAL_PIT0"
 1138      5F504552 
 1138      49504845 
 1138      52414C5F 
 1138      50495430 
 1139              	.LASF0:
 1140 030d 7369676E 		.string	"signed char"
 1140      65642063 
 1140      68617200 
 1141              		.ident	"GCC: (GNU) 4.9.4 20160726 (Sat May 27 11:09:55 CDT 2017         build.sh rev=gd8b6c20 s=F4
GAS LISTING C:\Users\duchu\AppData\Local\Temp\cc8L7U78.s 			page 23


DEFINED SYMBOLS
                            *ABS*:00000000 systimer.c
C:\Users\duchu\AppData\Local\Temp\cc8L7U78.s:10     .text.sysTimeSetup:00000000 sysTimeSetup
C:\Users\duchu\AppData\Local\Temp\cc8L7U78.s:75     .text.sysTimeReset:00000000 sysTimeReset

UNDEFINED SYMBOLS
SPCSetPeripheralClockMode
SPCGetPeripheralClock
